        t_0: 2999.00 2057.00    0.50 5056.50
        t_1: 3000.00 2056.50    0.00 5056.50
        t_2: 3000.00 2068.50    0.00 5068.50
        t_3: 3000.50 2078.50    0.00 5079.00
        t_4:  499.00 3688.50  842.50 5030.00
        t_5:    0.00 3965.00 1050.00 5015.00
        t_6:    0.00 2521.00 2529.50 5050.50
        t_7:    0.00 2000.00 3085.00 5085.00
        t_8:    0.00 2000.00 3092.00 5092.00
        t_9:    0.50 2000.00 3096.00 5096.50
       t_10: 3055.50 2000.00    0.00 5055.50
       t_11: 3061.50 2000.00    0.00 5061.50
       t_12: 3072.00 2000.50    0.00 5072.50
       t_13: 3060.50 2014.50    0.00 5075.00
       t_14:  250.00 3871.00  900.50 5021.50
       t_15:    0.00 3995.00 1014.00 5009.00
       t_16:    0.00 2327.00 2733.00 5060.00
       t_17:    0.00 2000.50 3079.50 5080.00
       t_18:    0.00 2000.00 3044.50 5044.50
       t_19:    0.50 2000.00 3054.00 5054.50
       t_20: 3079.00 2000.00    0.00 5079.00
       t_21: 1920.50 2774.50  332.50 5027.50
       t_22:    0.00 3967.00 1057.50 5024.50
       t_23:    0.00 3651.00 1381.50 5032.50
       t_24:    0.00 2003.00 3008.00 5011.00
       t_25:    0.00 2000.00 3014.00 5014.00
       t_26:    0.00 2000.50 3011.50 5012.00
       t_27: 1356.50 2000.00 1681.50 5038.00
       t_28: 3000.00 2000.00   47.00 5047.00
       t_29: 3000.50 2000.00   72.50 5073.00
       t_30: 3000.00 2094.00    0.00 5094.00
       t_31: 3000.00 2064.50    0.00 5064.50
       t_32: 3001.00 2005.50    0.00 5006.50
       t_33: 2999.50 2084.00    0.00 5083.50
       t_34:  499.50 3710.50  827.00 5037.00
       t_35:    0.00 3979.00 1053.50 5032.50
       t_36:    0.00 2389.00 2633.00 5022.00
       t_37:    0.00 2000.00 3012.50 5012.50
       t_38:    0.00 2000.00 3056.00 5056.00
       t_39:    0.00 2000.50 3079.50 5080.00
       t_40: 3069.00 2000.00    0.00 5069.00
       t_41: 3060.50 2000.00    0.00 5060.50
       t_42: 3018.50 2000.00    0.00 5018.50
       t_43:  995.00 3371.00  630.50 4996.50
       t_44:    0.00 3986.50 1031.50 5018.00
       t_45:    0.00 2889.00 2153.50 5042.50
       t_46:    0.00 2000.00 3078.50 5078.50
       t_47:    0.00 2000.00 3119.50 5119.50
       t_48:    0.00 2007.00 3063.00 5070.00
       t_49: 2253.50 2000.50  818.50 5072.50
       t_50: 3000.50 2062.00    0.00 5062.50
       t_51: 3000.50 2085.00    0.00 5085.50
       t_52: 3000.00 2086.00    0.00 5086.00
       t_53: 3000.50 2091.50    0.00 5092.00
       t_54:  502.00 3700.00  826.50 5028.50
       t_55:    0.00 3971.50  992.50 4964.00
       t_56:    0.00 2222.50 2835.50 5058.00
       t_57:    0.00 2000.00 3065.50 5065.50
       t_58:    0.00 2000.00 3079.50 5079.50
       t_59:    0.00 2000.50 3079.50 5080.00
       t_60: 3046.00 2000.00    0.50 5046.50
       t_61: 3053.50 2000.00    0.00 5053.50
       t_62: 3039.50 2000.50    0.00 5040.00
       t_63: 3074.00 2000.00    0.00 5074.00
       t_64:  287.00 3850.50  878.50 5016.00
       t_65:    0.00 3997.50 1009.00 5006.50
       t_66:    0.00 2308.50 2736.50 5045.00
       t_67:    0.00 2000.00 3023.00 5023.00
       t_68:    0.00 2000.00 3064.00 5064.00
       t_69:    0.00 2000.00 3057.50 5057.50
       t_70: 2743.00 2246.50   53.00 5042.50
       t_71:    0.00 3986.50 1014.00 5000.50
       t_72:    0.00 3978.00 1031.50 5009.50
       t_73:    0.00 2099.50 2974.00 5073.50
       t_74:    0.00 2000.50 3061.50 5062.00
       t_75:    0.00 2000.00 3070.00 5070.00
       t_76:  552.00 2000.00 2503.50 5055.50
       t_77: 3000.50 2000.00   64.00 5064.50
       t_78: 3000.00 2000.50   79.00 5079.50
       t_79: 3000.00 2000.00   67.50 5067.50
       t_80: 3000.50 2019.00    0.00 5019.50
       t_81: 3000.50 2060.00    0.00 5060.50
       t_82: 3000.00 2071.50    0.00 5071.50
       t_83: 3000.50 2077.00    0.00 5077.50
       t_84:  499.00 3725.50  799.00 5023.50
       t_85:    0.00 3984.00 1036.00 5020.00
       t_86:    0.00 2324.00 2738.00 5062.00
       t_87:    0.00 2000.00 3078.50 5078.50
       t_88:    0.00 2000.00 3062.50 5062.50
       t_89:    0.00 2000.50 3072.00 5072.50
       t_90: 3048.50 2000.00    1.00 5049.50
       t_91: 3048.50 2000.00    0.00 5048.50
       t_92: 1850.00 2822.50  362.50 5035.00
       t_93:    0.00 3965.00 1058.50 5023.50
       t_94:    0.00 3575.00 1462.50 5037.50
       t_95:    0.00 2000.50 3076.00 5076.50
       t_96:    0.00 2011.50 3054.50 5066.00
       t_97:    0.00 2000.50 3047.50 5048.00
       t_98: 1427.00 1999.50 1595.50 5022.00
       t_99: 2983.00 2000.50    0.00 4983.50
      t_100: 2992.00 2000.00    0.00 4992.00
      t_101: 3028.50 2014.50    0.00 5043.00
      t_102: 3000.50 2048.00    0.00 5048.50
      t_103: 3000.00 2059.50    0.00 5059.50
      t_104:  479.50 3730.50  808.50 5018.50
      t_105:    0.00 3992.50 1021.50 5014.00
      t_106:    0.00 2398.00 2650.00 5048.00
      t_107:    0.00 2000.50 3078.00 5078.50
      t_108:    0.00 2000.00 3047.50 5047.50
      t_109:    0.00 2000.00 3011.00 5011.00
      t_110: 3072.50 2000.00    1.00 5073.50
      t_111: 3086.00 2000.00    0.00 5086.00
      t_112: 3085.50 2000.50    0.00 5086.00
      t_113: 3005.00 2082.00    0.00 5087.00
      t_114:  251.00 3882.50  871.50 5005.00
      t_115:    0.00 3993.00 1025.00 5018.00
      t_116:    0.00 2237.00 2826.00 5063.00
      t_117:    0.00 2000.00 3064.50 5064.50
      t_118:    0.00 2000.00 3070.50 5070.50
      t_119:    0.00 2000.50 3077.50 5078.00
      t_120:  589.50 3652.50  758.00 5000.00
      t_121:    0.00 3961.50 1069.00 5030.50
      t_122:    0.00 2749.50 2310.50 5060.00
      t_123:    0.00 2000.00 3083.00 5083.00
      t_124:    0.00 2000.50 3074.00 5074.50
      t_125:    0.00 2000.00 3064.00 5064.00
      t_126: 2664.50 2000.00  414.50 5079.00
      t_127: 3000.50 2000.00   90.00 5090.50
      t_128: 2999.50 2000.50   90.50 5090.50
      t_129: 3000.50 2000.00   79.00 5079.50
      t_130: 3000.50 2080.50    0.00 5081.00
      t_131: 3000.00 2077.00    0.00 5077.00
      t_132: 3000.00 2044.50    0.00 5044.50
      t_133: 3000.50 2058.50    0.00 5059.00
      t_134:  500.00 3722.00  792.00 5014.00
      t_135:    0.00 3990.50 1011.00 5001.50
      t_136:    0.00 2343.00 2708.00 5051.00
      t_137:    0.00 2000.50 3068.50 5069.00
      t_138:    0.00 2000.00 3066.00 5066.00
      t_139:    0.00 2000.00 3062.00 5062.00
      t_140: 3049.50 2000.00    1.00 5050.50
      t_141: 2784.50 2210.50   32.50 5027.50
      t_142:    0.00 3985.00 1021.50 5006.50
      t_143:    0.00 3980.50 1034.00 5014.50
      t_144:    0.00 2178.50 2892.00 5070.50
      t_145:    0.00 2000.00 3074.50 5074.50
      t_146:    0.00 2000.50 3093.50 5094.00
      t_147:  495.50 2000.00 2596.50 5092.00
      t_148: 3000.50 2000.00   89.50 5090.00
      t_149: 3000.00 2000.00   84.50 5084.50
      t_150: 3000.00 2090.50    0.00 5090.50
      t_151: 3000.50 2072.50    0.00 5073.00
      t_152: 3000.50 2066.50    0.00 5067.00
      t_153: 3000.00 2083.00    0.00 5083.00
      t_154:  500.50 3698.50  806.50 5005.50
      t_155:    0.00 3967.00  989.00 4956.00
      t_156:    0.00 2219.00 2805.50 5024.50
      t_157:    0.00 2000.00 3076.00 5076.00
      t_158:    0.00 2000.50 3025.00 5025.50
      t_159:    0.00 2000.00 3006.50 5006.50
      t_160: 3062.00 2000.00    1.50 5063.50
      t_161: 3054.00 2000.00    0.00 5054.00
      t_162: 3059.00 2000.50    0.00 5059.50
      t_163: 1827.50 2843.00  376.00 5046.50
      t_164:    0.00 3976.00 1040.00 5016.00
      t_165:    0.00 3545.00 1474.00 5019.00
      t_166:    0.00 2000.00 3072.50 5072.50
      t_167:    0.00 2000.50 3057.50 5058.00
      t_168:    0.00 2000.00 3044.00 5044.00
      t_169: 1461.00 2000.00 1571.00 5032.00
      t_170: 3000.50 2045.50    0.00 5046.00
      t_171: 3000.00 2077.00    0.00 5077.00
      t_172: 3000.00 2071.00    0.00 5071.00
      t_173: 2992.00 2030.50    0.00 5022.50
      t_174:  509.50 3671.00  766.00 4946.50
      t_175:    0.00 3996.00 1005.50 5001.50
      t_176:    0.00 2307.00 2763.50 5070.50
      t_177:    0.00 2000.00 3086.50 5086.50
      t_178:    0.00 2000.00 3087.50 5087.50
      t_179:    0.00 2000.50 3087.50 5088.00
      t_180: 3072.00 2000.00    2.00 5074.00
      t_181: 3077.00 2000.00    0.00 5077.00
      t_182: 3077.00 2000.00    0.00 5077.00
      t_183: 3021.50 2057.00    0.00 5078.50
      t_184:  252.50 3872.00  893.00 5017.50
      t_185:    0.00 3989.00 1017.50 5006.50
      t_186:    0.00 2388.00 2647.50 5035.50
      t_187:    0.00 2000.00 3075.50 5075.50
      t_188:    0.00 2000.00 3093.50 5093.50
      t_189:    0.00 2000.50 3086.50 5087.00
      t_190: 3070.50 2000.00    2.50 5073.00
      t_191:  466.50 3716.00  834.00 5016.50
      t_192:    0.00 3976.50 1046.50 5023.00
      t_193:    0.00 2670.00 2374.00 5044.00
      t_194:    0.00 2000.50 3072.00 5072.50
      t_195:    0.00 2000.00 3052.50 5052.50
      t_196:    0.00 2000.00 3054.00 5054.00
      t_197: 2788.50 2000.50  256.50 5045.50
      t_198: 3000.00 2000.00   63.50 5063.50
      t_199: 3001.00 2000.00   73.00 5074.00
      t_200: 2999.50 2078.00    0.50 5078.00
      t_201: 3000.50 2077.00    0.00 5077.50
      t_202: 3000.00 2072.00    0.00 5072.00
      t_203: 3000.50 2068.50    0.00 5069.00
      t_204:  501.00 3716.00  811.00 5028.00
      t_205:  471.00 2138.00 2400.00 5009.00
      t_206: 1038.50    0.00 3981.00 5019.50
      t_207: 1021.00    0.00 3986.00 5007.00
      t_208: 1064.00    0.00 3960.50 5024.50
      t_209: 1027.50    0.00 3994.50 5022.00
      t_210: 3248.00    0.00 1827.00 5075.00
      t_211:  839.00    0.00 3348.50 4187.50
      t_212:    0.00    0.00    0.00    0.00
      t_213:    0.00    0.00    0.00    0.00
      t_214:    0.00    0.00    0.00    0.00
      t_215:    0.00    0.00    0.00    0.00
      t_216:    0.00    0.00    0.00    0.00
      t_217: 4039.50    0.00    0.00 4039.50
      t_218: 4946.00    0.00    0.00 4946.00
      t_219: 5047.50    0.00    0.00 5047.50
      t_220: 5026.00    0.00    0.00 5026.00
      t_221: 4953.00    0.00    0.00 4953.00
      t_222: 4987.50    0.00    0.00 4987.50
      t_223: 1000.00    0.00    0.00 1000.00
      t_224:    0.00    0.00    0.00    0.00