[global]
server_groups = 1
client_groups = 3
server_random_selection = 1
server_soft_limit = 0
anticipation_timeout = 0.000

[client.0]
client_count = 1
client_wait = 0
client_total_ops = 600000
client_server_select_range = 10
client_iops_goal = 7000
client_outstanding_ops = 500
client_reservation = 1250.0
client_limit = 3000.0
client_weight = 1.0

[client.1]
client_count = 1
client_wait = 0
client_total_ops = 1000000
client_server_select_range = 10
client_iops_goal = 5000
client_outstanding_ops = 100
client_reservation = 2000.0
client_limit = 2500.0
client_weight = 1.0

[client.2]
client_count = 1
client_wait = 0
client_total_ops = 600000
client_server_select_range = 20
client_iops_goal = 5000
client_outstanding_ops = 5
client_reservation = 0.0
client_limit = 1250.0
client_weight = 1.0

[server.0]
server_count = 1
server_iops = 8000
server_threads = 1

simulation started

simulation completed in 479957 millisecs
==== Client Data ====
     client:       0       1       2  total
        t_0: 1805.50 2000.50 1249.50 5055.50
        t_1: 1809.00 2000.00 1250.50 5059.50
        t_2: 1794.00 2000.50 1250.00 5044.50
        t_3: 1795.50 2000.00 1250.00 5045.50
        t_4: 1802.00 2000.00 1250.00 5052.00
        t_5: 1806.00 2000.50 1250.50 5057.00
        t_6: 1819.50 2000.00 1250.00 5069.50
        t_7: 1813.50 2000.00 1250.50 5064.00
        t_8: 1826.50 2000.00 1250.50 5077.00
        t_9: 1829.00 2000.00 1250.00 5079.00
       t_10: 1816.50 2000.50 1250.00 5067.00
       t_11: 1779.50 2000.00 1250.50 5030.00
       t_12: 1767.00 2000.00 1249.50 5016.50
       t_13: 1811.00 2000.50 1250.50 5062.00
       t_14: 1789.50 2000.00 1250.00 5039.50
       t_15: 1784.00 2000.00 1250.00 5034.00
       t_16: 1151.50 2226.50 1251.00 4629.00
       t_17:    0.00 2500.00 1250.00 3750.00
       t_18:    0.00 2499.00 1249.00 3748.00
       t_19:    0.00 2500.00 1250.00 3750.00
       t_20:    0.00 2499.00 1250.50 3749.50
       t_21:    0.00 2500.00 1250.00 3750.00
       t_22:  628.50 2499.00 1249.50 4377.00
       t_23: 1302.50 2500.00 1250.00 5052.50
       t_24: 1295.00 2499.00 1250.50 5044.50
       t_25: 1311.50 2499.50 1250.50 5061.50
       t_26: 1306.00 2500.00 1249.50 5055.50
       t_27: 1317.00 2499.50 1250.50 5067.00
       t_28: 1325.00 2499.50 1250.00 5074.50
       t_29: 1294.50 2500.00 1250.00 5044.50
       t_30: 1328.50 2496.50 1250.50 5075.50
       t_31: 1811.00 2000.00 1250.00 5061.00
       t_32: 1808.00 2000.00 1250.50 5058.50
       t_33: 1787.50 2000.50 1250.00 5038.00
       t_34: 1805.00 2000.00 1250.00 5055.00
       t_35: 1815.50 2000.00 1250.50 5066.00
       t_36: 1797.50 2000.00 1250.00 5047.50
       t_37: 1773.50 2000.00 1250.50 5024.00
       t_38: 1785.00 2000.50 1250.00 5035.50
       t_39: 1792.00 2000.00 1250.50 5042.50
       t_40: 1820.00 2000.00 1249.50 5069.50
       t_41:  896.50 2299.00 1250.50 4446.00
       t_42:    0.00 2499.50 1250.50 3750.00
       t_43:    0.00 2499.50 1250.00 3749.50
       t_44:    0.00 2499.50 1250.50 3750.00
       t_45:    0.00 2500.00 1250.00 3750.00
       t_46:    0.00 2499.50 1250.00 3749.50
       t_47:  811.00 2498.50 1250.00 4559.50
       t_48: 1252.50 2496.50 1250.00 4999.00
       t_49: 1320.50 2503.00 1250.50 5074.00
       t_50: 1327.50 2499.50 1250.00 5077.00
       t_51: 1305.50 2499.50 1250.00 5055.00
       t_52: 1317.00 2499.50 1249.00 5065.50
       t_53: 1316.00 2500.00 1250.00 5066.00
       t_54: 1334.50 2499.00 1250.50 5084.00
       t_55: 1319.50 2500.00 1250.00 5069.50
       t_56: 1320.00 2499.50 1250.00 5069.50
       t_57: 1311.00 2499.50 1250.50 5061.00
       t_58: 1333.00 2499.50 1250.00 5082.50
       t_59: 1632.00 2174.50 1250.00 5056.50
       t_60: 1836.00 2000.50 1250.50 5087.00
       t_61: 1842.00 2000.00 1250.00 5092.00
       t_62: 1841.00 2000.00 1250.00 5091.00
       t_63: 1764.00 2000.00 1249.50 5013.50
       t_64: 1815.00 2000.00 1250.00 5065.00
       t_65: 1802.50 2000.50 1250.00 5053.00
       t_66: 1827.50 2000.00 1250.50 5078.00
       t_67:  372.00 2439.00 1250.50 4061.50
       t_68:    0.00 2500.00 1250.00 3750.00
       t_69:    0.00 2499.50 1250.00 3749.50
       t_70:    0.00 2499.50 1250.50 3750.00
       t_71:    0.00 2499.50 1250.00 3749.50
       t_72:    0.00 2500.00 1250.00 3750.00
       t_73: 1243.00 2498.50 1249.50 4991.00
       t_74: 1353.50 2500.00 1250.50 5104.00
       t_75: 1351.00 2499.00 1250.50 5100.50
       t_76: 1348.50 2500.00 1250.00 5098.50
       t_77: 1357.00 2499.50 1250.00 5106.50
       t_78: 1353.50 2499.50 1250.50 5103.50
       t_79: 1340.50 2499.50 1250.00 5090.00
       t_80: 1352.50 2499.50 1250.00 5102.00
       t_81: 1349.50 2499.50 1250.50 5099.50
       t_82: 1277.00 2500.00 1250.00 5027.00
       t_83: 1310.50 2499.50 1250.00 5060.00
       t_84: 1341.00 2499.50 1250.50 5091.00
       t_85: 1318.00 2499.50 1250.00 5067.50
       t_86: 1411.00 2395.50 1250.00 5056.50
       t_87: 1843.50 2000.00 1250.50 5094.00
       t_88: 1844.00 2000.50 1250.00 5094.50
       t_89: 1854.00 2000.00 1250.00 5104.00
       t_90: 1846.50 2000.00 1250.50 5097.00
       t_91: 1849.50 2000.00 1250.00 5099.50
       t_92: 1839.00 2000.50 1250.00 5089.50
       t_93:  217.00 2486.50 1250.50 3954.00
       t_94:    0.00 2499.50 1250.50 3750.00
       t_95:    0.00 2499.50 1250.00 3749.50
       t_96:    0.00 2500.00 1250.00 3750.00
       t_97:    0.00 2499.50 1250.00 3749.50
       t_98:   25.50 2499.00 1250.00 3774.50
       t_99: 1354.00 2499.50 1250.00 5103.50
      t_100: 1340.00 2499.50 1250.50 5090.00
      t_101: 1251.00 2498.00 1250.00 4999.00
      t_102: 1250.50 2499.50 1250.00 5000.00
      t_103: 1299.00 2501.00 1250.50 5050.50
      t_104: 1316.50 2499.50 1245.50 5061.50
      t_105: 1331.50 2500.00 1250.00 5081.50
      t_106: 1335.00 2499.50 1250.50 5085.00
      t_107: 1313.50 2499.50 1250.00 5063.00
      t_108: 1324.50 2499.50 1250.00 5074.00
      t_109: 1337.00 2500.00 1250.00 5087.00
      t_110: 1339.00 2499.50 1250.50 5089.00
      t_111: 1327.00 2499.50 1250.00 5076.50
      t_112: 1337.50 2500.00 1250.00 5087.50
      t_113: 1762.00 2055.00 1250.50 5067.50
      t_114: 1829.50 2000.00 1250.00 5079.50
      t_115: 1838.00 2000.00 1250.50 5088.50
      t_116: 1844.00 2000.50 1250.00 5094.50
      t_117: 1848.50 2000.00 1250.00 5098.50
      t_118: 1846.50 2000.00 1250.50 5097.00
      t_119:  550.00 2397.50 1250.50 4198.00
      t_120:    0.00 2499.50 1250.00 3749.50
      t_121:    0.00 2499.50 1250.00 3749.50
      t_122:    0.00 2499.50 1250.50 3750.00
      t_123:    0.00 2499.50 1250.00 3749.50
      t_124:    0.00 2500.00 1250.00 3750.00
      t_125: 1114.00 2499.00 1250.00 4863.00
      t_126: 1327.00 2499.00 1250.50 5076.50
      t_127: 1334.50 2500.00 1249.50 5084.00
      t_128: 1336.50 2500.00 1250.50 5087.00
      t_129: 1277.00 2499.00 1250.50 5026.50
      t_130: 1334.00 2500.00 1249.50 5083.50
      t_131: 1311.50 2499.00 1250.50 5061.00
      t_132: 1337.50 2499.50 1250.50 5087.50
      t_133: 1327.50 2500.00 1249.50 5077.00
      t_134: 1327.50 2500.00 1250.50 5078.00
      t_135: 1286.00 2497.50 1250.00 5033.50
      t_136: 1250.00 2499.50 1250.50 5000.00
      t_137: 1300.00 2501.50 1250.00 5051.50
      t_138: 1303.50 2499.50 1250.00 5053.00
      t_139: 1561.00 2242.50 1250.50 5054.00
      t_140: 1795.00 2000.50 1249.50 5045.00
      t_141: 1836.50 2000.00 1250.50 5087.00
      t_142: 1827.50 2000.00 1250.50 5078.00
      t_143: 1825.50 2000.50 1249.50 5075.50
      t_144: 1826.00 2000.00 1250.50 5076.50
      t_145: 1162.00 2228.50 1250.50 4641.00
      t_146:    0.00 2499.00 1250.50 3749.50
      t_147:    0.00 2499.50 1250.00 3749.50
      t_148:    0.00 2500.00 1250.00 3750.00
      t_149:    0.00 2499.50 1250.50 3750.00
      t_150:    0.00 2499.50 1250.00 3749.50
      t_151:  649.00 2499.00 1250.00 4398.00
      t_152: 1307.50 2499.50 1250.00 5057.00
      t_153: 1317.00 2499.50 1250.00 5066.50
      t_154: 1316.00 2500.00 1250.50 5066.50
      t_155: 1291.50 2499.00 1250.00 5040.50
      t_156: 1314.50 2499.50 1250.50 5064.50
      t_157: 1269.50 2498.00 1250.00 5017.50
      t_158: 1250.50 2499.00 1250.00 4999.50
      t_159: 1250.00 2493.50 1250.50 4994.00
      t_160: 1250.00 2497.50 1250.00 4997.50
      t_161: 1250.50 2496.00 1250.00 4996.50
      t_162: 1250.00 2495.50 1250.50 4996.00
      t_163: 1250.00 2513.50 1250.00 5013.50
      t_164: 1309.50 2504.50 1249.50 5063.50
      t_165: 1571.00 2265.00 1250.50 5086.50
      t_166: 1838.50 2000.00 1250.50 5089.00
      t_167: 1836.50 2000.00 1250.00 5086.50
      t_168: 1847.50 2000.50 1250.50 5098.50
      t_169: 1827.50 2000.00 1250.00 5077.50
      t_170: 1835.00 2000.00 1250.00 5085.00
      t_171: 1827.00 2000.50 1250.00 5077.50
      t_172:  141.50 2509.00 1250.50 3901.00
      t_173:    0.00 2499.50 1250.00 3749.50
      t_174:    0.00 2499.50 1250.50 3750.00
      t_175:    0.00 2499.50 1250.00 3749.50
      t_176:    0.00 2499.50 1250.00 3749.50
      t_177:   85.00 2499.00 1250.00 3834.00
      t_178: 1342.50 2499.50 1250.00 5092.00
      t_179: 1333.50 2499.50 1250.50 5083.50
      t_180: 1342.00 2499.50 1250.00 5091.50
      t_181: 1326.50 2500.00 1250.00 5076.50
      t_182: 1250.00 2494.50 1250.50 4995.00
      t_183: 1265.00 2504.50 1250.00 5019.50
      t_184: 1324.50 2499.00 1250.50 5074.00
      t_185: 1329.00 2500.50 1249.50 5079.00
      t_186: 1338.50 2499.50 1250.50 5088.50
      t_187: 1337.50 2499.50 1250.00 5087.00
      t_188: 1335.00 2499.00 1250.50 5084.50
      t_189: 1327.50 2500.50 1250.00 5078.00
      t_190: 1342.00 2499.00 1250.00 5091.00
      t_191: 1317.50 2499.50 1250.50 5067.50
      t_192: 1542.00 2300.00 1250.00 5092.00
      t_193: 1825.50 2000.00 1250.00 5075.50
      t_194: 1814.50 2000.00 1250.50 5065.00
      t_195: 1831.50 2000.50 1250.00 5082.00
      t_196: 1815.00 2000.00 1250.00 5065.00
      t_197: 1843.50 2000.00 1250.50 5094.00
      t_198:  732.00 2347.50 1250.50 4330.00
      t_199:    0.00 2499.50 1250.00 3749.50
      t_200:    0.00 2500.00 1250.00 3750.00
      t_201:    0.00 2499.50 1250.00 3749.50
      t_202:    0.00 2499.50 1250.50 3750.00
      t_203:    0.00 2499.50 1250.00 3749.50
      t_204:  999.50 2499.00 1250.00 4748.50
      t_205: 1340.50 2499.50 1250.00 5090.00
      t_206: 1329.00 2499.50 1250.50 5079.00
      t_207: 1335.50 2500.00 1250.00 5085.50
      t_208: 1331.50 2499.00 1250.50 5081.00
      t_209: 1333.50 2500.00 1246.00 5079.50
      t_210: 1345.50 2499.50 1250.50 5095.50
      t_211: 1342.50 2499.50 1250.00 5092.00
      t_212: 1341.50 2499.50 1250.00 5091.00
      t_213: 3120.00  191.00 1250.50 4561.50
      t_214: 3000.00    0.00 1250.00 4250.00
      t_215: 3000.00    0.00 1250.50 4250.50
      t_216: 3000.50    0.00 1250.00 4250.50
      t_217: 3000.00    0.00 1250.00 4250.00
      t_218: 3000.50    0.00 1250.50 4251.00
      t_219:  180.00    0.00 1250.00 1430.00
      t_220:    0.00    0.00 1250.00 1250.00
      t_221:    0.00    0.00 1250.50 1250.50
      t_222:    0.00    0.00 1250.00 1250.00
      t_223:    0.00    0.00 1250.00 1250.00
      t_224:   69.50    0.00 1250.50 1320.00
      t_225: 3000.50    0.00 1250.00 4250.50
      t_226: 3000.00    0.00 1250.00 4250.00
      t_227: 3000.50    0.00 1250.50 4251.00
      t_228: 3000.00    0.00 1250.00 4250.00
      t_229: 3000.00    0.00 1250.00 4250.00
      t_230: 3000.50    0.00 1250.50 4251.00
      t_231: 3000.50    0.00 1250.00 4250.50
      t_232: 3000.00    0.00 1250.00 4250.00
      t_233: 2999.50    0.00 1250.50 4250.00
      t_234: 2928.50    0.00 1250.00 4178.50
      t_235:    0.00    0.00 1250.00 1250.00
      t_236:    0.00    0.00 1250.50 1250.50
      t_237:    0.00    0.00 1250.00 1250.00
      t_238:    0.00    0.00 1250.00 1250.00
      t_239:    0.00    0.00 1222.50 1222.50
      t_240:    0.00    0.00    0.00    0.00
    res_ops:  455592  852368       0 1307960
   prop_ops:  144408  147632  600000  892040
total time to track responses: 4067771178 nanoseconds;
    count: 2200000;
    average: 1848.99 nanoseconds per request/response
total time to get request parameters: 3928773233 nanoseconds;
    count: 2200000;
    average: 1785.81 nanoseconds per request/response

client timing for QOS algorithm: 3634.79 nanoseconds per request/response
client 0's 95th latency: 3836, 38026, 40345
client 0's 99th latency: 3964, 57319, 60517
client 0's max latency: 64276, 744256, 745549
client 0's average latency: 1825, 878, 2704

client 1's 95th latency: 3792, 25969, 28042
client 1's 99th latency: 3910, 40253, 42507
client 1's max latency: 186348, 613672, 615090
client 1's average latency: 1602, 701, 18446744071718

client 2's 95th latency: 3696, 41035, 42903
client 2's 99th latency: 3922, 61732, 65228
client 2's max latency: 85805, 737006, 737941
client 2's average latency: 2283, 1260, 3543


==== Server Data ====
     server:       0   total
    res_ops: 1307960 1307960
   prop_ops:  892040  892040

 k-way heap: 2

total time to add requests: 38957375808 nanoseconds;
    count: 2200000;
    average: 17707.90 nanoseconds per request/response
total time to note requests complete: 7763024285 nanoseconds;
    count: 2200000;
    average: 3528.65 nanoseconds per request/response

server timing for QOS algorithm: 21236.55 nanoseconds per request/response