        t_0: 1330.00 2499.50 1250.00 5079.50
        t_1: 1310.50 2499.50 1250.00 5060.00
        t_2: 1340.50 2500.00 1250.00 5090.50
        t_3: 1331.50 2499.50 1250.00 5081.00
        t_4: 1341.50 2499.00 1250.50 5091.00
        t_5: 1338.50 2499.50 1250.00 5088.00
        t_6: 1264.00 2500.00 1250.00 5014.00
        t_7: 1247.50 2499.50 1250.50 4997.50
        t_8: 1337.50 2499.50 1250.00 5087.00
        t_9: 1372.00 2500.00 1250.00 5122.00
       t_10: 1332.00 2499.50 1250.00 5081.50
       t_11: 1344.00 2499.50 1250.50 5094.00
       t_12: 1330.00 2499.50 1250.00 5079.50
       t_13: 1323.00 2499.50 1250.50 5073.00
       t_14: 1333.50 2499.50 1250.00 5083.00
       t_15: 1313.00 2499.50 1250.00 5062.50
       t_16: 1270.00 2499.50 1250.50 5020.00
       t_17: 1322.00 2500.00 1250.00 5072.00
       t_18: 1285.50 2499.50 1250.00 5035.00
       t_19: 1309.50 2499.50 1250.50 5059.50
       t_20: 1338.50 2499.50 1250.00 5088.00
       t_21: 1345.00 2499.50 1250.50 5095.00
       t_22:  941.00 2500.50 1250.00 4691.50
       t_23:    0.00 2499.00 1250.50 3749.50
       t_24:    0.00 2499.50 1250.00 3749.50
       t_25:    0.00 2500.00 1250.00 3750.00
       t_26:    0.00 2499.50 1250.50 3750.00
       t_27:    0.00 2499.50 1250.00 3749.50
       t_28:  606.00 2499.50 1249.50 4355.00
       t_29: 1279.00 2499.50 1250.50 5029.00
       t_30: 1246.50 2499.50 1250.00 4996.00
       t_31: 1323.50 2499.50 1250.50 5073.50
       t_32: 1311.00 2499.50 1250.00 5060.50
       t_33: 1309.50 2499.50 1250.00 5059.00
       t_34: 1335.50 2499.50 1250.50 5085.50
       t_35: 1337.00 2500.00 1249.50 5086.50
       t_36: 1327.50 2499.50 1250.50 5077.50
       t_37: 1310.50 2499.50 1250.50 5060.50
       t_38: 1315.50 2500.00 1250.00 5065.50
       t_39: 1303.00 2499.00 1250.50 5052.50
       t_40: 1317.50 2500.00 1250.00 5067.50
       t_41: 1304.50 2499.50 1250.00 5054.00
       t_42: 1321.00 2499.50 1250.50 5071.00
       t_43: 1267.00 2499.50 1250.00 5016.50
       t_44: 1282.50 2500.00 1250.00 5032.50
       t_45: 1278.50 2499.00 1250.00 5027.50
       t_46: 1288.50 2499.50 1250.00 5038.00
       t_47: 1330.00 2499.50 1250.50 5080.00
       t_48: 1333.50 2500.00 1250.00 5083.50
       t_49: 1337.00 2499.50 1250.50 5087.00
       t_50: 1327.50 2499.50 1250.00 5077.00
       t_51:  608.00 2500.00 1250.50 4358.50
       t_52:    0.00 2499.50 1250.00 3749.50
       t_53:    0.00 2500.00 1250.00 3750.00
       t_54:    0.00 2499.50 1250.00 3749.50
       t_55:    0.00 2499.50 1250.00 3749.50
       t_56:    0.00 2500.00 1250.50 3750.50
       t_57:  966.50 2498.50 1250.00 4715.00
       t_58: 1317.50 2499.50 1250.00 5067.00
       t_59: 1308.50 2500.00 1250.50 5059.00
       t_60: 1256.00 2499.00 1250.00 5005.00
       t_61: 1270.50 2500.00 1250.00 5020.50
       t_62: 1290.50 2500.00 1250.00 5040.50
       t_63: 1297.00 2499.00 1250.50 5046.50
       t_64: 1340.00 2499.50 1250.00 5089.50
       t_65: 1342.00 2500.00 1250.00 5092.00
       t_66: 1343.00 2499.50 1250.00 5092.50
       t_67: 1309.50 2499.50 1250.50 5059.50
       t_68: 1319.50 2499.50 1250.00 5069.00
       t_69: 1333.50 2499.50 1250.50 5083.50
       t_70: 1329.50 2499.50 1250.00 5079.00
       t_71: 1320.50 2500.00 1250.00 5070.50
       t_72: 1313.50 2499.50 1250.00 5063.00
       t_73: 1338.00 2499.50 1250.50 5088.00
       t_74: 1308.50 2499.50 1250.00 5058.00
       t_75: 1334.50 2499.50 1250.50 5084.50
       t_76: 1324.50 2500.00 1250.00 5074.50
       t_77: 1320.00 2499.50 1250.50 5070.00
       t_78: 1331.00 2499.50 1250.00 5080.50
       t_79: 1321.00 2499.50 1250.00 5070.50
       t_80:   65.00 2500.00 1250.50 3815.50
       t_81:    0.00 2499.50 1250.00 3749.50
       t_82:    0.00 2499.50 1250.50 3750.00
       t_83:    0.00 2500.00 1250.00 3750.00
       t_84:    0.00 2499.50 1250.00 3749.50
       t_85:  192.50 2499.00 1250.00 3941.50
       t_86: 1315.00 2499.50 1250.00 5064.50
       t_87: 1292.00 2500.00 1250.50 5042.50
       t_88: 1326.50 2499.50 1250.00 5076.00
       t_89: 1330.00 2499.50 1250.00 5079.50
       t_90: 1310.50 2499.50 1250.50 5060.50
       t_91: 1322.50 2499.50 1250.00 5072.00
       t_92: 1330.00 2499.50 1250.00 5079.50
       t_93: 1338.50 2500.00 1250.00 5088.50
       t_94: 1297.00 2499.50 1250.50 5047.00
       t_95: 1327.00 2499.50 1250.00 5076.50
       t_96: 1330.00 2499.50 1250.00 5079.50
       t_97: 1330.00 2499.50 1250.50 5080.00
       t_98: 1301.00 2499.50 1250.00 5050.50
       t_99: 1295.50 2500.00 1250.00 5045.50
      t_100: 1300.00 2499.50 1250.50 5050.00
      t_101: 1305.00 2499.50 1250.50 5055.00
      t_102: 1283.50 2500.00 1249.50 5033.00
      t_103: 1299.50 2499.50 1250.50 5049.50
      t_104: 1294.50 2499.00 1245.00 5038.50
      t_105: 1329.00 2499.50 1250.50 5079.00
      t_106: 1313.00 2500.00 1250.00 5063.00
      t_107: 1339.50 2499.50 1250.00 5089.00
      t_108:  898.00 2500.00 1250.50 4648.50
      t_109:    0.00 2499.50 1250.00 3749.50
      t_110:    0.00 2499.50 1250.50 3750.00
      t_111:    0.00 2500.00 1250.00 3750.00
      t_112:    0.00 2499.50 1250.00 3749.50
      t_113:    0.00 2499.50 1250.50 3750.00
      t_114:  689.50 2499.00 1249.50 4438.00
      t_115: 1337.00 2499.50 1250.50 5087.00
      t_116: 1345.00 2500.00 1250.00 5095.00
      t_117: 1342.50 2499.50 1250.00 5092.00
      t_118: 1312.00 2499.50 1250.50 5062.00
      t_119: 1346.00 2499.50 1250.00 5095.50
      t_120: 1336.50 2500.00 1250.00 5086.50
      t_121: 1345.00 2499.00 1250.50 5094.50
      t_122: 1346.00 2499.50 1250.00 5095.50
      t_123: 1337.50 2500.00 1250.00 5087.50
      t_124: 1358.00 2499.00 1250.50 5107.50
      t_125: 1340.00 2500.00 1250.00 5090.00
      t_126: 1334.50 2499.50 1250.50 5084.50
      t_127: 1317.50 2500.00 1249.50 5067.00
      t_128: 1348.00 2499.50 1250.50 5098.00
      t_129: 1359.00 2499.50 1250.00 5108.50
      t_130: 1358.00 2499.50 1250.50 5108.00
      t_131: 1357.00 2499.50 1250.00 5106.50
      t_132: 1337.50 2499.50 1250.50 5087.50
      t_133: 1335.50 2499.50 1250.00 5085.00
      t_134: 1323.50 2500.00 1250.00 5073.50
      t_135: 1343.00 2499.50 1250.50 5093.00
      t_136: 1151.50 2500.00 1250.00 4901.50
      t_137:    0.00 2499.50 1250.50 3750.00
      t_138:    0.00 2499.50 1250.00 3749.50
      t_139:    0.00 2500.00 1250.00 3750.00
      t_140:    0.00 2499.00 1250.50 3749.50
      t_141:    0.00 2499.50 1250.00 3749.50
      t_142:  438.50 2499.50 1250.00 4188.00
      t_143: 1305.50 2499.50 1250.00 5055.00
      t_144: 1270.50 2499.50 1250.00 5020.00
      t_145: 1333.50 2500.00 1250.00 5083.50
      t_146: 1323.00 2499.00 1250.50 5072.50
      t_147: 1347.50 2499.50 1250.00 5097.00
      t_148: 1329.00 2500.00 1250.00 5079.00
      t_149: 1311.00 2499.50 1250.50 5061.00
      t_150: 1301.50 2499.50 1250.00 5051.00
      t_151: 1329.00 2500.00 1250.50 5079.50
      t_152: 1333.00 2499.50 1250.00 5082.50
      t_153: 1286.50 2499.50 1250.00 5036.00
      t_154: 1317.50 2499.50 1250.00 5067.00
      t_155: 1322.50 2499.50 1250.50 5072.50
      t_156: 1238.50 2499.50 1250.00 4988.00
      t_157: 1283.50 2499.50 1250.50 5033.50
      t_158: 1302.00 2499.50 1250.00 5051.50
      t_159: 1279.50 2500.00 1250.50 5030.00
      t_160: 1318.00 2499.50 1250.00 5067.50
      t_161: 1336.00 2500.00 1250.00 5086.00
      t_162: 1344.00 2499.00 1250.00 5093.00
      t_163: 1310.50 2499.50 1250.50 5060.50
      t_164: 1327.00 2499.50 1250.00 5076.50
      t_165:  712.50 2500.00 1250.50 4463.00
      t_166:    0.00 2500.00 1250.00 3750.00
      t_167:    0.00 2499.50 1250.00 3749.50
      t_168:    0.00 2499.50 1250.50 3750.00
      t_169:    0.00 2500.00 1250.00 3750.00
      t_170:    0.00 2499.50 1250.00 3749.50
      t_171:  868.00 2499.00 1250.00 4617.00
      t_172: 1323.50 2500.00 1250.00 5073.50
      t_173: 1342.00 2499.00 1250.50 5091.50
      t_174: 1336.50 2499.50 1250.00 5086.00
      t_175: 1325.50 2500.00 1250.50 5076.00
      t_176: 1328.00 2499.50 1250.00 5077.50
      t_177: 1346.50 2499.50 1250.00 5096.00
      t_178: 1319.50 2500.00 1250.00 5069.50
      t_179: 1306.00 2499.00 1250.50 5055.50
      t_180: 1286.50 2500.00 1250.00 5036.50
      t_181: 1293.00 2499.00 1250.50 5042.50
      t_182: 1318.50 2500.00 1250.00 5068.50
      t_183: 1305.00 2499.50 1250.00 5054.50
      t_184: 1333.00 2499.50 1250.50 5083.00
      t_185: 1343.50 2500.00 1250.00 5093.50
      t_186: 1351.00 2499.50 1250.00 5100.50
      t_187: 1251.00 2499.00 1250.00 5000.00
      t_188: 1249.50 2500.00 1250.50 5000.00
      t_189: 1300.00 2499.50 1250.00 5049.50
      t_190: 1296.00 2499.50 1250.00 5045.50
      t_191: 1338.50 2499.50 1250.50 5088.50
      t_192: 1349.00 2500.00 1250.00 5099.00
      t_193: 1330.50 2499.50 1250.00 5080.00
      t_194:  159.50 2500.00 1250.50 3910.00
      t_195:    0.00 2499.50 1250.50 3750.00
      t_196:    0.00 2499.50 1250.00 3749.50
      t_197:    0.00 2499.50 1250.00 3749.50
      t_198:    0.00 2499.50 1250.00 3749.50
      t_199:   91.00 2499.50 1250.00 3840.50
      t_200: 3126.00   83.00 1250.50 4459.50
      t_201: 3000.00    0.00 1250.00 4250.00
      t_202: 3000.00    0.00 1250.50 4250.50
      t_203: 3000.50    0.00 1250.00 4250.50
      t_204: 3000.00    0.00 1250.00 4250.00
      t_205: 3000.50    0.00 1250.50 4251.00
      t_206: 3000.00    0.00 1250.00 4250.00
      t_207: 3000.00    0.00 1250.00 4250.00
      t_208: 3000.50    0.00 1250.50 4251.00
      t_209: 2781.50    0.00 1247.50 4029.00
      t_210:    0.00    0.00 1250.00 1250.00
      t_211:    0.00    0.00 1250.50 1250.50
      t_212:    0.00    0.00 1250.00 1250.00
      t_213:    0.00    0.00 1250.50 1250.50
      t_214:    0.00    0.00 1250.00 1250.00
      t_215:  468.00    0.00 1250.00 1718.00
      t_216: 3000.00    0.00 1250.50 4250.50
      t_217: 3000.50    0.00 1250.00 4250.50
      t_218: 3000.00    0.00 1250.00 4250.00
      t_219: 3000.00    0.00 1250.50 4250.50
      t_220: 3000.50    0.00 1250.00 4250.50
      t_221: 3000.50    0.00 1250.00 4250.50
      t_222: 3000.00    0.00 1250.00 4250.00
      t_223: 3000.00    0.00 1250.50 4250.50
      t_224: 3000.50    0.00 1250.00 4250.50
      t_225: 2530.00    0.00 1250.50 3780.50
      t_226:    0.00    0.00 1250.00 1250.00
      t_227:    0.00    0.00 1250.00 1250.00
      t_228:    0.00    0.00 1250.00 1250.00
      t_229:    0.00    0.00 1250.50 1250.50
      t_230:    0.00    0.00 1250.00 1250.00
      t_231:  719.50    0.00 1250.00 1969.50
      t_232: 3000.00    0.00 1250.50 4250.50
      t_233: 3000.50    0.00 1250.00 4250.50
      t_234: 3000.00    0.00 1250.00 4250.00
      t_235: 3000.50    0.00 1250.50 4251.00
      t_236: 3000.50    0.00 1250.00 4250.50
      t_237: 3000.00    0.00 1250.00 4250.00
      t_238: 3000.00    0.00 1250.50 4250.50
      t_239: 3000.50    0.00 1218.50 4219.00
      t_240: 3000.00    0.00    0.00 3000.00
      t_241: 2278.00    0.00    0.00 2278.00
      t_242:    0.00    0.00    0.00    0.00