        t_0: 1250.50 2000.50 1250.00 4501.00
        t_1: 1250.00 2000.00 1250.50 4500.50
        t_2: 1250.50 2000.00 1250.00 4500.50
        t_3: 1250.00 2000.50 1250.00 4500.50
        t_4: 1250.00 1999.50 1250.50 4500.00
        t_5: 1250.50 2000.50 1250.00 4501.00
        t_6: 1250.00 2000.00 1250.00 4500.00
        t_7: 1250.00 2000.00 1250.50 4500.50
        t_8: 1250.50 2000.50 1250.00 4501.00
        t_9: 1250.00 2000.00 1250.00 4500.00
       t_10: 1250.00 2000.00 1250.50 4500.50
       t_11: 1250.00 2000.50 1250.00 4500.50
       t_12: 1250.50 2000.00 1250.00 4500.50
       t_13: 1250.00 2000.00 1250.50 4500.50
       t_14: 1250.00 2000.50 1250.00 4500.50
       t_15: 1250.50 2000.00 1250.00 4500.50
       t_16: 1250.00 2000.00 1250.50 4500.50
       t_17: 1250.00 2000.50 1250.00 4500.50
       t_18: 1250.50 2000.00 1250.00 4500.50
       t_19: 1250.00 2000.00 1250.50 4500.50
       t_20: 1250.50 2000.00 1250.00 4500.50
       t_21: 1250.00 2000.50 1250.00 4500.50
       t_22: 1250.00 2000.00 1250.50 4500.50
       t_23: 1246.00 2000.00 1250.00 4496.00
       t_24:    0.00 2000.50 1250.00 3250.50
       t_25:    0.00 2000.00 1250.50 3250.50
       t_26:    0.00 2000.00 1250.00 3250.00
       t_27:    0.00 2000.50 1250.00 3250.50
       t_28:    0.00 2000.00 1250.00 3250.00
       t_29:    0.00 2000.00 1250.50 3250.50
       t_30:    0.00 2000.00 1250.00 3250.00
       t_31:  879.50 2000.00 1250.50 4130.00
       t_32: 1250.00 2000.50 1250.00 4500.50
       t_33: 1250.50 2000.00 1250.00 4500.50
       t_34: 1250.00 2000.00 1250.50 4500.50
       t_35: 1250.00 2000.50 1250.00 4500.50
       t_36: 1250.50 2000.00 1250.00 4500.50
       t_37: 1250.00 2000.00 1250.50 4500.50
       t_38: 1250.00 2000.50 1250.00 4500.50
       t_39: 1250.50 2000.00 1250.00 4500.50
       t_40: 1250.00 2000.00 1250.00 4500.00
       t_41: 1250.00 2000.50 1250.50 4501.00
       t_42: 1250.00 2000.00 1250.00 4500.00
       t_43: 1250.50 2000.00 1250.00 4500.50
       t_44: 1250.00 2000.00 1250.50 4500.50
       t_45: 1250.00 2000.50 1250.00 4500.50
       t_46: 1250.50 2000.00 1250.00 4500.50
       t_47: 1250.00 2000.00 1250.50 4500.50
       t_48: 1250.50 2000.00 1250.00 4500.50
       t_49: 1250.00 2000.50 1250.00 4500.50
       t_50: 1250.00 2000.00 1250.50 4500.50
       t_51: 1250.50 2000.00 1250.00 4500.50
       t_52: 1250.00 2000.50 1250.00 4500.50
       t_53: 1250.00 2000.00 1250.50 4500.50
       t_54: 1250.50 2000.00 1250.00 4500.50
       t_55:  366.50 2000.50 1250.00 3617.00
       t_56:    0.00 2000.00 1250.50 3250.50
       t_57:    0.00 2000.00 1250.00 3250.00
       t_58:    0.00 2000.00 1250.50 3250.50
       t_59:    0.00 2000.50 1250.00 3250.50
       t_60:    0.00 2000.00 1250.00 3250.00
       t_61:    0.00 2000.00 1250.50 3250.50
       t_62:  508.50 2000.00 1250.00 3758.50
       t_63: 1250.00 2000.50 1250.00 4500.50
       t_64: 1250.50 2000.00 1250.00 4500.50
       t_65: 1250.00 2000.00 1250.50 4500.50
       t_66: 1250.00 2000.50 1250.00 4500.50
       t_67: 1250.50 2000.00 1250.00 4500.50
       t_68: 1250.00 2000.00 1250.00 4500.00
       t_69: 1250.00 2000.50 1250.00 4500.50
       t_70: 1250.00 2000.00 1250.50 4500.50
       t_71: 1250.50 2000.00 1250.00 4500.50
       t_72: 1250.00 2000.50 1250.00 4500.50
       t_73: 1250.00 2000.00 1250.50 4500.50
       t_74: 1250.50 2000.00 1250.00 4500.50
       t_75: 1250.00 2000.00 1250.00 4500.00
       t_76: 1250.50 2000.00 1250.50 4501.00
       t_77: 1250.00 2000.00 1250.00 4500.00
       t_78: 1250.00 2000.50 1250.00 4500.50
       t_79: 1250.00 2000.00 1250.50 4500.50
       t_80: 1250.50 2000.50 1250.00 4501.00
       t_81: 1250.00 2000.00 1250.00 4500.00
       t_82: 1250.00 2000.00 1250.50 4500.50
       t_83: 1250.50 2000.50 1250.00 4501.00
       t_84: 1250.00 2000.00 1250.00 4500.00
       t_85: 1250.00 2000.00 1250.50 4500.50
       t_86:  738.00 2000.50 1250.00 3988.50
       t_87:    0.00 2000.00 1250.00 3250.00
       t_88:    0.00 2000.00 1250.50 3250.50
       t_89:    0.00 2000.00 1250.00 3250.00
       t_90:    0.00 2000.50 1250.00 3250.50
       t_91:    0.00 2000.00 1250.50 3250.50
       t_92:    0.00 2000.00 1250.00 3250.00
       t_93:  137.50 2000.50 1250.00 3388.00
       t_94: 1250.00 2000.00 1250.00 4500.00
       t_95: 1250.00 2000.00 1250.50 4500.50
       t_96: 1250.50 2000.50 1250.00 4501.00
       t_97: 1250.00 1999.50 1250.50 4500.00
       t_98: 1250.50 2000.50 1250.00 4501.00
       t_99: 1250.00 2000.00 1250.00 4500.00
      t_100: 1250.00 2000.00 1250.50 4500.50
      t_101: 1250.50 2000.50 1250.00 4501.00
      t_102: 1250.00 2000.00 1250.00 4500.00
      t_103: 1250.00 2000.00 1250.50 4500.50
      t_104: 1250.00 2000.50 1245.00 4495.50
      t_105: 1250.50 2000.00 1250.00 4500.50
      t_106: 1250.00 2000.00 1250.00 4500.00
      t_107: 1250.00 2000.50 1250.50 4501.00
      t_108: 1250.50 1999.50 1250.00 4500.00
      t_109: 1250.00 2000.50 1250.00 4500.50
      t_110: 1250.00 2000.50 1250.50 4501.00
      t_111: 1250.50 2000.00 1250.00 4500.50
      t_112: 1250.00 2000.00 1250.00 4500.00
      t_113: 1250.00 2000.00 1250.50 4500.50
      t_114: 1250.50 2000.50 1250.00 4501.00
      t_115: 1250.00 2000.00 1250.00 4500.00
      t_116: 1250.00 2000.00 1250.50 4500.50
      t_117: 1109.00 2000.50 1250.00 4359.50
      t_118:    0.00 2000.00 1250.00 3250.00
      t_119:    0.00 2000.00 1250.50 3250.50
      t_120:    0.00 2000.00 1250.00 3250.00
      t_121:    0.00 2000.50 1250.00 3250.50
      t_122:    0.00 2000.00 1250.50 3250.50
      t_123:    0.00 2000.00 1250.00 3250.00
      t_124:    0.00 2000.50 1250.00 3250.50
      t_125: 1016.50 2000.00 1250.50 4267.00
      t_126: 1250.50 2000.00 1250.00 4500.50
      t_127: 1250.00 2000.50 1250.00 4500.50
      t_128: 1250.00 1999.50 1250.50 4500.00
      t_129: 1250.50 2000.50 1250.00 4501.00
      t_130: 1250.00 2000.00 1250.00 4500.00
      t_131: 1250.00 2000.00 1250.50 4500.50
      t_132: 1250.50 2000.50 1250.00 4501.00
      t_133: 1250.00 2000.00 1250.00 4500.00
      t_134: 1250.00 2000.00 1250.50 4500.50
      t_135: 1250.00 2000.50 1250.00 4500.50
      t_136: 1250.50 2000.00 1250.00 4500.50
      t_137: 1250.00 2000.00 1250.50 4500.50
      t_138: 1250.00 2000.50 1250.00 4500.50
      t_139: 1250.50 2000.00 1250.00 4500.50
      t_140: 1250.00 2000.00 1250.50 4500.50
      t_141: 1250.50 2000.00 1250.00 4500.50
      t_142: 1250.00 2000.50 1250.00 4500.50
      t_143: 1250.00 2000.00 1250.50 4500.50
      t_144: 1250.50 2000.00 1250.00 4500.50
      t_145: 1250.00 2000.50 1250.00 4500.50
      t_146: 1250.00 2000.00 1250.00 4500.00
      t_147: 1250.50 2000.00 1250.50 4501.00
      t_148: 1250.00 2000.50 1250.00 4500.50
      t_149:  229.50 2000.00 1250.00 3479.50
      t_150:    0.00 2000.00 1250.50 3250.50
      t_151:    0.00 2000.00 1250.00 3250.00
      t_152:    0.00 2000.00 1250.50 3250.50
      t_153:    0.00 2000.50 1250.00 3250.50
      t_154:    0.00 2000.00 1250.00 3250.00
      t_155:    0.00 2000.00 1250.50 3250.50
      t_156:  645.50 2000.00 1250.00 3895.50
      t_157: 1250.00 2000.50 1250.00 4500.50
      t_158: 1250.50 2000.00 1250.00 4500.50
      t_159: 1250.00 2000.50 1250.50 4501.00
      t_160: 1250.00 2000.00 1250.00 4500.00
      t_161: 1250.50 2000.00 1250.00 4500.50
      t_162: 1250.00 2000.00 1250.50 4500.50
      t_163: 1250.00 2000.50 1250.00 4500.50
      t_164: 1250.50 2000.00 1250.00 4500.50
      t_165: 1250.00 2000.00 1250.50 4500.50
      t_166: 1250.00 2000.50 1250.00 4500.50
      t_167: 1250.50 2000.00 1250.00 4500.50
      t_168: 1250.00 2000.00 1250.50 4500.50
      t_169: 1250.00 2000.50 1250.00 4500.50
      t_170: 1250.50 2000.00 1250.00 4500.50
      t_171: 1250.00 2000.00 1250.50 4500.50
      t_172: 1250.00 2000.50 1250.00 4500.50
      t_173: 1250.50 1999.50 1250.00 4500.00
      t_174: 1250.00 2000.00 1250.50 4500.50
      t_175: 1250.00 2000.50 1250.00 4500.50
      t_176: 1250.50 2000.00 1250.00 4500.50
      t_177: 1250.00 2000.00 1250.50 4500.50
      t_178: 1250.00 2000.50 1250.00 4500.50
      t_179: 1250.50 2000.00 1250.00 4500.50
      t_180:  600.50 2000.50 1250.50 3851.50
      t_181:    0.00 2000.00 1250.00 3250.00
      t_182:    0.00 2000.00 1250.50 3250.50
      t_183:    0.00 2000.50 1250.00 3250.50
      t_184:    0.00 2000.00 1250.00 3250.00
      t_185:    0.00 2000.00 1250.50 3250.50
      t_186:    0.00 2000.50 1250.00 3250.50
      t_187:  274.50 2000.00 1250.00 3524.50
      t_188: 1250.00 2000.00 1250.00 4500.00
      t_189: 1250.50 2000.00 1250.50 4501.00
      t_190: 1250.00 2000.50 1250.00 4500.50
      t_191: 1250.00 2000.00 1250.00 4500.00
      t_192: 1250.50 2000.00 1250.50 4501.00
      t_193: 1250.00 2000.00 1250.00 4500.00
      t_194: 1250.00 2000.50 1250.00 4500.50
      t_195: 1250.00 2000.00 1250.50 4500.50
      t_196: 1250.50 2000.00 1250.00 4500.50
      t_197: 1250.00 2000.50 1250.00 4500.50
      t_198: 1250.00 2000.00 1250.50 4500.50
      t_199: 1250.50 2000.00 1250.00 4500.50
      t_200: 1250.00 2000.50 1250.00 4500.50
      t_201: 1250.00 2000.00 1250.50 4500.50
      t_202: 1250.50 2000.00 1250.00 4500.50
      t_203: 1250.00 2000.00 1250.50 4500.50
      t_204: 1250.00 2000.50 1250.00 4500.50
      t_205: 1250.50 2000.00 1250.00 4500.50
      t_206: 1250.00 2000.00 1250.50 4500.50
      t_207: 1250.50 2000.00 1250.00 4500.50
      t_208: 1250.00 2000.50 1250.00 4500.50
      t_209: 1250.00 2000.00 1246.50 4496.50
      t_210: 1250.50 2000.00 1250.00 4500.50
      t_211:  971.50 2000.50 1250.50 4222.50
      t_212:    0.00 2000.00 1250.00 3250.00
      t_213:    0.00 2000.00 1250.50 3250.50
      t_214:    0.00 2000.50 1250.00 3250.50
      t_215:    0.00 2000.00 1250.00 3250.00
      t_216:    0.00 2000.00 1250.50 3250.50
      t_217:    0.00 2000.50 1250.00 3250.50
      t_218:    0.00 2000.00 1250.00 3250.00
      t_219: 1153.50 2000.00 1250.50 4404.00
      t_220: 1250.50 2000.00 1250.00 4500.50
      t_221: 1250.00 2000.50 1250.00 4500.50
      t_222: 1250.00 2000.00 1250.50 4500.50
      t_223: 1250.00 2000.00 1250.00 4500.00
      t_224: 1250.50 2000.50 1250.00 4501.00
      t_225: 1250.00 2000.00 1250.00 4500.00
      t_226: 1250.00 2000.00 1250.50 4500.50
      t_227: 1250.50 2000.00 1250.00 4500.50
      t_228: 1250.00 2000.50 1250.00 4500.50
      t_229: 1250.00 2000.00 1250.50 4500.50
      t_230: 1250.50 2000.00 1250.00 4500.50
      t_231: 1250.00 2000.50 1250.00 4500.50
      t_232: 1250.50 1999.50 1250.50 4500.50
      t_233: 1250.00 2000.50 1250.00 4500.50
      t_234: 1250.00 2000.00 1250.50 4500.50
      t_235: 1250.50 2000.00 1250.00 4500.50
      t_236: 1250.00 2000.50 1250.00 4500.50
      t_237: 1250.00 2000.00 1250.50 4500.50
      t_238: 1250.50 2000.00 1250.00 4500.50
      t_239: 1250.00 2000.50 1219.50 4470.00
      t_240: 1250.00 2000.00    0.00 3250.00
      t_241: 1250.50 2000.50    0.00 3251.00
      t_242: 1250.00 2000.00    0.00 3250.00
      t_243:   92.50 2000.00    0.00 2092.50
      t_244:    0.00 2000.00    0.00 2000.00
      t_245:    0.00 2000.50    0.00 2000.50
      t_246:    0.00 2000.00    0.00 2000.00
      t_247:    0.00 2000.00    0.00 2000.00
      t_248:    0.00 2000.50    0.00 2000.50
      t_249:    0.00 1963.50    0.00 1963.50
      t_250:  782.50    0.00    0.00  782.50
      t_251: 1250.50    0.00    0.00 1250.50
      t_252: 1250.00    0.00    0.00 1250.00
      t_253: 1250.00    0.00    0.00 1250.00
      t_254: 1250.50    0.00    0.00 1250.50
      t_255: 1250.00    0.00    0.00 1250.00
      t_256: 1250.00    0.00    0.00 1250.00
      t_257: 1250.50    0.00    0.00 1250.50
      t_258: 1250.00    0.00    0.00 1250.00
      t_259: 1250.00    0.00    0.00 1250.00
      t_260: 1250.50    0.00    0.00 1250.50
      t_261: 1250.00    0.00    0.00 1250.00
      t_262: 1250.00    0.00    0.00 1250.00
      t_263: 1250.50    0.00    0.00 1250.50
      t_264: 1250.00    0.00    0.00 1250.00
      t_265: 1250.00    0.00    0.00 1250.00
      t_266: 1250.50    0.00    0.00 1250.50
      t_267: 1250.00    0.00    0.00 1250.00
      t_268: 1250.00    0.00    0.00 1250.00
      t_269: 1250.50    0.00    0.00 1250.50
      t_270: 1250.00    0.00    0.00 1250.00
      t_271: 1250.00    0.00    0.00 1250.00
      t_272: 1250.50    0.00    0.00 1250.50
      t_273: 1250.00    0.00    0.00 1250.00
      t_274:  463.50    0.00    0.00  463.50
      t_275:    0.00    0.00    0.00    0.00
      t_276:    0.00    0.00    0.00    0.00
      t_277:    0.00    0.00    0.00    0.00
      t_278:    0.00    0.00    0.00    0.00
      t_279:    0.00    0.00    0.00    0.00
      t_280:    0.00    0.00    0.00    0.00
      t_281:  411.50    0.00    0.00  411.50
      t_282: 1250.50    0.00    0.00 1250.50
      t_283: 1250.00    0.00    0.00 1250.00
      t_284: 1250.00    0.00    0.00 1250.00
      t_285: 1250.50    0.00    0.00 1250.50
      t_286: 1250.00    0.00    0.00 1250.00
      t_287: 1250.00    0.00    0.00 1250.00
      t_288: 1250.50    0.00    0.00 1250.50
      t_289: 1250.00    0.00    0.00 1250.00
      t_290: 1250.00    0.00    0.00 1250.00
      t_291: 1250.50    0.00    0.00 1250.50
      t_292: 1250.00    0.00    0.00 1250.00
      t_293: 1250.00    0.00    0.00 1250.00
      t_294: 1250.50    0.00    0.00 1250.50
      t_295: 1250.00    0.00    0.00 1250.00
      t_296: 1250.00    0.00    0.00 1250.00
      t_297: 1250.50    0.00    0.00 1250.50
      t_298: 1250.00    0.00    0.00 1250.00
      t_299: 1250.00    0.00    0.00 1250.00
      t_300: 1250.50    0.00    0.00 1250.50
      t_301: 1250.00    0.00    0.00 1250.00
      t_302: 1250.00    0.00    0.00 1250.00
      t_303: 1250.50    0.00    0.00 1250.50
      t_304: 1250.00    0.00    0.00 1250.00
      t_305:  834.00    0.00    0.00  834.00
      t_306:    0.00    0.00    0.00    0.00