        t_0: 1267.50 2534.50 1267.50 5069.50
        t_1: 1264.50 2529.00 1264.50 5058.00
        t_2: 1267.00 2531.50 1266.00 5064.50
        t_3: 1270.50 2543.00 1271.50 5085.00
        t_4: 1269.00 2538.00 1269.00 5076.00
        t_5: 1265.50 2530.50 1265.00 5061.00
        t_6: 1270.00 2539.00 1270.00 5079.00
        t_7: 1276.00 2552.50 1275.50 5104.00
        t_8: 1267.00 2534.00 1267.00 5068.00
        t_9: 1271.50 2544.00 1272.00 5087.50
       t_10: 1270.00 2539.50 1270.00 5079.50
       t_11: 1271.50 2542.50 1271.00 5085.00
       t_12: 1266.00 2533.50 1266.50 5066.00
       t_13: 1271.00 2540.00 1270.50 5081.50
       t_14: 1265.50 2532.50 1266.00 5064.00
       t_15: 1268.00 2535.00 1268.00 5071.00
       t_16: 1259.00 2519.50 1259.00 5037.50
       t_17: 1269.50 2538.50 1269.00 5077.00
       t_18: 1271.50 2543.00 1272.50 5087.00
       t_19: 1267.50 2535.00 1267.00 5069.50
       t_20: 1270.00 2539.50 1269.50 5079.00
       t_21: 1269.00 2538.50 1270.00 5077.50
       t_22: 1271.50 2543.50 1271.00 5086.00
       t_23:  822.00 2835.50 1418.50 5076.00
       t_24:    0.00 3389.50 1694.50 5084.00
       t_25:    0.00 3382.50 1691.00 5073.50
       t_26:    0.00 3378.00 1689.00 5067.00
       t_27:    0.00 3360.50 1680.50 5041.00
       t_28:    0.00 3333.00 1666.50 4999.50
       t_29:    0.00 3333.50 1666.50 5000.00
       t_30:   64.50 3288.00 1645.50 4998.00
       t_31: 1250.00 2497.00 1250.00 4997.00
       t_32: 1250.00 2512.00 1253.00 5015.00
       t_33: 1250.00 2547.00 1273.50 5070.50
       t_34: 1250.50 2553.50 1277.00 5081.00
       t_35: 1250.00 2552.50 1276.00 5078.50
       t_36: 1250.50 2556.50 1279.00 5086.00
       t_37: 1250.00 2548.50 1274.00 5072.50
       t_38: 1250.00 2539.00 1269.00 5058.00
       t_39: 1250.00 2555.50 1278.50 5084.00
       t_40: 1250.50 2562.00 1281.00 5093.50
       t_41: 1250.00 2560.00 1279.00 5089.00
       t_42: 1250.50 2559.00 1280.50 5090.00
       t_43: 1250.00 2559.50 1279.00 5088.50
       t_44: 1250.00 2558.50 1279.00 5087.50
       t_45: 1250.00 2554.00 1278.00 5082.00
       t_46: 1250.50 2558.50 1278.50 5087.50
       t_47: 1250.00 2553.00 1276.50 5079.50
       t_48: 1250.50 2538.50 1269.50 5058.50
       t_49: 1250.00 2551.50 1276.00 5077.50
       t_50: 1250.00 2523.50 1263.50 5037.00
       t_51: 1250.50 2498.50 1250.00 4999.00
       t_52: 1250.00 2499.50 1250.50 5000.00
       t_53: 1250.00 2547.00 1270.00 5067.00
       t_54: 1182.00 2585.50 1292.50 5060.00
       t_55:    0.00 3381.00 1691.00 5072.00
       t_56:    0.00 3381.50 1690.50 5072.00
       t_57:    0.00 3391.00 1695.50 5086.50
       t_58:    0.00 3374.00 1687.00 5061.00
       t_59:    0.00 3368.50 1684.00 5052.50
       t_60:    0.00 3374.50 1687.50 5062.00
       t_61:    0.00 3378.50 1689.50 5068.00
       t_62:  943.00 2749.00 1374.00 5066.00
       t_63: 1250.50 2540.00 1270.50 5061.00
       t_64: 1250.00 2519.50 1259.00 5028.50
       t_65: 1250.00 2530.00 1265.50 5045.50
       t_66: 1250.50 2538.00 1268.50 5057.00
       t_67: 1250.00 2553.50 1277.50 5081.00
       t_68: 1250.00 2548.00 1273.50 5071.50
       t_69: 1250.50 2539.50 1270.00 5060.00
       t_70: 1250.00 2557.50 1278.50 5086.00
       t_71: 1250.50 2552.50 1276.50 5079.50
       t_72: 1250.00 2551.00 1275.00 5076.00
       t_73: 1250.00 2562.00 1281.00 5093.00
       t_74: 1250.00 2562.00 1281.50 5093.50
       t_75: 1250.50 2564.00 1281.50 5096.00
       t_76: 1250.00 2561.50 1281.50 5093.00
       t_77: 1250.00 2555.50 1277.50 5083.00
       t_78: 1250.50 2559.50 1279.50 5089.50
       t_79: 1250.00 2559.50 1280.50 5090.00
       t_80: 1250.00 2561.00 1280.00 5091.00
       t_81: 1250.00 2552.50 1275.50 5078.00
       t_82: 1250.50 2522.50 1262.50 5035.50
       t_83: 1250.00 2559.00 1279.00 5088.00
       t_84: 1250.00 2558.50 1278.50 5087.00
       t_85: 1250.50 2559.00 1280.00 5089.50
       t_86:  303.00 3172.50 1586.50 5062.00
       t_87:    0.00 3387.50 1694.00 5081.50
       t_88:    0.00 3358.50 1679.00 5037.50
       t_89:    0.00 3331.50 1665.50 4997.00
       t_90:    0.00 3332.00 1666.50 4998.50
       t_91:    0.00 3353.00 1676.50 5029.50
       t_92:    0.00 3383.00 1691.50 5074.50
       t_93:  572.00 2999.00 1499.00 5070.00
       t_94: 1250.00 2560.00 1280.50 5090.50
       t_95: 1250.00 2567.00 1283.50 5100.50
       t_96: 1250.50 2566.50 1283.00 5100.00
       t_97: 1250.00 2566.50 1283.50 5100.00
       t_98: 1250.00 2543.50 1271.50 5065.00
       t_99: 1250.50 2509.50 1255.00 5015.00
      t_100: 1250.00 2532.00 1265.50 5047.50
      t_101: 1250.50 2534.00 1267.00 5051.50
      t_102: 1250.00 2550.50 1275.00 5075.50
      t_103: 1250.00 2559.00 1280.50 5089.50
      t_104: 1250.00 2554.00 1276.00 5080.00
      t_105: 1250.00 2548.00 1274.00 5072.00
      t_106: 1250.50 2556.50 1278.00 5085.00
      t_107: 1250.00 2558.00 1279.50 5087.50
      t_108: 1250.50 2543.00 1271.50 5065.00
      t_109: 1250.00 2549.00 1274.50 5073.50
      t_110: 1250.00 2552.00 1276.00 5078.00
      t_111: 1250.50 2537.00 1268.50 5056.00
      t_112: 1250.00 2524.00 1262.50 5036.50
      t_113: 1250.00 2499.50 1250.50 5000.00
      t_114: 1250.50 2530.50 1264.00 5045.00
      t_115: 1250.00 2539.00 1269.50 5058.50
      t_116: 1250.00 2536.50 1268.00 5054.50
      t_117:  674.50 2918.00 1459.00 5051.50
      t_118:    0.00 3375.50 1688.50 5064.00
      t_119:    0.00 3377.50 1689.00 5066.50
      t_120:    0.00 3357.00 1678.00 5035.00
      t_121:    0.00 3376.00 1688.50 5064.50
      t_122:    0.00 3388.50 1694.00 5082.50
      t_123:    0.00 3388.50 1694.00 5082.50
      t_124:  200.50 3252.00 1626.00 5078.50
      t_125: 1250.00 2530.50 1265.00 5045.50
      t_126: 1250.50 2536.50 1268.00 5055.00
      t_127: 1250.00 2555.50 1278.50 5084.00
      t_128: 1250.50 2524.50 1262.50 5037.50
      t_129: 1250.00 2500.00 1250.00 5000.00
      t_130: 1250.00 2545.00 1272.50 5067.50
      t_131: 1250.00 2541.50 1270.00 5061.50
      t_132: 1250.50 2551.50 1275.50 5077.50
      t_133: 1250.00 2551.50 1277.00 5078.50
      t_134: 1250.50 2556.00 1277.50 5084.00
      t_135: 1250.00 2547.50 1273.00 5070.50
      t_136: 1250.00 2539.00 1270.50 5059.50
      t_137: 1250.50 2527.50 1263.50 5041.50
      t_138: 1250.00 2556.00 1277.50 5083.50
      t_139: 1250.00 2551.00 1275.00 5076.00
      t_140: 1250.00 2559.00 1280.50 5089.50
      t_141: 1250.50 2561.00 1280.00 5091.50
      t_142: 1250.00 2560.50 1281.00 5091.50
      t_143: 1250.50 2560.50 1279.50 5090.50
      t_144: 1250.00 2565.50 1282.50 5098.00
      t_145: 1250.00 2550.00 1276.00 5076.00
      t_146: 1250.00 2544.50 1271.50 5066.00
      t_147: 1250.50 2546.00 1273.00 5069.50
      t_148: 1045.50 2669.00 1334.50 5049.00
      t_149:    0.00 3351.00 1676.00 5027.00
      t_150:    0.00 3367.00 1683.00 5050.00
      t_151:    0.00 3389.00 1695.00 5084.00
      t_152:    0.00 3388.50 1694.00 5082.50
      t_153:    0.00 3383.50 1691.50 5075.00
      t_154:    0.00 3387.00 1693.50 5080.50
      t_155:    0.00 3376.50 1688.50 5065.00
      t_156: 1079.50 2655.00 1327.50 5062.00
      t_157: 1250.00 2553.00 1276.00 5079.00
      t_158: 1250.00 2554.00 1277.50 5081.50
      t_159: 1250.50 2549.50 1274.50 5074.50
      t_160: 1250.00 2540.50 1270.00 5060.50
      t_161: 1250.00 2545.00 1273.50 5068.50
      t_162: 1250.50 2550.00 1274.50 5075.00
      t_163: 1250.00 2554.00 1277.00 5081.00
      t_164: 1250.00 2556.50 1278.50 5085.00
      t_165: 1250.50 2559.00 1279.00 5088.50
      t_166: 1250.00 2556.00 1277.50 5083.50
      t_167: 1250.50 2547.50 1275.00 5073.00
      t_168: 1250.00 2559.50 1279.50 5089.00
      t_169: 1250.00 2500.00 1251.00 5001.00
      t_170: 1250.50 2495.50 1250.50 4996.50
      t_171: 1250.00 2507.00 1250.00 5007.00
      t_172: 1250.00 2499.50 1250.50 5000.00
      t_173: 1250.50 2497.00 1250.00 4997.50
      t_174: 1250.00 2499.50 1250.00 4999.50
      t_175: 1250.00 2499.00 1250.50 4999.50
      t_176: 1250.50 2550.00 1271.00 5071.50
      t_177: 1250.00 2562.50 1281.50 5094.00
      t_178: 1250.00 2563.00 1281.00 5094.00
      t_179: 1250.50 2557.00 1279.50 5087.00
      t_180:  166.50 3267.00 1632.50 5066.00
      t_181:    0.00 3384.00 1692.50 5076.50
      t_182:    0.00 3385.00 1692.00 5077.00
      t_183:    0.00 2026.00 2577.50 4603.50
      t_184:    0.00    0.00 3903.00 3903.00
      t_185:    0.00    0.00 3897.00 3897.00
      t_186:    0.00    0.00 3850.00 3850.00
      t_187:  709.00    0.00 3783.00 4492.00
      t_188: 1250.00    0.00 3746.00 4996.00
      t_189: 1250.50    0.00 3762.00 5012.50
      t_190: 1250.00    0.00 3788.00 5038.00
      t_191: 1250.50    0.00 3775.50 5026.00
      t_192: 1250.00    0.00 3755.50 5005.50
      t_193: 1250.00    0.00 3725.50 4975.50
      t_194: 1250.00    0.00 3803.00 5053.00
      t_195: 1250.50    0.00 3827.00 5077.50
      t_196: 2260.00    0.00 2820.00 5080.00
      t_197: 5119.50    0.00    0.00 5119.50
      t_198: 5095.00    0.00    0.00 5095.00
      t_199: 5115.50    0.00    0.00 5115.50
      t_200: 1699.50    0.00    0.00 1699.50
      t_201:    0.00    0.00    0.00    0.00
      t_202:    0.00    0.00    0.00    0.00
      t_203:    0.00    0.00    0.00    0.00
      t_204:    0.00    0.00    0.00    0.00
      t_205:    0.00    0.00    0.00    0.00
      t_206:    0.00    0.00    0.00    0.00
      t_207: 1054.00    0.00    0.00 1054.00
      t_208: 4877.00    0.00    0.00 4877.00
      t_209: 4881.00    0.00    0.00 4881.00
      t_210: 5085.00    0.00    0.00 5085.00
      t_211: 4992.50    0.00    0.00 4992.50
      t_212: 4977.00    0.00    0.00 4977.00
      t_213: 4133.50    0.00    0.00 4133.50
      t_214:    0.00    0.00    0.00    0.00
      t_215:    0.00    0.00    0.00    0.00
      t_216:    0.00    0.00    0.00    0.00
      t_217:    0.00    0.00    0.00    0.00
      t_218:    0.00    0.00    0.00    0.00
      t_219:    0.00    0.00    0.00    0.00
      t_220:    0.00    0.00    0.00    0.00
      t_221: 3397.00    0.00    0.00 3397.00
      t_222: 5046.00    0.00    0.00 5046.00
      t_223: 5038.50    0.00    0.00 5038.50
      t_224: 5005.00    0.00    0.00 5005.00
      t_225: 4858.50    0.00    0.00 4858.50
      t_226: 5000.50    0.00    0.00 5000.50
      t_227: 1654.50    0.00    0.00 1654.50
      t_228:    0.00    0.00    0.00    0.00
      t_229:    0.00    0.00    0.00    0.00
      t_230:    0.00    0.00    0.00    0.00
      t_231:    0.00    0.00    0.00    0.00
      t_232:    0.00    0.00    0.00    0.00
      t_233:    0.00    0.00    0.00    0.00
      t_234:  865.00    0.00    0.00  865.00
      t_235: 5100.00    0.00    0.00 5100.00
      t_236: 4895.00    0.00    0.00 4895.00
      t_237: 4935.50    0.00    0.00 4935.50
      t_238: 4875.50    0.00    0.00 4875.50
      t_239: 4988.00    0.00    0.00 4988.00
      t_240: 4340.50    0.00    0.00 4340.50
      t_241:    0.00    0.00    0.00    0.00