        t_0: 1279.50 2499.50 1250.00 5029.00
        t_1: 1300.00 2499.50 1249.50 5049.00
        t_2: 1312.50 2499.00 1250.50 5062.00
        t_3: 1295.00 2500.00 1250.00 5045.00
        t_4: 1310.50 2499.50 1250.50 5060.50
        t_5: 1315.50 2500.00 1250.00 5065.50
        t_6: 1297.50 2499.00 1250.00 5046.50
        t_7: 1293.00 2500.00 1250.00 5043.00
        t_8: 1316.00 2499.50 1250.50 5066.00
        t_9: 1298.50 2499.50 1250.00 5048.00
       t_10: 1281.50 2500.00 1250.00 5031.50
       t_11: 1275.50 2499.00 1250.00 5024.50
       t_12: 1291.50 2499.50 1250.50 5041.50
       t_13: 1288.50 2499.50 1250.00 5038.00
       t_14: 1298.00 2500.00 1250.00 5048.00
       t_15: 1276.50 2499.50 1250.50 5026.50
       t_16: 1289.50 2499.50 1250.00 5039.00
       t_17: 1291.00 2499.50 1250.50 5041.00
       t_18: 1284.00 2500.00 1249.50 5033.50
       t_19: 1259.50 2499.50 1250.50 5009.50
       t_20: 1298.00 2499.00 1250.50 5047.50
       t_21: 1299.00 2500.00 1250.00 5049.00
       t_22: 1283.00 2499.50 1250.00 5032.50
       t_23:  266.50 2500.00 1250.50 4017.00
       t_24:    0.00 2500.00 1250.00 3750.00
       t_25:    0.00 2499.50 1250.50 3750.00
       t_26:    0.00 2499.50 1250.00 3749.50
       t_27:    0.00 2499.50 1250.00 3749.50
       t_28:    0.00 2500.00 1250.50 3750.50
       t_29:    0.00 2499.50 1250.00 3749.50
       t_30:  638.50 2498.50 1250.00 4387.00
       t_31: 1313.00 2500.00 1250.00 5063.00
       t_32: 1329.00 2499.50 1250.00 5078.50
       t_33: 1334.00 2500.00 1250.50 5084.50
       t_34: 1340.00 2499.50 1250.00 5089.50
       t_35: 1288.00 2499.50 1250.00 5037.50
       t_36: 1289.00 2499.50 1250.50 5039.00
       t_37: 1298.50 2499.50 1250.00 5048.00
       t_38: 1301.50 2499.50 1250.00 5051.00
       t_39: 1292.00 2499.50 1250.50 5042.00
       t_40: 1286.00 2499.50 1250.00 5035.50
       t_41: 1306.00 2499.50 1250.50 5056.00
       t_42: 1286.00 2500.00 1250.00 5036.00
       t_43: 1258.00 2499.50 1250.00 5007.50
       t_44: 1290.50 2500.00 1250.00 5040.50
       t_45: 1289.50 2499.00 1250.50 5039.00
       t_46: 1293.00 2499.50 1250.00 5042.50
       t_47: 1286.00 2499.50 1250.50 5036.00
       t_48: 1296.00 2500.00 1250.00 5046.00
       t_49: 1289.50 2499.50 1250.00 5039.00
       t_50: 1290.50 2499.50 1250.50 5040.50
       t_51: 1291.50 2499.50 1250.00 5041.00
       t_52: 1289.50 2500.00 1249.50 5039.00
       t_53:  824.50 2500.00 1251.00 4575.50
       t_54:    0.00 2499.50 1250.00 3749.50
       t_55:    0.00 2499.50 1250.50 3750.00
       t_56:    0.00 2499.50 1250.00 3749.50
       t_57:    0.00 2499.50 1250.00 3749.50
       t_58:    0.00 2499.50 1250.50 3750.00
       t_59:    0.00 2500.00 1250.00 3750.00
       t_60:   69.50 2498.50 1250.00 3818.00
       t_61: 1274.00 2500.00 1250.00 5024.00
       t_62: 1282.00 2499.50 1250.00 5031.50
       t_63: 1292.50 2499.50 1250.50 5042.50
       t_64: 1280.00 2499.50 1250.00 5029.50
       t_65: 1271.00 2500.00 1250.00 5021.00
       t_66: 1277.50 2499.50 1250.50 5027.50
       t_67: 1274.50 2499.50 1250.00 5024.00
       t_68: 1302.00 2499.50 1250.50 5052.00
       t_69: 1312.00 2499.50 1250.00 5061.50
       t_70: 1281.00 2500.00 1250.00 5031.00
       t_71: 1262.50 2499.00 1250.50 5012.00
       t_72: 1279.00 2499.50 1250.00 5028.50
       t_73: 1289.50 2500.00 1250.00 5039.50
       t_74: 1281.50 2499.50 1250.50 5031.50
       t_75: 1273.00 2500.00 1250.00 5023.00
       t_76: 1298.00 2499.50 1250.00 5047.50
       t_77: 1288.50 2499.00 1250.00 5037.50
       t_78: 1299.00 2500.00 1250.50 5049.50
       t_79: 1298.00 2499.50 1250.00 5047.50
       t_80: 1286.00 2499.50 1250.00 5035.50
       t_81: 1284.50 2499.50 1250.50 5034.50
       t_82: 1279.50 2500.00 1250.00 5029.50
       t_83: 1285.00 2499.50 1250.50 5035.00
       t_84:  380.00 2500.00 1250.00 4130.00
       t_85:    0.00 2499.50 1250.50 3750.00
       t_86:    0.00 2499.50 1250.00 3749.50
       t_87:    0.00 2500.00 1250.00 3750.00
       t_88:    0.00 2499.50 1250.00 3749.50
       t_89:    0.00 2499.00 1250.50 3749.50
       t_90:    0.00 2500.00 1250.00 3750.00
       t_91:  526.00 2499.00 1250.00 4275.00
       t_92: 1286.50 2499.50 1250.00 5036.00
       t_93: 1301.00 2499.50 1250.00 5050.50
       t_94: 1296.00 2500.00 1250.50 5046.50
       t_95: 1319.50 2499.00 1250.00 5068.50
       t_96: 1312.50 2500.00 1250.50 5063.00
       t_97: 1312.00 2499.50 1250.00 5061.50
       t_98: 1281.50 2499.50 1250.00 5031.00
       t_99: 1318.50 2500.00 1250.50 5069.00
      t_100: 1306.00 2499.50 1250.00 5055.50
      t_101: 1302.00 2499.50 1250.50 5052.00
      t_102: 1293.50 2499.00 1250.00 5042.50
      t_103: 1311.00 2500.50 1250.00 5061.50
      t_104: 1318.50 2499.00 1248.00 5065.50
      t_105: 1307.00 2499.50 1250.00 5056.50
      t_106: 1303.00 2499.50 1250.50 5053.00
      t_107: 1296.00 2500.00 1250.00 5046.00
      t_108: 1270.00 2499.50 1250.00 5019.50
      t_109: 1281.50 2499.50 1250.50 5031.50
      t_110: 1302.50 2500.00 1250.00 5052.50
      t_111: 1275.50 2499.50 1250.00 5025.00
      t_112: 1274.50 2499.50 1250.00 5024.00
      t_113: 1283.50 2499.00 1250.50 5033.00
      t_114:  922.00 2500.50 1250.50 4673.00
      t_115:    0.00 2499.50 1250.00 3749.50
      t_116:    0.00 2499.50 1250.50 3750.00
      t_117:    0.00 2499.50 1250.00 3749.50
      t_118:    0.00 2500.00 1250.00 3750.00
      t_119:    0.00 2499.50 1250.00 3749.50
      t_120:    0.00 2499.50 1250.50 3750.00
      t_121:    0.00 2499.50 1250.00 3749.50
      t_122: 1280.50 2499.00 1250.00 5029.50
      t_123: 1293.00 2499.50 1250.00 5042.50
      t_124: 1292.50 2500.00 1250.00 5042.50
      t_125: 1307.00 2499.50 1250.50 5057.00
      t_126: 1296.50 2499.50 1250.00 5046.00
      t_127: 1307.00 2500.00 1250.00 5057.00
      t_128: 1307.50 2499.50 1250.00 5057.00
      t_129: 1268.00 2499.00 1250.50 5017.50
      t_130: 1283.00 2500.00 1250.00 5033.00
      t_131: 1285.00 2499.50 1250.50 5035.00
      t_132: 1272.00 2499.50 1250.00 5021.50
      t_133: 1292.50 2499.50 1250.50 5042.50
      t_134: 1291.50 2500.00 1250.00 5041.50
      t_135: 1272.50 2499.50 1250.00 5022.00
      t_136: 1273.50 2499.50 1250.00 5023.00
      t_137: 1286.00 2499.50 1250.50 5036.00
      t_138: 1293.50 2499.50 1250.00 5043.00
      t_139: 1303.00 2499.50 1250.50 5053.00
      t_140: 1320.00 2500.00 1250.00 5070.00
      t_141: 1308.00 2499.00 1250.00 5057.00
      t_142: 1305.50 2500.00 1250.00 5055.50
      t_143: 1282.50 2499.00 1250.50 5032.00
      t_144: 1299.50 2500.00 1250.00 5049.50
      t_145:  280.00 2500.00 1250.50 4030.50
      t_146:    0.00 2500.00 1250.00 3750.00
      t_147:    0.00 2499.00 1250.50 3749.50
      t_148:    0.00 2500.00 1250.00 3750.00
      t_149:    0.00 2499.50 1250.00 3749.50
      t_150:    0.00 2499.50 1250.00 3749.50
      t_151:    0.00 2499.50 1250.50 3750.00
      t_152:  631.00 2499.50 1250.00 4380.50
      t_153: 1301.50 2499.50 1250.00 5051.00
      t_154: 1303.50 2499.50 1250.00 5053.00
      t_155: 1319.50 2499.50 1250.50 5069.50
      t_156: 1311.00 2499.50 1250.00 5060.50
      t_157: 1308.00 2499.50 1250.00 5057.50
      t_158: 1316.00 2499.50 1250.50 5066.00
      t_159: 1314.00 2500.00 1250.00 5064.00
      t_160: 1299.00 2499.50 1250.00 5048.50
      t_161: 1288.50 2499.50 1250.50 5038.50
      t_162: 1311.50 2499.50 1250.00 5061.00
      t_163: 1286.00 2499.50 1250.50 5036.00
      t_164: 1302.50 2499.50 1250.00 5052.00
      t_165: 1309.00 2499.50 1250.00 5058.50
      t_166: 1304.00 2500.00 1250.50 5054.50
      t_167: 1309.50 2499.50 1250.00 5059.00
      t_168: 1315.50 2499.50 1250.00 5065.00
      t_169: 1333.50 2499.50 1250.00 5083.00
      t_170: 1324.50 2499.50 1250.50 5074.50
      t_171: 1319.50 2500.00 1250.00 5069.50
      t_172: 1319.50 2499.50 1250.00 5069.00
      t_173: 1291.50 2499.50 1250.50 5041.50
      t_174: 1300.00 2499.50 1250.00 5049.50
      t_175:  581.50 2500.00 1250.50 4332.00
      t_176:    0.00 2499.50 1250.00 3749.50
      t_177:    0.00 2500.00 1250.00 3750.00
      t_178:    0.00 2499.50 1250.50 3750.00
      t_179:    0.00 2499.50 1250.00 3749.50
      t_180:    0.00 2499.50 1250.00 3749.50
      t_181:    0.00 2499.50 1250.50 3750.00
      t_182:  330.00 2499.50 1250.00 4079.50
      t_183: 1297.50 2499.50 1250.00 5047.00
      t_184: 1307.00 2499.50 1250.50 5057.00
      t_185: 1322.00 2499.50 1250.00 5071.50
      t_186: 1317.00 2500.00 1250.00 5067.00
      t_187: 1302.50 2499.00 1250.50 5052.00
      t_188: 1289.50 2500.00 1249.50 5039.00
      t_189: 1275.50 2499.50 1250.50 5025.50
      t_190: 1292.00 2499.50 1250.00 5041.50
      t_191: 1275.00 2499.50 1250.50 5025.00
      t_192: 1294.50 2500.00 1250.00 5044.50
      t_193: 1290.00 2499.50 1250.00 5039.50
      t_194: 1282.00 2499.00 1250.50 5031.50
      t_195: 1295.50 2500.00 1250.00 5045.50
      t_196: 1305.00 2499.50 1250.00 5054.50
      t_197: 1302.00 2499.50 1250.00 5051.50
      t_198: 1307.00 2499.50 1250.50 5057.00
      t_199: 1306.50 2500.00 1250.00 5056.50
      t_200: 3192.00   83.00 1250.50 4525.50
      t_201: 3000.00    0.00 1250.50 4250.50
      t_202: 1417.50    0.00 1250.00 2667.50
      t_203:    0.00    0.00 1250.00 1250.00
      t_204:    0.00    0.00 1250.50 1250.50
      t_205:    0.00    0.00 1250.00 1250.00
      t_206:    0.00    0.00 1250.00 1250.00
      t_207:    0.00    0.00 1250.50 1250.50
      t_208:    0.00    0.00 1250.00 1250.00
      t_209:  332.00    0.00 1246.00 1578.00
      t_210: 3000.00    0.00 1250.50 4250.50
      t_211: 3000.50    0.00 1250.00 4250.50
      t_212: 3000.50    0.00 1250.00 4250.50
      t_213: 2999.50    0.00 1250.50 4250.00
      t_214: 3001.00    0.00 1250.00 4251.00
      t_215: 3000.00    0.00 1250.00 4250.00
      t_216: 3000.00    0.00 1250.50 4250.50
      t_217: 3000.00    0.00 1250.00 4250.00
      t_218: 3000.50    0.00 1250.00 4250.50
      t_219: 2666.00    0.00 1250.50 3916.50
      t_220:    0.00    0.00 1250.00 1250.00
      t_221:    0.00    0.00 1250.00 1250.00
      t_222:    0.00    0.00 1250.50 1250.50
      t_223:    0.00    0.00 1250.00 1250.00
      t_224:    0.00    0.00 1250.00 1250.00
      t_225:    0.00    0.00 1250.00 1250.00
      t_226:    0.00    0.00 1250.50 1250.50
      t_227: 2084.00    0.00 1250.00 3334.00
      t_228: 2999.50    0.00 1250.50 4250.00
      t_229: 3000.50    0.00 1250.00 4250.50
      t_230: 3000.50    0.00 1250.00 4250.50
      t_231: 3000.00    0.00 1250.50 4250.50
      t_232: 3000.00    0.00 1250.00 4250.00
      t_233: 3000.50    0.00 1250.00 4250.50
      t_234: 3000.00    0.00 1250.50 4250.50
      t_235: 3000.50    0.00 1250.00 4250.50
      t_236: 3000.50    0.00 1250.00 4250.50
      t_237:  914.00    0.00 1250.50 2164.50
      t_238:    0.00    0.00 1250.00 1250.00
      t_239:    0.00    0.00 1217.00 1217.00
      t_240:    0.00    0.00    0.00    0.00
      t_241:    0.00    0.00    0.00    0.00
      t_242:    0.00    0.00    0.00    0.00
      t_243:    0.00    0.00    0.00    0.00
      t_244:  835.50    0.00    0.00  835.50
      t_245: 3000.00    0.00    0.00 3000.00
      t_246: 3000.00    0.00    0.00 3000.00
      t_247: 3000.50    0.00    0.00 3000.50
      t_248: 3000.00    0.00    0.00 3000.00
      t_249: 3000.50    0.00    0.00 3000.50
      t_250: 3000.00    0.00    0.00 3000.00
      t_251: 3000.50    0.00    0.00 3000.50
      t_252: 3000.00    0.00    0.00 3000.00
      t_253: 3000.00    0.00    0.00 3000.00
      t_254: 2162.50    0.00    0.00 2162.50
      t_255:    0.00    0.00    0.00    0.00