        t_0: 1267.00 2533.50 1266.50 5067.00
        t_1: 1261.50 2522.50 1261.50 5045.50
        t_2: 1266.00 2532.50 1266.00 5064.50
        t_3: 1258.50 2517.00 1259.00 5034.50
        t_4: 1256.50 2512.50 1256.00 5025.00
        t_5: 1266.00 2532.50 1266.50 5065.00
        t_6: 1268.00 2536.50 1268.00 5072.50
        t_7: 1271.50 2543.00 1271.50 5086.00
        t_8: 1271.00 2541.00 1270.50 5082.50
        t_9: 1262.00 2524.00 1262.00 5048.00
       t_10: 1258.50 2518.00 1259.00 5035.50
       t_11: 1260.00 2520.00 1260.00 5040.00
       t_12: 1261.00 2521.00 1260.50 5042.50
       t_13: 1263.50 2527.50 1263.50 5054.50
       t_14: 1263.50 2526.50 1263.50 5053.50
       t_15: 1262.50 2526.00 1263.00 5051.50
       t_16: 1271.00 2542.00 1271.00 5084.00
       t_17: 1262.50 2524.50 1262.00 5049.00
       t_18: 1252.50 2505.50 1253.00 5011.00
       t_19: 1266.50 2532.50 1266.00 5065.00
       t_20: 1267.00 2533.50 1267.00 5067.50
       t_21: 1268.00 2536.50 1268.00 5072.50
       t_22: 1258.50 2516.50 1258.50 5033.50
       t_23:  937.00 2738.00 1369.00 5044.00
       t_24:    0.00 3395.00 1697.50 5092.50
       t_25:    0.00 3396.50 1698.50 5095.00
       t_26:    0.00 3333.50 1666.50 5000.00
       t_27:    0.00 3333.50 1667.00 5000.50
       t_28:    0.00 3371.00 1685.00 5056.00
       t_29:    0.00 3387.00 1694.00 5081.00
       t_30:    0.00 3395.50 1697.50 5093.00
       t_31:    0.00 3399.50 1700.00 5099.50
       t_32:    0.00 3396.00 1698.00 5094.00
       t_33:    0.00 3397.50 1698.50 5096.00
       t_34:    0.00 3385.50 1693.00 5078.50
       t_35:    0.00 3394.00 1697.00 5091.00
       t_36:    0.00 3398.50 1699.00 5097.50
       t_37:    0.00 3379.00 1689.50 5068.50
       t_38:    0.00 3333.50 1666.50 5000.00
       t_39:    0.00 3333.00 1667.00 5000.00
       t_40:    0.00 3333.50 1666.50 5000.00
       t_41:    0.00 3375.00 1687.50 5062.50
       t_42:    0.00 3389.50 1695.00 5084.50
       t_43:    0.00 3397.50 1698.50 5096.00
       t_44:    0.00 3387.50 1694.00 5081.50
       t_45:    0.00 3393.50 1696.50 5090.00
       t_46:    0.00 3365.50 1683.00 5048.50
       t_47:    0.00 3390.00 1694.50 5084.50
       t_48:    0.50 3393.00 1696.50 5090.00
       t_49:    0.00 3398.50 1699.50 5098.00
       t_50:    0.00 3397.50 1698.50 5096.00
       t_51:    0.00 3399.00 1699.50 5098.50
       t_52:    0.00 3405.50 1703.00 5108.50
       t_53:    0.00 3406.00 1703.00 5109.00
       t_54:    0.00 3405.00 1702.50 5107.50
       t_55:    0.00 3404.50 1702.00 5106.50
       t_56:    0.00 3403.00 1701.50 5104.50
       t_57:    0.00 3409.00 1705.00 5114.00
       t_58:    0.00 3410.50 1705.00 5115.50
       t_59:    0.00 3410.50 1705.00 5115.50
       t_60:    0.00 3413.00 1707.00 5120.00
       t_61:    0.00 3405.50 1702.50 5108.00
       t_62:    0.00 3410.00 1705.00 5115.00
       t_63:    0.00 3407.00 1703.50 5110.50
       t_64:    0.00 3400.50 1700.00 5100.50
       t_65:    0.00 3390.50 1695.50 5086.00
       t_66:    1.00 3408.00 1704.00 5113.00
       t_67:    0.00 3405.50 1702.50 5108.00
       t_68:    0.00 3376.00 1688.50 5064.50
       t_69:    0.00 3333.00 1666.50 4999.50
       t_70:    0.00 3333.00 1666.50 4999.50
       t_71:    0.00 3333.50 1666.50 5000.00
       t_72:    0.00 3390.50 1695.50 5086.00
       t_73:    0.00 3396.50 1698.00 5094.50
       t_74:    0.00 3405.50 1702.50 5108.00
       t_75:    0.00 3411.00 1706.00 5117.00
       t_76:    0.00 3404.00 1701.50 5105.50
       t_77:    0.00 3407.00 1704.00 5111.00
       t_78:    0.00 3409.00 1704.50 5113.50
       t_79:    0.00 3401.00 1700.50 5101.50
       t_80:    0.00 3396.00 1697.50 5093.50
       t_81:    0.00 3399.00 1699.50 5098.50
       t_82:    0.00 3397.00 1698.50 5095.50
       t_83:    0.00 3390.00 1695.50 5085.50
       t_84:    1.00 3402.00 1700.50 5103.50
       t_85:    0.00 3401.50 1701.00 5102.50
       t_86:    0.00 3399.00 1699.50 5098.50
       t_87:    0.00 3401.50 1701.00 5102.50
       t_88:    0.00 3409.50 1704.50 5114.00
       t_89:    0.00 3384.00 1692.00 5076.00
       t_90:    0.00 3338.50 1669.50 5008.00
       t_91:    0.00 3405.00 1702.00 5107.00
       t_92:    0.00 3396.00 1698.00 5094.00
       t_93:    0.00 3401.00 1701.00 5102.00
       t_94:    0.00 3391.00 1695.00 5086.00
       t_95:    0.00 3400.00 1700.00 5100.00
       t_96:    0.00 3413.00 1706.50 5119.50
       t_97:    0.00 3406.50 1703.50 5110.00
       t_98:    0.00 3413.00 1706.50 5119.50
       t_99:    0.00 3414.00 1707.00 5121.00
      t_100:    0.00 3413.50 1707.00 5120.50
      t_101:    0.50 3411.00 1705.00 5116.50
      t_102:    0.00 3409.50 1705.00 5114.50
      t_103:    0.00 3409.50 1704.50 5114.00
      t_104:    0.00 3406.00 1703.50 5109.50
      t_105:    0.00 3407.00 1703.50 5110.50
      t_106:    0.00 3407.00 1703.00 5110.00
      t_107:    0.00 3404.00 1702.00 5106.00
      t_108:    0.00 3393.50 1697.00 5090.50
      t_109:    0.00 3403.50 1702.00 5105.50
      t_110:    0.00 3397.00 1698.00 5095.00
      t_111:    0.00 3397.50 1699.00 5096.50
      t_112:    0.00 3404.00 1702.00 5106.00
      t_113:    0.00 3401.50 1701.00 5102.50
      t_114:    0.00 3405.50 1702.50 5108.00
      t_115:    0.00 3338.50 1669.00 5007.50
      t_116:    0.00 3405.00 1702.50 5107.50
      t_117:    0.00 3396.00 1698.00 5094.00
      t_118:    0.00 3392.00 1696.00 5088.00
      t_119:    0.50 3381.00 1691.00 5072.50
      t_120:    0.00 3396.50 1698.00 5094.50
      t_121:    0.00 3399.50 1700.00 5099.50
      t_122:    0.00 3397.00 1698.00 5095.00
      t_123:    0.00 3396.50 1698.50 5095.00
      t_124:    0.00 3409.00 1704.50 5113.50
      t_125:    0.00 3409.00 1704.50 5113.50
      t_126:    0.00 3410.50 1705.00 5115.50
      t_127:    0.00 3407.00 1704.00 5111.00
      t_128:    0.00 3405.00 1702.00 5107.00
      t_129:    0.00 3411.00 1706.00 5117.00
      t_130:    0.00 3412.00 1706.00 5118.00
      t_131:    0.00 3407.00 1703.50 5110.50
      t_132:    0.00 3404.50 1702.00 5106.50
      t_133:    0.00 3399.50 1700.00 5099.50
      t_134:    0.00 3396.00 1697.50 5093.50
      t_135:    0.00 3406.50 1703.50 5110.00
      t_136:    0.50 3400.50 1700.00 5101.00
      t_137:    0.00 3410.50 1705.50 5116.00
      t_138:    0.00 3370.00 1685.00 5055.00
      t_139:    0.00 3400.00 1700.00 5100.00
      t_140:    0.00 3404.00 1702.00 5106.00
      t_141:    0.00 3408.50 1704.50 5113.00
      t_142:    0.00 3413.00 1706.50 5119.50
      t_143:    0.00 3398.00 1699.00 5097.00
      t_144:    0.00 3333.50 1666.50 5000.00
      t_145:    0.00 3337.00 1668.50 5005.50
      t_146:    0.00 3399.50 1699.50 5099.00
      t_147:    0.00 3407.00 1703.50 5110.50
      t_148:    0.00 3392.00 1696.50 5088.50
      t_149:    0.00 3404.50 1702.00 5106.50
      t_150:    0.00 3395.50 1697.50 5093.00
      t_151:    0.00 3395.50 1698.00 5093.50
      t_152:    0.00 3380.50 1690.50 5071.00
      t_153:  620.50 1338.50 3090.00 5049.00
      t_154: 1068.50    0.00 3955.50 5024.00
      t_155: 1057.50    0.00 3963.50 5021.00
      t_156: 1072.50    0.00 3955.50 5028.00
      t_157: 1039.00    0.00 3987.00 5026.00
      t_158: 1030.50    0.00 3996.00 5026.50
      t_159: 1026.00    0.00 3999.00 5025.00
      t_160: 1019.00    0.00 3993.00 5012.00
      t_161: 1029.50    0.00 3992.50 5022.00
      t_162: 1029.50    0.00 3990.50 5020.00
      t_163: 1728.50    0.00 3318.50 5047.00
      t_164: 2531.00    0.00 2530.50 5061.50
      t_165: 2531.50    0.00 2531.50 5063.00
      t_166: 2531.50    0.00 2532.00 5063.50
      t_167: 4237.50    0.00  834.00 5071.50
      t_168: 5006.00    0.00    0.00 5006.00
      t_169: 1437.50    0.00    0.00 1437.50
      t_170:    0.00    0.00    0.00    0.00
      t_171:    0.00    0.00    0.00    0.00
      t_172:    0.00    0.00    0.00    0.00
      t_173:    0.00    0.00    0.00    0.00
      t_174:    0.00    0.00    0.00    0.00
      t_175:    0.00    0.00    0.00    0.00
      t_176: 1297.00    0.00    0.00 1297.00
      t_177: 4999.50    0.00    0.00 4999.50
      t_178: 4875.00    0.00    0.00 4875.00
      t_179: 4978.00    0.00    0.00 4978.00
      t_180: 5091.50    0.00    0.00 5091.50
      t_181: 5073.50    0.00    0.00 5073.50
      t_182: 3685.50    0.00    0.00 3685.50
      t_183:    0.00    0.00    0.00    0.00
      t_184:    0.00    0.00    0.00    0.00
      t_185:    0.00    0.00    0.00    0.00
      t_186:    0.00    0.00    0.00    0.00
      t_187:    0.00    0.00    0.00    0.00
      t_188:    0.00    0.00    0.00    0.00
      t_189:    0.00    0.00    0.00    0.00
      t_190: 3956.00    0.00    0.00 3956.00
      t_191: 5079.50    0.00    0.00 5079.50
      t_192: 5053.00    0.00    0.00 5053.00
      t_193: 5061.50    0.00    0.00 5061.50
      t_194: 5081.00    0.00    0.00 5081.00
      t_195: 4981.50    0.00    0.00 4981.50
      t_196:  787.50    0.00    0.00  787.50
      t_197:    0.00    0.00    0.00    0.00
      t_198:    0.00    0.00    0.00    0.00
      t_199:    0.00    0.00    0.00    0.00
      t_200:    0.00    0.00    0.00    0.00
      t_201:    0.00    0.00    0.00    0.00
      t_202:    0.00    0.00    0.00    0.00
      t_203: 1706.00    0.00    0.00 1706.00
      t_204: 5044.00    0.00    0.00 5044.00
      t_205: 4954.50    0.00    0.00 4954.50
      t_206: 4916.00    0.00    0.00 4916.00
      t_207: 5014.50    0.00    0.00 5014.50
      t_208: 5030.50    0.00    0.00 5030.50
      t_209: 3334.50    0.00    0.00 3334.50
      t_210:    0.00    0.00    0.00    0.00
      t_211:    0.00    0.00    0.00    0.00
      t_212:    0.00    0.00    0.00    0.00
      t_213:    0.00    0.00    0.00    0.00
      t_214:    0.00    0.00    0.00    0.00
      t_215:    0.00    0.00    0.00    0.00
      t_216:    0.00    0.00    0.00    0.00
      t_217: 4211.00    0.00    0.00 4211.00
      t_218: 5024.50    0.00    0.00 5024.50
      t_219: 4922.50    0.00    0.00 4922.50
      t_220: 4983.00    0.00    0.00 4983.00
      t_221: 5068.00    0.00    0.00 5068.00
      t_222: 5098.00    0.00    0.00 5098.00
      t_223:  693.00    0.00    0.00  693.00
      t_224:    0.00    0.00    0.00    0.00
      t_225:    0.00    0.00    0.00    0.00
      t_226:    0.00    0.00    0.00    0.00
      t_227:    0.00    0.00    0.00    0.00
      t_228:    0.00    0.00    0.00    0.00
      t_229:    0.00    0.00    0.00    0.00
      t_230: 1835.00    0.00    0.00 1835.00
      t_231: 5083.00    0.00    0.00 5083.00
      t_232: 5096.50    0.00    0.00 5096.50
      t_233: 5041.50    0.00    0.00 5041.50
      t_234: 4930.00    0.00    0.00 4930.00
      t_235: 4982.00    0.00    0.00 4982.00
      t_236: 3032.00    0.00    0.00 3032.00
      t_237:    0.00    0.00    0.00    0.00
      t_238:    0.00    0.00    0.00    0.00
      t_239:    0.00    0.00    0.00    0.00
      t_240:    0.00    0.00    0.00    0.00
      t_241:    0.00    0.00    0.00    0.00
      t_242:    0.00    0.00    0.00    0.00
      t_243:    0.00    0.00    0.00    0.00
      t_244: 4488.00    0.00    0.00 4488.00
      t_245: 5098.00    0.00    0.00 5098.00
      t_246: 5058.00    0.00    0.00 5058.00
      t_247: 5103.50    0.00    0.00 5103.50
      t_248: 5066.50    0.00    0.00 5066.50
      t_249: 5060.50    0.00    0.00 5060.50
      t_250:  125.50    0.00    0.00  125.50
      t_251:    0.00    0.00    0.00    0.00
      t_252:    0.00    0.00    0.00    0.00
      t_253:    0.00    0.00    0.00    0.00
      t_254:    0.00    0.00    0.00    0.00
      t_255:    0.00    0.00    0.00    0.00
      t_256:    0.00    0.00    0.00    0.00
      t_257: 2413.50    0.00    0.00 2413.50
      t_258: 5090.00    0.00    0.00 5090.00
      t_259: 5052.50    0.00    0.00 5052.50
      t_260: 4940.50    0.00    0.00 4940.50
      t_261: 4963.00    0.00    0.00 4963.00
      t_262: 5062.00    0.00    0.00 5062.00
      t_263: 2478.50    0.00    0.00 2478.50
      t_264:    0.00    0.00    0.00    0.00
      t_265:    0.00    0.00    0.00    0.00
      t_266:    0.00    0.00    0.00    0.00
      t_267:    0.00    0.00    0.00    0.00
      t_268:    0.00    0.00    0.00    0.00
      t_269:    0.00    0.00    0.00    0.00
      t_270:   38.00    0.00    0.00   38.00
      t_271: 5064.50    0.00    0.00 5064.50
      t_272: 5098.50    0.00    0.00 5098.50
      t_273: 5089.00    0.00    0.00 5089.00
      t_274: 5037.50    0.00    0.00 5037.50
      t_275: 5090.50    0.00    0.00 5090.50
      t_276: 4581.50    0.00    0.00 4581.50
      t_277:    0.00    0.00    0.00    0.00