        t_0: 1287.50 2499.50 1250.00 5037.00
        t_1: 1277.00 2499.50 1250.00 5026.50
        t_2: 1283.00 2499.50 1250.00 5032.50
        t_3: 1292.50 2499.50 1250.50 5042.50
        t_4: 1297.00 2499.50 1250.00 5046.50
        t_5: 1273.50 2499.50 1250.00 5023.00
        t_6: 1296.50 2500.00 1250.50 5047.00
        t_7: 1291.00 2499.50 1250.00 5040.50
        t_8: 1298.00 2499.50 1250.50 5048.00
        t_9: 1286.00 2499.50 1250.00 5035.50
       t_10: 1298.00 2500.00 1250.00 5048.00
       t_11: 1326.50 2499.50 1250.00 5076.00
       t_12: 1320.50 2499.00 1250.50 5070.00
       t_13: 1303.00 2500.00 1250.00 5053.00
       t_14: 1299.00 2499.50 1250.00 5048.50
       t_15: 1298.50 2499.50 1250.00 5048.00
       t_16: 1275.00 2499.50 1250.50 5025.00
       t_17: 1263.00 2500.00 1250.00 5013.00
       t_18: 1215.50 2499.00 1250.50 4965.00
       t_19: 1245.50 2500.00 1250.00 4995.50
       t_20: 1281.50 2499.50 1250.00 5031.00
       t_21: 1288.50 2499.50 1250.50 5038.50
       t_22: 1287.50 2499.50 1250.00 5037.00
       t_23:  416.00 2500.00 1250.50 4166.50
       t_24:    0.00 2500.00 1250.00 3750.00
       t_25:    0.00 2499.50 1250.00 3749.50
       t_26:    0.00 2499.50 1250.50 3750.00
       t_27:    0.00 2499.50 1250.00 3749.50
       t_28:    0.00 2499.50 1250.00 3749.50
       t_29:    0.00 2499.50 1250.50 3750.00
       t_30:  470.50 2499.50 1250.00 4220.00
       t_31: 1302.50 2499.50 1250.00 5052.00
       t_32: 1297.00 2499.50 1250.00 5046.50
       t_33: 1319.00 2499.50 1250.50 5069.00
       t_34: 1313.00 2499.50 1250.00 5062.50
       t_35: 1308.50 2500.00 1250.00 5058.50
       t_36: 1291.50 2499.50 1250.00 5041.00
       t_37: 1289.00 2499.50 1250.50 5039.00
       t_38: 1273.50 2499.50 1250.00 5023.00
       t_39: 1279.00 2499.50 1250.50 5029.00
       t_40: 1296.00 2499.50 1250.00 5045.50
       t_41: 1279.00 2500.00 1250.00 5029.00
       t_42: 1275.50 2499.50 1250.00 5025.00
       t_43: 1300.50 2499.50 1250.50 5050.50
       t_44: 1290.00 2499.50 1250.00 5039.50
       t_45: 1331.00 2499.50 1250.50 5081.00
       t_46: 1286.00 2499.50 1250.00 5035.50
       t_47: 1308.00 2500.00 1250.00 5058.00
       t_48: 1272.00 2499.50 1250.00 5021.50
       t_49: 1284.00 2499.50 1250.50 5034.00
       t_50: 1277.00 2499.50 1250.00 5026.50
       t_51: 1283.50 2499.50 1250.50 5033.50
       t_52: 1289.50 2499.50 1249.50 5038.50
       t_53: 1084.50 2500.00 1250.50 4835.00
       t_54:    0.00 2500.00 1250.00 3750.00
       t_55:    0.00 2499.50 1250.00 3749.50
       t_56:    0.00 2499.50 1250.50 3750.00
       t_57:    0.00 2499.50 1250.00 3749.50
       t_58:    0.00 2499.50 1250.00 3749.50
       t_59:    0.00 2499.50 1250.50 3750.00
       t_60:    0.00 2500.00 1250.00 3750.00
       t_61: 1124.50 2499.00 1250.00 4873.50
       t_62: 1317.50 2499.50 1250.00 5067.00
       t_63: 1329.50 2499.50 1250.50 5079.50
       t_64: 1307.50 2500.00 1250.00 5057.50
       t_65: 1303.50 2499.50 1250.00 5053.00
       t_66: 1303.50 2499.50 1250.00 5053.00
       t_67: 1328.50 2499.50 1250.50 5078.50
       t_68: 1327.00 2499.50 1250.00 5076.50
       t_69: 1328.50 2499.50 1250.50 5078.50
       t_70: 1287.00 2500.00 1250.00 5037.00
       t_71: 1245.00 2499.50 1250.00 4994.50
       t_72: 1240.00 2499.50 1250.00 4989.50
       t_73: 1325.50 2499.50 1250.50 5075.50
       t_74: 1326.00 2499.50 1250.00 5075.50
       t_75: 1308.50 2499.50 1250.50 5058.50
       t_76: 1302.00 2499.50 1250.00 5051.50
       t_77: 1297.00 2500.00 1250.00 5047.00
       t_78: 1301.00 2499.50 1250.50 5051.00
       t_79: 1297.00 2499.50 1250.00 5046.50
       t_80: 1292.50 2499.50 1250.00 5042.00
       t_81: 1275.50 2499.50 1250.50 5025.50
       t_82: 1305.00 2500.00 1250.00 5055.00
       t_83: 1306.00 2499.50 1250.00 5055.50
       t_84:  222.00 2500.00 1250.50 3972.50
       t_85:    0.00 2499.50 1250.00 3749.50
       t_86:    0.00 2499.50 1250.00 3749.50
       t_87:    0.00 2499.50 1250.50 3750.00
       t_88:    0.00 2499.50 1250.00 3749.50
       t_89:    0.00 2500.00 1250.50 3750.50
       t_90:    0.00 2499.50 1250.00 3749.50
       t_91:  629.50 2499.00 1250.00 4378.50
       t_92: 1284.00 2499.50 1250.00 5033.50
       t_93: 1282.50 2499.50 1250.50 5032.50
       t_94: 1280.50 2500.00 1250.00 5030.50
       t_95: 1269.50 2499.50 1250.00 5019.00
       t_96: 1270.00 2499.50 1250.50 5020.00
       t_97: 1265.00 2499.50 1250.00 5014.50
       t_98: 1288.00 2499.50 1250.00 5037.50
       t_99: 1293.00 2499.50 1250.50 5043.00
      t_100: 1285.00 2500.00 1250.00 5035.00
      t_101: 1314.00 2499.50 1250.00 5063.50
      t_102: 1310.00 2499.50 1250.50 5060.00
      t_103: 1305.00 2499.50 1249.50 5054.00
      t_104: 1285.50 2499.50 1247.50 5032.50
      t_105: 1252.00 2499.50 1250.00 5001.50
      t_106: 1261.50 2500.00 1250.00 5011.50
      t_107: 1267.50 2499.50 1250.00 5017.00
      t_108: 1297.00 2499.50 1250.50 5047.00
      t_109: 1297.00 2499.50 1250.00 5046.50
      t_110: 1306.00 2500.00 1250.00 5056.00
      t_111: 1301.00 2499.00 1250.50 5050.50
      t_112: 1278.50 2500.00 1250.00 5028.50
      t_113: 1309.00 2499.50 1250.00 5058.50
      t_114: 1069.00 2500.00 1250.50 4819.50
      t_115:    0.00 2499.50 1250.50 3750.00
      t_116:    0.00 2499.50 1250.00 3749.50
      t_117:    0.00 2499.50 1250.00 3749.50
      t_118:    0.00 2500.00 1250.50 3750.50
      t_119:    0.00 2499.50 1250.00 3749.50
      t_120:    0.00 2499.50 1250.00 3749.50
      t_121:    0.00 2499.50 1250.50 3750.00
      t_122: 1099.00 2499.00 1250.00 4848.00
      t_123: 1303.50 2500.00 1250.00 5053.50
      t_124: 1317.50 2499.50 1250.00 5067.00
      t_125: 1288.50 2499.50 1250.00 5038.00
      t_126: 1273.50 2499.50 1250.00 5023.00
      t_127: 1290.00 2499.50 1250.50 5040.00
      t_128: 1306.00 2499.50 1250.00 5055.50
      t_129: 1278.50 2499.50 1250.50 5028.50
      t_130: 1280.50 2500.00 1250.00 5030.50
      t_131: 1309.50 2499.50 1250.00 5059.00
      t_132: 1306.00 2499.50 1250.00 5055.50
      t_133: 1316.00 2499.50 1250.50 5066.00
      t_134: 1308.00 2499.50 1250.50 5058.00
      t_135: 1313.00 2500.00 1250.00 5063.00
      t_136: 1296.50 2499.50 1250.00 5046.00
      t_137: 1300.50 2499.50 1250.00 5050.00
      t_138: 1273.00 2499.50 1250.00 5022.50
      t_139: 1295.50 2499.50 1250.50 5045.50
      t_140: 1274.50 2499.50 1250.50 5024.50
      t_141: 1302.50 2499.50 1250.00 5052.00
      t_142: 1301.00 2500.00 1250.00 5051.00
      t_143: 1292.00 2499.50 1250.00 5041.50
      t_144: 1282.50 2499.50 1250.50 5032.50
      t_145:  392.50 2500.00 1250.50 4143.00
      t_146:    0.00 2499.50 1250.00 3749.50
      t_147:    0.00 2499.50 1250.00 3749.50
      t_148:    0.00 2500.00 1250.00 3750.00
      t_149:    0.00 2499.50 1250.50 3750.00
      t_150:    0.00 2499.50 1250.00 3749.50
      t_151:    0.00 2499.50 1250.00 3749.50
      t_152:  495.00 2499.50 1250.00 4244.50
      t_153: 1266.50 2499.50 1250.50 5016.50
      t_154: 1303.00 2499.50 1250.00 5052.50
      t_155: 1307.50 2499.50 1250.00 5057.00
      t_156: 1293.50 2499.50 1250.50 5043.50
      t_157: 1265.00 2499.50 1250.00 5014.50
      t_158: 1296.00 2500.00 1250.00 5046.00
      t_159: 1322.00 2499.50 1250.50 5072.00
      t_160: 1241.50 2499.50 1250.00 4991.00
      t_161: 1262.50 2499.50 1250.00 5012.00
      t_162: 1282.00 2499.50 1250.00 5031.50
      t_163: 1269.00 2499.50 1250.50 5019.00
      t_164: 1268.00 2500.00 1250.00 5018.00
      t_165: 1285.00 2499.50 1250.50 5035.00
      t_166: 1318.50 2499.50 1250.00 5068.00
      t_167: 1306.50 2499.50 1250.00 5056.00
      t_168: 1278.50 2499.50 1250.00 5028.00
      t_169: 1262.00 2499.50 1250.50 5012.00
      t_170: 1249.50 2500.00 1250.00 4999.50
      t_171: 1210.50 2499.50 1250.00 4960.00
      t_172: 1271.50 2499.50 1250.50 5021.50
      t_173: 1280.00 2499.50 1250.00 5029.50
      t_174: 1254.50 2499.50 1250.00 5004.00
      t_175: 1261.50 2500.00 1250.50 5012.00
      t_176:  150.50 2499.50 1250.50 3900.50
      t_177:    0.00 2500.00 1250.00 3750.00
      t_178:    0.00 2499.50 1250.00 3749.50
      t_179:    0.00 2499.50 1250.50 3750.00
      t_180:    0.00 2499.50 1250.00 3749.50
      t_181:    0.00 2499.50 1250.50 3750.00
      t_182:    0.00 2499.50 1250.00 3749.50
      t_183:  743.50 2499.50 1250.00 4493.00
      t_184: 1271.00 2499.50 1250.00 5020.50
      t_185: 1237.50 2499.50 1250.00 4987.00
      t_186: 1198.50 2499.50 1250.50 4948.50
      t_187: 1198.00 2499.50 1250.00 4947.50
      t_188: 1190.50 2500.00 1250.00 4940.50
      t_189: 1178.00 2499.00 1250.50 4927.50
      t_190: 1232.50 2500.00 1250.00 4982.50
      t_191: 1262.00 2499.50 1250.00 5011.50
      t_192: 1280.50 2499.50 1250.50 5030.50
      t_193: 1269.50 2499.50 1250.00 5019.00
      t_194: 1300.50 2500.00 1250.00 5050.50
      t_195: 1322.00 2499.50 1250.00 5071.50
      t_196: 1317.50 2499.50 1250.50 5067.50
      t_197: 1321.00 2499.50 1250.00 5070.50
      t_198: 1312.50 2500.00 1250.50 5063.00
      t_199: 1309.50 2499.50 1250.00 5059.00
      t_200: 3191.50   83.00 1250.50 4525.00
      t_201: 3000.50    0.00 1250.00 4250.50
      t_202: 2863.50    0.00 1250.00 4113.50
      t_203:    0.00    0.00 1250.50 1250.50
      t_204:    0.00    0.00 1250.00 1250.00
      t_205:    0.00    0.00 1250.00 1250.00
      t_206:    0.00    0.00 1250.50 1250.50
      t_207:    0.00    0.00 1250.00 1250.00
      t_208:    0.00    0.00 1250.00 1250.00
      t_209:    0.00    0.00 1245.50 1245.50
      t_210: 1886.00    0.00 1250.00 3136.00
      t_211: 3000.50    0.00 1250.00 4250.50
      t_212: 3000.00    0.00 1250.50 4250.50
      t_213: 3000.50    0.00 1250.00 4250.50
      t_214: 3000.00    0.00 1250.00 4250.00
      t_215: 3000.00    0.00 1250.50 4250.50
      t_216: 3000.50    0.00 1250.00 4250.50
      t_217: 3000.50    0.00 1250.00 4250.50
      t_218: 3000.00    0.00 1250.00 4250.00
      t_219: 3000.00    0.00 1250.50 4250.50
      t_220: 1112.00    0.00 1250.00 2362.00
      t_221:    0.00    0.00 1250.00 1250.00
      t_222:    0.00    0.00 1250.50 1250.50
      t_223:    0.00    0.00 1250.00 1250.00
      t_224:    0.00    0.00 1250.00 1250.00
      t_225:    0.00    0.00 1250.50 1250.50
      t_226:    0.00    0.00 1250.00 1250.00
      t_227:  638.00    0.00 1250.00 1888.00
      t_228: 3000.00    0.00 1250.50 4250.50
      t_229: 3000.50    0.00 1250.00 4250.50
      t_230: 3000.00    0.00 1250.00 4250.00
      t_231: 3000.00    0.00 1250.50 4250.50
      t_232: 3000.50    0.00 1250.00 4250.50
      t_233: 3000.00    0.00 1250.00 4250.00
      t_234: 3000.50    0.00 1250.50 4251.00
      t_235: 3000.00    0.00 1250.00 4250.00
      t_236: 3000.50    0.00 1250.00 4250.50
      t_237: 2360.00    0.00 1250.50 3610.50
      t_238:    0.00    0.00 1250.00 1250.00
      t_239:    0.00    0.00 1219.50 1219.50
      t_240:    0.00    0.00    0.00    0.00
      t_241:    0.00    0.00    0.00    0.00
      t_242:    0.00    0.00    0.00    0.00
      t_243:    0.00    0.00    0.00    0.00
      t_244:    0.00    0.00    0.00    0.00
      t_245: 2389.50    0.00    0.00 2389.50
      t_246: 3000.00    0.00    0.00 3000.00
      t_247: 3000.50    0.00    0.00 3000.50
      t_248: 3000.00    0.00    0.00 3000.00
      t_249: 3000.50    0.00    0.00 3000.50
      t_250: 3000.00    0.00    0.00 3000.00
      t_251: 3000.50    0.00    0.00 3000.50
      t_252: 3000.00    0.00    0.00 3000.00
      t_253: 3000.00    0.00    0.00 3000.00
      t_254: 3000.50    0.00    0.00 3000.50
      t_255:  608.00    0.00    0.00  608.00
      t_256:    0.00    0.00    0.00    0.00