[root@k8s-workder136 131_test]# ../../build/sim/dmc_sim -c dmc_sim_l_test.conf
[global]
server_groups = 1
client_groups = 3
server_random_selection = 1
server_soft_limit = 0
anticipation_timeout = 0.000

[client.0]
client_count = 1
client_wait = 0
client_total_ops = 600000
client_server_select_range = 10
client_iops_goal = 7000
client_outstanding_ops = 500
client_reservation = 0.0
client_limit = 3000.0
client_weight = 1.0

[client.1]
client_count = 1
client_wait = 0
client_total_ops = 1000000
client_server_select_range = 10
client_iops_goal = 5000
client_outstanding_ops = 100
client_reservation = 0.0
client_limit = 2500.0
client_weight = 1.0

[client.2]
client_count = 1
client_wait = 0
client_total_ops = 600000
client_server_select_range = 20
client_iops_goal = 5000
client_outstanding_ops = 5
client_reservation = 125.0
client_limit = 1250.0
client_weight = 1.0

[server.0]
server_count = 1
server_iops = 8000
server_threads = 1

simulation started
simulation completed in 479952 millisecs
==== Client Data ====
     client:       0       1       2  total
        t_0: 1908.50 1907.50 1250.00 5066.00
        t_1: 1898.00 1898.50 1250.00 5046.50
        t_2: 1914.00 1913.50 1250.50 5078.00
        t_3: 1914.00 1914.50 1250.00 5078.50
        t_4: 1907.00 1907.00 1250.00 5064.00
        t_5: 1907.50 1907.50 1250.00 5065.00
        t_6: 1902.00 1902.00 1250.50 5054.50
        t_7: 1899.00 1898.50 1250.00 5047.50
        t_8: 1896.50 1897.00 1250.50 5044.00
        t_9: 1916.00 1916.00 1250.00 5082.00
       t_10: 1889.00 1888.50 1250.00 5027.50
       t_11: 1898.50 1898.50 1250.00 5047.00
       t_12: 1907.50 1907.50 1250.50 5065.50
       t_13: 1889.50 1889.50 1250.00 5029.00
       t_14: 1895.00 1895.50 1250.00 5040.50
       t_15: 1458.00 2091.00 1251.00 4800.00
       t_16:    0.00 2499.50 1250.00 3749.50
       t_17:    0.00 2499.50 1250.50 3750.00
       t_18:    0.00 2499.50 1250.00 3749.50
       t_19:    0.00 2499.50 1250.00 3749.50
       t_20:    0.00 2500.00 1250.00 3750.00
       t_21:  485.00 2499.00 1250.00 4234.00
       t_22: 1314.50 2500.00 1250.00 5064.50
       t_23: 1284.50 2499.50 1250.00 5034.00
       t_24: 1288.50 2499.50 1250.50 5038.50
       t_25: 1285.50 2499.50 1250.00 5035.00
       t_26: 1317.50 2499.50 1250.00 5067.00
       t_27: 1327.50 2499.50 1250.50 5077.50
       t_28: 1318.50 2499.50 1250.50 5068.50
       t_29: 1319.00 2499.50 1250.00 5068.50
       t_30: 1332.00 2499.50 1250.50 5082.00
       t_31: 1330.00 2500.00 1249.50 5079.50
       t_32: 1918.50 1919.00 1250.50 5088.00
       t_33: 1923.00 1923.00 1250.50 5096.50
       t_34: 1912.00 1912.50 1249.50 5074.00
       t_35: 1909.00 1909.00 1250.50 5068.50
       t_36: 1906.00 1906.00 1250.50 5062.50
       t_37: 1908.00 1908.00 1250.00 5066.00
       t_38: 1912.00 1912.00 1250.00 5074.00
       t_39: 1918.00 1917.50 1250.00 5085.50
       t_40: 1091.00 2209.50 1250.50 4551.00
       t_41:    0.00 2499.50 1250.00 3749.50
       t_42:    0.00 2499.50 1250.00 3749.50
       t_43:    0.00 2500.00 1250.50 3750.50
       t_44:    0.00 2499.50 1250.00 3749.50
       t_45:    0.00 2499.50 1250.00 3749.50
       t_46:  736.50 2499.00 1250.00 4485.50
       t_47: 1328.00 2499.50 1250.50 5078.00
       t_48: 1319.50 2499.50 1250.00 5069.00
       t_49: 1310.50 2500.00 1250.00 5060.50
       t_50: 1299.00 2499.50 1250.50 5049.00
       t_51: 1316.50 2499.50 1250.00 5066.00
       t_52: 1327.50 2499.50 1247.50 5074.50
       t_53: 1321.00 2499.50 1250.50 5071.00
       t_54: 1320.00 2499.50 1250.00 5069.50
       t_55: 1338.50 2500.00 1250.00 5088.50
       t_56: 1333.00 2499.50 1250.00 5082.50
       t_57: 1342.50 2499.50 1250.50 5092.50
       t_58: 1333.00 2499.50 1250.00 5082.50
       t_59: 1335.50 2499.50 1250.00 5085.00
       t_60: 1749.50 2088.00 1250.50 5088.00
       t_61: 1910.00 1910.00 1250.00 5070.00
       t_62: 1909.00 1909.00 1250.00 5068.00
       t_63: 1906.50 1907.00 1250.50 5064.00
       t_64: 1915.00 1915.00 1250.00 5080.00
       t_65: 1908.50 1908.00 1250.50 5067.00
       t_66:  740.50 2302.50 1250.00 4293.00
       t_67:    0.00 2499.50 1250.50 3750.00
       t_68:    0.00 2500.00 1250.00 3750.00
       t_69:    0.00 2499.50 1250.00 3749.50
       t_70:    0.00 2499.50 1250.50 3750.00
       t_71:    0.00 2499.50 1250.00 3749.50
       t_72:  974.00 2499.50 1250.00 4723.50
       t_73: 1313.50 2499.50 1250.00 5063.00
       t_74: 1321.00 2499.50 1250.00 5070.50
       t_75: 1334.50 2499.50 1250.50 5084.50
       t_76: 1300.50 2499.50 1250.00 5050.00
       t_77: 1307.50 2499.50 1250.00 5057.00
       t_78: 1320.00 2500.00 1250.50 5070.50
       t_79: 1339.50 2499.50 1250.00 5089.00
       t_80: 1298.50 2499.50 1250.00 5048.00
       t_81: 1304.00 2499.50 1250.50 5054.00
       t_82: 1341.00 2499.50 1250.00 5090.50
       t_83: 1321.00 2499.50 1250.00 5070.50
       t_84: 1343.50 2499.50 1250.50 5093.50
       t_85: 1333.00 2500.00 1250.00 5083.00
       t_86: 1293.00 2499.50 1250.00 5042.50
       t_87: 1838.50 1982.00 1250.50 5071.00
       t_88: 1912.00 1911.50 1250.00 5073.50
       t_89: 1902.50 1902.50 1250.50 5055.50
       t_90: 1900.00 1900.00 1250.00 5050.00
       t_91: 1908.00 1908.00 1250.00 5066.00
       t_92: 1094.50 2206.00 1251.00 4551.50
       t_93:    0.00 2500.00 1250.00 3750.00
       t_94:    0.00 2499.50 1250.00 3749.50
       t_95:    0.00 2500.00 1250.00 3750.00
       t_96:    0.00 2499.50 1250.50 3750.00
       t_97:    0.00 2499.50 1250.00 3749.50
       t_98:  743.00 2499.00 1250.00 4492.00
       t_99: 1298.00 2499.00 1250.50 5047.50
      t_100: 1302.00 2500.00 1250.00 5052.00
      t_101: 1325.50 2499.50 1250.00 5075.00
      t_102: 1320.50 2499.50 1250.50 5070.50
      t_103: 1304.00 2499.50 1250.00 5053.50
      t_104: 1315.00 2500.00 1246.50 5061.50
      t_105: 1325.00 2500.00 1250.00 5075.00
      t_106: 1310.50 2499.00 1250.50 5060.00
      t_107: 1343.00 2500.00 1250.00 5093.00
      t_108: 1349.50 2499.50 1250.00 5099.00
      t_109: 1325.00 2499.50 1250.50 5075.00
      t_110: 1323.50 2499.50 1250.00 5073.00
      t_111: 1342.00 2500.00 1250.00 5092.00
      t_112: 1347.00 2499.00 1250.00 5096.00
      t_113: 1472.00 2348.50 1250.50 5071.00
      t_114: 1915.00 1914.50 1250.00 5079.50
      t_115: 1910.50 1911.00 1250.00 5071.50
      t_116: 1910.50 1910.00 1250.50 5071.00
      t_117: 1910.50 1911.00 1250.00 5071.50
      t_118: 1608.00 2049.00 1250.50 4907.50
      t_119:    0.00 2500.00 1250.00 3750.00
      t_120:    0.00 2499.00 1250.50 3749.50
      t_121:    0.00 2500.00 1250.00 3750.00
      t_122:    0.00 2499.50 1250.00 3749.50
      t_123:    0.00 2499.50 1250.50 3750.00
      t_124:  384.50 2499.00 1250.00 4133.50
      t_125: 1328.00 2500.00 1250.00 5078.00
      t_126: 1335.50 2499.50 1250.00 5085.00
      t_127: 1313.00 2499.50 1250.50 5063.00
      t_128: 1319.50 2499.50 1250.00 5069.00
      t_129: 1330.50 2499.50 1250.00 5080.00
      t_130: 1323.00 2499.50 1250.00 5072.50
      t_131: 1339.50 2500.00 1250.50 5090.00
      t_132: 1331.50 2499.50 1250.00 5081.00
      t_133: 1334.00 2499.50 1250.00 5083.50
      t_134: 1339.50 2499.50 1250.50 5089.50
      t_135: 1343.50 2499.50 1250.00 5093.00
      t_136: 1317.00 2499.50 1250.50 5067.00
      t_137: 1332.00 2500.00 1250.00 5082.00
      t_138: 1322.00 2499.50 1250.00 5071.50
      t_139: 1340.00 2499.50 1250.00 5089.50
      t_140: 1808.00 2018.00 1250.50 5076.50
      t_141: 1912.50 1912.50 1250.00 5075.00
      t_142: 1902.50 1902.00 1250.50 5055.00
      t_143: 1913.50 1914.00 1250.00 5077.50
      t_144: 1913.00 1912.50 1250.00 5075.50
      t_145:  217.50 2476.00 1250.50 3944.00
      t_146:    0.00 2499.50 1250.00 3749.50
      t_147:    0.00 2499.50 1250.50 3750.00
      t_148:    0.00 2499.50 1250.00 3749.50
      t_149:    0.00 2500.00 1250.00 3750.00
      t_150:   23.50 2499.00 1250.00 3772.50
      t_151: 1322.00 2499.00 1250.50 5071.50
      t_152: 1308.00 2499.50 1250.00 5057.50
      t_153: 1327.00 2500.00 1250.00 5077.00
      t_154: 1348.00 2500.00 1250.00 5098.00
      t_155: 1337.50 2499.50 1250.50 5087.50
      t_156: 1328.50 2499.50 1250.00 5078.00
      t_157: 1327.50 2499.50 1250.00 5077.00
      t_158: 1323.50 2499.50 1250.50 5073.50
      t_159: 1330.50 2500.00 1250.00 5080.50
      t_160: 1344.00 2499.50 1250.00 5093.50
      t_161: 1334.50 2499.00 1250.50 5084.00
      t_162: 1317.50 2500.00 1250.00 5067.50
      t_163: 1325.00 2499.50 1250.50 5075.00
      t_164: 1339.00 2499.50 1250.00 5088.50
      t_165: 1340.50 2499.50 1250.00 5090.00
      t_166: 1649.50 2196.50 1250.00 5096.00
      t_167: 1909.00 1909.00 1250.50 5068.50
      t_168: 1921.50 1922.00 1250.00 5093.50
      t_169: 1912.50 1912.50 1250.00 5075.00
      t_170: 1915.50 1915.50 1250.50 5081.50
      t_171:  715.50 2321.50 1250.00 4287.00
      t_172:    0.00 2499.50 1250.50 3750.00
      t_173:    0.00 2499.50 1250.00 3749.50
      t_174:    0.00 2499.50 1250.50 3750.00
      t_175:    0.00 2499.50 1250.50 3750.00
      t_176:    0.00 2500.00 1249.50 3749.50
      t_177: 1014.00 2499.00 1250.00 4763.00
      t_178: 1336.50 2500.00 1250.00 5086.50
      t_179: 1337.50 2499.00 1250.00 5086.50
      t_180: 1343.00 2500.00 1250.50 5093.50
      t_181: 1350.50 2499.50 1250.00 5100.00
      t_182: 1342.50 2499.50 1250.50 5092.50
      t_183: 1333.50 2499.50 1250.50 5083.50
      t_184: 1344.00 2500.00 1249.50 5093.50
      t_185: 1337.50 2499.00 1250.50 5087.00
      t_186: 1316.50 2499.50 1250.50 5066.50
      t_187: 1330.50 2500.00 1250.00 5080.50
      t_188: 1335.00 2499.50 1250.00 5084.50
      t_189: 1327.00 2499.50 1250.50 5077.00
      t_190: 1315.50 2499.50 1250.00 5065.00
      t_191: 1322.50 2499.50 1250.00 5072.00
      t_192: 1479.00 2372.50 1250.50 5102.00
      t_193: 1919.00 1919.00 1250.00 5088.00
      t_194: 1924.50 1925.00 1250.00 5099.50
      t_195: 1926.00 1925.50 1250.50 5102.00
      t_196: 1918.50 1918.50 1250.00 5087.00
      t_197: 1147.00 2191.00 1250.00 4588.00
      t_198:    0.00 2499.50 1250.00 3749.50
      t_199:    0.00 2499.50 1250.50 3750.00
      t_200:    0.00 2499.50 1250.00 3749.50
      t_201:    0.00 2499.50 1250.00 3749.50
      t_202:    0.00 2499.50 1250.50 3750.00
      t_203:  723.50 2499.50 1250.00 4473.00
      t_204: 1373.50 2499.50 1250.00 5123.00
      t_205: 1343.50 2499.50 1250.50 5093.50
      t_206: 1329.50 2500.00 1250.00 5079.50
      t_207: 1328.00 2499.50 1250.00 5077.50
      t_208: 1333.50 2499.50 1250.00 5083.00
      t_209: 1340.50 2499.00 1247.00 5086.50
      t_210: 1338.00 2500.00 1250.50 5088.50
      t_211: 1343.50 2499.50 1250.00 5093.00
      t_212: 1354.00 2499.50 1250.00 5103.50
      t_213: 3206.50   60.50 1250.50 4517.50
      t_214: 3000.00    0.00 1250.00 4250.00
      t_215: 3000.50    0.00 1250.00 4250.50
      t_216: 3000.00    0.00 1250.50 4250.50
      t_217: 3000.50    0.00 1250.00 4250.50
      t_218: 1985.00    0.00 1250.00 3235.00
      t_219:    0.00    0.00 1250.50 1250.50
      t_220:    0.00    0.00 1250.00 1250.00
      t_221:    0.00    0.00 1250.00 1250.00
      t_222:    0.00    0.00 1250.00 1250.00
      t_223:    0.00    0.00 1250.50 1250.50
      t_224: 1264.50    0.00 1250.00 2514.50
      t_225: 3000.00    0.00 1250.50 4250.50
      t_226: 3000.50    0.00 1250.00 4250.50
      t_227: 3000.50    0.00 1250.00 4250.50
      t_228: 3000.00    0.00 1250.00 4250.00
      t_229: 3000.00    0.00 1250.50 4250.50
      t_230: 3000.50    0.00 1250.00 4250.50
      t_231: 3000.00    0.00 1250.50 4250.50
      t_232: 3000.00    0.00 1250.00 4250.00
      t_233: 3000.50    0.00 1250.00 4250.50
      t_234: 1733.00    0.00 1250.00 2983.00
      t_235:    0.00    0.00 1250.50 1250.50
      t_236:    0.00    0.00 1250.00 1250.00
      t_237:    0.00    0.00 1250.00 1250.00
      t_238:    0.00    0.00 1250.50 1250.50
      t_239:    0.00    0.00 1219.50 1219.50
      t_240:    0.00    0.00    0.00    0.00
    res_ops:       0       0   59995   59995
   prop_ops:  600000 1000000  540005 2140005
total time to track responses: 3411843126 nanoseconds;
    count: 2200000;
    average: 1550.84 nanoseconds per request/response
total time to get request parameters: 3417177515 nanoseconds;
    count: 2200000;
    average: 1553.26 nanoseconds per request/response

client timing for QOS algorithm: 3104.10 nanoseconds per request/response
client 0's 95th latency: 3656, 39011, 40933
client 0's 99th latency: 3917, 50166, 52645
client 0's max latency: 72968, 809891, 813615
client 0's average latency: 1540, 470, 2011

client 1's 95th latency: 3436, 24529, 26377
client 1's 99th latency: 3601, 36722, 38466
client 1's max latency: 91099, 616321, 617959
client 1's average latency: 1305, 830, 2136

client 2's 95th latency: 3662, 38803, 40661
client 2's 99th latency: 3951, 50525, 53481
client 2's max latency: 106121, 773569, 775244
client 2's average latency: 1969, 30744573455048, 836


==== Server Data ====
     server:       0   total
    res_ops:   59995   59995
   prop_ops: 2140005 2140005                                                                                                                                                                                                                                                                                             k-way heap: 2                                                                                                                                                                                                                                                                                                          total time to add requests: 37730572318 nanoseconds;                                                                                                            count: 2200000;                                                                                                                                             average: 17150.26 nanoseconds per request/response                                                                                                      total time to note requests complete: 7181048584 nanoseconds;                                                                                                   count: 2200000;                                                                                                                                             average: 3264.11 nanoseconds per request/response                                                                                                                                                                                                                                                                   server timing for QOS algorithm: 20414.37 nanoseconds per request/response