        t_0: 1927.00 1927.00 1250.00 5104.00
        t_1: 1919.50 1920.00 1250.00 5089.50
        t_2: 1915.50 1915.00 1250.50 5081.00
        t_3: 1913.00 1913.50 1250.00 5076.50
        t_4: 1896.50 1896.50 1250.00 5043.00
        t_5: 1921.00 1921.00 1250.50 5092.50
        t_6: 1911.00 1910.50 1250.00 5071.50
        t_7: 1875.00 1875.00 1250.00 5000.00
        t_8: 1908.50 1908.50 1250.50 5067.50
        t_9: 1919.00 1919.00 1250.00 5088.00
       t_10: 1913.00 1913.00 1250.00 5076.00
       t_11: 1916.50 1916.50 1250.00 5083.00
       t_12: 1926.50 1926.50 1250.50 5103.50
       t_13: 1921.00 1921.50 1250.00 5092.50
       t_14: 1923.00 1922.50 1250.50 5096.00
       t_15: 1294.00 2151.50 1250.00 4695.50
       t_16:    0.00 2499.50 1250.50 3750.00
       t_17:    0.00 2500.00 1250.00 3750.00
       t_18:    0.00 2499.50 1250.00 3749.50
       t_19:    0.00 2499.50 1250.00 3749.50
       t_20:    0.00 2499.50 1250.50 3750.00
       t_21:  598.50 2499.50 1250.00 4348.00
       t_22: 1329.50 2499.00 1250.00 5078.50
       t_23: 1304.00 2500.00 1250.00 5054.00
       t_24: 1300.50 2499.50 1250.50 5050.50
       t_25: 1290.00 2499.50 1250.00 5039.50
       t_26: 1296.00 2499.50 1250.50 5046.00
       t_27: 1288.50 2500.00 1250.00 5038.50
       t_28: 1304.50 2499.00 1250.00 5053.50
       t_29: 1301.00 2499.50 1250.50 5051.00
       t_30: 1295.50 2500.00 1250.00 5045.50
       t_31: 1463.50 2332.50 1250.00 5046.00
       t_32: 1899.50 1899.50 1250.00 5049.00
       t_33: 1901.00 1901.00 1250.50 5052.50
       t_34: 1891.00 1891.00 1250.00 5032.00
       t_35: 1898.00 1897.50 1250.00 5045.50
       t_36: 1899.00 1899.00 1250.50 5048.50
       t_37: 1903.50 1904.00 1250.00 5057.50
       t_38: 1899.00 1899.00 1250.00 5048.00
       t_39: 1895.50 1895.00 1250.50 5041.00
       t_40: 1042.00 2211.50 1250.00 4503.50
       t_41:    0.00 2499.50 1250.50 3750.00
       t_42:    0.00 2499.50 1250.00 3749.50
       t_43:    0.00 2499.50 1250.00 3749.50
       t_44:    0.00 2500.00 1250.50 3750.50
       t_45:    0.00 2499.50 1250.00 3749.50
       t_46:  748.50 2499.00 1250.00 4497.50
       t_47: 1288.50 2499.50 1249.50 5037.50
       t_48: 1289.50 2499.50 1250.00 5039.00
       t_49: 1303.00 2500.00 1250.50 5053.50
       t_50: 1295.50 2499.50 1250.00 5045.00
       t_51: 1318.50 2499.50 1250.00 5068.00
       t_52: 1312.50 2499.50 1249.50 5061.50
       t_53: 1313.50 2500.00 1250.00 5063.50
       t_54: 1335.50 2499.00 1250.50 5085.00
       t_55: 1300.00 2500.00 1250.00 5050.00
       t_56: 1297.00 2499.50 1250.00 5046.50
       t_57: 1300.50 2499.00 1250.50 5050.00
       t_58: 1277.00 2500.00 1250.00 5027.00
       t_59: 1289.00 2499.50 1250.00 5038.50
       t_60: 1858.50 1937.50 1250.50 5046.50
       t_61: 1915.50 1915.00 1250.00 5080.50
       t_62: 1910.00 1910.00 1250.00 5070.00
       t_63: 1918.50 1918.50 1250.00 5087.00
       t_64: 1919.00 1919.00 1250.50 5088.50
       t_65: 1918.50 1918.50 1250.00 5087.00
       t_66:  891.50 2272.50 1250.50 4414.50
       t_67:    0.00 2499.50 1250.00 3749.50
       t_68:    0.00 2499.50 1250.50 3750.00
       t_69:    0.00 2500.00 1250.00 3750.00
       t_70:    0.00 2499.50 1250.00 3749.50
       t_71:    0.00 2499.50 1250.50 3750.00
       t_72:  882.00 2499.00 1250.00 4631.00
       t_73: 1304.50 2500.00 1250.00 5054.50
       t_74: 1298.00 2499.50 1250.00 5047.50
       t_75: 1307.50 2499.50 1250.50 5057.50
       t_76: 1281.50 2499.50 1250.00 5031.00
       t_77: 1285.00 2500.00 1250.00 5035.00
       t_78: 1278.00 2499.00 1250.50 5027.50
       t_79: 1301.00 2500.00 1250.00 5051.00
       t_80: 1335.50 2499.50 1250.00 5085.00
       t_81: 1295.00 2499.50 1250.50 5045.00
       t_82: 1307.00 2499.00 1250.00 5056.00
       t_83: 1306.50 2500.00 1250.00 5056.50
       t_84: 1296.50 2499.50 1250.00 5046.00
       t_85: 1301.00 2500.00 1250.50 5051.50
       t_86: 1301.00 2499.50 1250.00 5050.50
       t_87: 1882.00 1963.00 1250.50 5095.50
       t_88: 1925.00 1924.50 1250.00 5099.50
       t_89: 1924.50 1925.00 1250.00 5099.50
       t_90: 1923.50 1923.50 1250.00 5097.00
       t_91: 1923.50 1923.50 1250.50 5097.50
       t_92: 1341.50 2130.50 1250.50 4722.50
       t_93:    0.00 2500.00 1250.00 3750.00
       t_94:    0.00 2499.50 1250.00 3749.50
       t_95:    0.00 2499.50 1250.50 3750.00
       t_96:    0.00 2499.50 1250.00 3749.50
       t_97:    0.00 2500.00 1250.00 3750.00
       t_98:  550.50 2499.00 1250.00 4299.50
       t_99: 1312.00 2499.50 1250.00 5061.50
      t_100: 1301.00 2499.50 1250.50 5051.00
      t_101: 1335.50 2499.50 1250.00 5085.00
      t_102: 1316.50 2499.50 1250.00 5066.00
      t_103: 1319.50 2499.50 1250.50 5069.50
      t_104: 1286.50 2500.00 1245.50 5032.00
      t_105: 1314.50 2499.50 1250.50 5064.50
      t_106: 1300.50 2500.00 1250.00 5050.50
      t_107: 1344.50 2499.00 1250.00 5093.50
      t_108: 1346.00 2499.50 1250.00 5095.50
      t_109: 1334.50 2500.00 1250.50 5085.00
      t_110: 1320.00 2499.50 1250.00 5069.50
      t_111: 1336.50 2499.50 1250.00 5086.00
      t_112: 1305.00 2499.50 1250.50 5055.00
      t_113: 1395.00 2411.00 1250.00 5056.00
      t_114: 1925.00 1925.00 1250.00 5100.00
      t_115: 1927.50 1927.50 1250.50 5105.50
      t_116: 1926.50 1927.00 1250.00 5103.50
      t_117: 1926.50 1926.50 1250.00 5103.00
      t_118: 1876.50 1958.00 1250.50 5085.00
      t_119:    0.00 2521.00 1250.00 3771.00
      t_120:    0.00 2499.50 1250.50 3750.00
      t_121:    0.00 2499.50 1250.00 3749.50
      t_122:    0.00 2499.50 1250.00 3749.50
      t_123:    0.00 2499.50 1250.50 3750.00
      t_124:  203.00 2499.00 1250.00 3952.00
      t_125: 1284.00 2500.00 1250.00 5034.00
      t_126: 1329.00 2499.50 1250.00 5078.50
      t_127: 1323.50 2499.50 1250.50 5073.50
      t_128: 1359.50 2499.50 1250.00 5109.00
      t_129: 1306.50 2499.50 1250.00 5056.00
      t_130: 1295.00 2499.50 1250.50 5045.00
      t_131: 1310.00 2500.00 1250.00 5060.00
      t_132: 1291.00 2499.50 1250.00 5040.50
      t_133: 1316.50 2499.50 1250.50 5066.50
      t_134: 1317.50 2499.50 1250.00 5067.00
      t_135: 1319.00 2499.50 1250.00 5068.50
      t_136: 1280.00 2499.50 1250.50 5030.00
      t_137: 1246.50 2500.00 1250.00 4996.50
      t_138: 1226.00 2499.50 1250.00 4975.50
      t_139: 1334.50 2464.50 1250.50 5049.50
      t_140: 1923.50 1923.50 1250.00 5097.00
      t_141: 1921.00 1921.00 1250.00 5092.00
      t_142: 1921.50 1921.50 1250.50 5093.50
      t_143: 1922.50 1923.00 1250.00 5095.50
      t_144: 1923.50 1923.00 1250.00 5096.50
      t_145:  646.50 2344.50 1250.50 4241.50
      t_146:    0.00 2499.50 1250.00 3749.50
      t_147:    0.00 2499.50 1250.50 3750.00
      t_148:    0.00 2500.00 1250.00 3750.00
      t_149:    0.00 2499.50 1250.00 3749.50
      t_150:    0.00 2499.00 1250.50 3749.50
      t_151: 1036.00 2499.50 1249.50 4785.00
      t_152: 1310.50 2499.50 1250.50 5060.50
      t_153: 1325.50 2499.50 1250.00 5075.00
      t_154: 1317.50 2499.50 1250.00 5067.00
      t_155: 1322.00 2500.00 1250.50 5072.50
      t_156: 1317.00 2499.50 1250.00 5066.50
      t_157: 1320.50 2499.50 1250.50 5070.50
      t_158: 1321.50 2499.50 1250.00 5071.00
      t_159: 1277.50 2500.00 1250.00 5027.50
      t_160: 1246.50 2499.00 1250.50 4996.00
      t_161: 1303.50 2500.00 1250.00 5053.50
      t_162: 1266.00 2499.50 1250.00 5015.50
      t_163: 1323.50 2499.50 1250.50 5073.50
      t_164: 1384.50 2499.50 1250.00 5134.00
      t_165: 1338.00 2500.00 1250.00 5088.00
      t_166: 1592.50 2243.00 1250.00 5085.50
      t_167: 1914.00 1914.50 1249.50 5078.00
      t_168: 1912.50 1912.00 1250.50 5075.00
      t_169: 1906.50 1907.00 1250.00 5063.50
      t_170: 1917.00 1917.00 1250.00 5084.00
      t_171: 1347.50 2135.50 1250.50 4733.50
      t_172:    0.00 2499.50 1250.00 3749.50
      t_173:    0.00 2499.50 1250.50 3750.00
      t_174:    0.00 2499.50 1250.00 3749.50
      t_175:    0.00 2499.50 1250.50 3750.00
      t_176:    0.00 2500.00 1250.00 3750.00
      t_177:  576.00 2499.00 1250.00 4325.00
      t_178: 1298.00 2499.50 1250.00 5047.50
      t_179: 1266.00 2499.50 1250.00 5015.50
      t_180: 1294.50 2500.00 1250.50 5045.00
      t_181: 1269.00 2499.00 1250.00 5018.00
      t_182: 1311.50 2500.00 1250.00 5061.50
      t_183: 1313.00 2499.00 1250.50 5062.50
      t_184: 1320.00 2500.00 1250.00 5070.00
      t_185: 1297.50 2499.50 1250.00 5047.00
      t_186: 1276.00 2500.00 1250.50 5026.50
      t_187: 1315.50 2499.50 1250.00 5065.00
      t_188: 1340.00 2499.50 1250.00 5089.50
      t_189: 1330.00 2499.00 1250.50 5079.50
      t_190: 1317.50 2500.00 1250.00 5067.50
      t_191: 1300.50 2500.00 1250.00 5050.50
      t_192: 1420.50 2397.50 1250.50 5068.50
      t_193: 1918.00 1918.00 1250.00 5086.00
      t_194: 1917.00 1917.00 1250.50 5084.50
      t_195: 1887.50 1887.50 1250.00 5025.00
      t_196: 1894.00 1894.00 1250.00 5038.00
      t_197: 1911.00 1911.00 1250.00 5072.00
      t_198:  227.00 2472.00 1250.50 3949.50
      t_199:    0.00 2499.50 1250.00 3749.50
      t_200:    0.00 2499.50 1250.50 3750.00
      t_201:    0.00 2500.00 1250.00 3750.00
      t_202:    0.00 2499.50 1250.00 3749.50
      t_203:   16.00 2499.00 1250.00 3765.00
      t_204: 1303.50 2499.50 1250.50 5053.50
      t_205: 1281.00 2499.50 1250.00 5030.50
      t_206: 1274.50 2500.00 1250.00 5024.50
      t_207: 1274.00 2499.50 1250.50 5024.00
      t_208: 1301.00 2499.50 1250.00 5050.50
      t_209: 1296.50 2499.50 1243.50 5039.50
      t_210: 1290.50 2499.50 1250.50 5040.50
      t_211: 1311.00 2499.50 1250.00 5060.50
      t_212: 1296.50 2500.00 1250.00 5046.50
      t_213: 2616.00  952.00 1250.50 4818.50
      t_214: 3000.50    0.00 1250.00 4250.50
      t_215: 3000.00    0.00 1250.00 4250.00
      t_216: 3000.50    0.00 1250.50 4251.00
      t_217: 3000.00    0.00 1250.00 4250.00
      t_218: 3000.00    0.00 1250.00 4250.00
      t_219:  738.50    0.00 1250.50 1989.00
      t_220:    0.00    0.00 1250.00 1250.00
      t_221:    0.00    0.00 1250.00 1250.00
      t_222:    0.00    0.00 1250.50 1250.50
      t_223:    0.00    0.00 1250.00 1250.00
      t_224:    0.00    0.00 1250.00 1250.00
      t_225: 2511.50    0.00 1250.50 3762.00
      t_226: 3000.50    0.00 1250.00 4250.50
      t_227: 3000.00    0.00 1250.00 4250.00
      t_228: 3000.50    0.00 1250.50 4251.00
      t_229: 3000.00    0.00 1250.00 4250.00
      t_230: 3000.00    0.00 1250.00 4250.00
      t_231: 3000.50    0.00 1250.50 4251.00
      t_232: 3000.00    0.00 1250.00 4250.00
      t_233: 3000.50    0.00 1250.00 4250.50
      t_234: 3000.00    0.00 1250.50 4250.50
      t_235:  486.00    0.00 1250.00 1736.00
      t_236:    0.00    0.00 1250.00 1250.00
      t_237:    0.00    0.00 1250.50 1250.50
      t_238:    0.00    0.00 1250.00 1250.00
      t_239:    0.00    0.00 1224.00 1224.00
      t_240:    0.00    0.00    0.00    0.00