/tmp/tmp.NNqRKEiWiP/cmake-build-debug-remote-host/sim/dmc_sim -c /tmp/tmp.NNqRKEiWiP/sim/131_test/dmc_sim_r_test.conf
[global]
server_groups = 1
client_groups = 3
server_random_selection = 1
server_soft_limit = 0
anticipation_timeout = 0.000

[client.0]
client_count = 1
client_wait = 0
client_total_ops = 600000
client_server_select_range = 10
client_iops_goal = 7000
client_outstanding_ops = 500
client_reservation = 1250.0
client_limit = 0.0
client_weight = 0.0

[client.1]
client_count = 1
client_wait = 0
client_total_ops = 1000000
client_server_select_range = 10
client_iops_goal = 5000
client_outstanding_ops = 100
client_reservation = 2000.0
client_limit = 0.0
client_weight = 0.0

[client.2]
client_count = 1
client_wait = 0
client_total_ops = 600000
client_server_select_range = 20
client_iops_goal = 3000
client_outstanding_ops = 5
client_reservation = 1250.0
client_limit = 0.0
client_weight = 0.0

[server.0]
server_count = 1
server_iops = 8000
server_threads = 1

simulation started
simulation completed in 584336 millisecs
==== Client Data ====
     client:       0       1       2  total
        t_0: 1250.00 2000.50 1250.00 4500.50
        t_1: 1250.00 2000.00 1250.00 4500.00
        t_2: 1250.00 2000.00 1250.50 4500.50
        t_3: 1250.50 2000.00 1250.00 4500.50
        t_4: 1250.00 2000.50 1250.00 4500.50
        t_5: 1250.00 2000.00 1250.50 4500.50
        t_6: 1250.50 2000.00 1250.00 4500.50
        t_7: 1250.00 2000.00 1250.50 4500.50
        t_8: 1250.00 2000.50 1250.00 4500.50
        t_9: 1250.50 2000.00 1250.00 4500.50
       t_10: 1250.00 2000.00 1250.50 4500.50
       t_11: 1250.00 2000.50 1250.00 4500.50
       t_12: 1250.50 2000.00 1250.00 4500.50
       t_13: 1250.00 2000.00 1250.50 4500.50
       t_14: 1250.50 2000.00 1250.00 4500.50
       t_15: 1250.00 2000.50 1250.00 4500.50
       t_16: 1250.00 2000.00 1250.50 4500.50
       t_17: 1250.50 2000.00 1250.00 4500.50
       t_18: 1250.00 2000.50 1250.00 4500.50
       t_19: 1250.00 2000.00 1250.50 4500.50
       t_20: 1250.50 2000.00 1250.00 4500.50
       t_21: 1250.00 2000.50 1250.00 4500.50
       t_22: 1250.00 2000.00 1250.50 4500.50
       t_23: 1246.50 2000.00 1250.00 4496.50
       t_24:    0.00 2000.50 1250.00 3250.50
       t_25:    0.00 2000.00 1250.00 3250.00
       t_26:    0.00 2000.00 1250.50 3250.50
       t_27:    0.00 2000.00 1250.00 3250.00
       t_28:    0.00 2000.50 1250.00 3250.50
       t_29:  254.00 1999.50 1250.50 3504.00
       t_30: 1250.00 2000.50 1250.00 4500.50
       t_31: 1250.50 2000.00 1250.00 4500.50
       t_32: 1250.00 2000.00 1250.50 4500.50
       t_33: 1250.00 2000.50 1250.00 4500.50
       t_34: 1250.50 2000.00 1250.00 4500.50
       t_35: 1250.00 2000.00 1250.50 4500.50
       t_36: 1250.00 2000.50 1250.00 4500.50
       t_37: 1250.50 2000.00 1250.00 4500.50
       t_38: 1250.00 2000.00 1250.50 4500.50
       t_39: 1250.00 2000.50 1250.00 4500.50
       t_40: 1250.50 2000.00 1250.00 4500.50
       t_41: 1250.00 2000.00 1250.50 4500.50
       t_42: 1250.00 2000.50 1250.00 4500.50
       t_43: 1250.50 2000.00 1250.00 4500.50
       t_44: 1250.00 2000.00 1250.50 4500.50
       t_45: 1250.00 2000.00 1250.00 4500.00
       t_46: 1250.50 2000.50 1250.00 4501.00
       t_47: 1250.00 2000.00 1250.00 4500.00
       t_48: 1250.00 2000.00 1250.50 4500.50
       t_49: 1250.00 2000.50 1250.00 4500.50
       t_50: 1250.50 2000.00 1250.00 4500.50
       t_51: 1250.00 2000.00 1250.50 4500.50
       t_52: 1250.00 2000.50 1249.50 4500.00
       t_53:  992.50 2000.00 1250.00 4242.50
       t_54:    0.00 2000.00 1250.50 3250.50
       t_55:    0.00 2000.50 1250.00 3250.50
       t_56:    0.00 2000.00 1250.00 3250.00
       t_57:    0.00 2000.00 1250.50 3250.50
       t_58:    0.00 2000.00 1250.00 3250.00
       t_59:  508.00 2000.50 1250.00 3758.50
       t_60: 1250.00 2000.00 1250.50 4500.50
       t_61: 1250.50 2000.00 1250.00 4500.50
       t_62: 1250.00 2000.50 1250.00 4500.50
       t_63: 1250.00 2000.00 1250.50 4500.50
       t_64: 1250.00 2000.00 1250.00 4500.00
       t_65: 1250.50 2000.50 1250.00 4501.00
       t_66: 1250.00 2000.00 1250.00 4500.00
       t_67: 1250.00 2000.00 1250.50 4500.50
       t_68: 1250.50 2000.00 1250.00 4500.50
       t_69: 1250.00 2000.00 1250.50 4500.50
       t_70: 1250.00 2000.50 1250.00 4500.50
       t_71: 1250.50 2000.00 1250.00 4500.50
       t_72: 1250.00 2000.00 1250.50 4500.50
       t_73: 1250.50 2000.00 1250.00 4500.50
       t_74: 1250.00 2000.50 1250.00 4500.50
       t_75: 1250.00 2000.00 1250.50 4500.50
       t_76: 1250.50 2000.00 1250.00 4500.50
       t_77: 1250.00 2000.50 1250.00 4500.50
       t_78: 1250.00 2000.00 1250.50 4500.50
       t_79: 1250.50 2000.00 1250.00 4500.50
       t_80: 1250.00 2000.50 1250.00 4500.50
       t_81: 1250.00 2000.00 1250.00 4500.00
       t_82: 1250.50 2000.00 1250.50 4501.00
       t_83:  738.00 2000.50 1250.00 3988.50
       t_84:    0.00 2000.00 1250.50 3250.50
       t_85:    0.00 2000.00 1250.00 3250.00
       t_86:    0.00 2000.50 1250.00 3250.50
       t_87:    0.00 2000.00 1250.00 3250.00
       t_88:    0.00 2000.00 1250.50 3250.50
       t_89:  762.00 2000.00 1250.00 4012.00
       t_90: 1250.00 2000.50 1250.00 4500.50
       t_91: 1250.00 2000.00 1250.50 4500.50
       t_92: 1250.50 2000.00 1250.00 4500.50
       t_93: 1250.00 2000.50 1250.00 4500.50
       t_94: 1250.00 2000.00 1250.50 4500.50
       t_95: 1250.50 2000.00 1250.00 4500.50
       t_96: 1250.00 2000.00 1250.50 4500.50
       t_97: 1250.00 2000.50 1250.00 4500.50
       t_98: 1250.50 2000.00 1250.00 4500.50
       t_99: 1250.00 2000.00 1250.50 4500.50
      t_100: 1250.50 2000.00 1250.00 4500.50
      t_101: 1250.00 2000.50 1250.00 4500.50
      t_102: 1250.00 2000.00 1250.00 4500.00
      t_103: 1250.50 2000.00 1250.50 4501.00
      t_104: 1250.00 2000.50 1247.50 4498.00
      t_105: 1250.00 2000.00 1250.50 4500.50
      t_106: 1250.50 2000.00 1250.00 4500.50
      t_107: 1250.00 2000.00 1250.00 4500.00
      t_108: 1250.00 2000.50 1250.50 4501.00
      t_109: 1250.00 2000.00 1250.00 4500.00
      t_110: 1250.50 2000.00 1250.00 4500.50
      t_111: 1250.00 2000.50 1250.00 4500.50
      t_112: 1250.00 2000.00 1250.50 4500.50
      t_113:  484.50 2000.00 1250.00 3734.50
      t_114:    0.00 2000.50 1250.00 3250.50
      t_115:    0.00 2000.00 1250.50 3250.50
      t_116:    0.00 2000.00 1250.00 3250.00
      t_117:    0.00 2000.50 1250.00 3250.50
      t_118:    0.00 2000.00 1250.50 3250.50
      t_119: 1016.00 2000.00 1250.00 4266.00
      t_120: 1250.00 2000.00 1250.50 4500.50
      t_121: 1250.00 2000.50 1250.00 4500.50
      t_122: 1250.50 2000.00 1250.00 4500.50
      t_123: 1250.00 2000.00 1250.00 4500.00
      t_124: 1250.00 2000.00 1250.50 4500.50
      t_125: 1250.50 2000.50 1250.00 4501.00
      t_126: 1250.00 2000.00 1250.00 4500.00
      t_127: 1250.50 2000.00 1250.50 4501.00
      t_128: 1250.00 2000.50 1250.00 4500.50
      t_129: 1250.00 2000.00 1250.00 4500.00
      t_130: 1250.50 2000.00 1250.50 4501.00
      t_131: 1250.00 2000.00 1250.00 4500.00
      t_132: 1250.00 2000.50 1250.00 4500.50
      t_133: 1250.00 2000.00 1250.50 4500.50
      t_134: 1250.50 2000.00 1250.00 4500.50
      t_135: 1250.00 2000.50 1250.00 4500.50
      t_136: 1250.00 2000.00 1250.50 4500.50
      t_137: 1250.50 2000.00 1250.00 4500.50
      t_138: 1250.00 2000.50 1250.00 4500.50
      t_139: 1250.00 2000.00 1250.50 4500.50
      t_140: 1250.50 2000.00 1250.00 4500.50
      t_141: 1250.00 2000.50 1250.00 4500.50
      t_142: 1250.00 2000.00 1250.50 4500.50
      t_143:  230.50 2000.00 1250.00 3480.50
      t_144:    0.00 2000.00 1250.00 3250.00
      t_145:    0.00 2000.50 1250.50 3251.00
      t_146:    0.00 2000.00 1250.00 3250.00
      t_147:    0.00 2000.00 1250.00 3250.00
      t_148:   20.00 2000.00 1250.50 3270.50
      t_149: 1250.00 2000.50 1250.00 4500.50
      t_150: 1250.00 2000.00 1250.00 4500.00
      t_151: 1250.00 2000.00 1250.50 4500.50
      t_152: 1250.50 2000.00 1250.00 4500.50
      t_153: 1250.00 2000.50 1250.00 4500.50
      t_154: 1250.00 2000.00 1250.50 4500.50
      t_155: 1250.50 2000.00 1250.00 4500.50
      t_156: 1250.00 2000.50 1250.00 4500.50
      t_157: 1250.00 2000.00 1250.50 4500.50
      t_158: 1250.50 2000.00 1250.00 4500.50
      t_159: 1250.00 2000.50 1250.00 4500.50
      t_160: 1250.00 2000.00 1250.50 4500.50
      t_161: 1250.00 2000.00 1250.00 4500.00
      t_162: 1250.50 2000.50 1250.00 4501.00
      t_163: 1250.00 2000.00 1250.00 4500.00
      t_164: 1250.50 2000.00 1250.50 4501.00
      t_165: 1250.00 2000.00 1250.00 4500.00
      t_166: 1250.00 2000.00 1250.50 4500.50
      t_167: 1250.50 2000.50 1250.00 4501.00
      t_168: 1250.00 2000.00 1250.00 4500.00
      t_169: 1250.00 2000.00 1250.50 4500.50
      t_170: 1250.50 2000.50 1250.00 4501.00
      t_171: 1250.00 2000.00 1250.00 4500.00
      t_172: 1226.50 2000.00 1250.50 4477.00
      t_173:    0.00 2000.50 1250.00 3250.50
      t_174:    0.00 2000.00 1250.00 3250.00
      t_175:    0.00 2000.00 1250.50 3250.50
      t_176:    0.00 2000.50 1250.00 3250.50
      t_177:    0.00 2000.00 1250.00 3250.00
      t_178:  273.50 2000.00 1250.50 3524.00
      t_179: 1250.50 2000.00 1250.00 4500.50
      t_180: 1250.00 2000.50 1250.00 4500.50
      t_181: 1250.00 2000.00 1250.50 4500.50
      t_182: 1250.00 2000.00 1250.00 4500.00
      t_183: 1250.50 2000.50 1250.00 4501.00
      t_184: 1250.00 2000.00 1250.50 4500.50
      t_185: 1250.00 2000.00 1250.00 4500.00
      t_186: 1250.50 2000.50 1250.00 4501.00
      t_187: 1250.00 2000.00 1250.00 4500.00
      t_188: 1250.00 2000.00 1250.50 4500.50
      t_189: 1250.50 2000.00 1250.00 4500.50
      t_190: 1250.00 2000.50 1250.00 4500.50
      t_191: 1250.00 2000.00 1250.50 4500.50
      t_192: 1250.50 2000.00 1250.00 4500.50
      t_193: 1250.00 2000.00 1250.50 4500.50
      t_194: 1250.00 2000.50 1250.00 4500.50
      t_195: 1250.50 2000.00 1250.00 4500.50
      t_196: 1250.00 2000.00 1250.50 4500.50
      t_197: 1250.00 2000.50 1250.00 4500.50
      t_198: 1250.50 2000.00 1250.00 4500.50
      t_199: 1250.00 2000.00 1250.50 4500.50
      t_200: 1250.50 2000.00 1250.00 4500.50
      t_201: 1250.00 2000.50 1250.00 4500.50
      t_202:  972.50 2000.00 1250.50 4223.00
      t_203:    0.00 2000.50 1250.00 3250.50
      t_204:    0.00 2000.00 1250.00 3250.00
      t_205:    0.00 2000.00 1250.50 3250.50
      t_206:    0.00 2000.00 1250.00 3250.00
      t_207:    0.00 2000.50 1250.00 3250.50
      t_208:  527.50 2000.00 1250.50 3778.00
      t_209: 1250.50 2000.00 1245.00 4495.50
      t_210: 1250.00 2000.50 1250.00 4500.50
      t_211: 1250.00 2000.00 1250.50 4500.50
      t_212: 1250.50 2000.00 1250.00 4500.50
      t_213: 1250.00 2000.00 1250.00 4500.00
      t_214: 1250.00 2000.50 1250.50 4501.00
      t_215: 1250.50 2000.00 1250.00 4500.50
      t_216: 1250.00 2000.00 1250.00 4500.00
      t_217: 1250.00 2000.50 1250.50 4501.00
      t_218: 1250.50 1999.50 1250.00 4500.00
      t_219: 1250.00 2000.50 1250.00 4500.50
      t_220: 1250.00 2000.00 1250.50 4500.50
      t_221: 1250.50 2000.00 1250.00 4500.50
      t_222: 1250.00 2000.50 1250.00 4500.50
      t_223: 1250.00 2000.00 1250.50 4500.50
      t_224: 1250.50 2000.00 1250.00 4500.50
      t_225: 1250.00 2000.50 1250.00 4500.50
      t_226: 1250.00 2000.00 1250.50 4500.50
      t_227: 1250.50 2000.00 1250.00 4500.50
      t_228: 1250.00 2000.50 1250.00 4500.50
      t_229: 1250.00 2000.00 1250.50 4500.50
      t_230: 1250.50 2000.00 1250.00 4500.50
      t_231: 1250.00 2000.50 1250.00 4500.50
      t_232:  718.50 2000.00 1250.50 3969.00
      t_233:    0.00 2000.00 1250.00 3250.00
      t_234:    0.00 2000.50 1250.00 3250.50
      t_235:    0.00 2000.00 1250.50 3250.50
      t_236:    0.00 2000.00 1250.00 3250.00
      t_237:    0.00 2000.00 1250.00 3250.00
      t_238:  782.00 2000.00 1250.50 4032.50
      t_239: 1250.00 2000.50 1218.50 4469.00
      t_240: 1250.00 2000.00    0.00 3250.00
      t_241: 1250.50 2000.00    0.00 3250.50
      t_242: 1250.00 2000.50    0.00 3250.50
      t_243: 1250.00 2000.00    0.00 3250.00
      t_244: 1250.50 2000.00    0.00 3250.50
      t_245: 1250.00 2000.50    0.00 3250.50
      t_246: 1250.00 2000.00    0.00 3250.00
      t_247: 1250.50 2000.00    0.00 3250.50
      t_248: 1250.00 2000.50    0.00 3250.50
      t_249: 1250.00 1963.50    0.00 3213.50
      t_250: 1250.50    0.00    0.00 1250.50
      t_251: 1250.00    0.00    0.00 1250.00
      t_252: 1250.00    0.00    0.00 1250.00
      t_253: 1250.50    0.00    0.00 1250.50
      t_254: 1250.00    0.00    0.00 1250.00
      t_255: 1250.00    0.00    0.00 1250.00
      t_256: 1250.50    0.00    0.00 1250.50
      t_257: 1250.00    0.00    0.00 1250.00
      t_258: 1250.00    0.00    0.00 1250.00
      t_259: 1250.50    0.00    0.00 1250.50
      t_260: 1250.00    0.00    0.00 1250.00
      t_261: 1250.00    0.00    0.00 1250.00
      t_262:  464.50    0.00    0.00  464.50
      t_263:    0.00    0.00    0.00    0.00
      t_264:    0.00    0.00    0.00    0.00
      t_265:    0.00    0.00    0.00    0.00
      t_266:    0.00    0.00    0.00    0.00
      t_267:    0.00    0.00    0.00    0.00
      t_268: 1036.00    0.00    0.00 1036.00
      t_269: 1250.00    0.00    0.00 1250.00
      t_270: 1250.50    0.00    0.00 1250.50
      t_271: 1250.00    0.00    0.00 1250.00
      t_272: 1250.00    0.00    0.00 1250.00
      t_273: 1250.50    0.00    0.00 1250.50
      t_274: 1250.00    0.00    0.00 1250.00
      t_275: 1250.00    0.00    0.00 1250.00
      t_276: 1250.50    0.00    0.00 1250.50
      t_277: 1250.00    0.00    0.00 1250.00
      t_278: 1250.00    0.00    0.00 1250.00
      t_279: 1250.50    0.00    0.00 1250.50
      t_280: 1250.00    0.00    0.00 1250.00
      t_281: 1250.00    0.00    0.00 1250.00
      t_282: 1250.00    0.00    0.00 1250.00
      t_283: 1250.50    0.00    0.00 1250.50
      t_284: 1250.00    0.00    0.00 1250.00
      t_285: 1250.50    0.00    0.00 1250.50
      t_286: 1250.00    0.00    0.00 1250.00
      t_287: 1250.00    0.00    0.00 1250.00
      t_288: 1250.50    0.00    0.00 1250.50
      t_289: 1250.00    0.00    0.00 1250.00
      t_290: 1250.00    0.00    0.00 1250.00
      t_291: 1250.00    0.00    0.00 1250.00
      t_292:  210.00    0.00    0.00  210.00
      t_293:    0.00    0.00    0.00    0.00
    res_ops:  600000 1000000  600000 2200000
   prop_ops:       0       0       0       0
total time to track responses: 3315155743 nanoseconds;
    count: 2200000;
    average: 1506.89 nanoseconds per request/response
total time to get request parameters: 3158833656 nanoseconds;
    count: 2200000;
    average: 1435.83 nanoseconds per request/response

client timing for QOS algorithm: 2942.72 nanoseconds per request/response
client 0's 95th latency: 3598, 52127, 54394
client 0's 99th latency: 3683, 110133, 112427
client 0's max latency: 61568, 740058, 743581
client 0's average latency: 1796, 1565, 3362

client 1's 95th latency: 1573, 75417, 76554
client 1's 99th latency: 3288, 122592, 123664
client 1's max latency: 78243, 688091, 689662
client 1's average latency: 1107, 1218, 18446744071740

client 2's 95th latency: 3522, 36114, 38181
client 2's 99th latency: 3625, 75842, 77538
client 2's max latency: 164685, 783310, 784644
client 2's average latency: 1883, 30744573454106, 30744573455990


==== Server Data ====
     server:       0   total
    res_ops: 2200000 2200000
   prop_ops:       0       0

 k-way heap: 2

total time to add requests: 47248434413 nanoseconds;
    count: 2200000;
    average: 21476.56 nanoseconds per request/response
total time to note requests complete: 23544522737 nanoseconds;
    count: 2200000;
    average: 10702.06 nanoseconds per request/response

server timing for QOS algorithm: 32178.62 nanoseconds per request/response

Process finished with exit code 0
