/tmp/tmp.NNqRKEiWiP/cmake-build-debug-remote-host/sim/dmc_sim -c /tmp/tmp.NNqRKEiWiP/sim/131_test/dmc_sim_reserve.conf
[global]
server_groups = 1
client_groups = 1
server_random_selection = 1
server_soft_limit = 0
anticipation_timeout = 0.000

[client.0]
client_count = 1
client_wait = 0
client_total_ops = 1000000
client_server_select_range = 10
client_iops_goal = 5000
client_outstanding_ops = 100
client_reservation = 0.0
client_limit = 0.0
client_weight = 1.0

[server.0]
server_count = 1
server_iops = 8000
server_threads = 1

simulation started
simulation completed in 248677 millisecs
==== Client Data ====
     client:       0  total
        t_0: 4003.00 4003.00
        t_1: 4032.50 4032.50
        t_2: 4054.50 4054.50
        t_3: 4051.00 4051.00
        t_4: 4036.00 4036.00
        t_5: 4017.00 4017.00
        t_6: 4051.00 4051.00
        t_7: 4057.00 4057.00
        t_8: 4062.00 4062.00
        t_9: 4060.50 4060.50
       t_10: 4064.00 4064.00
       t_11: 4064.50 4064.50
       t_12: 4016.50 4016.50
       t_13: 4051.50 4051.50
       t_14: 4058.00 4058.00
       t_15: 4039.50 4039.50
       t_16: 4053.50 4053.50
       t_17: 4053.00 4053.00
       t_18: 4062.50 4062.50
       t_19: 4067.50 4067.50
       t_20: 4052.00 4052.00
       t_21: 4068.50 4068.50
       t_22: 4031.50 4031.50
       t_23: 4051.00 4051.00
       t_24: 4034.50 4034.50
       t_25: 4052.50 4052.50
       t_26: 4060.00 4060.00
       t_27: 4022.00 4022.00
       t_28: 4050.50 4050.50
       t_29: 4050.00 4050.00
       t_30: 4017.50 4017.50
       t_31: 4043.50 4043.50
       t_32: 3997.50 3997.50
       t_33: 4061.50 4061.50
       t_34: 4044.00 4044.00
       t_35: 4066.50 4066.50
       t_36: 4063.00 4063.00
       t_37: 4055.50 4055.50
       t_38: 4037.50 4037.50
       t_39: 4004.50 4004.50
       t_40: 4004.50 4004.50
       t_41: 4049.50 4049.50
       t_42: 4047.50 4047.50
       t_43: 4003.00 4003.00
       t_44: 3963.00 3963.00
       t_45: 3982.00 3982.00
       t_46: 3982.00 3982.00
       t_47: 3996.50 3996.50
       t_48: 4052.00 4052.00
       t_49: 4035.00 4035.00
       t_50: 4045.50 4045.50
       t_51: 4050.50 4050.50
       t_52: 4037.00 4037.00
       t_53: 4037.50 4037.50
       t_54: 4032.00 4032.00
       t_55: 4009.00 4009.00
       t_56: 4018.50 4018.50
       t_57: 4057.50 4057.50
       t_58: 4008.50 4008.50
       t_59: 4048.50 4048.50
       t_60: 4049.00 4049.00
       t_61: 4030.50 4030.50
       t_62: 4022.50 4022.50
       t_63: 4059.00 4059.00
       t_64: 3995.50 3995.50
       t_65: 4026.50 4026.50
       t_66: 4050.50 4050.50
       t_67: 4041.00 4041.00
       t_68: 4035.00 4035.00
       t_69: 4031.50 4031.50
       t_70: 4011.50 4011.50
       t_71: 4054.00 4054.00
       t_72: 4014.00 4014.00
       t_73: 4028.50 4028.50
       t_74: 4042.50 4042.50
       t_75: 4052.00 4052.00
       t_76: 4057.50 4057.50
       t_77: 4054.50 4054.50
       t_78: 4032.50 4032.50
       t_79: 4051.00 4051.00
       t_80: 4040.00 4040.00
       t_81: 4062.50 4062.50
       t_82: 4018.50 4018.50
       t_83: 4045.50 4045.50
       t_84: 4052.50 4052.50
       t_85: 4027.00 4027.00
       t_86: 4059.50 4059.50
       t_87: 4020.50 4020.50
       t_88: 4062.50 4062.50
       t_89: 4043.00 4043.00
       t_90: 4008.50 4008.50
       t_91: 4012.00 4012.00
       t_92: 4017.00 4017.00
       t_93: 4062.00 4062.00
       t_94: 4049.00 4049.00
       t_95: 4057.50 4057.50
       t_96: 4016.00 4016.00
       t_97: 4022.00 4022.00
       t_98: 4043.00 4043.00
       t_99: 4052.50 4052.50
      t_100: 4046.50 4046.50
      t_101: 4011.50 4011.50
      t_102: 4030.50 4030.50
      t_103: 4060.50 4060.50
      t_104: 4052.00 4052.00
      t_105: 4016.00 4016.00
      t_106: 4014.50 4014.50
      t_107: 4015.50 4015.50
      t_108: 4043.00 4043.00
      t_109: 4060.00 4060.00
      t_110: 4057.00 4057.00
      t_111: 4063.50 4063.50
      t_112: 4053.50 4053.50
      t_113: 4037.00 4037.00
      t_114: 4039.50 4039.50
      t_115: 4029.50 4029.50
      t_116: 4017.50 4017.50
      t_117: 4031.00 4031.00
      t_118: 4043.50 4043.50
      t_119: 4007.00 4007.00
      t_120: 4003.50 4003.50
      t_121: 4032.50 4032.50
      t_122: 4043.50 4043.50
      t_123: 3403.50 3403.50
      t_124:    0.00    0.00
    res_ops:       0       0
   prop_ops: 1000000 1000000
total time to track responses: 1057562982 nanoseconds;
    count: 1000000;
    average: 1057.56 nanoseconds per request/response
total time to get request parameters: 1319893494 nanoseconds;
    count: 1000000;
    average: 1319.89 nanoseconds per request/response

client timing for QOS algorithm: 2377.46 nanoseconds per request/response
client 0's 95th latency: 1571, 21039, 22285
client 0's 99th latency: 1687, 35709, 36786
client 0's max latency: 45737, 431607, 433160
client 0's average latency: 1057, 1896, 18446744072368


==== Server Data ====
     server:       0   total
    res_ops:       0       0
   prop_ops: 1000000 1000000

 k-way heap: 2

total time to add requests: 16771714861 nanoseconds;
    count: 1000000;
    average: 16771.71 nanoseconds per request/response
total time to note requests complete: 1986097391 nanoseconds;
    count: 1000000;
    average: 1986.10 nanoseconds per request/response

server timing for QOS algorithm: 18757.81 nanoseconds per request/response

Process finished with exit code 0
