        t_0: 1802.00 2000.00 1250.00 5052.00
        t_1: 1807.50 2000.50 1250.00 5058.00
        t_2: 1817.50 2000.00 1250.00 5067.50
        t_3: 1806.00 2000.00 1250.50 5056.50
        t_4: 1807.50 2000.00 1250.00 5057.50
        t_5: 1815.00 2000.50 1250.50 5066.00
        t_6: 1794.00 2000.00 1250.00 5044.00
        t_7: 1790.00 2000.50 1249.50 5040.00
        t_8: 1813.50 2000.00 1250.50 5064.00
        t_9: 1811.00 2000.00 1250.50 5061.50
       t_10: 1814.00 2000.00 1250.00 5064.00
       t_11: 1828.50 2000.00 1250.00 5078.50
       t_12: 1810.50 2000.50 1250.50 5061.50
       t_13: 1824.50 2000.00 1250.00 5074.50
       t_14: 1806.50 2000.00 1250.00 5056.50
       t_15: 1812.50 2000.50 1250.00 5063.00
       t_16: 1039.50 2256.00 1250.50 4546.00
       t_17:    0.00 2499.50 1250.50 3750.00
       t_18:    0.00 2499.50 1250.00 3749.50
       t_19:    0.00 2500.00 1250.00 3750.00
       t_20:    0.00 2499.50 1250.50 3750.00
       t_21:    0.00 2499.50 1250.00 3749.50
       t_22:  731.00 2499.00 1250.00 4480.00
       t_23: 1306.00 2499.50 1250.00 5055.50
       t_24: 1315.00 2499.50 1250.00 5064.50
       t_25: 1317.00 2499.50 1250.50 5067.00
       t_26: 1320.50 2499.50 1250.00 5070.00
       t_27: 1310.00 2499.50 1250.00 5059.50
       t_28: 1311.00 2499.50 1250.50 5061.00
       t_29: 1311.00 2500.00 1250.00 5061.00
       t_30: 1303.50 2499.50 1250.00 5053.00
       t_31: 1806.50 2004.00 1250.50 5061.00
       t_32: 1825.50 2000.00 1250.00 5075.50
       t_33: 1810.50 1999.50 1250.00 5060.00
       t_34: 1791.00 2000.50 1250.50 5042.00
       t_35: 1826.50 2000.50 1250.00 5077.00
       t_36: 1828.50 2000.00 1250.00 5078.50
       t_37: 1823.00 2000.00 1250.50 5073.50
       t_38: 1815.50 2000.00 1250.00 5065.50
       t_39: 1821.00 2000.00 1250.00 5071.00
       t_40: 1801.00 2000.50 1250.50 5052.00
       t_41:  626.00 2375.00 1250.50 4251.50
       t_42:    0.00 2499.50 1250.00 3749.50
       t_43:    0.00 2500.00 1250.00 3750.00
       t_44:    0.00 2499.50 1250.00 3749.50
       t_45:    0.00 2499.50 1250.50 3750.00
       t_46:    0.00 2499.50 1250.00 3749.50
       t_47: 1010.50 2499.00 1250.00 4759.50
       t_48: 1278.50 2499.50 1250.00 5028.00
       t_49: 1293.50 2499.50 1250.50 5043.50
       t_50: 1290.50 2499.50 1250.00 5040.00
       t_51: 1275.00 2500.00 1249.50 5024.50
       t_52: 1309.50 2499.50 1250.50 5059.50
       t_53: 1289.50 2500.00 1250.50 5040.00
       t_54: 1303.00 2498.50 1250.00 5051.50
       t_55: 1305.00 2500.50 1250.00 5055.50
       t_56: 1304.50 2499.50 1250.00 5054.00
       t_57: 1320.00 2499.50 1250.50 5070.00
       t_58: 1321.50 2499.50 1250.00 5071.00
       t_59: 1754.50 2062.00 1249.50 5066.00
       t_60: 1804.50 2000.00 1250.50 5055.00
       t_61: 1814.00 2000.00 1250.50 5064.50
       t_62: 1804.50 2000.00 1250.00 5054.50
       t_63: 1809.00 2000.00 1250.00 5059.00
       t_64: 1793.00 2000.50 1250.00 5043.50
       t_65: 1796.00 2000.50 1250.50 5047.00
       t_66: 1814.50 1999.50 1250.00 5064.00
       t_67:  309.00 2462.00 1250.50 4021.50
       t_68:    0.00 2499.50 1250.00 3749.50
       t_69:    0.00 2499.50 1250.50 3750.00
       t_70:    0.00 2499.50 1250.00 3749.50
       t_71:    0.00 2500.00 1250.00 3750.00
       t_72:    0.00 2499.00 1250.50 3749.50
       t_73: 1237.00 2499.50 1249.50 4986.00
       t_74: 1299.00 2499.50 1250.00 5048.50
       t_75: 1289.00 2499.00 1250.50 5038.50
       t_76: 1292.50 2500.50 1250.00 5043.00
       t_77: 1295.00 2499.00 1250.50 5044.50
       t_78: 1323.00 2499.50 1250.00 5072.50
       t_79: 1292.00 2499.50 1250.00 5041.50
       t_80: 1298.00 2499.50 1250.50 5048.00
       t_81: 1279.00 2500.00 1250.00 5029.00
       t_82: 1277.00 2499.50 1250.00 5026.50
       t_83: 1295.00 2499.00 1250.50 5044.50
       t_84: 1285.00 2500.00 1250.00 5035.00
       t_85: 1287.50 2499.50 1250.50 5037.50
       t_86: 1649.00 2139.50 1250.00 5038.50
       t_87: 1810.50 1999.50 1250.00 5060.00
       t_88: 1810.00 2000.50 1250.00 5060.50
       t_89: 1791.50 2000.00 1250.50 5042.00
       t_90: 1802.00 2000.00 1250.00 5052.00
       t_91: 1804.50 2000.50 1250.00 5055.00
       t_92: 1804.50 2000.00 1250.50 5055.00
       t_93:  779.00 2332.00 1250.50 4361.50
       t_94:    0.00 2499.50 1250.00 3749.50
       t_95:    0.00 2500.00 1250.00 3750.00
       t_96:    0.00 2499.50 1250.00 3749.50
       t_97:    0.00 2499.50 1250.50 3750.00
       t_98:    0.00 2499.50 1250.00 3749.50
       t_99:  933.50 2499.00 1250.00 4682.50
      t_100: 1300.50 2499.50 1250.00 5050.00
      t_101: 1306.00 2499.50 1250.50 5056.00
      t_102: 1317.00 2499.50 1250.00 5066.50
      t_103: 1313.50 2500.00 1250.00 5063.50
      t_104: 1291.50 2499.50 1246.50 5037.50
      t_105: 1312.50 2499.50 1250.50 5062.50
      t_106: 1324.50 2499.00 1250.00 5073.50
      t_107: 1324.50 2500.00 1250.50 5075.00
      t_108: 1308.00 2499.50 1250.00 5057.50
      t_109: 1310.00 2499.50 1250.00 5059.50
      t_110: 1321.50 2499.50 1250.50 5071.50
      t_111: 1316.00 2500.00 1250.00 5066.00
      t_112: 1319.50 2500.00 1249.50 5069.00
      t_113: 1615.50 2175.50 1250.50 5041.50
      t_114: 1801.50 2000.00 1250.50 5052.00
      t_115: 1792.00 2000.50 1249.50 5042.00
      t_116: 1799.50 2000.00 1250.50 5050.00
      t_117: 1797.50 2000.00 1250.50 5048.00
      t_118: 1806.50 2000.50 1250.00 5057.00
      t_119: 1389.00 2164.50 1250.00 4803.50
      t_120:    0.00 2499.50 1250.00 3749.50
      t_121:    0.00 2499.50 1250.50 3750.00
      t_122:    0.00 2500.00 1250.00 3750.00
      t_123:    0.00 2499.50 1250.00 3749.50
      t_124:    0.00 2499.50 1250.50 3750.00
      t_125:  486.50 2499.50 1249.50 4235.50
      t_126: 1304.00 2499.00 1250.00 5053.00
      t_127: 1317.50 2499.50 1250.50 5067.50
      t_128: 1319.50 2500.00 1250.00 5069.50
      t_129: 1320.50 2499.50 1250.50 5070.50
      t_130: 1324.00 2499.00 1250.00 5073.00
      t_131: 1315.00 2499.50 1250.50 5065.00
      t_132: 1304.00 2500.00 1250.00 5054.00
      t_133: 1319.50 2499.50 1250.00 5069.00
      t_134: 1315.00 2499.50 1250.00 5064.50
      t_135: 1315.50 2499.50 1250.50 5065.50
      t_136: 1319.50 2499.50 1250.00 5069.00
      t_137: 1288.50 2500.00 1250.00 5038.50
      t_138: 1287.50 2499.00 1250.50 5037.00
      t_139: 1377.00 2428.50 1249.50 5055.00
      t_140: 1821.00 2000.00 1250.50 5071.50
      t_141: 1819.00 2000.00 1250.50 5069.50
      t_142: 1826.00 2000.00 1250.00 5076.00
      t_143: 1804.50 2000.50 1250.00 5055.00
      t_144: 1805.00 2000.00 1250.50 5055.50
      t_145: 1804.00 2000.50 1250.00 5054.50
      t_146:  207.00 2490.00 1250.50 3947.50
      t_147:    0.00 2500.00 1250.00 3750.00
      t_148:    0.00 2499.00 1250.00 3749.00
      t_149:    0.00 2499.50 1250.50 3750.00
      t_150:    0.00 2500.00 1250.00 3750.00
      t_151:   33.50 2499.00 1250.00 3782.50
      t_152: 1301.50 2499.00 1250.00 5050.50
      t_153: 1316.00 2500.00 1250.00 5066.00
      t_154: 1305.50 2499.50 1250.50 5055.50
      t_155: 1307.50 2499.50 1250.00 5057.00
      t_156: 1312.50 2499.00 1250.50 5062.00
      t_157: 1307.00 2500.50 1250.00 5057.50
      t_158: 1317.50 2499.50 1250.00 5067.00
      t_159: 1320.50 2499.00 1250.50 5070.00
      t_160: 1302.50 2500.00 1250.00 5052.50
      t_161: 1308.00 2499.50 1250.00 5057.50
      t_162: 1326.50 2499.50 1250.00 5076.00
      t_163: 1301.00 2500.00 1250.00 5051.00
      t_164: 1319.50 2499.00 1250.50 5069.00
      t_165: 1315.50 2499.50 1250.50 5065.50
      t_166: 1656.50 2164.50 1250.00 5071.00
      t_167: 1820.00 2000.00 1250.00 5070.00
      t_168: 1826.50 2000.00 1250.00 5076.50
      t_169: 1826.50 2000.00 1250.50 5077.00
      t_170: 1825.50 2000.50 1250.00 5076.00
      t_171: 1780.00 1999.50 1250.00 5029.50
      t_172:  870.50 2308.00 1251.00 4429.50
      t_173:    0.00 2499.50 1250.00 3749.50
      t_174:    0.00 2500.00 1250.00 3750.00
      t_175:    0.00 2499.50 1250.00 3749.50
      t_176:    0.00 2499.50 1250.00 3749.50
      t_177:    0.00 2499.50 1250.50 3750.00
      t_178:  877.00 2498.50 1250.00 4625.50
      t_179: 1296.00 2499.50 1250.00 5045.50
      t_180: 1279.50 2499.50 1250.50 5029.50
      t_181: 1279.50 2500.50 1250.00 5030.00
      t_182: 1276.50 2499.00 1250.00 5025.50
      t_183: 1289.50 2499.50 1250.00 5039.00
      t_184: 1282.00 2499.50 1250.50 5032.00
      t_185: 1290.00 2500.00 1250.00 5040.00
      t_186: 1302.00 2499.50 1250.50 5052.00
      t_187: 1276.50 2500.00 1249.50 5026.00
      t_188: 1296.00 2499.00 1250.50 5045.50
      t_189: 1308.00 2499.50 1250.00 5057.50
      t_190: 1300.00 2500.00 1250.50 5050.50
      t_191: 1324.50 2499.50 1250.00 5074.00
      t_192: 1552.50 2271.50 1250.50 5074.50
      t_193: 1810.50 2000.00 1250.00 5060.50
      t_194: 1821.50 2000.50 1250.00 5072.00
      t_195: 1800.00 2000.00 1250.50 5050.50
      t_196: 1787.00 2000.00 1250.00 5037.00
      t_197: 1749.00 2000.00 1250.00 4999.00
      t_198: 1740.50 2000.00 1250.00 4990.50
      t_199:   62.00 2531.00 1250.50 3843.50
      t_200:    0.00 2499.50 1250.50 3750.00
      t_201:    0.00 2499.50 1250.00 3749.50
      t_202:    0.00 2500.00 1250.00 3750.00
      t_203:    0.00 2499.50 1250.00 3749.50
      t_204:  146.50 2499.00 1250.00 3895.50
      t_205: 1320.00 2499.50 1250.50 5070.00
      t_206: 1301.00 2499.00 1250.00 5050.00
      t_207: 1329.50 2499.50 1250.50 5079.50
      t_208: 1329.00 2500.50 1249.50 5079.00
      t_209: 1299.00 2497.50 1245.00 5041.50
      t_210: 1255.00 2501.00 1250.00 5006.00
      t_211: 1318.50 2500.00 1250.50 5069.00
      t_212: 1307.00 2499.50 1250.00 5056.50
      t_213: 2911.00  892.00 1250.50 5053.50
      t_214: 3779.00    0.00 1250.00 5029.00
      t_215: 3810.50    0.00 1250.00 5060.50
      t_216: 3783.50    0.00 1250.50 5034.00
      t_217: 3761.50    0.00 1250.00 5011.50
      t_218: 1349.00    0.00 1250.50 2599.50
      t_219:    0.00    0.00 1250.00 1250.00
      t_220:    0.00    0.00 1250.00 1250.00
      t_221:    0.00    0.00 1250.50 1250.50
      t_222:    0.00    0.00 1250.00 1250.00
      t_223:    0.00    0.00 1250.00 1250.00
      t_224: 2693.00    0.00 1250.00 3943.00
      t_225: 3836.00    0.00 1250.50 5086.50
      t_226: 3828.00    0.00 1250.00 5078.00
      t_227: 3820.00    0.00 1250.00 5070.00
      t_228: 3850.00    0.00 1250.00 5100.00
      t_229: 3844.00    0.00 1250.50 5094.50
      t_230: 3841.50    0.00 1250.00 5091.50
      t_231: 3822.50    0.00 1250.50 5073.00
      t_232:  464.50    0.00 1250.00 1714.50
      t_233:    0.00    0.00 1250.50 1250.50
      t_234:    0.00    0.00 1250.00 1250.00
      t_235:    0.00    0.00 1250.00 1250.00
      t_236:    0.00    0.00 1250.50 1250.50
      t_237:    0.00    0.00 1250.00 1250.00
      t_238:    0.00    0.00 1250.00 1250.00
      t_239:    0.00    0.00 1221.00 1221.00
      t_240:    0.00    0.00    0.00    0.00