        t_0: 1266.00 2531.50 1266.00 5063.50
        t_1: 1263.00 2527.00 1263.00 5053.00
        t_2: 1263.00 2525.50 1263.50 5052.00
        t_3: 1260.00 2519.50 1259.00 5038.50
        t_4: 1259.00 2517.50 1259.00 5035.50
        t_5: 1258.00 2517.00 1258.00 5033.00
        t_6: 1261.00 2522.00 1261.50 5044.50
        t_7: 1258.00 2514.50 1258.00 5030.50
        t_8: 1262.50 2526.50 1262.50 5051.50
        t_9: 1262.50 2525.50 1262.50 5050.50
       t_10: 1267.50 2534.50 1267.00 5069.00
       t_11: 1266.50 2532.00 1267.00 5065.50
       t_12: 1267.00 2534.50 1267.00 5068.50
       t_13: 1266.50 2532.50 1265.50 5064.50
       t_14: 1265.00 2530.00 1265.00 5060.00
       t_15: 1263.50 2527.50 1264.50 5055.50
       t_16: 1268.50 2537.50 1268.00 5074.00
       t_17: 1266.50 2533.00 1266.50 5066.00
       t_18: 1257.00 2508.50 1257.50 5023.00
       t_19: 1250.50 2484.50 1250.00 4985.00
       t_20: 1250.00 2495.00 1250.50 4995.50
       t_21: 1250.00 2509.00 1250.00 5009.00
       t_22: 1263.00 2544.50 1263.00 5070.50
       t_23:  985.50 2703.00 1352.00 5040.50
       t_24:    0.00 3361.50 1681.00 5042.50
       t_25:    0.00 3381.00 1689.50 5070.50
       t_26:    0.00 3370.50 1686.00 5056.50
       t_27:    0.00 3369.00 1684.50 5053.50
       t_28:    0.00 3360.00 1679.50 5039.50
       t_29:  523.00 3019.00 1510.00 5052.00
       t_30: 1250.00 2520.50 1260.00 5030.50
       t_31: 1250.00 2512.00 1258.00 5020.00
       t_32: 1250.50 2503.00 1250.00 5003.50
       t_33: 1250.00 2535.50 1267.00 5052.50
       t_34: 1250.00 2531.00 1265.50 5046.50
       t_35: 1250.50 2538.00 1268.50 5057.00
       t_36: 1250.00 2539.00 1270.00 5059.00
       t_37: 1250.00 2524.50 1262.00 5036.50
       t_38: 1250.50 2539.00 1269.50 5059.00
       t_39: 1250.00 2540.00 1270.50 5060.50
       t_40: 1250.50 2538.00 1269.00 5057.50
       t_41: 1250.00 2537.00 1268.50 5055.50
       t_42: 1250.00 2542.00 1271.50 5063.50
       t_43: 1250.50 2535.50 1267.50 5053.50
       t_44: 1250.00 2527.50 1263.50 5041.00
       t_45: 1250.00 2542.00 1271.50 5063.50
       t_46: 1250.00 2491.00 1254.00 4995.00
       t_47: 1250.50 2536.00 1259.00 5045.50
       t_48: 1250.00 2533.50 1267.00 5050.50
       t_49: 1250.00 2547.50 1273.00 5070.50
       t_50: 1250.50 2533.00 1266.50 5050.00
       t_51: 1250.00 2551.00 1276.00 5077.00
       t_52: 1250.00 2553.50 1276.00 5079.50
       t_53:  723.50 2872.50 1437.00 5033.00
       t_54:    0.00 3380.50 1690.00 5070.50
       t_55:    0.00 3373.00 1686.50 5059.50
       t_56:    0.00 3373.00 1687.50 5060.50
       t_57:    0.00 3381.50 1690.50 5072.00
       t_58:    0.00 3363.50 1681.00 5044.50
       t_59:  776.50 2838.50 1419.50 5034.50
       t_60: 1250.00 2534.50 1267.50 5052.00
       t_61: 1250.50 2540.00 1269.50 5060.00
       t_62: 1250.00 2529.50 1264.50 5044.00
       t_63: 1250.00 2513.50 1257.00 5020.50
       t_64: 1250.50 2542.00 1271.50 5064.00
       t_65: 1250.00 2545.00 1272.00 5067.00
       t_66: 1250.00 2535.00 1268.50 5053.50
       t_67: 1250.50 2542.50 1270.50 5063.50
       t_68: 1250.00 2541.50 1270.50 5062.00
       t_69: 1250.50 2535.50 1268.50 5054.50
       t_70: 1250.00 2528.00 1264.00 5042.00
       t_71: 1250.00 2543.00 1270.50 5063.50
       t_72: 1250.00 2535.50 1268.50 5054.00
       t_73: 1250.50 2538.50 1269.50 5058.50
       t_74: 1250.00 2522.50 1260.50 5033.00
       t_75: 1250.00 2520.50 1260.00 5030.50
       t_76: 1250.50 2513.00 1257.00 5020.50
       t_77: 1250.00 2517.00 1258.50 5025.50
       t_78: 1250.00 2548.50 1274.50 5073.00
       t_79: 1250.50 2509.00 1255.50 5015.00
       t_80: 1250.00 2517.50 1257.50 5025.00
       t_81: 1250.00 2538.00 1268.50 5056.50
       t_82: 1250.50 2544.00 1272.50 5067.00
       t_83:  469.50 3058.00 1529.00 5056.50
       t_84:    0.00 3368.50 1684.00 5052.50
       t_85:    0.00 3374.00 1687.00 5061.00
       t_86:    0.00 3375.00 1687.50 5062.50
       t_87:    0.00 3376.50 1688.50 5065.00
       t_88:    0.00 3378.00 1689.50 5067.50
       t_89: 1030.50 2699.00 1348.50 5078.00
       t_90: 1250.00 2548.50 1274.50 5073.00
       t_91: 1250.00 2554.00 1277.00 5081.00
       t_92: 1250.50 2555.50 1277.50 5083.50
       t_93: 1250.00 2555.50 1279.00 5084.50
       t_94: 1250.50 2560.00 1279.00 5089.50
       t_95: 1250.00 2563.00 1281.50 5094.50
       t_96: 1250.00 2561.00 1281.00 5092.00
       t_97: 1250.50 2555.50 1277.00 5083.00
       t_98: 1250.00 2506.00 1255.50 5011.50
       t_99: 1250.00 2493.00 1250.00 4993.00
      t_100: 1250.50 2498.00 1250.00 4998.50
      t_101: 1250.00 2537.00 1262.50 5049.50
      t_102: 1250.00 2541.00 1270.50 5061.50
      t_103: 1250.50 2550.00 1274.00 5074.50
      t_104: 1250.00 2549.50 1275.00 5074.50
      t_105: 1250.00 2539.50 1270.00 5059.50
      t_106: 1250.50 2559.00 1279.50 5089.00
      t_107: 1250.00 2562.00 1280.00 5092.00
      t_108: 1250.00 2554.00 1278.00 5082.00
      t_109: 1250.00 2531.50 1266.00 5047.50
      t_110: 1250.50 2502.00 1251.50 5004.00
      t_111: 1250.00 2518.00 1258.00 5026.00
      t_112: 1250.50 2537.50 1269.00 5057.00
      t_113:  215.50 3237.00 1619.00 5071.50
      t_114:    0.00 3394.00 1696.50 5090.50
      t_115:    0.00 3398.00 1699.00 5097.00
      t_116:    0.00 3393.50 1697.00 5090.50
      t_117:    0.00 3393.00 1696.50 5089.50
      t_118:   34.00 3375.50 1687.00 5096.50
      t_119: 1250.50 2573.00 1286.50 5110.00
      t_120: 1250.00 2552.00 1276.50 5078.50
      t_121: 1250.00 2564.00 1281.50 5095.50
      t_122: 1250.50 2559.50 1280.00 5090.00
      t_123: 1250.00 2566.00 1283.50 5099.50
      t_124: 1250.00 2565.50 1282.50 5098.00
      t_125: 1250.00 2560.50 1280.00 5090.50
      t_126: 1250.50 2554.00 1277.00 5081.50
      t_127: 1250.00 2555.00 1278.00 5083.00
      t_128: 1250.50 2543.50 1271.00 5065.00
      t_129: 1250.00 2544.00 1272.50 5066.50
      t_130: 1250.00 2507.50 1255.50 5013.00
      t_131: 1250.50 2517.00 1256.50 5024.00
      t_132: 1250.00 2538.50 1269.50 5058.00
      t_133: 1250.00 2540.50 1270.00 5060.50
      t_134: 1250.50 2541.50 1270.50 5062.50
      t_135: 1250.00 2540.50 1271.00 5061.50
      t_136: 1250.00 2542.00 1270.50 5062.50
      t_137: 1250.50 2541.50 1271.00 5063.00
      t_138: 1250.00 2539.00 1269.50 5058.50
      t_139: 1250.00 2537.00 1268.50 5055.50
      t_140: 1250.50 2540.00 1270.00 5060.50
      t_141: 1250.00 2547.00 1273.50 5070.50
      t_142: 1212.00 2561.00 1280.50 5053.50
      t_143:    0.00 3381.00 1690.50 5071.50
      t_144:    0.00 3377.50 1689.00 5066.50
      t_145:    0.00 3372.50 1686.00 5058.50
      t_146:    0.00 3383.50 1692.00 5075.50
      t_147:    0.00 3390.00 1694.50 5084.50
      t_148:  288.00 3183.00 1591.50 5062.50
      t_149: 1250.00 2543.00 1272.00 5065.00
      t_150: 1250.00 2537.50 1268.50 5056.00
      t_151: 1250.50 2536.00 1268.00 5054.50
      t_152: 1250.00 2538.50 1268.50 5057.00
      t_153: 1250.00 2513.00 1258.00 5021.00
      t_154: 1250.50 2493.50 1250.50 4994.50
      t_155: 1250.00 2495.00 1250.00 4995.00
      t_156: 1250.50 2536.00 1261.50 5048.00
      t_157: 1250.00 2547.50 1273.50 5071.00
      t_158: 1250.00 2542.50 1271.00 5063.50
      t_159: 1250.00 2545.00 1272.50 5067.50
      t_160: 1250.50 2551.50 1275.50 5077.50
      t_161: 1250.00 2547.50 1274.00 5071.50
      t_162: 1250.50 2513.50 1257.00 5021.00
      t_163: 1250.00 2498.00 1250.00 4998.00
      t_164: 1250.00 2530.00 1264.00 5044.00
      t_165: 1250.50 2540.00 1270.00 5060.50
      t_166: 1250.00 2544.00 1272.00 5066.00
      t_167: 1250.00 2540.50 1270.00 5060.50
      t_168: 1250.00 2543.00 1271.50 5064.50
      t_169: 1250.50 2540.50 1270.00 5061.00
      t_170: 1250.00 2545.50 1272.50 5068.00
      t_171: 1250.00 2549.50 1275.50 5075.00
      t_172:  958.50 2734.50 1367.00 5060.00
      t_173:    0.00 3379.00 1689.00 5068.00
      t_174:    0.00 3378.50 1690.00 5068.50
      t_175:    0.00 3367.50 1683.50 5051.00
      t_176:    0.00 3374.50 1687.00 5061.50
      t_177:    0.00 3380.00 1690.50 5070.50
      t_178:  542.00 3021.00 1510.50 5073.50
      t_179: 1250.00 2558.00 1278.50 5086.50
      t_180: 1250.00 2553.50 1276.50 5080.00
      t_181: 1250.50 2553.00 1277.00 5080.50
      t_182: 1250.00 2550.00 1274.50 5074.50
      t_183: 1250.00 2556.00 1278.50 5084.50
      t_184: 1250.50 2550.50 1275.50 5076.50
      t_185: 1250.00 1644.50 2159.00 5053.50
      t_186: 1250.50    0.00 3810.50 5061.00
      t_187: 1250.00    0.00 3830.00 5080.00
      t_188: 1268.00    0.00 3810.50 5078.50
      t_189: 1250.00    0.00 3820.50 5070.50
      t_190: 1250.50    0.00 3824.50 5075.00
      t_191: 1250.00    0.00 3821.00 5071.00
      t_192: 1250.00    0.00 3782.00 5032.00
      t_193: 1250.50    0.00 3805.50 5056.00
      t_194: 1250.00    0.00 3794.00 5044.00
      t_195: 1250.50    0.00 3783.00 5033.50
      t_196: 1250.00    0.00 3790.50 5040.50
      t_197: 1250.00    0.00 3813.00 5063.00
      t_198: 2082.00    0.00 2978.00 5060.00
      t_199: 3605.00    0.00    0.00 3605.00
      t_200:    0.00    0.00    0.00    0.00
      t_201:    0.00    0.00    0.00    0.00
      t_202:    0.00    0.00    0.00    0.00
      t_203:    0.00    0.00    0.00    0.00
      t_204:    0.00    0.00    0.00    0.00
      t_205: 1722.00    0.00    0.00 1722.00
      t_206: 5001.00    0.00    0.00 5001.00
      t_207: 4940.50    0.00    0.00 4940.50
      t_208: 5047.50    0.00    0.00 5047.50
      t_209: 4967.50    0.00    0.00 4967.50
      t_210: 5045.50    0.00    0.00 5045.50
      t_211: 3276.00    0.00    0.00 3276.00
      t_212:    0.00    0.00    0.00    0.00
      t_213:    0.00    0.00    0.00    0.00
      t_214:    0.00    0.00    0.00    0.00
      t_215:    0.00    0.00    0.00    0.00
      t_216:    0.00    0.00    0.00    0.00
      t_217: 1678.50    0.00    0.00 1678.50
      t_218: 4873.00    0.00    0.00 4873.00
      t_219: 4973.50    0.00    0.00 4973.50
      t_220: 5102.00    0.00    0.00 5102.00
      t_221: 5095.00    0.00    0.00 5095.00
      t_222: 4880.50    0.00    0.00 4880.50
      t_223: 3397.50    0.00    0.00 3397.50
      t_224:    0.00    0.00    0.00    0.00
      t_225:    0.00    0.00    0.00    0.00
      t_226:    0.00    0.00    0.00    0.00
      t_227:    0.00    0.00    0.00    0.00
      t_228:    0.00    0.00    0.00    0.00
      t_229: 1672.00    0.00    0.00 1672.00
      t_230: 5085.00    0.00    0.00 5085.00
      t_231: 5070.50    0.00    0.00 5070.50
      t_232: 5080.50    0.00    0.00 5080.50
      t_233: 5048.50    0.00    0.00 5048.50
      t_234: 5019.00    0.00    0.00 5019.00
      t_235: 3024.00    0.00    0.00 3024.00
      t_236:    0.00    0.00    0.00    0.00