        t_0: 1262.50 2524.00 1262.00 5048.50
        t_1: 1260.50 2521.50 1260.50 5042.50
        t_2: 1265.50 2529.50 1265.00 5060.00
        t_3: 1265.50 2531.00 1266.00 5062.50
        t_4: 1262.00 2524.50 1261.50 5048.00
        t_5: 1265.50 2530.50 1265.00 5061.00
        t_6: 1266.50 2534.00 1267.50 5068.00
        t_7: 1267.50 2535.00 1267.50 5070.00
        t_8: 1267.50 2535.00 1267.50 5070.00
        t_9: 1264.50 2529.00 1264.50 5058.00
       t_10: 1267.00 2532.00 1266.50 5065.50
       t_11: 1264.00 2530.00 1264.50 5058.50
       t_12: 1266.00 2532.00 1266.00 5064.00
       t_13: 1261.50 2520.50 1260.50 5042.50
       t_14: 1263.00 2527.50 1263.00 5053.50
       t_15: 1265.50 2532.00 1266.50 5064.00
       t_16: 1267.50 2534.50 1267.50 5069.50
       t_17: 1267.50 2534.50 1267.00 5069.00
       t_18: 1265.00 2530.50 1265.50 5061.00
       t_19: 1261.50 2523.50 1261.50 5046.50
       t_20: 1261.50 2521.50 1261.50 5044.50
       t_21: 1261.50 2524.50 1261.50 5047.50
       t_22: 1250.50 2491.00 1250.00 4991.50
       t_23:  931.00 2710.50 1351.50 4993.00
       t_24:    0.00 3335.00 1667.00 5002.00
       t_25:    0.00 3333.00 1667.00 5000.00
       t_26:    0.00 3366.00 1682.50 5048.50
       t_27:    0.00 3374.50 1687.00 5061.50
       t_28:    0.00 3380.50 1690.50 5071.00
       t_29:  569.00 3007.50 1504.00 5080.50
       t_30: 1250.50 2563.50 1281.00 5095.00
       t_31: 1250.00 2567.00 1284.50 5101.50
       t_32: 1250.00 2576.00 1287.00 5113.00
       t_33: 1250.50 2564.00 1282.00 5096.50
       t_34: 1250.00 2556.50 1278.00 5084.50
       t_35: 1250.00 2569.00 1285.50 5104.50
       t_36: 1250.50 2554.50 1276.50 5081.50
       t_37: 1250.00 2555.50 1278.00 5083.50
       t_38: 1250.00 2568.50 1284.00 5102.50
       t_39: 1250.00 2568.50 1284.50 5103.00
       t_40: 1250.50 2555.00 1277.50 5083.00
       t_41: 1250.00 2545.00 1272.50 5067.50
       t_42: 1250.00 2570.00 1285.00 5105.00
       t_43: 1250.50 2561.00 1280.00 5091.50
       t_44: 1250.00 2563.00 1282.00 5095.00
       t_45: 1250.00 2557.00 1278.00 5085.00
       t_46: 1250.50 2562.00 1281.50 5094.00
       t_47: 1250.00 2571.00 1285.50 5106.50
       t_48: 1250.50 2570.00 1285.00 5105.50
       t_49: 1250.00 2574.50 1287.00 5111.50
       t_50: 1250.00 2555.00 1278.00 5083.00
       t_51: 1250.50 2566.50 1283.00 5100.00
       t_52: 1250.00 2571.00 1285.00 5106.00
       t_53:  677.00 2931.50 1466.50 5075.00
       t_54:    0.00 3392.50 1696.50 5089.00
       t_55:    0.00 3386.50 1693.00 5079.50
       t_56:    0.00 3364.50 1683.00 5047.50
       t_57:    0.00 3377.00 1687.50 5064.50
       t_58:    0.00 3377.00 1689.00 5066.00
       t_59:  823.00 2841.50 1420.50 5085.00
       t_60: 1250.00 2558.00 1278.50 5086.50
       t_61: 1250.50 2553.50 1277.50 5081.50
       t_62: 1250.00 2557.50 1278.50 5086.00
       t_63: 1250.50 2547.00 1273.50 5071.00
       t_64: 1250.00 2569.50 1284.50 5104.00
       t_65: 1250.00 2513.50 1257.00 5020.50
       t_66: 1250.00 2532.00 1265.50 5047.50
       t_67: 1250.50 2560.00 1280.50 5091.00
       t_68: 1250.00 2538.00 1269.00 5057.00
       t_69: 1250.00 2547.50 1273.00 5070.50
       t_70: 1250.50 2561.50 1281.50 5093.50
       t_71: 1250.00 2553.00 1276.50 5079.50
       t_72: 1250.00 2563.50 1281.50 5095.00
       t_73: 1250.50 2564.50 1282.00 5097.00
       t_74: 1250.00 2563.00 1282.00 5095.00
       t_75: 1250.00 2561.00 1280.50 5091.50
       t_76: 1250.50 2562.50 1281.50 5094.50
       t_77: 1250.00 2564.50 1282.50 5097.00
       t_78: 1250.00 2565.00 1281.50 5096.50
       t_79: 1250.50 2563.00 1281.50 5095.00
       t_80: 1250.00 2557.50 1279.00 5086.50
       t_81: 1250.00 2511.00 1256.00 5017.00
       t_82: 1250.50 2514.50 1257.00 5022.00
       t_83:  423.00 3103.00 1551.50 5077.50
       t_84:    0.00 3376.50 1688.50 5065.00
       t_85:    0.00 3380.00 1689.50 5069.50
       t_86:    0.00 3388.50 1695.00 5083.50
       t_87:    0.00 3371.50 1685.50 5057.00
       t_88:    0.00 3333.50 1666.50 5000.00
       t_89: 1077.00 2611.50 1308.00 4996.50
       t_90: 1250.00 2499.50 1250.50 5000.00
       t_91: 1250.00 2534.00 1264.00 5048.00
       t_92: 1250.50 2544.00 1272.00 5066.50
       t_93: 1250.00 2549.50 1274.50 5074.00
       t_94: 1250.00 2552.00 1276.00 5078.00
       t_95: 1250.50 2553.50 1276.50 5080.50
       t_96: 1250.00 2551.00 1276.00 5077.00
       t_97: 1250.00 2562.50 1281.50 5094.00
       t_98: 1250.50 2560.50 1280.00 5091.00
       t_99: 1250.00 2556.50 1278.00 5084.50
      t_100: 1250.00 2565.50 1283.00 5098.50
      t_101: 1250.00 2566.50 1283.50 5100.00
      t_102: 1250.50 2556.00 1277.50 5084.00
      t_103: 1250.00 2559.00 1280.00 5089.00
      t_104: 1250.50 2566.00 1282.50 5099.00
      t_105: 1250.00 2568.50 1284.00 5102.50
      t_106: 1250.00 2569.00 1285.50 5104.50
      t_107: 1250.50 2568.00 1283.50 5102.00
      t_108: 1250.00 2571.50 1285.50 5107.00
      t_109: 1250.00 2564.50 1282.50 5097.00
      t_110: 1250.50 2554.00 1277.00 5081.50
      t_111: 1250.00 2554.50 1277.50 5082.00
      t_112: 1250.00 2556.00 1277.00 5083.00
      t_113:  169.50 3256.00 1629.00 5054.50
      t_114:    0.00 3374.50 1686.50 5061.00
      t_115:    0.00 3376.50 1689.00 5065.50
      t_116:    0.00 3377.50 1689.00 5066.50
      t_117:    0.00 3393.00 1696.00 5089.00
      t_118:   80.50 3304.50 1652.50 5037.50
      t_119: 1250.00 2565.00 1282.00 5097.00
      t_120: 1250.50 2567.00 1283.50 5101.00
      t_121: 1250.00 2568.00 1284.50 5102.50
      t_122: 1250.00 2565.00 1282.00 5097.00
      t_123: 1250.50 2572.00 1286.00 5108.50
      t_124: 1250.00 2562.50 1281.50 5094.00
      t_125: 1250.00 2564.50 1282.00 5096.50
      t_126: 1250.50 2565.00 1282.50 5098.00
      t_127: 1250.00 2550.00 1275.00 5075.00
      t_128: 1250.00 2555.00 1277.50 5082.50
      t_129: 1250.00 2560.50 1280.50 5091.00
      t_130: 1250.50 2555.00 1277.50 5083.00
      t_131: 1250.00 2563.50 1282.00 5095.50
      t_132: 1250.00 2540.00 1270.00 5060.00
      t_133: 1250.50 2496.50 1250.00 4997.00
      t_134: 1250.00 2530.50 1263.50 5044.00
      t_135: 1250.00 2556.50 1277.50 5084.00
      t_136: 1250.00 2565.00 1282.50 5097.50
      t_137: 1250.50 2559.50 1280.50 5090.50
      t_138: 1250.00 2545.50 1272.50 5068.00
      t_139: 1250.50 2558.50 1279.00 5088.00
      t_140: 1250.00 2562.00 1281.00 5093.00
      t_141: 1250.00 2529.50 1265.00 5044.50
      t_142: 1166.00 2569.50 1284.50 5020.00
      t_143:    0.00 3389.00 1695.00 5084.00
      t_144:    0.00 3382.00 1690.50 5072.50
      t_145:    0.00 3374.50 1687.50 5062.00
      t_146:    0.00 3358.00 1679.00 5037.00
      t_147:    0.00 3340.00 1670.00 5010.00
      t_148:  334.00 3165.50 1583.50 5083.00
      t_149: 1250.50 2566.00 1282.50 5099.00
      t_150: 1250.00 2568.00 1283.50 5101.50
      t_151: 1250.00 2562.00 1281.50 5093.50
      t_152: 1250.50 2558.50 1279.50 5088.50
      t_153: 1250.00 2533.50 1266.50 5050.00
      t_154: 1250.00 2539.50 1269.50 5059.00
      t_155: 1250.50 2541.00 1271.00 5062.50
      t_156: 1250.00 2541.50 1270.50 5062.00
      t_157: 1250.00 2539.50 1269.00 5058.50
      t_158: 1250.00 2544.00 1272.50 5066.50
      t_159: 1250.50 2546.50 1273.50 5070.50
      t_160: 1250.00 2538.00 1268.50 5056.50
      t_161: 1250.00 2544.00 1272.00 5066.00
      t_162: 1250.50 2529.50 1265.00 5045.00
      t_163: 1250.00 2544.00 1272.50 5066.50
      t_164: 1250.00 2546.50 1272.50 5069.00
      t_165: 1250.50 2528.50 1265.50 5044.50
      t_166: 1250.00 2500.00 1250.00 5000.00
      t_167: 1250.00 2500.00 1250.00 5000.00
      t_168: 1250.50 2530.00 1264.00 5044.50
      t_169: 1250.00 2549.00 1274.00 5073.00
      t_170: 1250.00 2554.50 1278.00 5082.50
      t_171: 1250.50 2537.00 1268.50 5056.00
      t_172:  912.00 2761.50 1380.50 5054.00
      t_173:    0.00 3367.50 1684.00 5051.50
      t_174:    0.00 3366.50 1683.00 5049.50
      t_175:    0.00 3367.00 1683.50 5050.50
      t_176:    0.00 3370.50 1685.50 5056.00
      t_177:    0.00 3368.50 1684.00 5052.50
      t_178:  588.00 2985.50 1492.50 5066.00
      t_179: 1250.00 2566.00 1283.00 5099.00
      t_180: 1250.00 2564.00 1282.50 5096.50
      t_181: 1250.50 2559.00 1279.00 5088.50
      t_182: 1250.00 2530.50 1265.50 5046.00
      t_183: 1250.00 2518.00 1258.50 5026.50
      t_184: 1257.50 2520.50 1280.50 5058.50
      t_185: 2479.00    0.00 2543.00 5022.00
      t_186: 2489.00    0.00 2540.00 5029.00
      t_187: 2480.50    0.00 2538.50 5019.00
      t_188: 2458.50    0.00 2542.50 5001.00
      t_189: 2499.50    0.00 2530.00 5029.50
      t_190: 2495.00    0.00 2537.00 5032.00
      t_191: 2486.00    0.00 2541.50 5027.50
      t_192: 2486.00    0.00 2536.50 5022.50
      t_193: 2030.50    0.00 2537.00 4567.50
      t_194:    0.00    0.00 2524.00 2524.00
      t_195:    0.00    0.00 2523.50 2523.50
      t_196:    0.00    0.00 2529.50 2529.50
      t_197:    0.00    0.00 2533.00 2533.00
      t_198:    0.00    0.00 2532.50 2532.50
      t_199:  703.50    0.00 2535.50 3239.00
      t_200: 2480.50    0.00 2541.00 5021.50
      t_201: 2488.00    0.00 2545.50 5033.50
      t_202: 2472.50    0.00 2544.50 5017.00
      t_203: 2488.50    0.00 2540.50 5029.00
      t_204: 3268.00    0.00 1784.50 5052.50
      t_205: 5109.00    0.00    0.00 5109.00
      t_206: 5113.00    0.00    0.00 5113.00
      t_207: 5115.00    0.00    0.00 5115.00
      t_208:  762.00    0.00    0.00  762.00
      t_209:    0.00    0.00    0.00    0.00
      t_210:    0.00    0.00    0.00    0.00
      t_211:    0.00    0.00    0.00    0.00
      t_212:    0.00    0.00    0.00    0.00
      t_213:    0.00    0.00    0.00    0.00
      t_214: 4518.00    0.00    0.00 4518.00
      t_215: 4868.50    0.00    0.00 4868.50
      t_216: 4874.00    0.00    0.00 4874.00
      t_217: 4878.50    0.00    0.00 4878.50
      t_218: 5015.00    0.00    0.00 5015.00
      t_219: 4966.50    0.00    0.00 4966.50
      t_220:  879.50    0.00    0.00  879.50
      t_221:    0.00    0.00    0.00    0.00
      t_222:    0.00    0.00    0.00    0.00
      t_223:    0.00    0.00    0.00    0.00
      t_224:    0.00    0.00    0.00    0.00
      t_225:    0.00    0.00    0.00    0.00
      t_226: 4134.00    0.00    0.00 4134.00
      t_227: 4991.00    0.00    0.00 4991.00
      t_228: 4984.50    0.00    0.00 4984.50
      t_229: 5039.50    0.00    0.00 5039.50
      t_230: 5078.50    0.00    0.00 5078.50
      t_231: 5030.50    0.00    0.00 5030.50
      t_232:  741.50    0.00    0.00  741.50
      t_233:    0.00    0.00    0.00    0.00