        t_0: 1261.00 2521.50 1260.50 5043.00
        t_1: 1261.00 2522.00 1261.00 5044.00
        t_2: 1263.50 2527.50 1264.00 5055.00
        t_3: 1259.00 2517.50 1258.50 5035.00
        t_4: 1254.50 2509.00 1255.00 5018.50
        t_5: 1255.50 2511.00 1255.00 5021.50
        t_6: 1264.50 2529.50 1265.00 5059.00
        t_7: 1271.00 2541.50 1270.50 5083.00
        t_8: 1255.50 2511.00 1255.50 5022.00
        t_9: 1245.50 2491.50 1246.00 4983.00
       t_10: 1247.50 2495.00 1247.50 4990.00
       t_11: 1264.50 2528.50 1264.50 5057.50
       t_12: 1265.00 2530.50 1265.00 5060.50
       t_13: 1263.50 2526.50 1263.50 5053.50
       t_14: 1263.50 2527.50 1263.50 5054.50
       t_15: 1260.50 2520.00 1260.00 5040.50
       t_16: 1247.50 2495.50 1247.50 4990.50
       t_17: 1231.50 2463.00 1231.50 4926.00
       t_18: 1261.00 2522.50 1261.50 5045.00
       t_19: 1266.50 2532.50 1266.50 5065.50
       t_20: 1264.00 2528.00 1263.50 5055.50
       t_21: 1262.00 2524.00 1262.50 5048.50
       t_22: 1260.50 2521.50 1260.50 5042.50
       t_23: 1050.00 2663.50 1331.50 5045.00
       t_24:    0.00 3379.00 1689.50 5068.50
       t_25:    0.00 3363.00 1681.50 5044.50
       t_26:    0.00 3380.00 1690.00 5070.00
       t_27:    0.00 3379.50 1690.00 5069.50
       t_28:    0.00 3366.00 1683.00 5049.00
       t_29:    0.00 3345.00 1672.50 5017.50
       t_30:    0.00 3346.50 1673.00 5019.50
       t_31:    0.00 3345.00 1672.50 5017.50
       t_32:    0.00 3370.00 1685.00 5055.00
       t_33:    0.00 3372.50 1686.50 5059.00
       t_34:    0.00 3368.50 1684.50 5053.00
       t_35:    0.00 3394.00 1697.00 5091.00
       t_36:    0.00 3345.00 1672.00 5017.00
       t_37:    0.00 3350.00 1675.00 5025.00
       t_38:    0.00 3389.00 1695.00 5084.00
       t_39:    0.00 3389.50 1694.50 5084.00
       t_40:    0.00 3358.00 1679.00 5037.00
       t_41:    0.00 3333.50 1666.50 5000.00
       t_42:    0.00 3333.00 1667.00 5000.00
       t_43:    0.00 3333.50 1666.50 5000.00
       t_44:    0.00 3331.00 1665.50 4996.50
       t_45:    0.00 3330.50 1665.00 4995.50
       t_46:    0.00 3320.00 1660.00 4980.00
       t_47:    0.50 3302.00 1651.50 4954.00
       t_48:    0.00 3372.00 1685.50 5057.50
       t_49:    0.00 3382.00 1691.50 5073.50
       t_50:    0.00 3379.50 1689.50 5069.00
       t_51:    0.00 3379.50 1689.50 5069.00
       t_52:    0.00 3379.00 1689.50 5068.50
       t_53:    0.00 3383.00 1692.00 5075.00
       t_54:    0.00 3377.50 1688.50 5066.00
       t_55:    0.00 3371.50 1685.50 5057.00
       t_56:    0.00 3371.00 1685.50 5056.50
       t_57:    0.00 3372.50 1686.50 5059.00
       t_58:    0.00 3376.50 1688.00 5064.50
       t_59:    0.00 3383.00 1691.50 5074.50
       t_60:    0.00 3393.00 1696.50 5089.50
       t_61:    0.00 3387.50 1694.00 5081.50
       t_62:    0.00 3380.50 1690.50 5071.00
       t_63:    0.00 3386.00 1692.50 5078.50
       t_64:    0.00 3361.00 1681.00 5042.00
       t_65:    1.00 3370.00 1685.00 5056.00
       t_66:    0.00 3386.00 1693.00 5079.00
       t_67:    0.00 3378.50 1689.00 5067.50
       t_68:    0.00 3375.50 1687.50 5063.00
       t_69:    0.00 3378.00 1689.00 5067.00
       t_70:    0.00 3374.00 1687.50 5061.50
       t_71:    0.00 3373.00 1686.50 5059.50
       t_72:    0.00 3386.00 1692.50 5078.50
       t_73:    0.00 3383.00 1692.00 5075.00
       t_74:    0.00 3383.00 1691.50 5074.50
       t_75:    0.00 3343.50 1671.50 5015.00
       t_76:    0.00 3381.00 1690.50 5071.50
       t_77:    0.00 3367.50 1683.50 5051.00
       t_78:    0.00 3396.00 1698.00 5094.00
       t_79:    0.00 3394.00 1697.50 5091.50
       t_80:    0.00 3385.00 1692.00 5077.00
       t_81:    0.00 3372.50 1686.50 5059.00
       t_82:    0.50 3390.50 1695.50 5086.50
       t_83:    0.00 3369.50 1684.50 5054.00
       t_84:    0.00 3372.50 1686.50 5059.00
       t_85:    0.00 3367.00 1683.50 5050.50
       t_86:    0.00 3357.00 1678.00 5035.00
       t_87:    0.00 3379.00 1689.50 5068.50
       t_88:    0.00 3370.00 1685.50 5055.50
       t_89:    0.00 3337.50 1668.50 5006.00
       t_90:    0.00 3359.50 1679.50 5039.00
       t_91:    0.00 3369.50 1685.00 5054.50
       t_92:    0.00 3366.50 1683.50 5050.00
       t_93:    0.00 3376.00 1688.00 5064.00
       t_94:    0.00 3376.50 1688.00 5064.50
       t_95:    0.00 3366.50 1683.00 5049.50
       t_96:    0.00 3374.00 1687.00 5061.00
       t_97:    0.00 3378.00 1689.00 5067.00
       t_98:    0.00 3376.50 1688.50 5065.00
       t_99:    0.00 3366.50 1683.00 5049.50
      t_100:    0.50 3366.00 1683.00 5049.50
      t_101:    0.00 3344.50 1672.50 5017.00
      t_102:    0.00 3332.50 1666.50 4999.00
      t_103:    0.00 3362.00 1680.50 5042.50
      t_104:    0.00 3390.00 1695.00 5085.00
      t_105:    0.00 3401.00 1701.00 5102.00
      t_106:    0.00 3395.00 1697.00 5092.00
      t_107:    0.00 3391.00 1695.50 5086.50
      t_108:    0.00 3366.50 1683.50 5050.00
      t_109:    0.00 3372.00 1686.00 5058.00
      t_110:    0.00 3382.50 1691.50 5074.00
      t_111:    0.00 3370.50 1685.00 5055.50
      t_112:    0.00 3363.50 1682.00 5045.50
      t_113:    0.00 3387.50 1693.50 5081.00
      t_114:    0.00 3380.50 1690.00 5070.50
      t_115:    0.00 3370.00 1685.50 5055.50
      t_116:    0.00 3369.00 1684.00 5053.00
      t_117:    0.00 3367.00 1683.50 5050.50
      t_118:    0.50 3380.00 1690.50 5071.00
      t_119:    0.00 3369.50 1684.50 5054.00
      t_120:    0.00 3379.00 1689.50 5068.50
      t_121:    0.00 3357.00 1678.50 5035.50
      t_122:    0.00 3381.00 1690.50 5071.50
      t_123:    0.00 3385.50 1692.50 5078.00
      t_124:    0.00 3376.50 1688.50 5065.00
      t_125:    0.00 3349.50 1675.00 5024.50
      t_126:    0.00 3373.00 1686.50 5059.50
      t_127:    0.00 3365.00 1682.50 5047.50
      t_128:    0.00 3368.00 1683.50 5051.50
      t_129:    0.00 3373.00 1686.50 5059.50
      t_130:    0.00 3330.00 1665.00 4995.00
      t_131:    0.00 3331.00 1666.00 4997.00
      t_132:    0.00 3371.00 1685.50 5056.50
      t_133:    0.00 3365.50 1682.50 5048.00
      t_134:    0.00 3341.50 1671.00 5012.50
      t_135:    0.00 3328.00 1664.00 4992.00
      t_136:    1.00 3341.00 1670.50 5012.50
      t_137:    0.00 3359.00 1679.50 5038.50
      t_138:    0.00 3364.50 1682.00 5046.50
      t_139:    0.00 3366.50 1683.50 5050.00
      t_140:    0.00 3369.00 1684.50 5053.50
      t_141:    0.00 3382.00 1691.00 5073.00
      t_142:    0.00 3373.00 1686.50 5059.50
      t_143:    0.00 3377.00 1688.50 5065.50
      t_144:    0.00 3376.00 1688.00 5064.00
      t_145:    0.00 3381.00 1690.00 5071.00
      t_146:    0.00 3371.00 1686.00 5057.00
      t_147:    0.00 3374.00 1686.50 5060.50
      t_148:    0.00 3375.00 1687.50 5062.50
      t_149:    0.00 3372.00 1686.50 5058.50
      t_150:    0.00 3368.00 1683.50 5051.50
      t_151:    0.00 3377.50 1689.00 5066.50
      t_152:    0.00 3375.50 1688.00 5063.50
      t_153:    0.50 3374.00 1687.00 5061.50
      t_154:  564.00 1490.50 2976.50 5031.00
      t_155: 1004.50    0.00 3997.50 5002.00
      t_156: 1005.00    0.00 4001.00 5006.00
      t_157: 1035.00    0.00 3976.50 5011.50
      t_158: 1005.50    0.00 3999.50 5005.00
      t_159: 1014.50    0.00 3997.50 5012.00
      t_160: 1005.00    0.00 3999.50 5004.50
      t_161: 1012.00    0.00 3996.50 5008.50
      t_162: 1053.00    0.00 3966.50 5019.50
      t_163: 1070.00    0.00 3968.00 5038.00
      t_164: 2193.00    0.00 2888.50 5081.50
      t_165: 2547.50    0.00 2548.00 5095.50
      t_166: 2549.00    0.00 2548.50 5097.50
      t_167: 2549.50    0.00 2549.50 5099.00
      t_168: 3765.50    0.00 1331.50 5097.00
      t_169: 5022.50    0.00    0.00 5022.50
      t_170: 1600.00    0.00    0.00 1600.00
      t_171:    0.00    0.00    0.00    0.00
      t_172:    0.00    0.00    0.00    0.00
      t_173:    0.00    0.00    0.00    0.00
      t_174:    0.00    0.00    0.00    0.00
      t_175:    0.00    0.00    0.00    0.00
      t_176: 3525.00    0.00    0.00 3525.00
      t_177: 4867.50    0.00    0.00 4867.50
      t_178: 4862.00    0.00    0.00 4862.00
      t_179: 4929.50    0.00    0.00 4929.50
      t_180: 4973.50    0.00    0.00 4973.50
      t_181: 4874.50    0.00    0.00 4874.50
      t_182: 1968.00    0.00    0.00 1968.00
      t_183:    0.00    0.00    0.00    0.00
      t_184:    0.00    0.00    0.00    0.00
      t_185:    0.00    0.00    0.00    0.00
      t_186:    0.00    0.00    0.00    0.00
      t_187:    0.00    0.00    0.00    0.00
      t_188: 3009.00    0.00    0.00 3009.00
      t_189: 5089.00    0.00    0.00 5089.00
      t_190: 5097.50    0.00    0.00 5097.50
      t_191: 5084.00    0.00    0.00 5084.00
      t_192: 5085.50    0.00    0.00 5085.50
      t_193: 5083.00    0.00    0.00 5083.00
      t_194: 1552.00    0.00    0.00 1552.00
      t_195:    0.00    0.00    0.00    0.00
      t_196:    0.00    0.00    0.00    0.00
      t_197:    0.00    0.00    0.00    0.00
      t_198:    0.00    0.00    0.00    0.00
      t_199:    0.00    0.00    0.00    0.00
      t_200: 3394.00    0.00    0.00 3394.00
      t_201: 4857.00    0.00    0.00 4857.00
      t_202: 4850.00    0.00    0.00 4850.00
      t_203: 5040.50    0.00    0.00 5040.50
      t_204: 4878.00    0.00    0.00 4878.00
      t_205: 4864.50    0.00    0.00 4864.50
      t_206: 2116.00    0.00    0.00 2116.00
      t_207:    0.00    0.00    0.00    0.00
      t_208:    0.00    0.00    0.00    0.00
      t_209:    0.00    0.00    0.00    0.00
      t_210:    0.00    0.00    0.00    0.00
      t_211:    0.00    0.00    0.00    0.00
      t_212: 2926.00    0.00    0.00 2926.00
      t_213: 4935.50    0.00    0.00 4935.50
      t_214: 4875.50    0.00    0.00 4875.50
      t_215: 4861.00    0.00    0.00 4861.00
      t_216: 4861.50    0.00    0.00 4861.50
      t_217: 5082.00    0.00    0.00 5082.00
      t_218: 2458.50    0.00    0.00 2458.50
      t_219:    0.00    0.00    0.00    0.00
      t_220:    0.00    0.00    0.00    0.00
      t_221:    0.00    0.00    0.00    0.00
      t_222:    0.00    0.00    0.00    0.00
      t_223:    0.00    0.00    0.00    0.00
      t_224: 2543.00    0.00    0.00 2543.00
      t_225: 5000.00    0.00    0.00 5000.00
      t_226: 5061.50    0.00    0.00 5061.50
      t_227: 5090.50    0.00    0.00 5090.50
      t_228: 5091.50    0.00    0.00 5091.50
      t_229: 5014.50    0.00    0.00 5014.50
      t_230: 2199.00    0.00    0.00 2199.00
      t_231:    0.00    0.00    0.00    0.00
      t_232:    0.00    0.00    0.00    0.00
      t_233:    0.00    0.00    0.00    0.00
      t_234:    0.00    0.00    0.00    0.00
      t_235:    0.00    0.00    0.00    0.00
      t_236: 2757.50    0.00    0.00 2757.50
      t_237: 4930.00    0.00    0.00 4930.00
      t_238: 5055.00    0.00    0.00 5055.00
      t_239: 5038.00    0.00    0.00 5038.00
      t_240: 4876.50    0.00    0.00 4876.50
      t_241: 4973.50    0.00    0.00 4973.50
      t_242: 2369.50    0.00    0.00 2369.50
      t_243:    0.00    0.00    0.00    0.00
      t_244:    0.00    0.00    0.00    0.00
      t_245:    0.00    0.00    0.00    0.00
      t_246:    0.00    0.00    0.00    0.00
      t_247:    0.00    0.00    0.00    0.00
      t_248: 2650.00    0.00    0.00 2650.00
      t_249: 5088.50    0.00    0.00 5088.50
      t_250: 5071.00    0.00    0.00 5071.00
      t_251: 5090.00    0.00    0.00 5090.00
      t_252: 4945.00    0.00    0.00 4945.00
      t_253: 4882.00    0.00    0.00 4882.00
      t_254: 2273.50    0.00    0.00 2273.50
      t_255:    0.00    0.00    0.00    0.00
      t_256:    0.00    0.00    0.00    0.00
      t_257:    0.00    0.00    0.00    0.00
      t_258:    0.00    0.00    0.00    0.00
      t_259:    0.00    0.00    0.00    0.00
      t_260: 2747.50    0.00    0.00 2747.50
      t_261: 5095.00    0.00    0.00 5095.00
      t_262: 4996.00    0.00    0.00 4996.00
      t_263: 4885.50    0.00    0.00 4885.50
      t_264: 4882.00    0.00    0.00 4882.00
      t_265: 4943.00    0.00    0.00 4943.00
      t_266: 2450.50    0.00    0.00 2450.50
      t_267:    0.00    0.00    0.00    0.00