        t_0: 1250.00 2500.00 1250.00 5000.00
        t_1: 1258.00 2517.00 1258.50 5033.50
        t_2: 1267.50 2534.50 1267.50 5069.50
        t_3: 1261.00 2522.00 1261.00 5044.00
        t_4: 1256.00 2512.00 1256.00 5024.00
        t_5: 1257.50 2515.00 1257.00 5029.50
        t_6: 1259.00 2518.50 1259.50 5037.00
        t_7: 1259.00 2517.50 1259.00 5035.50
        t_8: 1251.50 2502.50 1251.00 5005.00
        t_9: 1244.00 2488.50 1244.50 4977.00
       t_10: 1256.00 2512.00 1256.00 5024.00
       t_11: 1263.50 2527.00 1263.00 5053.50
       t_12: 1265.50 2531.00 1266.00 5062.50
       t_13: 1258.50 2517.50 1258.50 5034.50
       t_14: 1262.50 2524.00 1262.00 5048.50
       t_15: 1257.00 2514.00 1257.00 5028.00
       t_16: 1257.50 2515.00 1257.50 5030.00
       t_17: 1258.50 2518.00 1259.00 5035.50
       t_18: 1259.00 2517.50 1258.50 5035.00
       t_19: 1262.50 2525.00 1262.50 5050.00
       t_20: 1260.50 2521.00 1260.50 5042.00
       t_21: 1254.50 2509.00 1255.00 5018.50
       t_22: 1261.50 2522.50 1261.00 5045.00
       t_23: 1058.00 2654.50 1327.00 5039.50
       t_24:    0.00 3375.00 1688.00 5063.00
       t_25:    0.00 3380.00 1690.00 5070.00
       t_26:    0.00 3375.50 1687.50 5063.00
       t_27:    0.00 3368.50 1684.00 5052.50
       t_28:    0.00 3374.00 1687.00 5061.00
       t_29:    0.00 3392.50 1696.50 5089.00
       t_30:    0.00 3376.00 1688.00 5064.00
       t_31:    0.00 3377.00 1688.50 5065.50
       t_32:    0.00 3366.50 1683.50 5050.00
       t_33:    0.00 3355.00 1677.00 5032.00
       t_34:    0.00 3379.50 1690.00 5069.50
       t_35:    0.00 3377.50 1689.00 5066.50
       t_36:    0.00 3376.00 1688.00 5064.00
       t_37:    0.00 3378.50 1689.00 5067.50
       t_38:    0.00 3371.00 1685.50 5056.50
       t_39:    0.00 3375.50 1687.50 5063.00
       t_40:    0.00 3359.50 1680.00 5039.50
       t_41:    0.00 3378.50 1689.50 5068.00
       t_42:    0.00 3383.50 1691.50 5075.00
       t_43:    0.00 3384.00 1692.00 5076.00
       t_44:    0.00 3334.00 1667.00 5001.00
       t_45:    0.00 3333.50 1666.50 5000.00
       t_46:    0.00 3333.00 1667.00 5000.00
       t_47:    1.00 3333.00 1666.00 5000.00
       t_48:    0.00 3369.00 1684.50 5053.50
       t_49:    0.00 3355.50 1678.00 5033.50
       t_50:    0.00 3388.50 1694.50 5083.00
       t_51:    0.00 3381.00 1690.50 5071.50
       t_52:    0.00 3376.00 1688.00 5064.00
       t_53:    0.00 3386.00 1693.00 5079.00
       t_54:    0.00 3367.00 1683.50 5050.50
       t_55:    0.00 3372.00 1685.50 5057.50
       t_56:    0.00 3382.00 1691.50 5073.50
       t_57:    0.00 3398.50 1699.00 5097.50
       t_58:    0.00 3405.50 1702.50 5108.00
       t_59:    0.00 3404.00 1702.00 5106.00
       t_60:    0.00 3397.00 1699.00 5096.00
       t_61:    0.00 3394.50 1697.00 5091.50
       t_62:    0.00 3403.00 1701.50 5104.50
       t_63:    0.00 3403.00 1701.50 5104.50
       t_64:    0.00 3400.00 1700.00 5100.00
       t_65:    0.50 3389.00 1694.50 5084.00
       t_66:    0.00 3402.50 1701.00 5103.50
       t_67:    0.00 3407.50 1704.00 5111.50
       t_68:    0.00 3404.50 1702.00 5106.50
       t_69:    0.00 3389.50 1695.00 5084.50
       t_70:    0.00 3333.50 1666.50 5000.00
       t_71:    0.00 3352.00 1676.00 5028.00
       t_72:    0.00 3374.00 1687.00 5061.00
       t_73:    0.00 3378.50 1689.50 5068.00
       t_74:    0.00 3380.50 1690.50 5071.00
       t_75:    0.00 3381.00 1690.50 5071.50
       t_76:    0.00 3383.50 1691.50 5075.00
       t_77:    0.00 3380.50 1690.50 5071.00
       t_78:    0.00 3365.50 1682.50 5048.00
       t_79:    0.00 3359.50 1679.50 5039.00
       t_80:    0.00 3383.50 1692.00 5075.50
       t_81:    0.00 3387.00 1693.50 5080.50
       t_82:    0.50 3381.50 1691.00 5073.00
       t_83:    0.00 3374.50 1687.00 5061.50
       t_84:    0.00 3383.50 1691.50 5075.00
       t_85:    0.00 3409.00 1705.00 5114.00
       t_86:    0.00 3400.50 1700.00 5100.50
       t_87:    0.00 3405.00 1702.50 5107.50
       t_88:    0.00 3401.50 1700.50 5102.00
       t_89:    0.00 3403.00 1701.50 5104.50
       t_90:    0.00 3391.00 1695.50 5086.50
       t_91:    0.00 3391.00 1695.50 5086.50
       t_92:    0.00 3395.00 1698.00 5093.00
       t_93:    0.00 3378.50 1689.00 5067.50
       t_94:    0.00 3369.00 1684.50 5053.50
       t_95:    0.00 3361.50 1681.00 5042.50
       t_96:    0.00 3352.50 1676.00 5028.50
       t_97:    0.00 3374.00 1687.00 5061.00
       t_98:    0.00 3380.00 1690.00 5070.00
       t_99:    0.00 3376.00 1688.00 5064.00
      t_100:    0.50 3357.50 1679.00 5037.00
      t_101:    0.00 3375.50 1687.50 5063.00
      t_102:    0.00 3384.50 1692.50 5077.00
      t_103:    0.00 3383.00 1691.00 5074.00
      t_104:    0.00 3383.00 1692.00 5075.00
      t_105:    0.00 3384.50 1692.00 5076.50
      t_106:    0.00 3384.50 1692.50 5077.00
      t_107:    0.00 3383.00 1691.00 5074.00
      t_108:    0.00 3335.50 1668.00 5003.50
      t_109:    0.00 3317.50 1659.00 4976.50
      t_110:    0.00 3368.00 1684.00 5052.00
      t_111:    0.00 3366.00 1682.50 5048.50
      t_112:    0.00 3370.00 1685.50 5055.50
      t_113:    0.00 3368.50 1684.00 5052.50
      t_114:    0.00 3372.50 1686.00 5058.50
      t_115:    0.00 3375.50 1688.00 5063.50
      t_116:    0.00 3365.50 1682.50 5048.00
      t_117:    0.00 3374.00 1687.00 5061.00
      t_118:    0.50 3329.00 1664.50 4994.00
      t_119:    0.00 3313.50 1657.00 4970.50
      t_120:    0.00 3320.50 1660.50 4981.00
      t_121:    0.00 3376.00 1687.50 5063.50
      t_122:    0.00 3356.00 1678.00 5034.00
      t_123:    0.00 3373.50 1687.00 5060.50
      t_124:    0.00 3372.00 1686.00 5058.00
      t_125:    0.00 3333.50 1666.50 5000.00
      t_126:    0.00 3332.00 1666.50 4998.50
      t_127:    0.00 3373.00 1686.00 5059.00
      t_128:    0.00 3404.50 1702.50 5107.00
      t_129:    0.00 3402.50 1701.50 5104.00
      t_130:    0.00 3400.50 1700.00 5100.50
      t_131:    0.00 3392.50 1696.00 5088.50
      t_132:    0.00 3400.00 1700.00 5100.00
      t_133:    0.00 3398.00 1699.00 5097.00
      t_134:    0.00 3394.00 1697.00 5091.00
      t_135:    0.00 3384.00 1692.50 5076.50
      t_136:    0.50 3398.00 1699.00 5097.50
      t_137:    0.00 3395.00 1697.50 5092.50
      t_138:    0.00 3395.00 1697.50 5092.50
      t_139:    0.00 3398.00 1698.50 5096.50
      t_140:    0.00 3401.50 1701.00 5102.50
      t_141:    0.00 3403.00 1701.50 5104.50
      t_142:    0.00 3349.00 1674.50 5023.50
      t_143:    0.00 3333.50 1666.50 5000.00
      t_144:    0.00 3333.00 1667.00 5000.00
      t_145:    0.00 3333.50 1666.50 5000.00
      t_146:    0.00 3366.50 1683.00 5049.50
      t_147:    0.00 3387.50 1694.00 5081.50
      t_148:    0.00 3388.00 1694.00 5082.00
      t_149:    0.00 3389.50 1694.50 5084.00
      t_150:    0.00 3405.00 1702.50 5107.50
      t_151:    0.00 3403.00 1702.00 5105.00
      t_152:    0.00 3400.00 1699.50 5099.50
      t_153:    0.50 3376.50 1688.50 5065.50
      t_154: 1984.50  507.00 2428.50 4920.00
      t_155: 2407.00    0.00 2561.00 4968.00
      t_156: 2454.50    0.00 2545.00 4999.50
      t_157: 2464.50    0.00 2536.50 5001.00
      t_158: 2474.50    0.00 2526.00 5000.50
      t_159: 2464.00    0.00 2535.50 4999.50
      t_160: 2379.50    0.00 2559.00 4938.50
      t_161: 2395.50    0.00 2558.50 4954.00
      t_162: 2458.00    0.00 2541.50 4999.50
      t_163: 2462.00    0.00 2538.00 5000.00
      t_164: 2455.50    0.00 2544.50 5000.00
      t_165: 2393.00    0.00 2548.00 4941.00
      t_166: 1203.50    0.00 2537.00 3740.50
      t_167:    0.00    0.00 2531.50 2531.50
      t_168:    0.00    0.00 2532.00 2532.00
      t_169:    0.00    0.00 2533.50 2533.50
      t_170:    0.00    0.00 2531.50 2531.50
      t_171:    0.00    0.00 2531.50 2531.50
      t_172: 1482.50    0.00 2532.50 4015.00
      t_173: 2921.00    0.00 2102.00 5023.00
      t_174: 5038.00    0.00    0.00 5038.00
      t_175: 5013.00    0.00    0.00 5013.00
      t_176: 5057.00    0.00    0.00 5057.00
      t_177: 5032.00    0.00    0.00 5032.00
      t_178: 5017.00    0.00    0.00 5017.00
      t_179:  439.50    0.00    0.00  439.50
      t_180:    0.00    0.00    0.00    0.00
      t_181:    0.00    0.00    0.00    0.00
      t_182:    0.00    0.00    0.00    0.00
      t_183:    0.00    0.00    0.00    0.00
      t_184:    0.00    0.00    0.00    0.00
      t_185: 4873.00    0.00    0.00 4873.00
      t_186: 4985.00    0.00    0.00 4985.00
      t_187: 5034.50    0.00    0.00 5034.50
      t_188: 5056.50    0.00    0.00 5056.50
      t_189: 5053.50    0.00    0.00 5053.50
      t_190: 4974.50    0.00    0.00 4974.50
      t_191:   23.00    0.00    0.00   23.00
      t_192:    0.00    0.00    0.00    0.00
      t_193:    0.00    0.00    0.00    0.00
      t_194:    0.00    0.00    0.00    0.00
      t_195:    0.00    0.00    0.00    0.00
      t_196:    0.00    0.00    0.00    0.00
      t_197: 4914.50    0.00    0.00 4914.50
      t_198: 4893.00    0.00    0.00 4893.00
      t_199: 4987.00    0.00    0.00 4987.00
      t_200: 5059.00    0.00    0.00 5059.00
      t_201: 4948.50    0.00    0.00 4948.50
      t_202: 4983.00    0.00    0.00 4983.00
      t_203:  215.00    0.00    0.00  215.00
      t_204:    0.00    0.00    0.00    0.00
      t_205:    0.00    0.00    0.00    0.00
      t_206:    0.00    0.00    0.00    0.00
      t_207:    0.00    0.00    0.00    0.00
      t_208:    0.00    0.00    0.00    0.00
      t_209: 4755.00    0.00    0.00 4755.00
      t_210: 5044.00    0.00    0.00 5044.00
      t_211: 4880.50    0.00    0.00 4880.50
      t_212: 4879.00    0.00    0.00 4879.00
      t_213: 4902.00    0.00    0.00 4902.00
      t_214: 4915.00    0.00    0.00 4915.00
      t_215:  624.50    0.00    0.00  624.50
      t_216:    0.00    0.00    0.00    0.00
      t_217:    0.00    0.00    0.00    0.00
      t_218:    0.00    0.00    0.00    0.00
      t_219:    0.00    0.00    0.00    0.00
      t_220:    0.00    0.00    0.00    0.00
      t_221: 4440.00    0.00    0.00 4440.00
      t_222: 5067.50    0.00    0.00 5067.50
      t_223: 5078.50    0.00    0.00 5078.50
      t_224: 4998.50    0.00    0.00 4998.50
      t_225: 4974.00    0.00    0.00 4974.00
      t_226: 4933.00    0.00    0.00 4933.00
      t_227:  508.50    0.00    0.00  508.50
      t_228:    0.00    0.00    0.00    0.00
      t_229:    0.00    0.00    0.00    0.00
      t_230:    0.00    0.00    0.00    0.00
      t_231:    0.00    0.00    0.00    0.00
      t_232:    0.00    0.00    0.00    0.00
      t_233: 4486.00    0.00    0.00 4486.00
      t_234: 4910.50    0.00    0.00 4910.50
      t_235: 4972.00    0.00    0.00 4972.00
      t_236: 5020.00    0.00    0.00 5020.00
      t_237: 5061.50    0.00    0.00 5061.50
      t_238: 5094.50    0.00    0.00 5094.50
      t_239:  455.50    0.00    0.00  455.50
      t_240:    0.00    0.00    0.00    0.00
      t_241:    0.00    0.00    0.00    0.00
      t_242:    0.00    0.00    0.00    0.00
      t_243:    0.00    0.00    0.00    0.00
      t_244:    0.00    0.00    0.00    0.00
      t_245: 4646.00    0.00    0.00 4646.00
      t_246: 5020.50    0.00    0.00 5020.50
      t_247: 5020.50    0.00    0.00 5020.50
      t_248: 5058.50    0.00    0.00 5058.50
      t_249: 5021.00    0.00    0.00 5021.00
      t_250: 5100.50    0.00    0.00 5100.50
      t_251:  133.00    0.00    0.00  133.00
      t_252:    0.00    0.00    0.00    0.00
      t_253:    0.00    0.00    0.00    0.00
      t_254:    0.00    0.00    0.00    0.00
      t_255:    0.00    0.00    0.00    0.00
      t_256:    0.00    0.00    0.00    0.00
      t_257: 4887.50    0.00    0.00 4887.50
      t_258: 4931.00    0.00    0.00 4931.00
      t_259: 5008.00    0.00    0.00 5008.00
      t_260: 4918.50    0.00    0.00 4918.50
      t_261: 4928.50    0.00    0.00 4928.50
      t_262: 5066.50    0.00    0.00 5066.50
      t_263:  259.50    0.00    0.00  259.50
      t_264:    0.00    0.00    0.00    0.00