        t_0: 3240.00 1296.00  540.00 5076.00
        t_1: 3237.00 1295.00  539.50 5071.50
        t_2: 3242.50 1297.00  540.50 5080.00
        t_3: 3242.00 1296.50  540.00 5078.50
        t_4: 3241.50 1297.00  540.50 5079.00
        t_5: 3242.00 1297.00  540.00 5079.00
        t_6: 3241.50 1296.50  540.50 5078.50
        t_7: 3243.50 1297.00  540.50 5081.00
        t_8: 3205.00 1282.50  534.00 5021.50
        t_9:  865.00 1691.50 1976.00 4532.50
       t_10:    0.00 1778.50 2556.50 4335.00
       t_11:    0.00 1778.00 2556.50 4334.50
       t_12:    0.00 1779.00 2556.00 4335.00
       t_13:    0.00 1787.00 2442.50 4229.50
       t_14:    0.00 1788.00 2417.00 4205.00
       t_15: 3992.50  349.00  465.50 4807.00
       t_16: 5118.00    0.00    0.00 5118.00
       t_17: 4149.50  930.00    0.00 5079.50
       t_18: 3629.50 1451.50    0.00 5081.00
       t_19: 3652.50 1461.00    0.00 5113.50
       t_20: 3632.00 1453.00    0.00 5085.00
       t_21: 3636.50 1454.50    0.00 5091.00
       t_22: 2189.50 1635.00  920.00 4744.50
       t_23:    0.00 1785.50 2417.50 4203.00
       t_24:    0.00 1785.50 2419.00 4204.50
       t_25:    0.00 1787.50 2418.50 4206.00
       t_26:    0.00 1788.50 2369.50 4158.00
       t_27:    0.00 1778.00 2165.00 3943.00
       t_28: 2381.50  948.00 1152.00 4481.50
       t_29: 5023.00   18.00    0.00 5041.00
       t_30: 5110.50    0.00    0.00 5110.50
       t_31: 4819.50  295.00    0.00 5114.50
       t_32: 3646.50 1458.50    0.00 5105.00
       t_33: 3645.50 1458.50    0.00 5104.00
       t_34: 3646.00 1458.00    0.00 5104.00
       t_35: 1727.50 1672.00 1102.50 4502.00
       t_36:    0.00 1778.00 2163.50 3941.50
       t_37:    0.00 1778.00 2163.00 3941.00
       t_38:    0.00 1779.00 2162.00 3941.00
       t_39:    0.00 1778.50 2163.00 3941.50
       t_40:    0.00 1779.00 2162.00 3941.00
       t_41: 3038.50  721.50  877.00 4637.00
       t_42: 5071.00    0.00    0.00 5071.00
       t_43: 5014.50    1.50    0.00 5016.00
       t_44: 4909.00   64.50    0.00 4973.50
       t_45: 3614.00 1445.50    0.00 5059.50
       t_46: 3571.50 1428.50    0.00 5000.00
       t_47: 3597.50 1439.50    0.00 5037.00
       t_48: 1184.00 1720.00 1422.50 4326.50
       t_49:    0.00 1779.50 2175.50 3955.00
       t_50:    0.00 1773.50 2555.50 4329.00
       t_51:    0.00 1778.50 2555.50 4334.00
       t_52:    0.00 1778.00 2555.50 4333.50
       t_53:    0.00 1776.00 2560.50 4336.50
       t_54: 3788.00  457.00  656.50 4901.50
       t_55: 4881.00    0.00    0.00 4881.00
       t_56: 4895.50   18.50    0.00 4914.00
       t_57: 4854.50  182.50    0.00 5037.00
       t_58: 3649.00 1459.50    0.00 5108.50
       t_59: 3651.50 1460.50    0.00 5112.00
       t_60: 3641.00 1456.50    0.00 5097.50
       t_61:  639.50 1766.50 2069.50 4475.50
       t_62:    0.00 1775.50 2565.00 4340.50
       t_63:    0.00 1777.50 2555.50 4333.00
       t_64:    0.00 1777.50 2555.50 4333.00
       t_65:    0.00 1778.00 2555.50 4333.50
       t_66:    0.00 1779.00 2556.50 4335.50
       t_67: 4510.00  192.00  275.00 4977.00
       t_68: 5059.50    0.50    0.00 5060.00
       t_69: 5065.00    0.50    0.00 5065.50
       t_70: 4535.00  498.50    0.00 5033.50
       t_71: 3610.00 1444.50    0.00 5054.50
       t_72: 3609.50 1443.50    0.00 5053.00
       t_73: 3594.00 1437.50    0.00 5031.50
       t_74:   17.00 1828.50 2502.50 4348.00
       t_75:    0.00 1778.50 2556.50 4335.00
       t_76:    0.00 1779.00 2557.00 4336.00
       t_77:    0.00 1778.50 2556.00 4334.50
       t_78:    0.00 1779.00 2557.50 4336.50
       t_79:  334.00 1662.00 2388.00 4384.00
       t_80: 5046.00    0.00    0.00 5046.00
       t_81: 4986.00    0.50    0.00 4986.50
       t_82: 5057.50    0.00    0.00 5057.50
       t_83: 4340.00  699.00    0.00 5039.00
       t_84: 3633.00 1453.00    0.00 5086.00
       t_85: 3626.00 1450.50    0.00 5076.50
       t_86: 2977.50 1557.00  414.50 4949.00
       t_87:    0.00 1778.00 2557.00 4335.00
       t_88:    0.00 1778.00 2555.00 4333.00
       t_89:    0.00 1778.50 2557.00 4335.50
       t_90:    0.00 1778.00 2555.00 4333.00
       t_91:    0.00 1777.50 2555.50 4333.00
       t_92: 1269.00 1338.00 1922.50 4529.50
       t_93: 5046.50    0.00    0.00 5046.50
       t_94: 5081.00    0.00    0.00 5081.00
       t_95: 4963.00    0.00    0.00 4963.00
       t_96: 4064.50  958.50    0.00 5023.00
       t_97: 3635.50 1454.50    0.00 5090.00
       t_98: 3638.00 1455.00    0.00 5093.00
       t_99: 2302.50 1621.50  894.50 4818.50
      t_100:    0.00 1775.00 2575.00 4350.00
      t_101:    0.00 1776.00 2560.00 4336.00
      t_102:    0.00 1778.50 2557.00 4335.50
      t_103:    0.00 1770.50 2556.50 4327.00
      t_104:    0.00 1783.50 2564.50 4348.00
      t_105: 2190.50 1002.00 1439.50 4632.00
      t_106: 5103.50    0.00    0.00 5103.50
      t_107: 5111.50    0.00    0.00 5111.50
      t_108: 5100.00    0.50    0.00 5100.50
      t_109: 3801.00 1311.00    0.00 5112.00
      t_110: 3652.50 1460.50    0.00 5113.00
      t_111: 3646.00 1459.00    0.00 5105.00
      t_112: 1395.00 1701.00 1532.50 4628.50
      t_113:    0.00 1779.00 2557.50 4336.50
      t_114:    0.00 1778.50 2555.00 4333.50
      t_115:    0.00 1778.00 2555.00 4333.00
      t_116:    0.00 1780.00 2536.00 4316.00
      t_117:    0.00 1777.50 2555.50 4333.00
      t_118: 3398.50  561.00  805.00 4764.50
      t_119: 4985.50    0.00    0.00 4985.50
      t_120: 4984.50    0.50    0.00 4985.00
      t_121: 4962.50   37.50    0.00 5000.00
      t_122: 3618.00 1447.50    0.00 5065.50
      t_123: 3626.50 1450.50    0.00 5077.00
      t_124: 3639.50 1456.00    0.00 5095.50
      t_125:  784.50 1755.00 1962.50 4502.00
      t_126:    0.00 1776.00 2564.00 4340.00
      t_127:    0.00 1778.00 2556.50 4334.50
      t_128:    0.00 1778.00 2553.50 4331.50
      t_129:    0.00 1778.50 2556.50 4335.00
      t_130:    0.00 1778.00 2556.00 4334.00
      t_131:    0.00 1779.00 2557.00 4336.00
      t_132:    0.00 1777.50 2558.50 4336.00
      t_133:    0.00 1777.50 2555.50 4333.00
      t_134:    0.00 1778.00 2555.50 4333.50
      t_135:    0.00 1778.00 2555.50 4333.50
      t_136:    0.00 1778.50 2557.00 4335.50
      t_137:    0.00 1777.50 2556.50 4334.00
      t_138:    0.00 1778.50 2555.50 4334.00
      t_139:    0.00 1778.00 2555.50 4333.50
      t_140:    0.00 1778.00 2555.50 4333.50
      t_141:    0.00 1778.00 2556.50 4334.50
      t_142:    0.00 1778.00 2556.50 4334.50
      t_143:    0.00 1778.00 2556.50 4334.50
      t_144:    0.00 1778.00 2555.00 4333.00
      t_145:    0.00 1778.00 2556.50 4334.50
      t_146:    0.00 1778.00 2555.00 4333.00
      t_147:    0.00 1778.00 2555.00 4333.00
      t_148:    0.00 1778.00 2555.50 4333.50
      t_149:    0.00 1777.50 2556.00 4333.50
      t_150:    0.00 1778.00 2555.50 4333.50
      t_151:    0.00 1778.00 2555.50 4333.50
      t_152:    0.00 1778.00 2556.50 4334.50
      t_153:    0.00 1778.50 2557.50 4336.00
      t_154:    0.00 1778.00 2555.50 4333.50
      t_155:    0.00 1781.00 2573.00 4354.00
      t_156:    0.00 1779.00 2563.50 4342.50
      t_157:    0.00 1778.50 2554.50 4333.00
      t_158:    0.00 1778.50 2555.50 4334.00
      t_159:    0.00 1777.50 2564.00 4341.50
      t_160:    0.00 1779.00 2556.50 4335.50
      t_161:    0.00 1779.50 2559.50 4339.00
      t_162:    0.00 1779.00 2558.50 4337.50
      t_163:    0.00 1779.00 2557.50 4336.50
      t_164:    0.00 1780.00 2559.00 4339.00
      t_165:    0.00 1777.50 2563.50 4341.00
      t_166:    0.00 1777.50 2562.00 4339.50
      t_167:    0.00 1779.00 2553.50 4332.50
      t_168:    0.00 1779.00 2556.50 4335.50
      t_169:    0.00 1779.00 2556.00 4335.00
      t_170:    0.00 1779.00 2554.50 4333.50
      t_171:    0.00 1778.50 2555.50 4334.00
      t_172:    0.00 1775.50 2565.00 4340.50
      t_173:    0.00 1777.00 2558.00 4335.00
      t_174:    0.00 1778.00 2539.50 4317.50
      t_175:    0.00 1778.00 2554.50 4332.50
      t_176:    0.00 1779.00 2554.00 4333.00
      t_177:    0.00 1779.50 2556.50 4336.00
      t_178:    0.00 1778.00 2557.00 4335.00
      t_179:    0.00 1778.00 2561.50 4339.50
      t_180:    0.00 1778.00 2555.50 4333.50
      t_181:    0.00 1778.00 2555.50 4333.50
      t_182:    0.00 1779.50 2559.50 4339.00
      t_183:    0.00 1778.00 2558.00 4336.00
      t_184:    0.00 1778.00 2556.00 4334.00
      t_185:    0.00 1778.00 2555.50 4333.50
      t_186:    0.00 1768.00 2557.00 4325.00
      t_187:    0.00 1779.00 2557.00 4336.00
      t_188:    0.00 1779.00 2556.00 4335.00
      t_189:    0.00 1780.00  375.50 2155.50
      t_190:    0.00 1780.00    0.00 1780.00
      t_191:    0.00 1780.00    0.00 1780.00
      t_192:    0.00 1780.50    0.00 1780.50
      t_193:    0.00 1779.50    0.00 1779.50
      t_194:    0.00 1779.00    0.00 1779.00
      t_195:    0.00 1778.50    0.00 1778.50
      t_196:    0.00 1779.00    0.00 1779.00
      t_197:    0.00 1778.50    0.00 1778.50
      t_198:    0.00 1778.50    0.00 1778.50
      t_199:    0.00 1780.50    0.00 1780.50
      t_200:    0.00 1779.50    0.00 1779.50
      t_201:    0.00 1780.00    0.00 1780.00
      t_202:    0.00 1780.00    0.00 1780.00
      t_203:    0.00 1779.50    0.00 1779.50
      t_204:    0.00 1780.50    0.00 1780.50
      t_205:    0.00 1779.50    0.00 1779.50
      t_206:    0.00 1778.50    0.00 1778.50
      t_207:    0.00  519.00    0.00  519.00
      t_208:    0.00    0.00    0.00    0.00