        t_0: 3035.00 1518.00  506.00 5059.00
        t_1: 3040.50 1519.50  507.00 5067.00
        t_2: 3035.00 1518.00  506.00 5059.00
        t_3: 3018.00 1508.50  503.00 5029.50
        t_4: 3014.00 1506.50  502.00 5022.50
        t_5: 3019.50 1510.50  503.50 5033.50
        t_6: 3018.00 1509.00  503.00 5030.00
        t_7: 3024.00 1512.50  504.00 5040.50
        t_8: 3022.50 1510.50  504.00 5037.00
        t_9: 2772.00 1582.00  640.50 4994.50
       t_10:    0.00 1778.00 2556.00 4334.00
       t_11:    0.00 1777.50 2558.00 4335.50
       t_12:    0.00 1777.00 2555.00 4332.00
       t_13:    0.00 1778.00 2534.00 4312.00
       t_14:    0.00 1783.00 2421.00 4204.00
       t_15:  497.00 1743.50 2103.00 4343.50
       t_16: 3000.00 1562.50  500.00 5062.50
       t_17: 3000.00 1576.00  500.00 5076.00
       t_18: 3000.50 1567.00  500.00 5067.50
       t_19: 3000.50 1569.00  500.00 5069.50
       t_20: 2999.50 1545.50  500.00 5045.00
       t_21: 3000.50 1540.00  500.00 5040.50
       t_22: 3000.50 1555.00  500.00 5055.50
       t_23: 3000.00 1562.50  500.00 5062.50
       t_24: 3000.00 1571.50  500.00 5071.50
       t_25: 2501.50 1642.00  785.50 4929.00
       t_26:    0.00 1784.50 2416.00 4200.50
       t_27:    0.00 1780.50 2417.50 4198.00
       t_28:    0.00 1777.50 2165.00 3942.50
       t_29:    0.00 1776.00 2162.50 3938.50
       t_30:    0.00 1777.50 2161.00 3938.50
       t_31:  748.50 1724.50 1746.50 4219.50
       t_32: 3000.00 1562.00  500.00 5062.00
       t_33: 3000.50 1544.50  500.00 5045.00
       t_34: 3000.00 1539.00  499.50 5038.50
       t_35: 3000.50 1543.50  500.00 5044.00
       t_36: 3000.00 1548.00  500.00 5048.00
       t_37: 3000.50 1522.00  500.00 5022.50
       t_38: 3000.50 1540.50  500.00 5041.00
       t_39: 3000.00 1515.50  500.00 5015.50
       t_40: 3000.50 1526.00  500.00 5026.50
       t_41: 2249.00 1628.00  886.50 4763.50
       t_42:    0.00 1777.50 2164.50 3942.00
       t_43:    0.00 1777.50 2167.00 3944.50
       t_44:    0.00 1778.00 2192.50 3970.50
       t_45:    0.00 1778.00 2555.00 4333.00
       t_46:    0.00 1777.00 2554.50 4331.50
       t_47: 1000.00 1699.50 1866.00 4565.50
       t_48: 3000.50 1537.50  500.00 5038.00
       t_49: 3000.00 1552.00  500.00 5052.00
       t_50: 3000.50 1553.00  499.50 5053.00
       t_51: 3000.00 1555.00  500.00 5055.00
       t_52: 3000.50 1550.50  500.00 5051.00
       t_53: 3000.00 1544.50  500.00 5044.50
       t_54: 3000.50 1522.50  500.00 5023.00
       t_55: 3000.00 1526.00  500.00 5026.00
       t_56: 3000.00 1522.00  500.00 5022.00
       t_57: 1998.00 1652.50 1150.00 4800.50
       t_58:    0.00 1777.00 2554.50 4331.50
       t_59:    0.00 1778.00 2549.00 4327.00
       t_60:    0.00 1777.50 2554.50 4332.00
       t_61:    0.00 1777.50 2556.00 4333.50
       t_62:    0.00 1777.50 2554.50 4332.00
       t_63: 1251.50 1684.50 1698.00 4634.00
       t_64: 3000.50 1588.50  500.00 5089.00
       t_65: 3000.50 1546.50  500.00 5047.00
       t_66: 3000.00 1555.50  500.00 5055.50
       t_67: 3000.00 1564.50  500.00 5064.50
       t_68: 3000.00 1567.00  500.00 5067.00
       t_69: 3000.00 1563.50  500.00 5063.50
       t_70: 3001.00 1492.50  500.00 4993.50
       t_71: 3000.00 1509.50  500.00 5009.50
       t_72: 3000.00 1548.50  500.00 5048.50
       t_73: 1746.50 1694.00 1321.50 4762.00
       t_74:    0.00 1778.50 2557.00 4335.50
       t_75:    0.00 1780.50 2557.50 4338.00
       t_76:    0.00 1777.50 2556.00 4333.50
       t_77:    0.00 1777.50 2556.50 4334.00
       t_78:    0.00 1778.50 2557.00 4335.50
       t_79: 1503.50 1638.50 1526.00 4668.00
       t_80: 3000.50 1520.50  500.00 5021.00
       t_81: 3000.00 1530.00  500.00 5030.00
       t_82: 3000.50 1563.00  500.00 5063.50
       t_83: 3000.00 1562.00  500.00 5062.00
       t_84: 3000.50 1563.00  500.00 5063.50
       t_85: 3000.00 1564.50  500.00 5064.50
       t_86: 3000.00 1570.50  500.00 5070.50
       t_87: 3000.50 1555.00  500.00 5055.50
       t_88: 3000.00 1540.50  500.00 5040.50
       t_89: 1494.50 1710.00 1494.50 4699.00
       t_90:    0.00 1776.50 2553.00 4329.50
       t_91:    0.00 1777.00 2557.50 4334.50
       t_92:    0.00 1777.50 2554.00 4331.50
       t_93:    0.00 1777.50 2554.50 4332.00
       t_94:    0.00 1778.00 2554.50 4332.50
       t_95: 1755.50 1648.50 1353.00 4757.00
       t_96: 3000.50 1569.50  500.00 5070.00
       t_97: 3000.00 1563.00  500.00 5063.00
       t_98: 3001.00 1566.50  500.00 5067.50
       t_99: 3000.00 1528.50  500.00 5028.50
      t_100: 3000.00 1518.50  499.50 5018.00
      t_101: 3000.50 1535.50  500.00 5036.00
      t_102: 3000.50 1580.00  500.00 5080.50
      t_103: 3000.00 1555.00  500.00 5055.00
      t_104: 3000.00 1532.00  500.00 5032.00
      t_105: 1242.00 1728.00 1668.00 4638.00
      t_106:    0.00 1777.00 2555.00 4332.00
      t_107:    0.00 1778.00 2555.00 4333.00
      t_108:    0.00 1778.00 2545.50 4323.50
      t_109:    0.00 1778.00 2557.00 4335.00
      t_110:    0.00 1777.50 2555.00 4332.50
      t_111: 2007.50 1623.50 1180.50 4811.50
      t_112: 3000.50 1556.50  499.50 5056.50
      t_113: 3000.00 1542.50  500.50 5043.00
      t_114: 3000.50 1538.00  499.50 5038.00
      t_115: 3000.00 1546.50  500.00 5046.50
      t_116: 3000.50 1532.00  500.00 5032.50
      t_117: 3000.50 1503.50  500.00 5004.00
      t_118: 3000.00 1520.50  500.00 5020.50
      t_119: 3000.00 1524.00  500.00 5024.00
      t_120: 3000.50 1552.00  500.00 5052.50
      t_121:  990.00 1746.50 1842.00 4578.50
      t_122:    0.00 1778.00 2552.50 4330.50
      t_123:    0.00 1775.50 2561.00 4336.50
      t_124:    0.00 1777.00 2560.00 4337.00
      t_125:    0.00 1777.00 2558.00 4335.00
      t_126:    0.00 1778.00 2554.50 4332.50
      t_127: 2259.50 1599.00 1008.00 4866.50
      t_128: 3000.00 1549.50  500.00 5049.50
      t_129: 3000.00 1530.50  500.00 5030.50
      t_130: 3000.50 1549.50  499.50 5049.50
      t_131: 3000.50 1542.00  500.00 5042.50
      t_132: 3000.00 1569.00  500.00 5069.00
      t_133: 3000.00 1559.00  500.00 5059.00
      t_134: 3000.50 1543.50  500.00 5044.00
      t_135: 3000.00 1562.00  500.00 5062.00
      t_136: 3000.50 1570.00  500.00 5070.50
      t_137:  738.50 1767.50 2013.50 4519.50
      t_138:    0.00 1777.50 2555.00 4332.50
      t_139:    0.00 1777.50 2554.50 4332.00
      t_140:    0.00 1777.50 2556.50 4334.00
      t_141:    0.00 1778.00 2554.50 4332.50
      t_142:    0.00 1777.50 2554.50 4332.00
      t_143: 2511.00 1591.50  835.50 4938.00
      t_144: 3000.00 1554.50  500.00 5054.50
      t_145: 3000.50 1549.00  500.00 5049.50
      t_146: 3000.00 1566.00  500.00 5066.00
      t_147: 3000.50 1557.00  500.00 5057.50
      t_148: 2999.50 1546.00  500.00 5045.50
      t_149: 3001.00 1560.00  500.00 5061.00
      t_150: 3000.00 1556.50  500.00 5056.50
      t_151: 3000.50 1557.00  500.00 5057.50
      t_152: 3000.00 1566.00  500.00 5066.00
      t_153:  486.50 1787.00 2184.50 4458.00
      t_154:    0.00 1778.50 2555.50 4334.00
      t_155:    0.00 1777.50 2554.00 4331.50
      t_156:    0.00 1777.00 2556.50 4333.50
      t_157:    0.00 1777.00 2555.00 4332.00
      t_158:    0.00 1777.00 2555.50 4332.50
      t_159:    0.00 1777.50 2548.50 4326.00
      t_160:    0.00 1769.50 2553.50 4323.00
      t_161:    0.00 1777.50 2553.50 4331.00
      t_162:    0.00 1779.00 2556.00 4335.00
      t_163:    0.00 1778.50 2555.50 4334.00
      t_164:    0.00 1778.00 2555.50 4333.50
      t_165:    0.00 1777.50 2555.00 4332.50
      t_166:    0.00 1777.50 2555.00 4332.50
      t_167:    0.00 1777.50 2557.00 4334.50
      t_168:    0.00 1776.50 2555.50 4332.00
      t_169:    0.00 1778.00 2556.50 4334.50
      t_170:    0.00 1779.50 2557.50 4337.00
      t_171:    0.00 1777.50 2555.50 4333.00
      t_172:    0.00 1778.00 2554.00 4332.00
      t_173:    0.00 1777.50 2554.00 4331.50
      t_174:    0.00 1777.00 2555.00 4332.00
      t_175:    0.00 1777.50 2555.50 4333.00
      t_176:    0.00 1778.00 2556.00 4334.00
      t_177:    0.00 1777.50 2554.50 4332.00
      t_178:    0.00 1778.00 2554.00 4332.00
      t_179:    0.00 1778.00 2555.00 4333.00
      t_180:    0.00 1776.00 2552.50 4328.50
      t_181:    0.00 1093.00 2546.00 3639.00
      t_182:    0.00    0.00 2532.00 2532.00
      t_183:    0.00    0.00 2532.00 2532.00
      t_184:    0.00    0.00 2519.50 2519.50
      t_185:    0.00    0.00 2532.00 2532.00
      t_186:    0.00    0.00 2531.00 2531.00
      t_187:    0.00    0.00 2529.00 2529.00
      t_188:    0.00    0.00 2528.50 2528.50
      t_189:    0.00    0.00 2530.50 2530.50
      t_190:    0.00    0.00 2530.50 2530.50
      t_191:    0.00    0.00 2533.50 2533.50
      t_192:    0.00    0.00 2530.50 2530.50
      t_193:    0.00    0.00 2530.50 2530.50
      t_194:    0.00    0.00 2533.00 2533.00
      t_195:    0.00    0.00 2533.00 2533.00
      t_196:    0.00    0.00 2533.50 2533.50
      t_197:    0.00    0.00 2531.50 2531.50
      t_198:    0.00    0.00 2531.00 2531.00
      t_199:    0.00    0.00  878.00  878.00
      t_200:    0.00    0.00    0.00    0.00