        t_0: 3000.00 1500.00  500.00 5000.00
        t_1: 3000.50 1500.00  500.00 5000.50
        t_2: 3000.00 1500.50  500.00 5000.50
        t_3: 3000.00 1500.00  500.00 5000.00
        t_4: 3000.50 1500.00  500.00 5000.50
        t_5: 3000.50 1500.00  500.00 5000.50
        t_6: 3000.00 1500.50  500.00 5000.50
        t_7: 3000.00 1500.00  500.00 5000.00
        t_8: 3000.00 1500.00  500.00 5000.00
        t_9: 2986.50 1500.00  500.00 4986.50
       t_10:   12.50 1500.50  500.00 2013.00
       t_11:    0.00 1500.00  500.00 2000.00
       t_12:    0.00 1500.00  500.00 2000.00
       t_13:    0.00 1500.00  500.00 2000.00
       t_14:    0.00 1500.00  500.00 2000.00
       t_15:    0.00 1500.50  499.50 2000.00
       t_16:    0.00 1500.00  500.00 2000.00
       t_17: 1747.50 1500.00  500.00 3747.50
       t_18: 2996.50 1500.00  500.00 4996.50
       t_19: 3004.00 1500.00  500.00 5004.00
       t_20: 2999.50 1500.50  500.00 5000.00
       t_21: 3000.50 1500.00  500.00 5000.50
       t_22: 3000.50 1500.00  500.00 5000.50
       t_23: 2999.50 1500.00  500.00 4999.50
       t_24: 3001.00 1500.00  500.00 5001.00
       t_25: 3000.00 1500.50  500.00 5000.50
       t_26: 2998.50 1500.00  500.00 4998.50
       t_27: 1252.50 1500.00  500.00 3252.50
       t_28:    0.00 1500.50  500.00 2000.50
       t_29:    0.00 1500.00  500.00 2000.00
       t_30:    0.00 1500.00  500.00 2000.00
       t_31:    0.00 1500.00  500.00 2000.00
       t_32:    0.00 1500.50  500.00 2000.50
       t_33:    0.00 1500.00  500.00 2000.00
       t_34:  498.50 1499.50  500.00 2498.00
       t_35: 3000.50 1500.50  499.50 5000.50
       t_36: 3000.50 1500.00  500.00 5000.50
       t_37: 3000.00 1500.00  500.00 5000.00
       t_38: 3000.00 1500.00  500.00 5000.00
       t_39: 3000.50 1500.50  500.00 5001.00
       t_40: 2999.00 1500.00  500.00 4999.00
       t_41: 3001.50 1500.00  500.00 5001.50
       t_42: 3000.00 1500.00  500.00 5000.00
       t_43: 3000.00 1500.50  500.00 5000.50
       t_44: 2499.50 1500.00  500.00 4499.50
       t_45:    0.00 1500.00  500.00 2000.00
       t_46:    0.00 1500.50  500.00 2000.50
       t_47:    0.00 1500.00  500.00 2000.00
       t_48:    0.00 1500.00  500.00 2000.00
       t_49:    0.00 1500.00  500.00 2000.00
       t_50:    0.00 1500.00  500.00 2000.00
       t_51:    0.00 1500.50  500.00 2000.50
       t_52: 2250.00 1499.50  500.00 4249.50
       t_53: 3000.00 1500.00  500.00 5000.00
       t_54: 3000.00 1500.50  500.00 5000.50
       t_55: 3000.50 1500.00  500.00 5000.50
       t_56: 3000.50 1500.00  500.00 5000.50
       t_57: 3000.00 1500.50  499.50 5000.00
       t_58: 3000.50 1500.00  500.00 5000.50
       t_59: 3000.00 1500.00  500.00 5000.00
       t_60: 3000.50 1500.00  500.00 5000.50
       t_61: 3000.00 1500.50  500.00 5000.50
       t_62:  748.00 1500.00  500.00 2748.00
       t_63:    0.00 1500.00  500.00 2000.00
       t_64:    0.00 1500.00  500.00 2000.00
       t_65:    0.00 1500.50  500.00 2000.50
       t_66:    0.00 1500.00  500.00 2000.00
       t_67:    0.00 1500.00  500.00 2000.00
       t_68:    0.00 1500.00  500.00 2000.00
       t_69: 1001.00 1500.00  500.00 3001.00
       t_70: 3000.50 1500.00  500.00 5000.50
       t_71: 2999.50 1500.00  500.00 4999.50
       t_72: 3000.50 1500.50  500.00 5001.00
       t_73: 3000.50 1500.00  500.00 5000.50
       t_74: 3000.50 1500.00  500.00 5000.50
       t_75: 3000.00 1500.00  500.00 5000.00
       t_76: 3000.00 1500.50  500.00 5000.50
       t_77: 3000.50 1500.00  500.00 5000.50
       t_78: 3000.50 1500.00  499.50 5000.00
       t_79: 1996.50 1500.00  500.50 3997.00
       t_80:    0.00 1500.50  500.00 2000.50
       t_81:    0.00 1500.00  499.50 1999.50
       t_82:    0.00 1500.00  500.00 2000.00
       t_83:    0.00 1500.50  500.00 2000.50
       t_84:    0.00 1500.00  500.00 2000.00
       t_85:    0.00 1500.00  500.00 2000.00
       t_86:    0.00 1500.00  500.00 2000.00
       t_87: 2752.50 1500.00  500.00 4752.50
       t_88: 3000.00 1500.00  500.00 5000.00
       t_89: 3000.00 1500.50  500.00 5000.50
       t_90: 3000.00 1500.00  500.00 5000.00
       t_91: 3000.50 1500.00  500.00 5000.50
       t_92: 3000.50 1500.00  500.00 5000.50
       t_93: 3000.00 1500.00  500.00 5000.00
       t_94: 3000.00 1500.50  500.00 5000.50
       t_95: 3000.00 1500.00  500.00 5000.00
       t_96: 3000.50 1500.00  500.00 5000.50
       t_97:  246.00 1500.50  500.00 2246.50
       t_98:    0.00 1500.00  500.00 2000.00
       t_99:    0.00 1500.00  500.00 2000.00
      t_100:    0.00 1500.00  500.00 2000.00
      t_101:    0.00 1500.00  499.50 1999.50
      t_102:    0.00 1500.50  500.00 2000.50
      t_103:    0.00 1500.00  500.00 2000.00
      t_104: 1502.50 1500.00  500.00 3502.50
      t_105: 3001.00 1500.00  500.00 5001.00
      t_106: 3000.50 1500.00  500.00 5000.50
      t_107: 2999.50 1500.00  500.00 4999.50
      t_108: 3000.50 1500.50  500.00 5001.00
      t_109: 3000.50 1500.00  500.00 5000.50
      t_110: 3000.00 1500.00  500.00 5000.00
      t_111: 3000.50 1500.00  500.00 5000.50
      t_112: 3000.00 1500.00  500.00 5000.00
      t_113: 2967.50 1500.00  500.00 4967.50
      t_114: 1527.50 1500.50  500.00 3528.00
      t_115:    0.00 1500.50  500.00 2000.50
      t_116:    0.00 1500.00  500.00 2000.00
      t_117:    0.00 1500.00  500.00 2000.00
      t_118:    0.00 1500.00  500.00 2000.00
      t_119:    0.00 1500.00  500.00 2000.00
      t_120:    0.00 1500.50  500.00 2000.50
      t_121:  218.50 1499.50  499.50 2217.50
      t_122: 2986.00 1500.00  500.00 4986.00
      t_123: 3014.00 1500.50  500.00 5014.50
      t_124: 3000.00 1500.00  500.00 5000.00
      t_125: 3000.50 1500.00  500.00 5000.50
      t_126: 3000.00 1500.50  500.00 5000.50
      t_127: 3000.50 1500.00  500.00 5000.50
      t_128: 3000.50 1500.00  500.00 5000.50
      t_129: 3000.00 1500.00  500.00 5000.00
      t_130: 3000.00 1500.00  500.00 5000.00
      t_131: 2780.00 1500.50  500.00 4780.50
      t_132:    0.00 1500.00  500.00 2000.00
      t_133:    0.00  485.50  500.00  985.50
      t_134:    0.00    0.00  500.00  500.00
      t_135:    0.00    0.00  500.00  500.00
      t_136:    0.00    0.00  500.00  500.00
      t_137:    0.00    0.00  500.00  500.00
      t_138:    0.00    0.00  500.00  500.00
      t_139: 1970.00    0.00  500.00 2470.00
      t_140: 3000.50    0.00  500.00 3500.50
      t_141: 3000.00    0.00  500.00 3500.00
      t_142: 3000.00    0.00  500.00 3500.00
      t_143: 3000.00    0.00  500.00 3500.00
      t_144: 3000.50    0.00  500.00 3500.50
      t_145: 3000.50    0.00  499.50 3500.00
      t_146: 3000.00    0.00  500.00 3500.00
      t_147: 3000.50    0.00  500.00 3500.50
      t_148: 3000.00    0.00  500.00 3500.00
      t_149: 1028.00    0.00  500.00 1528.00
      t_150:    0.00    0.00  500.00  500.00
      t_151:    0.00    0.00  500.00  500.00
      t_152:    0.00    0.00  500.00  500.00
      t_153:    0.00    0.00  500.00  500.00
      t_154:    0.00    0.00  500.00  500.00
      t_155:    0.00    0.00  500.00  500.00
      t_156:  721.50    0.00  500.00 1221.50
      t_157: 3000.50    0.00  500.00 3500.50
      t_158: 3000.00    0.00  500.00 3500.00
      t_159: 3000.50    0.00  500.00 3500.50
      t_160: 3000.00    0.00  500.00 3500.00
      t_161: 3000.00    0.00  500.00 3500.00
      t_162: 3000.50    0.00  500.00 3500.50
      t_163: 3000.00    0.00  500.00 3500.00
      t_164: 3000.00    0.00  500.00 3500.00
      t_165: 3000.50    0.00  499.50 3500.00
      t_166: 2276.00    0.00  500.00 2776.00
      t_167:    0.00    0.00  500.00  500.00
      t_168:    0.00    0.00  500.00  500.00
      t_169:    0.00    0.00  500.00  500.00
      t_170:    0.00    0.00  500.00  500.00
      t_171:    0.00    0.00  500.00  500.00
      t_172:    0.00    0.00  500.00  500.00
      t_173:    0.00    0.00  500.00  500.00
      t_174:    0.00    0.00  500.00  500.00
      t_175:    0.00    0.00  500.00  500.00
      t_176:    0.00    0.00  500.00  500.00
      t_177:    0.00    0.00  500.00  500.00
      t_178:    0.00    0.00  500.00  500.00
      t_179:    0.00    0.00  500.00  500.00
      t_180:    0.00    0.00  500.00  500.00
      t_181:    0.00    0.00  500.00  500.00
      t_182:    0.00    0.00  500.00  500.00
      t_183:    0.00    0.00  500.00  500.00
      t_184:    0.00    0.00  500.00  500.00
      t_185:    0.00    0.00  499.50  499.50
      t_186:    0.00    0.00  500.50  500.50
      t_187:    0.00    0.00  499.50  499.50
      t_188:    0.00    0.00  500.00  500.00
      t_189:    0.00    0.00  500.00  500.00
      t_190:    0.00    0.00  500.00  500.00
      t_191:    0.00    0.00  500.00  500.00
      t_192:    0.00    0.00  500.00  500.00
      t_193:    0.00    0.00  500.00  500.00
      t_194:    0.00    0.00  500.00  500.00
      t_195:    0.00    0.00  500.00  500.00
      t_196:    0.00    0.00  500.00  500.00
      t_197:    0.00    0.00  500.00  500.00
      t_198:    0.00    0.00  500.00  500.00
      t_199:    0.00    0.00  500.00  500.00
      t_200:    0.00    0.00  500.00  500.00
      t_201:    0.00    0.00  500.00  500.00
      t_202:    0.00    0.00  500.00  500.00
      t_203:    0.00    0.00  500.00  500.00
      t_204:    0.00    0.00  500.00  500.00
      t_205:    0.00    0.00  500.00  500.00
      t_206:    0.00    0.00  500.00  500.00
      t_207:    0.00    0.00  499.50  499.50
      t_208:    0.00    0.00  500.00  500.00
      t_209:    0.00    0.00  500.00  500.00
      t_210:    0.00    0.00  500.00  500.00
      t_211:    0.00    0.00  500.00  500.00
      t_212:    0.00    0.00  500.00  500.00
      t_213:    0.00    0.00  500.00  500.00
      t_214:    0.00    0.00  500.00  500.00
      t_215:    0.00    0.00  500.00  500.00
      t_216:    0.00    0.00  500.00  500.00
      t_217:    0.00    0.00  500.00  500.00
      t_218:    0.00    0.00  500.00  500.00
      t_219:    0.00    0.00  500.00  500.00
      t_220:    0.00    0.00  500.00  500.00
      t_221:    0.00    0.00  500.00  500.00
      t_222:    0.00    0.00  500.00  500.00
      t_223:    0.00    0.00  500.00  500.00
      t_224:    0.00    0.00  500.00  500.00
      t_225:    0.00    0.00  500.00  500.00
      t_226:    0.00    0.00  500.00  500.00
      t_227:    0.00    0.00  500.00  500.00
      t_228:    0.00    0.00  499.50  499.50
      t_229:    0.00    0.00  500.00  500.00
      t_230:    0.00    0.00  500.00  500.00
      t_231:    0.00    0.00  500.00  500.00
      t_232:    0.00    0.00  500.00  500.00
      t_233:    0.00    0.00  500.00  500.00
      t_234:    0.00    0.00  500.00  500.00
      t_235:    0.00    0.00  500.00  500.00
      t_236:    0.00    0.00  500.00  500.00
      t_237:    0.00    0.00  500.00  500.00
      t_238:    0.00    0.00  500.00  500.00
      t_239:    0.00    0.00  500.00  500.00
      t_240:    0.00    0.00  500.00  500.00
      t_241:    0.00    0.00  500.00  500.00
      t_242:    0.00    0.00  500.00  500.00
      t_243:    0.00    0.00  500.00  500.00
      t_244:    0.00    0.00  500.00  500.00
      t_245:    0.00    0.00  500.00  500.00
      t_246:    0.00    0.00  500.00  500.00
      t_247:    0.00    0.00  500.00  500.00
      t_248:    0.00    0.00  500.00  500.00
      t_249:    0.00    0.00  499.50  499.50
      t_250:    0.00    0.00  500.00  500.00
      t_251:    0.00    0.00  500.00  500.00
      t_252:    0.00    0.00  500.00  500.00
      t_253:    0.00    0.00  500.00  500.00
      t_254:    0.00    0.00  500.00  500.00
      t_255:    0.00    0.00  500.00  500.00
      t_256:    0.00    0.00  500.00  500.00
      t_257:    0.00    0.00  500.00  500.00
      t_258:    0.00    0.00  500.00  500.00
      t_259:    0.00    0.00  500.00  500.00
      t_260:    0.00    0.00  500.00  500.00
      t_261:    0.00    0.00  500.00  500.00
      t_262:    0.00    0.00  500.00  500.00
      t_263:    0.00    0.00  500.00  500.00
      t_264:    0.00    0.00  500.00  500.00
      t_265:    0.00    0.00  500.00  500.00
      t_266:    0.00    0.00  500.00  500.00
      t_267:    0.00    0.00  500.00  500.00
      t_268:    0.00    0.00  500.00  500.00
      t_269:    0.00    0.00  500.00  500.00
      t_270:    0.00    0.00  500.00  500.00
      t_271:    0.00    0.00  500.00  500.00
      t_272:    0.00    0.00  499.50  499.50
      t_273:    0.00    0.00  500.00  500.00
      t_274:    0.00    0.00  500.00  500.00
      t_275:    0.00    0.00  500.00  500.00
      t_276:    0.00    0.00  500.00  500.00
      t_277:    0.00    0.00  500.00  500.00
      t_278:    0.00    0.00  500.00  500.00
      t_279:    0.00    0.00  500.00  500.00
      t_280:    0.00    0.00  500.00  500.00
      t_281:    0.00    0.00  500.00  500.00
      t_282:    0.00    0.00  500.00  500.00
      t_283:    0.00    0.00  500.00  500.00
      t_284:    0.00    0.00  500.00  500.00
      t_285:    0.00    0.00  500.00  500.00
      t_286:    0.00    0.00  500.00  500.00
      t_287:    0.00    0.00  500.00  500.00
      t_288:    0.00    0.00  500.00  500.00
      t_289:    0.00    0.00  500.00  500.00
      t_290:    0.00    0.00  500.00  500.00
      t_291:    0.00    0.00  500.00  500.00
      t_292:    0.00    0.00  500.00  500.00
      t_293:    0.00    0.00  499.50  499.50
      t_294:    0.00    0.00  500.00  500.00
      t_295:    0.00    0.00  500.00  500.00
      t_296:    0.00    0.00  500.00  500.00
      t_297:    0.00    0.00  500.00  500.00
      t_298:    0.00    0.00  500.00  500.00
      t_299:    0.00    0.00  500.00  500.00
      t_300:    0.00    0.00    7.00    7.00
      t_301:    0.00    0.00    0.00    0.00