        t_0: 1669.50 1669.50 1669.00 5008.00
        t_1: 1663.00 1662.50 1663.00 4988.50
        t_2: 1662.50 1663.00 1663.00 4988.50
        t_3: 1668.50 1668.00 1668.50 5005.00
        t_4: 1667.00 1668.00 1667.00 5002.00
        t_5: 1675.00 1675.00 1675.50 5025.50
        t_6: 1677.50 1677.00 1676.50 5031.00
        t_7: 1677.00 1677.50 1678.00 5032.50
        t_8: 1680.50 1680.50 1680.00 5041.00
        t_9: 1679.00 1679.00 1679.00 5037.00
       t_10: 1676.00 1675.50 1676.00 5027.50
       t_11: 1655.00 1655.00 1655.00 4965.00
       t_12: 1669.00 1669.00 1669.50 5007.50
       t_13: 1669.00 1669.00 1668.50 5006.50
       t_14: 1668.00 1668.50 1668.00 5004.50
       t_15: 1668.00 1667.50 1668.00 5003.50
       t_16: 1668.50 1668.50 1668.50 5005.50
       t_17: 1607.00 1661.00 1652.50 4920.50
       t_18:    0.00 1817.50 2164.50 3982.00
       t_19:    0.00 1779.50 2148.00 3927.50
       t_20:    0.00 1778.50 2144.00 3922.50
       t_21:    0.00 1781.00 2153.00 3934.00
       t_22:    0.00 1777.00 2165.00 3942.00
       t_23:    0.00 1781.00 2158.50 3939.50
       t_24:    0.00 1778.00 2157.00 3935.00
       t_25:  710.50 1783.50 2149.50 4643.50
       t_26: 1055.00 1786.50 2147.00 4988.50
       t_27:  755.00 1792.00 2438.00 4985.00
       t_28:  667.00 1790.00 2539.50 4996.50
       t_29:  660.50 1791.50 2536.00 4988.00
       t_30:  666.50 1790.00 2541.50 4998.00
       t_31:  658.00 1790.50 2543.50 4992.00
       t_32:  598.00 1792.00 2539.00 4929.00
       t_33:  614.50 1791.00 2533.00 4938.50
       t_34:  663.00 1791.00 2539.00 4993.00
       t_35:  653.00 1791.50 2541.50 4986.00
       t_36:  656.00 1791.00 2542.00 4989.00
       t_37:  662.50 1789.50 2536.00 4988.00
       t_38:  660.50 1795.50 2538.50 4994.50
       t_39:  665.00 1790.50 2538.00 4993.50
       t_40: 1044.50 1784.50 2150.50 4979.50
       t_41: 1603.00 1777.50 1603.00 4983.50
       t_42: 1605.00 1776.50 1605.50 4987.00
       t_43: 1602.50 1777.00 1602.50 4982.00
       t_44: 1604.50 1777.00 1604.50 4986.00
       t_45: 1612.00 1776.00 1612.00 5000.00
       t_46: 1612.50 1773.00 1612.50 4998.00
       t_47: 1602.00 1777.00 1601.50 4980.50
       t_48: 1601.50 1776.50 1601.50 4979.50
       t_49: 1599.50 1776.50 1599.50 4975.50
       t_50: 1606.00 1777.00 1606.00 4989.00
       t_51: 1604.00 1776.50 1604.00 4984.50
       t_52:  958.00 1779.50 1971.00 4708.50
       t_53:    0.00 1777.50 2556.00 4333.50
       t_54:    0.00 1777.50 2557.00 4334.50
       t_55:    0.00 1776.00 2551.50 4327.50
       t_56:    0.00 1777.50 2554.00 4331.50
       t_57:    0.00 1776.50 2558.50 4335.00
       t_58:    0.00 1777.50 2556.50 4334.00
       t_59:   38.00 1778.00 2554.00 4370.00
       t_60:  662.00 1795.00 2537.00 4994.00
       t_61:  647.50 1796.50 2539.50 4983.50
       t_62:  657.50 1795.00 2541.00 4993.50
       t_63:  664.50 1795.50 2525.00 4985.00
       t_64:  649.50 1796.00 2541.50 4987.00
       t_65:  665.50 1792.00 2541.00 4998.50
       t_66:  672.00 1790.50 2540.00 5002.50
       t_67:  671.50 1790.50 2534.50 4996.50
       t_68:  667.00 1795.50 2538.00 5000.50
       t_69:  665.00 1794.00 2534.50 4993.50
       t_70:  656.00 1793.00 2542.50 4991.50
       t_71: 3135.50 1778.00   86.50 5000.00
       t_72: 3222.00 1778.00    0.00 5000.00
       t_73: 3221.00 1777.50    0.00 4998.50
       t_74: 3225.50 1771.00    0.00 4996.50
       t_75: 3209.00 1776.50    0.00 4985.50
       t_76: 3211.50 1776.00    0.00 4987.50
       t_77: 3210.00 1776.50    0.00 4986.50
       t_78:  249.50 1782.00    0.00 2031.50
       t_79:    0.00 1777.50    0.00 1777.50
       t_80:    0.00 1777.50    0.00 1777.50
       t_81:    0.00 1778.00    0.00 1778.00
       t_82:    0.00 1777.50    0.00 1777.50
       t_83:    0.00 1778.00    0.00 1778.00
       t_84:    0.00 1777.00    0.00 1777.00
       t_85: 1550.50 1782.00    0.00 3332.50
       t_86: 3198.00 1777.50    0.00 4975.50
       t_87: 3197.50 1776.50    0.00 4974.00
       t_88: 3199.50 1777.00    0.00 4976.50
       t_89: 3194.50 1777.50    0.00 4972.00
       t_90: 3202.00 1777.50    0.00 4979.50
       t_91: 3205.50 1777.50    0.00 4983.00
       t_92: 3210.50 1778.00    0.00 4988.50
       t_93: 3219.50 1777.50    0.00 4997.00
       t_94: 2822.50 1780.50    0.00 4603.00
       t_95:    0.00 1777.50    0.00 1777.50
       t_96:    0.00 1778.00    0.00 1778.00
       t_97:    0.00 1777.50    0.00 1777.50
       t_98:    0.00 1777.50    0.00 1777.50
       t_99:    0.00 1778.00    0.00 1778.00
      t_100:    0.00 1777.00    0.00 1777.00
      t_101:    0.00 1778.00    0.00 1778.00
      t_102: 2244.50 1776.50    0.00 4021.00
      t_103: 3211.50 1776.50    0.00 4988.00
      t_104: 3214.50 1777.50    0.00 4992.00
      t_105: 3210.00 1776.00    0.00 4986.00
      t_106: 3206.00 1777.50    0.00 4983.50
      t_107: 3211.00 1777.00    0.00 4988.00
      t_108: 3212.00 1777.50    0.00 4989.50
      t_109: 3215.00 1776.50    0.00 4991.50
      t_110: 3214.50 1777.00    0.00 4991.50
      t_111: 2061.00 1781.50    0.00 3842.50
      t_112:    0.00 1778.00    0.00 1778.00
      t_113:    0.00  661.50    0.00  661.50
      t_114:    0.00    0.00    0.00    0.00
      t_115:    0.00    0.00    0.00    0.00
      t_116:    0.00    0.00    0.00    0.00
      t_117:    0.00    0.00    0.00    0.00
      t_118:    0.00    0.00    0.00    0.00
      t_119: 4768.00    0.00    0.00 4768.00
      t_120: 5050.50    0.00    0.00 5050.50
      t_121: 5043.00    0.00    0.00 5043.00
      t_122: 5031.00    0.00    0.00 5031.00
      t_123: 5083.00    0.00    0.00 5083.00
      t_124: 5024.50    0.00    0.00 5024.50
      t_125:    0.00    0.00    0.00    0.00
      t_126:    0.00    0.00    0.00    0.00
      t_127:    0.00    0.00    0.00    0.00
      t_128:    0.00    0.00    0.00    0.00
      t_129:    0.00    0.00    0.00    0.00
      t_130:    0.00    0.00    0.00    0.00
      t_131:    0.00    0.00    0.00    0.00
      t_132: 2498.00    0.00    0.00 2498.00
      t_133: 4924.50    0.00    0.00 4924.50
      t_134: 5025.00    0.00    0.00 5025.00
      t_135: 4991.50    0.00    0.00 4991.50
      t_136: 5053.50    0.00    0.00 5053.50
      t_137: 5078.50    0.00    0.00 5078.50
      t_138: 2429.00    0.00    0.00 2429.00
      t_139:    0.00    0.00    0.00    0.00
      t_140:    0.00    0.00    0.00    0.00
      t_141:    0.00    0.00    0.00    0.00
      t_142:    0.00    0.00    0.00    0.00
      t_143:    0.00    0.00    0.00    0.00
      t_144:    0.00    0.00    0.00    0.00
      t_145:   71.50    0.00    0.00   71.50
      t_146: 5012.50    0.00    0.00 5012.50
      t_147: 5060.00    0.00    0.00 5060.00
      t_148: 5023.00    0.00    0.00 5023.00
      t_149: 5013.00    0.00    0.00 5013.00
      t_150: 4994.00    0.00    0.00 4994.00
      t_151: 4826.00    0.00    0.00 4826.00
      t_152:    0.00    0.00    0.00    0.00
      t_153:    0.00    0.00    0.00    0.00
      t_154:    0.00    0.00    0.00    0.00
      t_155:    0.00    0.00    0.00    0.00
      t_156:    0.00    0.00    0.00    0.00
      t_157:    0.00    0.00    0.00    0.00
      t_158:    0.00    0.00    0.00    0.00
      t_159: 2546.50    0.00    0.00 2546.50
      t_160: 4929.50    0.00    0.00 4929.50
      t_161: 4975.00    0.00    0.00 4975.00
      t_162: 5025.50    0.00    0.00 5025.50
      t_163: 4868.00    0.00    0.00 4868.00
      t_164: 5039.50    0.00    0.00 5039.50
      t_165: 2616.00    0.00    0.00 2616.00
      t_166:    0.00    0.00    0.00    0.00
      t_167:    0.00    0.00    0.00    0.00
      t_168:    0.00    0.00    0.00    0.00
      t_169:    0.00    0.00    0.00    0.00
      t_170:    0.00    0.00    0.00    0.00
      t_171:    0.00    0.00    0.00    0.00
      t_172:    0.00    0.00    0.00    0.00
      t_173: 4889.00    0.00    0.00 4889.00
      t_174: 4876.00    0.00    0.00 4876.00
      t_175: 4875.00    0.00    0.00 4875.00
      t_176: 5037.00    0.00    0.00 5037.00
      t_177: 5068.50    0.00    0.00 5068.50
      t_178: 5013.50    0.00    0.00 5013.50
      t_179:  240.50    0.00    0.00  240.50
      t_180:    0.00    0.00    0.00    0.00