        t_0: 3803.00 1200.50    0.00 5003.50
        t_1: 3847.00 1200.00    0.00 5047.00
        t_2: 3849.00 1200.00    0.00 5049.00
        t_3: 3835.50 1200.00    0.00 5035.50
        t_4: 3821.00 1200.50    0.00 5021.50
        t_5: 3848.00 1200.00    0.00 5048.00
        t_6: 3831.00 1200.00    0.00 5031.00
        t_7: 3165.50 1349.00  384.50 4899.00
        t_8:    0.00 1781.00 2485.00 4266.00
        t_9:    0.00 1778.50 2495.50 4274.00
       t_10:    0.00 1777.00 2555.50 4332.50
       t_11:    0.00 1778.00 2558.00 4336.00
       t_12:    0.00 1776.50 2561.00 4337.50
       t_13:    0.00 1776.00 2530.50 4306.50
       t_14:    0.00 1776.50 2417.50 4194.00
       t_15: 2823.00 1353.00  634.00 4810.00
       t_16: 3841.50 1200.00    0.00 5041.50
       t_17: 3836.50 1200.00    0.00 5036.50
       t_18: 3841.50 1200.00    0.00 5041.50
       t_19: 3858.00 1200.00    0.00 5058.00
       t_20: 3838.50 1200.50    0.00 5039.00
       t_21: 3826.50 1200.00    0.00 5026.50
       t_22: 3822.00 1200.00    0.00 5022.00
       t_23:  312.50 1780.00 2182.00 4274.50
       t_24:    0.00 1776.50 2427.00 4203.50
       t_25:    0.00 1784.00 2418.00 4202.00
       t_26:    0.00 1780.50 2420.50 4201.00
       t_27:    0.00 1777.00 2369.50 4146.50
       t_28:    0.00 1777.50 2166.00 3943.50
       t_29:    0.00 1778.50 2164.50 3943.00
       t_30: 1863.00 1497.50 1121.00 4481.50
       t_31: 3865.00 1200.00    0.00 5065.00
       t_32: 3829.50 1200.00    0.00 5029.50
       t_33: 3821.50 1200.00    0.00 5021.50
       t_34: 3819.00 1200.00    0.00 5019.00
       t_35: 3835.50 1200.50    0.00 5036.00
       t_36: 3836.00 1200.00    0.00 5036.00
       t_37: 3831.50 1200.00    0.00 5031.50
       t_38: 1299.00 1630.50 1393.50 4323.00
       t_39:    0.00 1776.00 2166.50 3942.50
       t_40:    0.00 1778.00 2166.50 3944.50
       t_41:    0.00 1778.50 2168.00 3946.50
       t_42:    0.00 1776.00 2164.50 3940.50
       t_43:    0.00 1777.00 2165.50 3942.50
       t_44:    0.00 1772.00 2215.50 3987.50
       t_45:  876.50 1645.50 1984.00 4506.00
       t_46: 3876.50 1200.50    0.00 5077.00
       t_47: 3885.00 1200.00    0.00 5085.00
       t_48: 3861.50 1200.00    0.00 5061.50
       t_49: 3836.50 1200.00    0.00 5036.50
       t_50: 3864.50 1200.00    0.00 5064.50
       t_51: 3870.50 1200.00    0.00 5070.50
       t_52: 3870.50 1200.00    0.00 5070.50
       t_53: 2058.50 1518.50 1153.50 4730.50
       t_54:    0.00 1776.00 2555.00 4331.00
       t_55:    0.00 1776.50 2559.50 4336.00
       t_56:    0.00 1776.00 2556.00 4332.00
       t_57:    0.00 1776.00 2557.50 4333.50
       t_58:    0.00 1776.00 2554.00 4330.00
       t_59:    0.00 1777.50 2557.00 4334.50
       t_60:  127.00 1757.00 2476.00 4360.00
       t_61: 3888.50 1200.50    0.00 5089.00
       t_62: 3872.50 1200.00    0.00 5072.50
       t_63: 3862.00 1200.00    0.00 5062.00
       t_64: 3823.00 1200.00    0.00 5023.00
       t_65: 3823.00 1200.00    0.00 5023.00
       t_66: 3819.00 1200.50    0.00 5019.50
       t_67: 3826.50 1200.00    0.00 5026.50
       t_68: 2958.50 1381.00  539.50 4879.00
       t_69:    0.00 1775.50 2562.50 4338.00
       t_70:    0.00 1776.50 2560.00 4336.50
       t_71:    0.00 1775.50 2560.00 4335.50
       t_72:    0.00 1775.00 2563.00 4338.00
       t_73:    0.00 1775.50 2567.50 4343.00
       t_74:    0.00 1775.00 2566.00 4341.00
       t_75:    0.00 1773.50 2582.00 4355.50
       t_76: 3072.50 1319.00  528.50 4920.00
       t_77: 3871.00 1200.50    0.00 5071.50
       t_78: 3861.00 1200.00    0.00 5061.00
       t_79: 3861.50 1200.00    0.00 5061.50
       t_80: 3861.50 1200.00    0.00 5061.50
       t_81: 3851.00 1200.00    0.00 5051.00
       t_82: 3854.50 1200.00    0.00 5054.50
       t_83: 3767.00 1262.00    8.50 5037.50
       t_84:    0.00 1776.50 2558.00 4334.50
       t_85:    0.00 1778.00 2557.50 4335.50
       t_86:    0.00 1778.00 2551.50 4329.50
       t_87:    0.00 1777.50 2558.50 4336.00
       t_88:    0.00 1773.00 2557.00 4330.00
       t_89:    0.00 1776.50 2558.00 4334.50
       t_90:    0.00 1778.50 2556.50 4335.00
       t_91: 2270.00 1438.50 1059.50 4768.00
       t_92: 3860.00 1200.00    0.00 5060.00
       t_93: 3848.50 1200.00    0.00 5048.50
       t_94: 3855.00 1200.00    0.00 5055.00
       t_95: 3816.50 1200.00    0.00 5016.50
       t_96: 3809.00 1200.50    0.00 5009.50
       t_97: 3834.50 1200.00    0.00 5034.50
       t_98: 3871.00 1200.00    0.00 5071.00
       t_99:  835.50 1700.50 1965.00 4501.00
      t_100:    0.00 1776.00 2562.00 4338.00
      t_101:    0.00 1776.50 2566.00 4342.50
      t_102:    0.00 1775.00 2575.00 4350.00
      t_103:    0.00 1777.00 2566.00 4343.00
      t_104:    0.00 1777.00 2558.00 4335.00
      t_105:    0.00 1778.00 2559.00 4337.00
      t_106: 1324.00 1574.00 1672.50 4570.50
      t_107: 3853.50 1200.00    0.00 5053.50
      t_108: 3857.50 1200.00    0.00 5057.50
      t_109: 3840.50 1200.00    0.00 5040.50
      t_110: 3866.50 1200.50    0.00 5067.00
      t_111: 3858.50 1200.00    0.00 5058.50
      t_112: 3854.00 1200.00    0.00 5054.00
      t_113: 3844.00 1200.00    0.00 5044.00
      t_114: 1701.50 1571.00 1380.50 4653.00
      t_115:    0.00 1777.00 2547.00 4324.00
      t_116:    0.00 1778.00 2556.00 4334.00
      t_117:    0.00 1777.50 2554.50 4332.00
      t_118:    0.00 1776.50 2563.00 4339.50
      t_119:    0.00 1776.00 2555.00 4331.00
      t_120:    0.00 1776.00 2562.00 4338.00
      t_121:  476.50 1704.50 2239.50 4420.50
      t_122: 3874.00 1200.00    0.00 5074.00
      t_123: 3857.00 1200.00    0.00 5057.00
      t_124: 3812.50 1200.00    0.00 5012.50
      t_125: 3858.50 1200.50    0.00 5059.00
      t_126: 3801.50 1200.00    0.00 5001.50
      t_127: 3828.00 1200.00    0.00 5028.00
      t_128: 3853.00 1200.00    0.00 5053.00
      t_129: 2639.00 1429.50  764.00 4832.50
      t_130:    0.00 1775.00 1978.50 3753.50
      t_131:    0.00 1776.50    0.00 1776.50
      t_132:    0.00 1775.50    0.00 1775.50
      t_133:    0.00 1775.50    0.00 1775.50
      t_134:    0.00 1777.00    0.00 1777.00
      t_135:    0.00  186.00    0.00  186.00
      t_136:    0.00    0.00    0.00    0.00
      t_137: 4349.50    0.00    0.00 4349.50
      t_138: 4860.50    0.00    0.00 4860.50
      t_139: 4870.50    0.00    0.00 4870.50
      t_140: 4949.50    0.00    0.00 4949.50
      t_141: 5037.50    0.00    0.00 5037.50
      t_142: 4891.00    0.00    0.00 4891.00
      t_143: 1041.00    0.00    0.00 1041.00
      t_144:    0.00    0.00    0.00    0.00