        t_0: 2999.50 1200.50  869.00 5069.00
        t_1: 3000.50 1200.00  877.50 5078.00
        t_2: 3000.00 1200.00  886.50 5086.50
        t_3: 3000.00 1200.50  847.00 5047.50
        t_4: 3000.00 1200.00  864.00 5064.00
        t_5: 3000.50 1200.00  861.50 5062.00
        t_6: 3000.00 1200.00  862.00 5062.00
        t_7: 3000.50 1200.00  855.00 5055.50
        t_8: 3000.50 1200.00  834.50 5035.00
        t_9: 2997.50 1200.50  867.00 5065.00
       t_10:    0.00 1828.00 2555.00 4383.00
       t_11:    0.00 1778.00 2558.00 4336.00
       t_12:    0.00 1779.00 2488.50 4267.50
       t_13:    0.00 1778.00 2422.00 4200.00
       t_14:    0.00 1778.00 2421.00 4199.00
       t_15:    0.00 1778.50 2423.50 4202.00
       t_16:    0.00 1776.50 2427.50 4204.00
       t_17: 1752.00 1780.00 1155.50 4687.50
       t_18: 3000.00 1499.00  515.00 5014.00
       t_19: 3000.00 1200.50  849.50 5050.00
       t_20: 3000.50 1200.00  848.50 5049.00
       t_21: 3000.00 1200.00  880.00 5080.00
       t_22: 3000.50 1200.00  810.00 5010.50
       t_23: 3000.00 1200.50  829.00 5029.50
       t_24: 3000.50 1200.00  884.00 5084.50
       t_25: 3000.00 1200.00  897.00 5097.00
       t_26: 3000.50 1200.00  861.00 5061.50
       t_27: 1246.00 1587.50 1626.50 4460.00
       t_28:    0.00 1775.50 2165.00 3940.50
       t_29:    0.00 1777.50 2165.00 3942.50
       t_30:    0.00 1777.50 2165.50 3943.00
       t_31:    0.00 1777.00 2164.50 3941.50
       t_32:    0.00 1778.50 2165.00 3943.50
       t_33:    0.00 1778.00 2164.00 3942.00
       t_34:  503.50 1681.00 2107.00 4291.50
       t_35: 3000.00 1200.00  845.50 5045.50
       t_36: 3000.50 1200.00  850.50 5051.00
       t_37: 3000.00 1200.00  861.00 5061.00
       t_38: 3000.00 1200.00  878.00 5078.00
       t_39: 3000.00 1200.50  852.50 5053.00
       t_40: 3000.50 1200.00  889.50 5090.00
       t_41: 3000.00 1200.00  878.50 5078.50
       t_42: 3000.50 1200.00  845.00 5045.50
       t_43: 3000.50 1200.00  841.50 5042.00
       t_44: 2494.50 1348.50 1105.50 4948.50
       t_45:    0.00 1777.50 2556.00 4333.50
       t_46:    0.00 1772.50 2555.50 4328.00
       t_47:    0.00 1778.50 2550.50 4329.00
       t_48:    0.00 1778.00 2555.00 4333.00
       t_49:    0.00 1778.50 2556.50 4335.00
       t_50:    0.00 1785.50 2570.50 4356.00
       t_51:    0.00 1779.50 2558.50 4338.00
       t_52: 2255.00 1781.50  816.00 4852.50
       t_53: 3000.50 1591.00  435.50 5027.00
       t_54: 3000.00 1200.00  885.50 5085.50
       t_55: 3000.00 1200.00  890.00 5090.00
       t_56: 3000.50 1200.50  867.50 5068.50
       t_57: 3000.00 1200.00  870.00 5070.00
       t_58: 3000.00 1200.00  889.50 5089.50
       t_59: 3000.50 1200.00  874.50 5075.00
       t_60: 3000.50 1200.00  878.50 5079.00
       t_61: 3000.00 1200.00  868.50 5068.50
       t_62:  743.00 1685.00 2135.50 4563.50
       t_63:    0.00 1778.00 2557.50 4335.50
       t_64:    0.00 1778.50 2556.50 4335.00
       t_65:    0.00 1778.00 2556.50 4334.50
       t_66:    0.00 1779.00 2558.00 4337.00
       t_67:    0.00 1777.50 2557.50 4335.00
       t_68:    0.00 1779.00 2558.00 4337.00
       t_69: 1006.00 1779.50 1788.00 4573.50
       t_70: 3000.50 1786.50  224.00 5011.00
       t_71: 3000.00 1531.50  511.50 5043.00
       t_72: 3000.50 1200.00  876.00 5076.50
       t_73: 3000.00 1200.50  885.00 5085.50
       t_74: 3000.50 1200.00  883.00 5083.50
       t_75: 3000.00 1200.00  890.00 5090.00
       t_76: 3000.50 1200.00  887.00 5087.50
       t_77: 3000.00 1200.00  891.00 5091.00
       t_78: 3000.00 1200.00  891.00 5091.00
       t_79: 1992.00 1445.00 1445.00 4882.00
       t_80:    0.00 1778.00 2556.50 4334.50
       t_81:    0.00 1778.50 2558.00 4336.50
       t_82:    0.00 1777.50 2556.00 4333.50
       t_83:    0.00 1778.00 2556.00 4334.00
       t_84:    0.00 1777.00 2555.50 4332.50
       t_85:    0.00 1774.00 2568.50 4342.50
       t_86:    0.00 1776.50 2551.00 4327.50
       t_87: 2758.00 1785.00  409.00 4952.00
       t_88: 3000.00 1778.50  228.00 5006.50
       t_89: 3000.50 1276.00  794.50 5071.00
       t_90: 3000.00 1200.50  883.50 5084.00
       t_91: 3000.50 1200.00  874.50 5075.00
       t_92: 3000.00 1200.00  883.50 5083.50
       t_93: 3000.00 1200.00  895.50 5095.50
       t_94: 3000.50 1200.00  866.00 5066.50
       t_95: 3000.00 1200.00  899.00 5099.00
       t_96: 3000.00 1200.50  868.00 5068.50
       t_97:  240.50 1780.50 2421.00 4442.00
       t_98:    0.00 1778.00 2552.50 4330.50
       t_99:    0.00 1778.00 2555.50 4333.50
      t_100:    0.00 1778.00 2555.00 4333.00
      t_101:    0.00 1778.00  565.00 2343.00
      t_102:    0.00 1778.00    0.00 1778.00
      t_103:    0.00 1777.50    0.00 1777.50
      t_104: 1621.50 1780.50    0.00 3402.00
      t_105: 3226.50 1787.50    0.00 5014.00
      t_106: 3237.50 1782.00    0.00 5019.50
      t_107: 3220.50 1785.00    0.00 5005.50
      t_108: 3216.00 1789.50    0.00 5005.50
      t_109: 3215.50 1787.50    0.00 5003.00
      t_110: 3214.50 1788.00    0.00 5002.50
      t_111: 3237.00 1784.50    0.00 5021.50
      t_112: 3243.50 1782.00    0.00 5025.50
      t_113: 2567.50 1784.00    0.00 4351.50
      t_114:    0.00 1779.00    0.00 1779.00
      t_115:    0.00 1778.50    0.00 1778.50
      t_116:    0.00 1778.00    0.00 1778.00
      t_117:    0.00 1779.00    0.00 1779.00
      t_118:    0.00 1778.00    0.00 1778.00
      t_119:    0.00 1777.50    0.00 1777.50
      t_120:    0.00 1778.00    0.00 1778.00
      t_121: 2575.00 1782.00    0.00 4357.00
      t_122: 3252.50 1783.00    0.00 5035.50
      t_123: 3254.00 1784.00    0.00 5038.00
      t_124: 3241.50 1782.50    0.00 5024.00
      t_125: 3244.00 1783.00    0.00 5027.00
      t_126: 3238.00 1784.00    0.00 5022.00
      t_127: 3225.50 1782.00    0.00 5007.50
      t_128: 3219.50 1786.00    0.00 5005.50
      t_129: 3907.50 1127.00    0.00 5034.50
      t_130:  842.50    0.00    0.00  842.50
      t_131:    0.00    0.00    0.00    0.00
      t_132:    0.00    0.00    0.00    0.00
      t_133:    0.00    0.00    0.00    0.00
      t_134:    0.00    0.00    0.00    0.00
      t_135:    0.00    0.00    0.00    0.00
      t_136:    0.00    0.00    0.00    0.00
      t_137: 1910.00    0.00    0.00 1910.00
      t_138: 5027.00    0.00    0.00 5027.00
      t_139: 4997.00    0.00    0.00 4997.00
      t_140: 4966.00    0.00    0.00 4966.00
      t_141: 4878.00    0.00    0.00 4878.00
      t_142: 5042.50    0.00    0.00 5042.50
      t_143: 3179.50    0.00    0.00 3179.50
      t_144:    0.00    0.00    0.00    0.00
      t_145:    0.00    0.00    0.00    0.00
      t_146:    0.00    0.00    0.00    0.00
      t_147:    0.00    0.00    0.00    0.00
      t_148:    0.00    0.00    0.00    0.00
      t_149:    0.00    0.00    0.00    0.00
      t_150:    0.00    0.00    0.00    0.00
      t_151: 4220.00    0.00    0.00 4220.00
      t_152: 5060.00    0.00    0.00 5060.00
      t_153: 5097.00    0.00    0.00 5097.00
      t_154: 5014.50    0.00    0.00 5014.50
      t_155: 5088.50    0.00    0.00 5088.50
      t_156: 4878.00    0.00    0.00 4878.00
      t_157:  641.50    0.00    0.00  641.50
      t_158:    0.00    0.00    0.00    0.00
