[root@k8s-workder136 dmclock]# ./build/sim/dmc_sim -c sim/631_test/dmc_sim_rl_test.conf
[global]
server_groups = 1
client_groups = 3
server_random_selection = 1
server_soft_limit = 0
anticipation_timeout = 0.000

[client.0]
client_count = 1
client_wait = 0
client_total_ops = 600000
client_server_select_range = 10
client_iops_goal = 7000
client_outstanding_ops = 500
client_reservation = 3000.0
client_limit = 5000.0
client_weight = 1.0

[client.1]
client_count = 1
client_wait = 0
client_total_ops = 400000
client_server_select_range = 10
client_iops_goal = 2000
client_outstanding_ops = 100
client_reservation = 1200.0
client_limit = 1500.0
client_weight = 1.0

[client.2]
client_count = 1
client_wait = 0
client_total_ops = 300000
client_server_select_range = 20
client_iops_goal = 3000
client_outstanding_ops = 5
client_reservation = 0.0
client_limit = 500.0
client_weight = 1.0

[server.0]
server_count = 1
server_iops = 8000
server_threads = 1

simulation started
simulation completed in 600028 millisecs
==== Client Data ====
     client:       0       1       2  total
        t_0: 3052.00 1500.00  499.50 5051.50
        t_1: 3068.50 1500.00  500.50 5069.00
        t_2: 3061.50 1500.00  499.50 5061.00
        t_3: 3022.50 1485.00  500.00 5007.50
        t_4: 3000.00 1468.50  500.50 4969.00
        t_5: 3000.50 1502.50  499.50 5002.50
        t_6: 3000.00 1504.50  500.00 5004.50
        t_7: 3007.50 1528.50  500.00 5036.00
        t_8: 3024.00 1499.50  500.50 5024.00
        t_9: 2763.50 1501.00  500.00 4764.50
       t_10:    0.00 1500.00  500.00 2000.00
       t_11:    0.00 1500.50  500.00 2000.50
       t_12:    0.00 1500.00  500.00 2000.00
       t_13:    0.00 1500.50  499.50 2000.00
       t_14:    0.00 1500.00  500.00 2000.00
       t_15:    0.00 1500.00  500.00 2000.00
       t_16:    0.00 1500.00  500.00 2000.00
       t_17: 2020.50 1500.00  500.00 4020.50
       t_18: 3041.50 1491.00  499.50 5032.00
       t_19: 3000.00 1481.50  500.50 4982.00
       t_20: 3000.50 1523.00  500.00 5023.50
       t_21: 3022.50 1504.50  500.00 5027.00
       t_22: 3016.00 1500.00  499.50 5015.50
       t_23: 3020.50 1500.00  500.50 5021.00
       t_24: 3020.50 1500.00  500.00 5020.50
       t_25: 3023.00 1500.50  499.50 5023.00
       t_26: 3027.50 1500.00  500.50 5028.00
       t_27:  807.50 1500.50  500.00 2808.00
       t_28:    0.00 1500.00  500.00 2000.00
       t_29:    0.00 1500.00  500.00 2000.00
       t_30:    0.00 1500.50  500.00 2000.50
       t_31:    0.00 1500.00  500.00 2000.00
       t_32:    0.00 1500.00  500.00 2000.00
       t_33:    0.00 1500.00  500.00 2000.00
       t_34:  960.50 1500.00  499.50 2960.00
       t_35: 3029.50 1500.00  500.00 5029.50
       t_36: 3048.00 1500.00  500.00 5048.00
       t_37: 3049.00 1500.00  500.00 5049.00
       t_38: 3003.50 1482.00  500.00 4985.50
       t_39: 3000.00 1508.00  500.00 5008.00
       t_40: 3034.50 1510.50  500.00 5045.00
       t_41: 3041.50 1500.00  500.00 5041.50
       t_42: 3050.50 1500.00  500.00 5050.50
       t_43: 3039.00 1500.50  499.50 5039.00
       t_44: 1744.00 1500.50  500.50 3745.00
       t_45:    0.00 1500.00  500.00 2000.00
       t_46:    0.00 1500.00  500.00 2000.00
       t_47:    0.00 1500.50  500.00 2000.50
       t_48:    0.00 1500.00  500.00 2000.00
       t_49:    0.00 1500.00  500.00 2000.00
       t_50:    0.00 1500.00  500.00 2000.00
       t_51:   25.00 1499.50  499.50 2024.00
       t_52: 3056.50 1500.50  500.00 5057.00
       t_53: 3049.50 1500.00  500.00 5049.50
       t_54: 3049.50 1500.00  500.50 5050.00
       t_55: 3045.50 1500.50  499.50 5045.50
       t_56: 3034.00 1500.00  500.00 5034.00
       t_57: 3028.00 1484.50  500.00 5012.50
       t_58: 3001.00 1515.50  500.00 5016.50
       t_59: 3035.00 1500.00  500.00 5035.00
       t_60: 3031.50 1500.00  500.00 5031.50
       t_61: 2644.50 1501.00  500.00 4645.50
       t_62:    0.00 1500.00  500.00 2000.00
       t_63:    0.00 1500.00  500.00 2000.00
       t_64:    0.00 1500.00  500.00 2000.00
       t_65:    0.00 1500.50  500.00 2000.50
       t_66:    0.00 1500.00  500.00 2000.00
       t_67:    0.00 1500.00  500.00 2000.00
       t_68:    0.00 1500.00  500.00 2000.00
       t_69: 2150.00 1500.00  499.50 4149.50
       t_70: 3039.00 1500.00  500.00 5039.00
       t_71: 3061.00 1499.50  500.50 5061.00
       t_72: 3059.00 1500.50  499.50 5059.00
       t_73: 3059.50 1500.50  500.00 5060.00
       t_74: 3038.00 1500.00  500.00 5038.00
       t_75: 3052.50 1500.00  500.00 5052.50
       t_76: 3008.00 1490.50  500.00 4998.50
       t_77: 3000.50 1489.50  500.00 4990.00
       t_78: 3030.50 1520.50  500.00 5051.00
       t_79:  502.00 1500.00  500.00 2502.00
       t_80:    0.00 1500.50  500.00 2000.50
       t_81:    0.00 1500.00  500.00 2000.00
       t_82:    0.00 1500.50  500.00 2000.50
       t_83:    0.00 1500.00  500.00 2000.00
       t_84:    0.00 1500.00  500.00 2000.00
       t_85:    0.00 1500.00  500.00 2000.00
       t_86: 1285.00 1499.50  500.00 3284.50
       t_87: 3058.00 1500.50  500.00 5058.50
       t_88: 3051.00 1499.50  500.00 5050.50
       t_89: 3050.50 1500.00  500.00 5050.50
       t_90: 3045.50 1501.00  499.50 5046.00
       t_91: 3050.00 1499.50  500.00 5049.50
       t_92: 3047.00 1500.00  500.50 5047.50
       t_93: 3053.50 1500.00  500.00 5053.50
       t_94: 3042.50 1500.50  499.50 5042.50
       t_95: 3014.00 1499.50  500.50 5014.00
       t_96: 1303.00 1501.00  500.00 3304.00
       t_97:    0.00 1500.00  500.00 2000.00
       t_98:    0.00 1500.00  500.00 2000.00
       t_99:    0.00 1500.50  499.50 2000.00
      t_100:    0.00 1500.00  500.50 2000.50
      t_101:    0.00 1500.00  499.50 1999.50
      t_102:    0.00 1500.00  500.00 2000.00
      t_103:  463.00 1496.00  500.00 2459.00
      t_104: 3000.50 1458.50  499.50 4958.50
      t_105: 3000.00 1516.00  500.50 5016.50
      t_106: 3000.50 1508.00  500.00 5008.50
      t_107: 3015.50 1515.00  499.50 5030.00
      t_108: 3020.00 1500.00  500.00 5020.00
      t_109: 3040.00 1499.50  500.50 5040.00
      t_110: 3013.50 1500.50  500.00 5014.00
      t_111: 3022.50 1500.00  499.50 5022.00
      t_112: 3029.00 1500.00  500.50 5029.50
      t_113: 2395.50 1500.50  500.00 4396.00
      t_114:    0.00 1500.00  500.00 2000.00
      t_115:    0.00 1500.50  500.00 2000.50
      t_116:    0.00 1500.50  500.00 2000.50
      t_117:    0.00 1499.50  500.00 1999.50
      t_118:    0.00 1500.50  500.00 2000.50
      t_119:    0.00 1500.00  500.00 2000.00
      t_120:    0.00 1500.00  500.00 2000.00
      t_121: 2399.00 1499.50  499.50 4398.00
      t_122: 3047.50 1500.50  500.00 5048.00
      t_123: 3017.50 1498.50  500.00 5016.00
      t_124: 3007.50 1501.50  499.50 5008.50
      t_125: 3016.50 1500.50  500.50 5017.50
      t_126: 3025.00 1499.50  500.00 5024.50
      t_127: 3031.50 1500.50  500.00 5032.00
      t_128: 3023.00 1499.50  500.00 5022.50
      t_129: 3036.00 1500.50  500.00 5036.50
      t_130: 3034.50 1500.00  500.00 5034.50
      t_131:  362.00 1500.50  500.00 2362.50
      t_132:    0.00 1500.00  500.00 2000.00
      t_133:    0.00  504.50  500.00 1004.50
      t_134:    0.00    0.00  500.00  500.00
      t_135:    0.00    0.00  500.00  500.00
      t_136:    0.00    0.00  500.00  500.00
      t_137:    0.00    0.00  500.00  500.00
      t_138: 2097.50    0.00  499.50 2597.00
      t_139: 4561.50    0.00  500.50 5062.00
      t_140: 4570.50    0.00  499.50 5070.00
      t_141: 4500.00    0.00  500.00 5000.00
      t_142: 4500.00    0.00  500.00 5000.00
      t_143: 4496.50    0.00  500.00 4996.50
      t_144: 4522.50    0.00  500.00 5022.50
      t_145:  751.50    0.00  500.00 1251.50
      t_146:    0.00    0.00  500.00  500.00
      t_147:    0.00    0.00  500.00  500.00
      t_148:    0.00    0.00  500.00  500.00
      t_149:    0.00    0.00  500.00  500.00
      t_150:    0.00    0.00  500.00  500.00
      t_151:    0.00    0.00  500.00  500.00
      t_152: 1775.00    0.00  500.00 2275.00
      t_153: 4571.00    0.00  500.00 5071.00
      t_154: 4589.00    0.00  500.00 5089.00
      t_155: 4583.00    0.00  500.00 5083.00
      t_156: 4585.50    0.00  500.00 5085.50
      t_157: 4539.50    0.00  500.00 5039.50
      t_158: 4565.50    0.00  500.00 5065.50
      t_159:  791.00    0.00  500.00 1291.00
      t_160:    0.00    0.00  500.00  500.00
      t_161:    0.00    0.00  500.00  500.00
      t_162:    0.00    0.00  500.00  500.00
      t_163:    0.00    0.00  499.50  499.50
      t_164:    0.00    0.00  500.00  500.00
      t_165:    0.00    0.00  500.00  500.00
      t_166:    0.00    0.00  500.00  500.00
      t_167:    0.00    0.00  500.00  500.00
      t_168:    0.00    0.00  500.00  500.00
      t_169:    0.00    0.00  500.00  500.00
      t_170:    0.00    0.00  500.00  500.00
      t_171:    0.00    0.00  500.00  500.00
      t_172:    0.00    0.00  500.00  500.00
      t_173:    0.00    0.00  500.00  500.00
      t_174:    0.00    0.00  500.00  500.00
      t_175:    0.00    0.00  500.00  500.00
      t_176:    0.00    0.00  500.00  500.00
      t_177:    0.00    0.00  500.00  500.00
      t_178:    0.00    0.00  500.00  500.00
      t_179:    0.00    0.00  500.00  500.00
      t_180:    0.00    0.00  500.00  500.00
      t_181:    0.00    0.00  500.00  500.00
      t_182:    0.00    0.00  500.00  500.00
      t_183:    0.00    0.00  500.00  500.00
      t_184:    0.00    0.00  500.00  500.00
      t_185:    0.00    0.00  499.50  499.50
      t_186:    0.00    0.00  500.00  500.00
      t_187:    0.00    0.00  500.00  500.00
      t_188:    0.00    0.00  500.00  500.00
      t_189:    0.00    0.00  500.00  500.00
      t_190:    0.00    0.00  500.00  500.00
      t_191:    0.00    0.00  500.00  500.00
      t_192:    0.00    0.00  500.00  500.00
      t_193:    0.00    0.00  500.00  500.00
      t_194:    0.00    0.00  500.00  500.00
      t_195:    0.00    0.00  500.00  500.00
      t_196:    0.00    0.00  500.00  500.00
      t_197:    0.00    0.00  500.00  500.00
      t_198:    0.00    0.00  500.00  500.00
      t_199:    0.00    0.00  500.00  500.00
      t_200:    0.00    0.00  500.00  500.00
      t_201:    0.00    0.00  500.00  500.00
      t_202:    0.00    0.00  500.00  500.00
      t_203:    0.00    0.00  500.00  500.00
      t_204:    0.00    0.00  500.00  500.00
      t_205:    0.00    0.00  500.00  500.00
      t_206:    0.00    0.00  500.00  500.00
      t_207:    0.00    0.00  499.50  499.50
      t_208:    0.00    0.00  500.00  500.00
      t_209:    0.00    0.00  500.00  500.00
      t_210:    0.00    0.00  500.00  500.00
      t_211:    0.00    0.00  500.00  500.00
      t_212:    0.00    0.00  500.00  500.00
      t_213:    0.00    0.00  500.00  500.00
      t_214:    0.00    0.00  500.00  500.00
      t_215:    0.00    0.00  500.00  500.00
      t_216:    0.00    0.00  500.00  500.00
      t_217:    0.00    0.00  500.00  500.00
      t_218:    0.00    0.00  500.00  500.00
      t_219:    0.00    0.00  500.00  500.00
      t_220:    0.00    0.00  500.00  500.00
      t_221:    0.00    0.00  500.00  500.00
      t_222:    0.00    0.00  500.00  500.00
      t_223:    0.00    0.00  500.00  500.00
      t_224:    0.00    0.00  500.00  500.00
      t_225:    0.00    0.00  500.00  500.00
      t_226:    0.00    0.00  500.00  500.00
      t_227:    0.00    0.00  500.00  500.00
      t_228:    0.00    0.00  499.50  499.50
      t_229:    0.00    0.00  500.00  500.00
      t_230:    0.00    0.00  500.00  500.00
      t_231:    0.00    0.00  500.00  500.00
      t_232:    0.00    0.00  500.00  500.00
      t_233:    0.00    0.00  500.00  500.00
      t_234:    0.00    0.00  500.00  500.00
      t_235:    0.00    0.00  500.00  500.00
      t_236:    0.00    0.00  500.00  500.00
      t_237:    0.00    0.00  500.00  500.00
      t_238:    0.00    0.00  500.00  500.00
      t_239:    0.00    0.00  500.00  500.00
      t_240:    0.00    0.00  500.00  500.00
      t_241:    0.00    0.00  500.00  500.00
      t_242:    0.00    0.00  500.00  500.00
      t_243:    0.00    0.00  500.00  500.00
      t_244:    0.00    0.00  500.00  500.00
      t_245:    0.00    0.00  500.00  500.00
      t_246:    0.00    0.00  500.00  500.00
      t_247:    0.00    0.00  500.00  500.00
      t_248:    0.00    0.00  500.00  500.00
      t_249:    0.00    0.00  499.50  499.50
      t_250:    0.00    0.00  500.00  500.00
      t_251:    0.00    0.00  500.00  500.00
      t_252:    0.00    0.00  500.00  500.00
      t_253:    0.00    0.00  500.00  500.00
      t_254:    0.00    0.00  500.00  500.00
      t_255:    0.00    0.00  500.00  500.00
      t_256:    0.00    0.00  500.00  500.00
      t_257:    0.00    0.00  500.00  500.00
      t_258:    0.00    0.00  500.00  500.00
      t_259:    0.00    0.00  500.00  500.00
      t_260:    0.00    0.00  500.00  500.00
      t_261:    0.00    0.00  500.00  500.00
      t_262:    0.00    0.00  500.00  500.00
      t_263:    0.00    0.00  500.00  500.00
      t_264:    0.00    0.00  500.00  500.00
      t_265:    0.00    0.00  500.00  500.00
      t_266:    0.00    0.00  500.00  500.00
      t_267:    0.00    0.00  500.00  500.00
      t_268:    0.00    0.00  500.00  500.00
      t_269:    0.00    0.00  500.00  500.00
      t_270:    0.00    0.00  500.00  500.00
      t_271:    0.00    0.00  500.00  500.00
      t_272:    0.00    0.00  499.50  499.50
      t_273:    0.00    0.00  500.00  500.00
      t_274:    0.00    0.00  500.00  500.00
      t_275:    0.00    0.00  500.00  500.00
      t_276:    0.00    0.00  500.00  500.00
      t_277:    0.00    0.00  500.00  500.00
      t_278:    0.00    0.00  500.00  500.00
      t_279:    0.00    0.00  500.00  500.00
      t_280:    0.00    0.00  500.00  500.00
      t_281:    0.00    0.00  500.00  500.00
      t_282:    0.00    0.00  500.00  500.00
      t_283:    0.00    0.00  500.00  500.00
      t_284:    0.00    0.00  500.00  500.00
      t_285:    0.00    0.00  500.00  500.00
      t_286:    0.00    0.00  500.00  500.00
      t_287:    0.00    0.00  500.00  500.00
      t_288:    0.00    0.00  500.00  500.00
      t_289:    0.00    0.00  500.00  500.00
      t_290:    0.00    0.00  500.00  500.00
      t_291:    0.00    0.00  500.00  500.00
      t_292:    0.00    0.00  499.50  499.50
      t_293:    0.00    0.00  500.00  500.00
      t_294:    0.00    0.00  500.00  500.00
      t_295:    0.00    0.00  500.00  500.00
      t_296:    0.00    0.00  500.00  500.00
      t_297:    0.00    0.00  500.00  500.00
      t_298:    0.00    0.00  500.00  500.00
      t_299:    0.00    0.00  500.00  500.00
      t_300:    0.00    0.00    7.00    7.00
      t_301:    0.00    0.00    0.00    0.00
    res_ops:  554405  320030       0  874435
   prop_ops:   45595   79970  300000  425565
total time to track responses: 2509730038 nanoseconds;
    count: 1300000;
    average: 1930.56 nanoseconds per request/response
total time to get request parameters: 2457198681 nanoseconds;
    count: 1300000;
    average: 1890.15 nanoseconds per request/response

client timing for QOS algorithm: 3820.71 nanoseconds per request/response
client 0's 95th latency: 1279, 25609, 26755
client 0's 99th latency: 3514, 36356, 37615
client 0's max latency: 70348, 1120164, 1121436
client 0's average latency: 1089, 30744573453304, 30744573454394

client 1's 95th latency: 3822, 33977, 36271
client 1's 99th latency: 3919, 44071, 47069
client 1's max latency: 75436, 664031, 666103
client 1's average latency: 2212, 46116860179833, 46116860182046

client 2's 95th latency: 3729, 43980, 48067
client 2's 99th latency: 3924, 75986, 79562
client 2's max latency: 85303, 880026, 883580
client 2's average latency: 3236, 61489146908775, 61489146912011


==== Server Data ====
     server:       0   total
    res_ops:  874435  874435
   prop_ops:  425565  425565

 k-way heap: 2

total time to add requests: 21503762399 nanoseconds;
    count: 1300000;
    average: 16541.36 nanoseconds per request/response
total time to note requests complete: 6823447158 nanoseconds;
    count: 1300000;
    average: 5248.81 nanoseconds per request/response

server timing for QOS algorithm: 21790.16 nanoseconds per request/response