/tmp/tmp.NNqRKEiWiP/cmake-build-debug-remote-host/sim/dmc_sim -c /tmp/tmp.NNqRKEiWiP/sim/631_test/dmc_sim_rw_test.conf
[global]
server_groups = 1
client_groups = 3
server_random_selection = 1
server_soft_limit = 1
anticipation_timeout = 0.000

[client.0]
client_count = 1
client_wait = 0
client_total_ops = 600000
client_server_select_range = 10
client_iops_goal = 7000
client_outstanding_ops = 500
client_reservation = 3000.0
client_limit = 0.0
client_weight = 6.0

[client.1]
client_count = 1
client_wait = 0
client_total_ops = 400000
client_server_select_range = 10
client_iops_goal = 2000
client_outstanding_ops = 100
client_reservation = 1200.0
client_limit = 0.0
client_weight = 3.0

[client.2]
client_count = 1
client_wait = 0
client_total_ops = 300000
client_server_select_range = 20
client_iops_goal = 3000
client_outstanding_ops = 5
client_reservation = 500.0
client_limit = 0.0
client_weight = 1.0

[server.0]
server_count = 1
server_iops = 8000
server_threads = 1

simulation started
simulation completed in 309638 millisecs
==== Client Data ====
     client:       0       1       2  total
        t_0: 3049.00 1524.50  508.50 5082.00
        t_1: 3042.00 1521.00  507.00 5070.00
        t_2: 3052.50 1526.50  509.00 5088.00
        t_3: 3044.50 1522.00  507.00 5073.50
        t_4: 3048.50 1524.00  508.00 5080.50
        t_5: 3035.00 1518.50  506.00 5059.50
        t_6: 3035.00 1517.00  506.00 5058.00
        t_7: 3039.50 1520.00  506.50 5066.00
        t_8: 3038.00 1518.50  506.50 5063.00
        t_9: 2615.50 1597.00  751.50 4964.00
       t_10:    0.00 1777.50 2558.50 4336.00
       t_11:    0.00 1777.50 2558.00 4335.50
       t_12:    0.00 1778.00 2556.00 4334.00
       t_13:    0.00 1777.50 2529.00 4306.50
       t_14:    0.00 1779.00 2423.00 4202.00
       t_15:    0.00 1784.00 2418.50 4202.50
       t_16:    0.00 1782.50 2421.50 4204.00
       t_17: 2158.50 1593.50 1040.00 4792.00
       t_18: 3000.50 1525.50  500.00 5026.00
       t_19: 3000.00 1546.00  499.50 5045.50
       t_20: 3000.00 1543.50  500.00 5043.50
       t_21: 3000.50 1545.50  500.00 5046.00
       t_22: 3000.00 1548.50  500.00 5048.50
       t_23: 3000.50 1532.00  500.00 5032.50
       t_24: 3000.00 1514.00  500.00 5014.00
       t_25: 3000.50 1536.50  500.00 5037.00
       t_26: 3000.50 1524.50  500.00 5025.00
       t_27:  839.00 1761.50 1829.50 4430.00
       t_28:    0.00 1778.00 2163.50 3941.50
       t_29:    0.00 1778.00 2164.00 3942.00
       t_30:    0.00 1779.00 2164.00 3943.00
       t_31:    0.00 1778.50 2166.50 3945.00
       t_32:    0.00 1779.00 2164.50 3943.50
       t_33:    0.00 1778.00 2163.50 3941.50
       t_34:  910.00 1708.00 1659.00 4277.00
       t_35: 3000.00 1538.00  500.00 5038.00
       t_36: 3000.00 1542.00  500.00 5042.00
       t_37: 3000.50 1556.00  500.00 5056.50
       t_38: 3000.50 1542.50  500.00 5043.00
       t_39: 3000.00 1565.50  500.00 5065.50
       t_40: 3000.50 1535.00  500.00 5035.50
       t_41: 3000.00 1553.50  500.00 5053.50
       t_42: 3000.00 1553.00  500.00 5053.00
       t_43: 3000.00 1544.00  500.00 5044.00
       t_44: 2088.50 1660.50 1024.50 4773.50
       t_45:    0.00 1774.50 2570.00 4344.50
       t_46:    0.00 1778.00 2556.50 4334.50
       t_47:    0.00 1778.50 2556.00 4334.50
       t_48:    0.00 1778.00 2557.00 4335.00
       t_49:    0.00 1778.00 2556.00 4334.00
       t_50:    0.00 1782.50 2551.50 4334.00
       t_51:    0.00 1776.50 2563.00 4339.50
       t_52: 2661.50 1556.50  732.50 4950.50
       t_53: 3000.00 1528.50  500.00 5028.50
       t_54: 3000.50 1531.50  500.00 5032.00
       t_55: 3000.00 1538.50  499.50 5038.00
       t_56: 3000.50 1510.50  500.50 5011.50
       t_57: 3000.00 1535.50  500.00 5035.50
       t_58: 3000.50 1548.00  499.50 5048.00
       t_59: 3000.00 1548.00  500.00 5048.00
       t_60: 3000.00 1545.50  500.00 5045.50
       t_61: 3000.50 1540.00  500.00 5040.50
       t_62:  336.50 1792.00 2288.00 4416.50
       t_63:    0.00 1777.50 2556.00 4333.50
       t_64:    0.00 1778.00 2555.50 4333.50
       t_65:    0.00 1777.00 2558.00 4335.00
       t_66:    0.00 1778.50 2555.50 4334.00
       t_67:    0.00 1778.00 2555.50 4333.50
       t_68:    0.00 1777.50 2554.50 4332.00
       t_69: 1413.00 1653.50 1587.50 4654.00
       t_70: 3000.50 1540.00  500.00 5040.50
       t_71: 3000.00 1556.00  500.00 5056.00
       t_72: 3000.50 1532.50  500.00 5033.00
       t_73: 3000.00 1544.00  500.00 5044.00
       t_74: 3000.50 1551.50  500.00 5052.00
       t_75: 3000.00 1487.50  500.00 4987.50
       t_76: 3000.00 1529.50  500.00 5029.50
       t_77: 3000.00 1530.50  500.00 5030.50
       t_78: 3000.00 1541.50  500.00 5041.50
       t_79: 1585.50 1698.50 1433.50 4717.50
       t_80:    0.00 1773.00 2556.50 4329.50
       t_81:    0.00 1777.50 2555.50 4333.00
       t_82:    0.00 1777.00 2555.50 4332.50
       t_83:    0.00 1777.50 2555.50 4333.00
       t_84:    0.00 1778.00 2555.50 4333.50
       t_85:    0.00 1777.50 2556.50 4334.00
       t_86:  165.00 1763.50 2442.50 4371.00
       t_87: 3000.50 1540.00  500.00 5040.50
       t_88: 3000.00 1530.50  500.00 5030.50
       t_89: 3000.00 1538.00  500.00 5038.00
       t_90: 3000.00 1546.50  500.00 5046.50
       t_91: 3000.50 1538.00  500.00 5038.50
       t_92: 3000.00 1540.00  500.00 5040.00
       t_93: 3000.50 1542.50  500.00 5043.00
       t_94: 3000.00 1540.50  500.00 5040.50
       t_95: 3000.00 1541.00  500.00 5041.00
       t_96: 2833.50 1612.00  577.50 5023.00
       t_97:    0.00 1778.00 2556.00 4334.00
       t_98:    0.00 1778.50 2556.00 4334.50
       t_99:    0.00 1778.00 2556.00 4334.00
      t_100:    0.00 1778.50 2549.50 4328.00
      t_101:    0.00 1778.50 2556.00 4334.50
      t_102:    0.00 1778.00 2556.00 4334.00
      t_103:    0.00 1777.50 2556.00 4333.50
      t_104: 1917.00 1630.00 1243.00 4790.00
      t_105: 3000.00 1531.00  500.00 5031.00
      t_106: 3000.00 1554.00  500.00 5054.00
      t_107: 3000.00 1529.00  500.00 5029.00
      t_108: 3000.50 1524.00  500.00 5024.50
      t_109: 3000.50 1546.50  500.00 5047.00
      t_110: 3000.00 1543.50  500.00 5043.50
      t_111: 3000.00 1542.00  499.50 5041.50
      t_112: 3000.50 1549.50  500.00 5050.00
      t_113: 3000.00 1484.50  500.00 4984.50
      t_114: 1081.50 1722.00 1778.00 4581.50
      t_115:    0.00 1778.50 2556.50 4335.00
      t_116:    0.00 1778.50  577.50 2356.00
      t_117:    0.00 1778.50    0.00 1778.50
      t_118:    0.00 1777.50    0.00 1777.50
      t_119:    0.00 1777.50    0.00 1777.50
      t_120:    0.00 1778.00    0.00 1778.00
      t_121: 1012.50 1499.00    0.00 2511.50
      t_122: 5022.50    0.00    0.00 5022.50
      t_123: 5053.00    0.00    0.00 5053.00
      t_124: 5075.00    0.00    0.00 5075.00
      t_125: 5062.00    0.00    0.00 5062.00
      t_126: 4979.50    0.00    0.00 4979.50
      t_127: 3795.50    0.00    0.00 3795.50
      t_128:    0.00    0.00    0.00    0.00
      t_129:    0.00    0.00    0.00    0.00
      t_130:    0.00    0.00    0.00    0.00
      t_131:    0.00    0.00    0.00    0.00
      t_132:    0.00    0.00    0.00    0.00
      t_133:    0.00    0.00    0.00    0.00
      t_134:    0.00    0.00    0.00    0.00
      t_135: 3887.50    0.00    0.00 3887.50
      t_136: 5086.50    0.00    0.00 5086.50
      t_137: 5095.00    0.00    0.00 5095.00
      t_138: 5035.00    0.00    0.00 5035.00
      t_139: 4917.00    0.00    0.00 4917.00
      t_140: 4968.00    0.00    0.00 4968.00
      t_141: 1011.00    0.00    0.00 1011.00
      t_142:    0.00    0.00    0.00    0.00
      t_143:    0.00    0.00    0.00    0.00
      t_144:    0.00    0.00    0.00    0.00
      t_145:    0.00    0.00    0.00    0.00
      t_146:    0.00    0.00    0.00    0.00
      t_147:    0.00    0.00    0.00    0.00
      t_148: 1487.50    0.00    0.00 1487.50
      t_149: 4893.50    0.00    0.00 4893.50
      t_150: 4882.00    0.00    0.00 4882.00
      t_151: 4860.50    0.00    0.00 4860.50
      t_152: 4854.50    0.00    0.00 4854.50
      t_153: 4944.00    0.00    0.00 4944.00
      t_154: 4077.50    0.00    0.00 4077.50
      t_155:    0.00    0.00    0.00    0.00
    res_ops:  515019  260220  110162  885401
   prop_ops:   84981  139780  189838  414599
total time to track responses: 1885358286 nanoseconds;
    count: 1300000;
    average: 1450.28 nanoseconds per request/response
total time to get request parameters: 2043923637 nanoseconds;
    count: 1300000;
    average: 1572.25 nanoseconds per request/response

client timing for QOS algorithm: 3022.52 nanoseconds per request/response
client 0's 95th latency: 1496, 23158, 24260
client 0's 99th latency: 3596, 34754, 36019
client 0's max latency: 46895, 937351, 938214
client 0's average latency: 1072, 2799, 30744573452896

client 1's 95th latency: 3575, 33183, 35467
client 1's 99th latency: 3711, 44088, 46544
client 1's max latency: 69638, 106764, 110185
client 1's average latency: 1792, 46116860183163, 682

client 2's 95th latency: 3655, 39710, 41920
client 2's 99th latency: 3779, 66498, 70179
client 2's max latency: 62410, 135564, 145281
client 2's average latency: 1750, 61489146907741, 61489146909491


==== Server Data ====
     server:       0   total
    res_ops:  885401  885401
   prop_ops:  414599  414599

 k-way heap: 2

total time to add requests: 22416157292 nanoseconds;
    count: 1300000;
    average: 17243.20 nanoseconds per request/response
total time to note requests complete: 4549091226 nanoseconds;
    count: 1300000;
    average: 3499.30 nanoseconds per request/response

server timing for QOS algorithm: 20742.50 nanoseconds per request/response

Process finished with exit code 0
