/tmp/tmp.NNqRKEiWiP/cmake-build-debug-remote-host/sim/dmc_sim -c /tmp/tmp.NNqRKEiWiP/sim/631_test/dmc_sim_rwl_test.conf
[global]
server_groups = 1
client_groups = 3
server_random_selection = 1
server_soft_limit = 0
anticipation_timeout = 0.000

[client.0]
client_count = 1
client_wait = 0
client_total_ops = 600000
client_server_select_range = 10
client_iops_goal = 7000
client_outstanding_ops = 500
client_reservation = 0.0
client_limit = 5000.0
client_weight = 6.0

[client.1]
client_count = 1
client_wait = 0
client_total_ops = 400000
client_server_select_range = 10
client_iops_goal = 2000
client_outstanding_ops = 100
client_reservation = 1200.0
client_limit = 0.0
client_weight = 3.0

[client.2]
client_count = 1
client_wait = 0
client_total_ops = 300000
client_server_select_range = 20
client_iops_goal = 3000
client_outstanding_ops = 5
client_reservation = 0.0
client_limit = 0.0
client_weight = 1.0

[server.0]
server_count = 1
server_iops = 8000
server_threads = 1

simulation started
simulation completed in 308894 millisecs
==== Client Data ====
     client:       0       1       2  total
        t_0: 3008.00 1504.50  501.50 5014.00
        t_1: 3010.50 1505.00  502.00 5017.50
        t_2: 3026.50 1513.50  504.00 5044.00
        t_3: 3015.50 1507.50  503.00 5026.00
        t_4: 3011.00 1505.00  501.50 5017.50
        t_5: 3001.00 1501.50  500.50 5003.00
        t_6: 3002.50 1501.00  500.00 5003.50
        t_7: 3008.50 1504.00  501.50 5014.00
        t_8: 3005.50 1502.50  501.00 5009.00
        t_9: 2910.00 1564.00  536.50 5010.50
       t_10:    0.00 1778.00 2555.50 4333.50
       t_11:    0.00 1778.00 2557.00 4335.00
       t_12:    0.00 1778.00 2555.00 4333.00
       t_13:    0.00 1778.00 2542.00 4320.00
       t_14:    0.00 1785.50 2420.50 4206.00
       t_15:    0.00 1781.00 2422.50 4203.50
       t_16:    0.00 1781.00 2422.00 4203.00
       t_17: 2002.00 1779.00  928.00 4709.00
       t_18: 3222.00 1778.50    0.00 5000.50
       t_19: 3218.00 1776.50    0.00 4994.50
       t_20: 3220.00 1777.50    0.00 4997.50
       t_21: 3211.50 1778.00    0.00 4989.50
       t_22: 3149.50 1776.00    0.00 4925.50
       t_23: 3149.50 1778.00    0.00 4927.50
       t_24: 3197.00 1778.50    0.00 4975.50
       t_25: 3220.50 1778.00    0.00 4998.50
       t_26: 2410.00 1777.50  606.00 4793.50
       t_27:    0.00 1780.00 2421.50 4201.50
       t_28:    0.00 1779.50 2426.00 4205.50
       t_29:    0.00 1779.00 2280.50 4059.50
       t_30:    0.00 1779.00 2162.00 3941.00
       t_31:    0.00 1777.00 2163.50 3940.50
       t_32:    0.00 1780.00 2160.00 3940.00
       t_33:    0.00 1778.00 2165.50 3943.50
       t_34: 2689.00 1775.50  369.50 4834.00
       t_35: 3214.50 1776.00    0.00 4990.50
       t_36: 3223.00 1778.00    0.00 5001.00
       t_37: 3150.00 1778.00    0.00 4928.00
       t_38: 3148.00 1772.50    0.00 4920.50
       t_39: 3135.00 1778.00    0.00 4913.00
       t_40: 3212.00 1778.00    0.00 4990.00
       t_41: 3213.00 1778.50    0.00 4991.50
       t_42: 3217.00 1779.00    0.00 4996.00
       t_43: 1798.50 1781.50  952.00 4532.00
       t_44:    0.00 1779.50 2167.50 3947.00
       t_45:    0.00 1778.50 2167.50 3946.00
       t_46:    0.00 1779.50 2161.50 3941.00
       t_47:    0.00 1778.50 2169.00 3947.50
       t_48:    0.00 1779.00 2527.50 4306.50
       t_49:    0.00 1776.50 2570.00 4346.50
       t_50:   62.00 1774.00 2527.00 4363.00
       t_51: 3223.50 1777.50    0.00 5001.00
       t_52: 3211.00 1778.00    0.00 4989.00
       t_53: 3210.50 1778.00    0.00 4988.50
       t_54: 3223.00 1777.50    0.00 5000.50
       t_55: 3214.50 1777.50    0.00 4992.00
       t_56: 3219.00 1778.50    0.00 4997.50
       t_57: 3224.00 1777.50    0.00 5001.50
       t_58: 3222.50 1778.00    0.00 5000.50
       t_59: 3152.50 1779.00    0.00 4931.50
       t_60: 1037.50 1782.50 1703.50 4523.50
       t_61:    0.00 1777.00 2557.50 4334.50
       t_62:    0.00 1778.00 2556.50 4334.50
       t_63:    0.00 1778.50 2550.00 4328.50
       t_64:    0.00 1777.50 2559.50 4337.00
       t_65:    0.00 1778.00 2558.50 4336.50
       t_66:    0.00 1778.00 2560.50 4338.50
       t_67:  784.00 1779.50 1921.00 4484.50
       t_68: 3184.50 1778.00    0.00 4962.50
       t_69: 3222.00 1777.00    0.00 4999.00
       t_70: 3222.00 1778.00    0.00 5000.00
       t_71: 3209.50 1778.00    0.00 4987.50
       t_72: 3218.00 1778.00    0.00 4996.00
       t_73: 3220.50 1774.50    0.00 4995.00
       t_74: 3226.50 1774.00    0.00 5000.50
       t_75: 3211.00 1772.00    0.00 4983.00
       t_76: 3169.50 1778.00    0.00 4947.50
       t_77:  332.50 1783.00 2282.00 4397.50
       t_78:    0.00 1781.50 2550.50 4332.00
       t_79:    0.00 1781.00 2555.50 4336.50
       t_80:    0.00 1782.00 2556.50 4338.50
       t_81:    0.00 1778.00 2558.50 4336.50
       t_82:    0.00 1775.50 2585.50 4361.00
       t_83:    0.00 1776.00 2579.50 4355.50
       t_84: 1544.50 1775.50 1357.00 4677.00
       t_85: 3218.00 1774.50    0.00 4992.50
       t_86: 3205.00 1774.00    0.00 4979.00
       t_87: 3196.50 1777.50    0.00 4974.00
       t_88: 3221.50 1778.50    0.00 5000.00
       t_89: 3221.00 1778.50    0.00 4999.50
       t_90: 3223.50 1776.00    0.00 4999.50
       t_91: 3221.50 1777.50    0.00 4999.00
       t_92: 3222.50 1778.50    0.00 5001.00
       t_93: 2726.00 1782.50  383.50 4892.00
       t_94:    0.00 1778.50 2555.50 4334.00
       t_95:    0.00 1779.50 2557.00 4336.50
       t_96:    0.00 1779.50 2553.50 4333.00
       t_97:    0.00 1777.50 2553.50 4331.00
       t_98:    0.00 1778.00 2552.50 4330.50
       t_99:    0.00 1778.00 2553.50 4331.50
      t_100:    0.00 1777.50 2554.00 4331.50
      t_101: 2361.00 1777.00  688.00 4826.00
      t_102: 3206.00 1777.00    0.00 4983.00
      t_103: 3216.00 1777.50    0.00 4993.50
      t_104: 3222.00 1777.50    0.00 4999.50
      t_105: 3226.00 1774.00    0.00 5000.00
      t_106: 3224.00 1776.00    0.00 5000.00
      t_107: 3213.50 1777.50    0.00 4991.00
      t_108: 3223.50 1777.50    0.00 5001.00
      t_109: 3222.00 1776.50    0.00 4998.50
      t_110: 1886.00 1778.00 1053.00 4717.00
      t_111:    0.00 1778.50 2552.00 4330.50
      t_112:    0.00 1779.00 2549.50 4328.50
      t_113:    0.00 1758.50 2557.00 4315.50
      t_114:    0.00    0.00 2530.00 2530.00
      t_115:    0.00    0.00 2530.50 2530.50
      t_116:    0.00    0.00 2531.50 2531.50
      t_117:    0.00    0.00 2521.00 2521.00
      t_118: 2433.00    0.00 2553.00 4986.00
      t_119: 2472.00    0.00 2538.00 5010.00
      t_120: 2465.50    0.00 2537.50 5003.00
      t_121: 2470.00    0.00 2538.50 5008.50
      t_122: 2471.00    0.00 2539.00 5010.00
      t_123: 2462.00    0.00 2542.50 5004.50
      t_124: 3511.00    0.00 1533.50 5044.50
      t_125: 5091.50    0.00    0.00 5091.50
      t_126: 5114.00    0.00    0.00 5114.00
      t_127: 1510.00    0.00    0.00 1510.00
      t_128:    0.00    0.00    0.00    0.00
      t_129:    0.00    0.00    0.00    0.00
      t_130:    0.00    0.00    0.00    0.00
      t_131:    0.00    0.00    0.00    0.00
      t_132:    0.00    0.00    0.00    0.00
      t_133:    0.00    0.00    0.00    0.00
      t_134: 1203.50    0.00    0.00 1203.50
      t_135: 4872.00    0.00    0.00 4872.00
      t_136: 4941.00    0.00    0.00 4941.00
      t_137: 4939.00    0.00    0.00 4939.00
      t_138: 4875.50    0.00    0.00 4875.50
      t_139: 4913.50    0.00    0.00 4913.50
      t_140: 4255.50    0.00    0.00 4255.50
      t_141:    0.00    0.00    0.00    0.00
      t_142:    0.00    0.00    0.00    0.00
      t_143:    0.00    0.00    0.00    0.00
      t_144:    0.00    0.00    0.00    0.00
      t_145:    0.00    0.00    0.00    0.00
      t_146:    0.00    0.00    0.00    0.00
      t_147:    0.00    0.00    0.00    0.00
      t_148: 3218.00    0.00    0.00 3218.00
      t_149: 4929.50    0.00    0.00 4929.50
      t_150: 4833.50    0.00    0.00 4833.50
      t_151: 4857.00    0.00    0.00 4857.00
      t_152: 4992.00    0.00    0.00 4992.00
      t_153: 4962.00    0.00    0.00 4962.00
      t_154: 2207.50    0.00    0.00 2207.50
      t_155:    0.00    0.00    0.00    0.00
    res_ops:       0  227786       0  227786
   prop_ops:  600000  172214  300000 1072214
total time to track responses: 1567606069 nanoseconds;
    count: 1300000;
    average: 1205.85 nanoseconds per request/response
total time to get request parameters: 1798559493 nanoseconds;
    count: 1300000;
    average: 1383.51 nanoseconds per request/response

client timing for QOS algorithm: 2589.36 nanoseconds per request/response
client 0's 95th latency: 1483, 24135, 25222
client 0's 99th latency: 3479, 37554, 38614
client 0's max latency: 57983, 756933, 757762
client 0's average latency: 976, 30744573453236, 30744573454212

client 1's 95th latency: 3544, 30253, 31893
client 1's 99th latency: 3627, 39957, 42192
client 1's max latency: 79424, 770581, 771964
client 1's average latency: 1499, 46116860180703, 46116860182203

client 2's 95th latency: 1896, 38880, 40450
client 2's 99th latency: 3644, 49189, 51543
client 2's max latency: 52716, 521026, 522385
client 2's average latency: 1274, 61489146905482, 61489146906757


==== Server Data ====
     server:       0   total
    res_ops:  227786  227786
   prop_ops: 1072214 1072214

 k-way heap: 2

total time to add requests: 21756802750 nanoseconds;
    count: 1300000;
    average: 16736.00 nanoseconds per request/response
total time to note requests complete: 6159273286 nanoseconds;
    count: 1300000;
    average: 4737.90 nanoseconds per request/response

server timing for QOS algorithm: 21473.90 nanoseconds per request/response

Process finished with exit code 0
