/tmp/tmp.NNqRKEiWiP/cmake-build-debug-remote-host/sim/dmc_sim -c /tmp/tmp.NNqRKEiWiP/sim/631_test/dmc_sim_rwl3_test.conf
[global]
server_groups = 1
client_groups = 3
server_random_selection = 1
server_soft_limit = 0
anticipation_timeout = 0.000

[client.0]
client_count = 1
client_wait = 0
client_total_ops = 600000
client_server_select_range = 10
client_iops_goal = 7000
client_outstanding_ops = 500
client_reservation = 0.0
client_limit = 5000.0
client_weight = 6.0

[client.1]
client_count = 1
client_wait = 0
client_total_ops = 300000
client_server_select_range = 10
client_iops_goal = 2000
client_outstanding_ops = 100
client_reservation = 1200.0
client_limit = 0.0
client_weight = 3.0

[client.2]
client_count = 1
client_wait = 0
client_total_ops = 300000
client_server_select_range = 20
client_iops_goal = 3000
client_outstanding_ops = 5
client_reservation = 0.0
client_limit = 500.0
client_weight = 1.0

[server.0]
server_count = 1
server_iops = 8000
server_threads = 1

simulation started
simulation completed in 600027 millisecs
==== Client Data ====
     client:       0       1       2  total
        t_0: 2999.00 1500.00  500.00 4999.00
        t_1: 3014.00 1506.50  500.00 5020.50
        t_2: 3018.50 1509.50  500.00 5028.00
        t_3: 3016.50 1508.00  500.00 5024.50
        t_4: 3016.00 1508.50  500.00 5024.50
        t_5: 3010.00 1505.00  500.00 5015.00
        t_6: 3002.00 1501.00  500.00 5003.00
        t_7: 3002.50 1501.50  500.00 5004.00
        t_8: 3009.50 1504.50  500.00 5014.00
        t_9: 2912.00 1564.50  500.00 4976.50
       t_10:    0.00 1774.00  500.00 2274.00
       t_11:    0.00 1779.00  500.00 2279.00
       t_12:    0.00 1780.00  500.00 2280.00
       t_13:    0.00 1778.50  500.00 2278.50
       t_14:    0.00 1777.50  500.00 2277.50
       t_15:    0.00 1777.00  499.50 2276.50
       t_16:    0.00 1778.00  500.00 2278.00
       t_17: 1681.00 1779.00  500.00 3960.00
       t_18: 2694.50 1781.50  500.00 4976.00
       t_19: 2712.00 1780.00  500.00 4992.00
       t_20: 2691.00 1782.00  500.00 4973.00
       t_21: 2701.50 1780.50  500.00 4982.00
       t_22: 2708.00 1780.50  500.00 4988.50
       t_23: 2710.00 1780.00  500.00 4990.00
       t_24: 2707.00 1777.00  500.00 4984.00
       t_25: 2707.50 1780.50  500.00 4988.00
       t_26: 2707.00 1781.00  500.00 4988.00
       t_27: 2709.00 1781.50  500.00 4990.50
       t_28: 1271.50 1781.50  500.00 3553.00
       t_29:    0.00 1779.00  500.00 2279.00
       t_30:    0.00 1778.00  500.00 2278.00
       t_31:    0.00 1779.00  500.00 2279.00
       t_32:    0.00 1777.00  500.00 2277.00
       t_33:    0.00 1779.00  500.00 2279.00
       t_34:    0.00 1776.50  500.00 2276.50
       t_35:  342.00 1777.00  499.50 2618.50
       t_36: 2709.50 1778.50  500.00 4988.00
       t_37: 2703.00 1778.50  500.00 4981.50
       t_38: 2718.00 1775.50  500.00 4993.50
       t_39: 2706.50 1780.00  500.00 4986.50
       t_40: 2711.00 1779.00  500.00 4990.00
       t_41: 2696.00 1779.50  500.00 4975.50
       t_42: 2703.50 1780.00  500.00 4983.50
       t_43: 2677.50 1780.50  500.00 4958.00
       t_44: 2696.50 1777.00  500.00 4973.50
       t_45: 2716.50 1774.50  500.00 4991.00
       t_46: 2620.00 1782.50  500.00 4902.50
       t_47:    0.00 1777.50  500.00 2277.50
       t_48:    0.00 1777.00  500.00 2277.00
       t_49:    0.00 1778.00  500.00 2278.00
       t_50:    0.00 1779.00  500.00 2279.00
       t_51:    0.00 1778.00  500.00 2278.00
       t_52:    0.00 1779.00  500.00 2279.00
       t_53:    0.00 1778.00  500.00 2278.00
       t_54: 1705.50 1777.50  499.50 3982.50
       t_55: 2697.00 1782.00  500.00 4979.00
       t_56: 2711.50 1782.00  500.00 4993.50
       t_57: 2708.00 1778.00  500.00 4986.00
       t_58: 2717.00 1777.50  500.00 4994.50
       t_59: 2709.50 1781.00  500.00 4990.50
       t_60: 2694.50 1779.50  500.00 4974.00
       t_61: 2704.50 1781.50  500.00 4986.00
       t_62: 2699.00 1781.00  500.00 4980.00
       t_63: 2703.00 1780.00  500.00 4983.00
       t_64: 2698.50 1781.00  500.00 4979.50
       t_65: 1252.00 1780.50  500.00 3532.50
       t_66:    0.00 1777.00  500.00 2277.00
       t_67:    0.00 1777.50  500.00 2277.50
       t_68:    0.00 1778.00  500.00 2278.00
       t_69:    0.00 1778.50  500.00 2278.50
       t_70:    0.00 1777.00  500.00 2277.00
       t_71:    0.00 1774.50  500.00 2274.50
       t_72:  366.00 1773.00  500.00 2639.00
       t_73: 2722.00 1774.00  500.00 4996.00
       t_74: 2701.00 1775.50  500.00 4976.50
       t_75: 2718.50 1773.50  500.00 4992.00
       t_76: 2692.00 1781.00  500.00 4973.00
       t_77: 2701.50 1780.00  499.50 4981.00
       t_78: 2706.00 1782.00  500.00 4988.00
       t_79: 2703.50 1778.00  500.00 4981.50
       t_80: 2706.00 1781.00  500.00 4987.00
       t_81: 2708.50 1781.50  500.00 4990.00
       t_82: 2712.50 1783.50  500.00 4996.00
       t_83: 2562.50 1784.50  500.00 4847.00
       t_84:    0.00 1780.00  500.00 2280.00
       t_85:    0.00 1473.00  500.00 1973.00
       t_86:    0.00    0.00  500.00  500.00
       t_87:    0.00    0.00  500.00  500.00
       t_88:    0.00    0.00  500.00  500.00
       t_89:    0.00    0.00  500.00  500.00
       t_90:    0.00    0.00  500.00  500.00
       t_91: 2965.00    0.00  500.00 3465.00
       t_92: 4583.00    0.00  500.00 5083.00
       t_93: 4572.50    0.00  500.00 5072.50
       t_94: 4579.50    0.00  500.00 5079.50
       t_95: 4565.00    0.00  500.00 5065.00
       t_96: 4573.00    0.00  499.50 5072.50
       t_97: 4162.00    0.00  500.50 4662.50
       t_98:    0.00    0.00  500.00  500.00
       t_99:    0.00    0.00  499.50  499.50
      t_100:    0.00    0.00  500.00  500.00
      t_101:    0.00    0.00  500.00  500.00
      t_102:    0.00    0.00  500.00  500.00
      t_103:    0.00    0.00  500.00  500.00
      t_104:    0.00    0.00  500.00  500.00
      t_105: 2916.00    0.00  500.00 3416.00
      t_106: 4576.50    0.00  500.00 5076.50
      t_107: 4524.50    0.00  500.00 5024.50
      t_108: 4530.00    0.00  500.00 5030.00
      t_109: 4558.50    0.00  500.00 5058.50
      t_110: 4576.00    0.00  500.00 5076.00
      t_111: 4318.50    0.00  500.00 4818.50
      t_112:    0.00    0.00  500.00  500.00
      t_113:    0.00    0.00  500.00  500.00
      t_114:    0.00    0.00  500.00  500.00
      t_115:    0.00    0.00  500.00  500.00
      t_116:    0.00    0.00  500.00  500.00
      t_117:    0.00    0.00  500.00  500.00
      t_118:    0.00    0.00  500.00  500.00
      t_119: 2783.00    0.00  499.50 3282.50
      t_120: 4573.00    0.00  500.00 5073.00
      t_121: 4562.50    0.00  500.00 5062.50
      t_122: 4583.50    0.00  500.00 5083.50
      t_123: 4589.00    0.00  500.00 5089.00
      t_124: 4570.50    0.00  500.00 5070.50
      t_125: 4338.50    0.00  500.00 4838.50
      t_126:    0.00    0.00  500.00  500.00
      t_127:    0.00    0.00  500.00  500.00
      t_128:    0.00    0.00  500.00  500.00
      t_129:    0.00    0.00  500.00  500.00
      t_130:    0.00    0.00  500.00  500.00
      t_131:    0.00    0.00  500.00  500.00
      t_132:    0.00    0.00  500.00  500.00
      t_133: 2773.00    0.00  500.00 3273.00
      t_134: 4547.00    0.00  500.00 5047.00
      t_135: 4581.00    0.00  500.00 5081.00
      t_136: 4555.50    0.00  500.00 5055.50
      t_137: 4542.50    0.00  500.00 5042.50
      t_138: 4529.50    0.00  500.00 5029.50
      t_139: 4471.50    0.00  500.00 4971.50
      t_140:    0.00    0.00  500.00  500.00
      t_141:    0.00    0.00  500.00  500.00
      t_142:    0.00    0.00  499.50  499.50
      t_143:    0.00    0.00  500.00  500.00
      t_144:    0.00    0.00  500.00  500.00
      t_145:    0.00    0.00  500.00  500.00
      t_146:    0.00    0.00  500.00  500.00
      t_147: 2576.00    0.00  500.00 3076.00
      t_148: 4548.00    0.00  500.00 5048.00
      t_149: 4536.00    0.00  500.00 5036.00
      t_150: 4467.00    0.00  500.00 4967.00
      t_151: 4478.00    0.00  500.00 4978.00
      t_152: 4564.00    0.00  500.00 5064.00
      t_153: 4562.50    0.00  500.00 5062.50
      t_154:  268.00    0.00  500.00  768.00
      t_155:    0.00    0.00  500.00  500.00
      t_156:    0.00    0.00  500.00  500.00
      t_157:    0.00    0.00  500.00  500.00
      t_158:    0.00    0.00  500.00  500.00
      t_159:    0.00    0.00  500.00  500.00
      t_160:    0.00    0.00  500.00  500.00
      t_161:    0.00    0.00  500.00  500.00
      t_162:    0.00    0.00  500.00  500.00
      t_163:    0.00    0.00  499.50  499.50
      t_164:    0.00    0.00  500.00  500.00
      t_165:    0.00    0.00  500.00  500.00
      t_166:    0.00    0.00  500.00  500.00
      t_167:    0.00    0.00  500.00  500.00
      t_168:    0.00    0.00  500.00  500.00
      t_169:    0.00    0.00  500.00  500.00
      t_170:    0.00    0.00  500.00  500.00
      t_171:    0.00    0.00  500.00  500.00
      t_172:    0.00    0.00  500.00  500.00
      t_173:    0.00    0.00  500.00  500.00
      t_174:    0.00    0.00  500.00  500.00
      t_175:    0.00    0.00  500.00  500.00
      t_176:    0.00    0.00  500.00  500.00
      t_177:    0.00    0.00  500.00  500.00
      t_178:    0.00    0.00  500.00  500.00
      t_179:    0.00    0.00  500.00  500.00
      t_180:    0.00    0.00  500.00  500.00
      t_181:    0.00    0.00  500.00  500.00
      t_182:    0.00    0.00  500.00  500.00
      t_183:    0.00    0.00  500.00  500.00
      t_184:    0.00    0.00  500.00  500.00
      t_185:    0.00    0.00  499.50  499.50
      t_186:    0.00    0.00  500.00  500.00
      t_187:    0.00    0.00  500.00  500.00
      t_188:    0.00    0.00  500.00  500.00
      t_189:    0.00    0.00  500.00  500.00
      t_190:    0.00    0.00  500.00  500.00
      t_191:    0.00    0.00  500.00  500.00
      t_192:    0.00    0.00  500.00  500.00
      t_193:    0.00    0.00  500.00  500.00
      t_194:    0.00    0.00  500.00  500.00
      t_195:    0.00    0.00  500.00  500.00
      t_196:    0.00    0.00  500.00  500.00
      t_197:    0.00    0.00  500.00  500.00
      t_198:    0.00    0.00  500.00  500.00
      t_199:    0.00    0.00  500.00  500.00
      t_200:    0.00    0.00  500.00  500.00
      t_201:    0.00    0.00  500.00  500.00
      t_202:    0.00    0.00  500.00  500.00
      t_203:    0.00    0.00  500.00  500.00
      t_204:    0.00    0.00  500.00  500.00
      t_205:    0.00    0.00  500.00  500.00
      t_206:    0.00    0.00  499.50  499.50
      t_207:    0.00    0.00  500.00  500.00
      t_208:    0.00    0.00  500.00  500.00
      t_209:    0.00    0.00  500.00  500.00
      t_210:    0.00    0.00  500.00  500.00
      t_211:    0.00    0.00  500.00  500.00
      t_212:    0.00    0.00  500.00  500.00
      t_213:    0.00    0.00  500.00  500.00
      t_214:    0.00    0.00  500.00  500.00
      t_215:    0.00    0.00  500.00  500.00
      t_216:    0.00    0.00  500.00  500.00
      t_217:    0.00    0.00  500.00  500.00
      t_218:    0.00    0.00  500.00  500.00
      t_219:    0.00    0.00  500.00  500.00
      t_220:    0.00    0.00  500.00  500.00
      t_221:    0.00    0.00  500.00  500.00
      t_222:    0.00    0.00  500.00  500.00
      t_223:    0.00    0.00  500.00  500.00
      t_224:    0.00    0.00  500.00  500.00
      t_225:    0.00    0.00  500.00  500.00
      t_226:    0.00    0.00  500.00  500.00
      t_227:    0.00    0.00  500.00  500.00
      t_228:    0.00    0.00  499.50  499.50
      t_229:    0.00    0.00  500.00  500.00
      t_230:    0.00    0.00  500.00  500.00
      t_231:    0.00    0.00  500.00  500.00
      t_232:    0.00    0.00  500.00  500.00
      t_233:    0.00    0.00  500.00  500.00
      t_234:    0.00    0.00  500.00  500.00
      t_235:    0.00    0.00  500.00  500.00
      t_236:    0.00    0.00  500.00  500.00
      t_237:    0.00    0.00  500.00  500.00
      t_238:    0.00    0.00  500.00  500.00
      t_239:    0.00    0.00  500.00  500.00
      t_240:    0.00    0.00  500.00  500.00
      t_241:    0.00    0.00  500.00  500.00
      t_242:    0.00    0.00  500.00  500.00
      t_243:    0.00    0.00  500.00  500.00
      t_244:    0.00    0.00  500.00  500.00
      t_245:    0.00    0.00  500.00  500.00
      t_246:    0.00    0.00  500.00  500.00
      t_247:    0.00    0.00  500.00  500.00
      t_248:    0.00    0.00  500.00  500.00
      t_249:    0.00    0.00  499.50  499.50
      t_250:    0.00    0.00  500.00  500.00
      t_251:    0.00    0.00  500.00  500.00
      t_252:    0.00    0.00  500.00  500.00
      t_253:    0.00    0.00  500.00  500.00
      t_254:    0.00    0.00  500.00  500.00
      t_255:    0.00    0.00  500.00  500.00
      t_256:    0.00    0.00  500.00  500.00
      t_257:    0.00    0.00  500.00  500.00
      t_258:    0.00    0.00  500.00  500.00
      t_259:    0.00    0.00  500.00  500.00
      t_260:    0.00    0.00  500.00  500.00
      t_261:    0.00    0.00  500.00  500.00
      t_262:    0.00    0.00  500.00  500.00
      t_263:    0.00    0.00  500.00  500.00
      t_264:    0.00    0.00  500.00  500.00
      t_265:    0.00    0.00  500.00  500.00
      t_266:    0.00    0.00  500.00  500.00
      t_267:    0.00    0.00  500.00  500.00
      t_268:    0.00    0.00  500.00  500.00
      t_269:    0.00    0.00  500.00  500.00
      t_270:    0.00    0.00  500.00  500.00
      t_271:    0.00    0.00  499.50  499.50
      t_272:    0.00    0.00  500.00  500.00
      t_273:    0.00    0.00  500.00  500.00
      t_274:    0.00    0.00  500.00  500.00
      t_275:    0.00    0.00  500.00  500.00
      t_276:    0.00    0.00  500.00  500.00
      t_277:    0.00    0.00  500.00  500.00
      t_278:    0.00    0.00  500.00  500.00
      t_279:    0.00    0.00  500.00  500.00
      t_280:    0.00    0.00  500.00  500.00
      t_281:    0.00    0.00  500.00  500.00
      t_282:    0.00    0.00  500.00  500.00
      t_283:    0.00    0.00  500.00  500.00
      t_284:    0.00    0.00  500.00  500.00
      t_285:    0.00    0.00  500.00  500.00
      t_286:    0.00    0.00  500.00  500.00
      t_287:    0.00    0.00  500.00  500.00
      t_288:    0.00    0.00  500.00  500.00
      t_289:    0.00    0.00  500.00  500.00
      t_290:    0.00    0.00  500.00  500.00
      t_291:    0.00    0.00  500.00  500.00
      t_292:    0.00    0.00  499.50  499.50
      t_293:    0.00    0.00  500.00  500.00
      t_294:    0.00    0.00  500.00  500.00
      t_295:    0.00    0.00  500.00  500.00
      t_296:    0.00    0.00  500.00  500.00
      t_297:    0.00    0.00  500.00  500.00
      t_298:    0.00    0.00  500.00  500.00
      t_299:    0.00    0.00  500.00  500.00
      t_300:    0.00    0.00    7.00    7.00
      t_301:    0.00    0.00    0.00    0.00
    res_ops:       0  170598       0  170598
   prop_ops:  600000  129402  300000 1029402
total time to track responses: 2165489718 nanoseconds;
    count: 1200000;
    average: 1804.57 nanoseconds per request/response
total time to get request parameters: 2430011990 nanoseconds;
    count: 1200000;
    average: 2025.01 nanoseconds per request/response

client timing for QOS algorithm: 3829.58 nanoseconds per request/response
client 0's 95th latency: 1781, 24376, 25961
client 0's 99th latency: 3691, 40785, 42457
client 0's max latency: 151051, 805949, 807270
client 0's average latency: 1158, 30744573454479, 30744573455638

client 1's 95th latency: 3630, 33124, 35053
client 1's 99th latency: 3838, 52630, 54757
client 1's max latency: 67154, 600809, 604517
client 1's average latency: 1558, 6719, 61489146906326

client 2's 95th latency: 3779, 48362, 52298
client 2's 99th latency: 3886, 82486, 86319
client 2's max latency: 75338, 609008, 612489
client 2's average latency: 3343, 61489146908957, 61489146912300


==== Server Data ====
     server:       0   total
    res_ops:  170598  170598
   prop_ops: 1029402 1029402

 k-way heap: 2

total time to add requests: 21816829329 nanoseconds;
    count: 1200000;
    average: 18180.69 nanoseconds per request/response
total time to note requests complete: 6724503454 nanoseconds;
    count: 1200000;
    average: 5603.75 nanoseconds per request/response

server timing for QOS algorithm: 23784.44 nanoseconds per request/response

Process finished with exit code 0
