        t_0: 3016.50 1508.50  503.00 5028.00
        t_1: 3001.00 1500.50  500.00 5001.50
        t_2: 3006.00 1503.00  501.00 5010.00
        t_3: 3014.00 1507.00  502.50 5023.50
        t_4: 3006.00 1503.00  501.00 5010.00
        t_5: 3021.00 1510.50  503.50 5035.00
        t_6: 2999.50 1500.00  500.00 4999.50
        t_7: 3013.00 1506.00  502.00 5021.00
        t_8: 3016.50 1508.50  503.00 5028.00
        t_9: 2905.00 1563.50  536.00 5004.50
       t_10:    0.00 1777.00 2556.50 4333.50
       t_11:    0.00 1780.50 2561.00 4341.50
       t_12:    0.00 1778.00 2560.00 4338.00
       t_13:    0.00 1778.50 2543.00 4321.50
       t_14:    0.00 1784.00 2419.50 4203.50
       t_15:    0.00 1795.50 2414.00 4209.50
       t_16:    0.00 1779.00 2425.00 4204.00
       t_17: 1983.50 1778.50  926.50 4688.50
       t_18: 3184.50 1777.50    0.00 4962.00
       t_19: 3176.50 1776.50    0.00 4953.00
       t_20: 3185.50 1777.00    0.00 4962.50
       t_21: 3197.00 1778.00    0.00 4975.00
       t_22: 3193.50 1777.50    0.00 4971.00
       t_23: 3169.00 1777.50    0.00 4946.50
       t_24: 3182.50 1774.50    0.00 4957.00
       t_25: 3151.50 1777.00    0.00 4928.50
       t_26: 2576.50 1779.00  461.00 4816.50
       t_27:    0.00 1787.50 2411.50 4199.00
       t_28:    0.00 1780.50 2422.50 4203.00
       t_29:    0.00 1778.00 2299.00 4077.00
       t_30:    0.00 1778.00 2165.00 3943.00
       t_31:    0.00 1777.50 2163.50 3941.00
       t_32:    0.00 1778.00 2163.50 3941.50
       t_33:    0.00 1778.00 2167.50 3945.50
       t_34: 2479.00 1776.00  497.00 4752.00
       t_35: 3147.50 1774.00    0.00 4921.50
       t_36: 3140.50 1777.50    0.00 4918.00
       t_37: 3159.50 1777.50    0.00 4937.00
       t_38: 3188.00 1773.00    0.00 4961.00
       t_39: 3194.00 1773.50    0.00 4967.50
       t_40: 3171.00 1777.50    0.00 4948.50
       t_41: 3175.00 1776.50    0.00 4951.50
       t_42: 3183.00 1777.50    0.00 4960.50
       t_43: 2162.50 1778.00  689.50 4630.00
       t_44:    0.00 1780.00 2168.00 3948.00
       t_45:    0.00 1780.50 2161.00 3941.50
       t_46:    0.00 1778.50 2164.50 3943.00
       t_47:    0.00 1779.00 2164.00 3943.00
       t_48:    0.00 1778.00 2475.00 4253.00
       t_49:    0.00 1778.00 2556.00 4334.00
       t_50:    0.00 1778.00 2556.50 4334.50
       t_51: 2867.00 1777.50  262.00 4906.50
       t_52: 3182.00 1777.00    0.00 4959.00
       t_53: 3178.50 1777.50    0.00 4956.00
       t_54: 3178.00 1777.50    0.00 4955.50
       t_55: 3177.00 1777.00    0.00 4954.00
       t_56: 3184.00 1777.50    0.00 4961.50
       t_57: 3183.00 1778.00    0.00 4961.00
       t_58: 3185.50 1778.00    0.00 4963.50
       t_59: 3184.50 1777.50    0.00 4962.00
       t_60: 1680.50 1781.50 1199.00 4661.00
       t_61:    0.00 1778.00 2556.50 4334.50
       t_62:    0.00 1778.00 2555.50 4333.50
       t_63:    0.00 1780.00 2552.50 4332.50
       t_64:    0.00 1778.50 2556.00 4334.50
       t_65:    0.00 1778.50 2558.50 4337.00
       t_66:    0.00 1778.00 2555.50 4333.50
       t_67:  167.00 1777.50 2426.00 4370.50
       t_68: 3196.00 1777.50    0.00 4973.50
       t_69: 3197.00 1777.50    0.00 4974.50
       t_70: 3110.50 1777.00    0.00 4887.50
       t_71: 3083.00 1776.50    0.00 4859.50
       t_72: 3089.00 1778.00    0.00 4867.00
       t_73: 3169.50 1777.50    0.00 4947.00
       t_74: 3173.50 1778.00    0.00 4951.50
       t_75: 3183.00 1767.50    0.00 4950.50
       t_76: 3183.00 1777.50    0.00 4960.50
       t_77: 1448.50 1782.00 1384.50 4615.00
       t_78:    0.00 1777.50 2556.00 4333.50
       t_79:    0.00 1778.50 2557.00 4335.50
       t_80:    0.00 1779.00 2558.00 4337.00
       t_81:    0.00 1778.50 2556.50 4335.00
       t_82:    0.00 1778.00 2556.00 4334.00
       t_83:    0.00 1782.50 2570.50 4353.00
       t_84:  396.00 1775.50 2258.50 4430.00
       t_85: 3125.50 1777.50    0.00 4903.00
       t_86: 3193.00 1777.00    0.00 4970.00
       t_87: 3191.00 1777.50    0.00 4968.50
       t_88: 3195.00 1777.00    0.00 4972.00
       t_89: 3200.00 1777.50    0.00 4977.50
       t_90: 3198.50 1777.50    0.00 4976.00
       t_91: 3194.50 1777.50    0.00 4972.00
       t_92: 3188.00 1776.50    0.00 4964.50
       t_93: 3179.50 1777.50    0.00 4957.00
       t_94:  939.00 1778.50 1800.50 4518.00
       t_95:    0.00 1778.50 2557.50 4336.00
       t_96:    0.00 1778.50 2557.50 4336.00
       t_97:    0.00 1777.50 2553.00 4330.50
       t_98:    0.00 1777.50 2556.00 4333.50
       t_99:    0.00 1778.50 2556.00 4334.50
      t_100:    0.00 1777.50 2557.00 4334.50
      t_101:  912.50 1777.50 1834.50 4524.50
      t_102: 3150.50 1777.00    0.00 4927.50
      t_103: 3095.00 1778.00    0.00 4873.00
      t_104: 3097.50 1777.50    0.00 4875.00
      t_105: 3174.50 1777.50    0.00 4952.00
      t_106: 3192.00 1777.00    0.00 4969.00
      t_107: 3183.00 1778.00    0.00 4961.00
      t_108: 3184.00 1777.00    0.00 4961.00
      t_109: 3191.50 1777.00    0.00 4968.50
      t_110: 3197.00 1776.50    0.00 4973.50
      t_111:  622.50 1779.50 2058.50 4460.50
      t_112:    0.00 1778.00 2557.00 4335.00
      t_113:    0.00 1755.00 2555.50 4310.50
      t_114:    0.00    0.00 2532.00 2532.00
      t_115:    0.00    0.00 2531.00 2531.00
      t_116:    0.00    0.00 2532.50 2532.50
      t_117:    0.00    0.00 2520.00 2520.00
      t_118:  949.00    0.00 2535.00 3484.00
      t_119: 2447.50    0.00 2545.00 4992.50
      t_120: 2444.50    0.00 2548.50 4993.00
      t_121: 2457.00    0.00 2543.00 5000.00
      t_122: 2458.50    0.00 2539.50 4998.00
      t_123: 2437.00    0.00 2545.50 4982.50
      t_124: 2406.00    0.00 2547.00 4953.00
      t_125: 4502.50    0.00  577.00 5079.50
      t_126: 5108.50    0.00    0.00 5108.50
      t_127: 4789.50    0.00    0.00 4789.50
      t_128:    0.00    0.00    0.00    0.00
      t_129:    0.00    0.00    0.00    0.00
      t_130:    0.00    0.00    0.00    0.00
      t_131:    0.00    0.00    0.00    0.00
      t_132:    0.00    0.00    0.00    0.00
      t_133:    0.00    0.00    0.00    0.00
      t_134:    0.00    0.00    0.00    0.00
      t_135: 2944.00    0.00    0.00 2944.00
      t_136: 5025.50    0.00    0.00 5025.50
      t_137: 4867.50    0.00    0.00 4867.50
      t_138: 4951.50    0.00    0.00 4951.50
      t_139: 4946.00    0.00    0.00 4946.00
      t_140: 4930.00    0.00    0.00 4930.00
      t_141: 2335.50    0.00    0.00 2335.50
      t_142:    0.00    0.00    0.00    0.00
      t_143:    0.00    0.00    0.00    0.00
      t_144:    0.00    0.00    0.00    0.00
      t_145:    0.00    0.00    0.00    0.00
      t_146:    0.00    0.00    0.00    0.00
      t_147:    0.00    0.00    0.00    0.00
      t_148:  103.00    0.00    0.00  103.00
      t_149: 5077.50    0.00    0.00 5077.50
      t_150: 5002.50    0.00    0.00 5002.50
      t_151: 4898.00    0.00    0.00 4898.00
      t_152: 5082.50    0.00    0.00 5082.50
      t_153: 5090.50    0.00    0.00 5090.50
      t_154: 4745.50    0.00    0.00 4745.50
      t_155:    0.00    0.00    0.00    0.00