        t_0: 2999.50 1500.00  540.00 5039.50
        t_1: 3000.00 1500.50  477.00 4977.50
        t_2: 3000.00 1500.00  530.00 5030.00
        t_3: 3001.00 1324.50  640.00 4965.50
        t_4: 3000.00 1500.00  537.00 5037.00
        t_5: 3000.00 1500.00  507.50 5007.50
        t_6: 3000.00 1325.00  628.50 4953.50
        t_7: 3000.50 1500.00  512.00 5012.50
        t_8: 3000.50 1500.00  477.50 4978.00
        t_9: 2997.00 1500.00  404.00 4901.00
       t_10:    0.00 1561.50 2550.00 4111.50
       t_11:    0.00 1777.00 2555.00 4332.00
       t_12:    0.00 1777.50 2555.50 4333.00
       t_13:    0.00 1510.50 2527.50 4038.00
       t_14:    0.00 1779.50 2421.00 4200.50
       t_15:  252.00 1630.00 2376.50 4258.50
       t_16: 3000.00  314.00 1690.00 5004.00
       t_17: 3000.00 1347.50  657.50 5005.00
       t_18: 3000.00 1500.50  524.00 5024.50
       t_19: 3000.50 1500.00  520.50 5021.00
       t_20: 3000.50 1324.50  690.50 5015.50
       t_21: 3000.00 1500.00  514.00 5014.00
       t_22: 3000.50 1500.00  500.00 5000.50
       t_23: 3000.00 1327.50  627.00 4954.50
       t_24: 3000.00 1497.50  462.50 4960.00
       t_25: 2746.50 1574.00  697.50 5018.00
       t_26:    0.00 1778.00 2421.00 4199.00
       t_27:    0.00 1510.00 2212.50 3722.50
       t_28:    0.00 1777.50 2163.50 3941.00
       t_29:    0.00 1777.50 2164.50 3942.00
       t_30:    0.00 1509.00 2158.50 3667.50
       t_31:  503.00 1479.00 2140.00 4122.00
       t_32: 3000.00  596.00 1312.50 4908.50
       t_33: 3000.00 1500.00  437.00 4937.00
       t_34: 3000.50 1324.50  653.00 4978.00
       t_35: 3000.00 1500.00  555.50 5055.50
       t_36: 3001.00 1500.00  473.50 4974.50
       t_37: 2999.50 1325.00  632.50 4957.00
       t_38: 3000.50 1500.00  514.50 5015.00
       t_39: 3000.00 1500.00  552.00 5052.00
       t_40: 3000.50 1352.00  632.00 4984.50
       t_41: 2495.00 1569.00  750.50 4814.50
       t_42:    0.00 1777.50 2167.00 3944.50
       t_43:    0.00 1653.50 2385.00 4038.50
       t_44:    0.00 1632.50 2553.00 4185.50
       t_45:    0.00 1778.00 2555.00 4333.00
       t_46:    0.00 1589.50 2550.00 4139.50
       t_47:  754.50 1249.50 2429.50 4433.50
       t_48: 3000.00  724.00 1251.50 4975.50
       t_49: 3000.50 1500.00  454.50 4955.00
       t_50: 3000.00 1500.00  467.50 4967.50
       t_51: 3000.00 1324.50  587.00 4911.50
       t_52: 3000.50 1500.50  467.50 4968.50
       t_53: 3000.00 1500.00  464.00 4964.00
       t_54: 3000.00 1324.50  628.50 4953.00
       t_55: 3000.50 1500.00  521.00 5021.50
       t_56: 3000.50 1500.00  477.00 4977.50
       t_57: 2243.50 1377.00  942.50 4563.00
       t_58:    0.00 1755.50 2553.00 4308.50
       t_59:    0.00 1777.50 2556.00 4333.50
       t_60:    0.00 1511.00 2550.50 4061.50
       t_61:    0.00 1777.00 2555.00 4332.00
       t_62:    0.00 1772.50 2571.50 4344.00
       t_63: 1005.50 1177.50 2382.00 4565.00
       t_64: 3000.00  535.50 1471.50 5007.00
       t_65: 3000.50 1500.00  516.00 5016.50
       t_66: 3000.00 1500.00  441.00 4941.00
       t_67: 3000.00 1500.50  453.00 4953.50
       t_68: 3000.00 1324.50  632.00 4956.50
       t_69: 3000.50 1500.00  528.50 5029.00
       t_70: 3000.50 1500.00  557.00 5057.50
       t_71: 3000.00 1325.00  667.00 4992.00
       t_72: 3000.00 1500.00  456.00 4956.00
       t_73: 1992.50 1644.00 1151.00 4787.50
       t_74:    0.00 1510.50 2552.00 4062.50
       t_75:    0.00 1778.00 2555.00 4333.00
       t_76:    0.00 1775.50 2557.50 4333.00
       t_77:    0.00 1510.50 2549.50 4060.00
       t_78:    0.00 1776.50 2554.00 4330.50
       t_79:    0.00 1777.00 2554.00 4331.00
       t_80:    0.00 1510.00 2549.50 4059.50
       t_81:    0.00 1776.00 2555.00 4331.00
       t_82:    0.00 1777.00 2554.50 4331.50
       t_83:    0.00 1509.50 2554.50 4064.00
       t_84:    0.00 1777.00 2555.50 4332.50
       t_85:    0.00 1777.00 2555.00 4332.00
       t_86:    0.00 1510.50 2553.00 4063.50
       t_87:    0.00 1772.50 2551.50 4324.00
       t_88:    0.00 1777.50 2548.00 4325.50
       t_89:    0.00 1510.00 2544.50 4054.50
       t_90:    0.00 1777.50 2548.50 4326.00
       t_91:    0.00 1777.50 2555.00 4332.50
       t_92:    0.00 1510.00 2551.50 4061.50
       t_93:    0.00 1777.00 2555.00 4332.00
       t_94:    0.00 1777.00 2555.00 4332.00
       t_95:    0.00 1509.50 2554.00 4063.50
       t_96:    0.00 1776.50 2555.00 4331.50
       t_97:    0.00 1777.50 1446.00 3223.50
       t_98:    0.00  891.50    0.00  891.50
       t_99:    0.00    0.00    0.00    0.00