        t_0: 3000.50 1524.00  500.00 5024.50
        t_1: 3000.00 1512.50  500.00 5012.50
        t_2: 3000.50 1500.50  500.00 5001.00
        t_3: 3180.50 1331.00  500.00 5011.50
        t_4: 3000.50 1511.00  499.50 5011.00
        t_5: 3000.00 1507.50  500.00 5007.50
        t_6: 3177.00 1324.00  500.50 5001.50
        t_7: 3000.50 1506.50  499.50 5006.50
        t_8: 3000.00 1499.00  500.50 4999.50
        t_9: 2640.50 1572.50  703.00 4916.00
       t_10:    0.00 1509.50 2548.50 4058.00
       t_11:    0.00 1770.00 2575.50 4345.50
       t_12:    0.00 1775.00 2555.50 4330.50
       t_13:    0.00 1508.00 2530.50 4038.50
       t_14:    0.00 1778.50 2417.50 4196.00
       t_15:  659.00 1776.50 1929.00 4364.50
       t_16: 3491.50 1514.00    0.00 5005.50
       t_17: 3218.00 1782.00    0.00 5000.00
       t_18: 3215.00 1785.00    0.00 5000.00
       t_19: 3494.50 1514.50    0.00 5009.00
       t_20: 3215.00 1781.50    0.00 4996.50
       t_21: 3283.50 1717.50    0.00 5001.00
       t_22: 3405.50 1581.00    0.00 4986.50
       t_23: 3220.50 1781.50    0.00 5002.00
       t_24: 2797.50 1637.50  307.50 4742.50
       t_25:    0.00 1664.50 2415.50 4080.00
       t_26:    0.00 1780.00 2418.50 4198.50
       t_27:    0.00 1555.50 2420.50 3976.00
       t_28:    0.00 1740.50 2416.00 4156.50
       t_29:    0.00 1778.50 2190.50 3969.00
       t_30:  921.00 1511.00 1714.00 4146.00
       t_31: 3208.50 1782.00    0.00 4990.50
       t_32: 3192.00 1784.00    0.00 4976.00
       t_33: 3471.50 1516.00    0.00 4987.50
       t_34: 3197.00 1781.50    0.00 4978.50
       t_35: 3191.50 1782.00    0.00 4973.50
       t_36: 3452.50 1513.50    0.00 4966.00
       t_37: 3194.00 1783.50    0.00 4977.50
       t_38: 3202.50 1783.50    0.00 4986.00
       t_39: 2969.50 1516.50  328.50 4814.50
       t_40:    0.00 1773.00 2161.50 3934.50
       t_41:    0.00 1776.00 2165.00 3941.00
       t_42:    0.00 1511.50 2159.50 3671.00
       t_43:    0.00 1777.00 2162.50 3939.50
       t_44:    0.00 1777.50 2165.00 3942.50
       t_45:  654.50 1507.50 1720.00 3882.00
       t_46: 3216.50 1782.50    0.00 4999.00
       t_47: 3214.00 1785.50    0.00 4999.50
       t_48: 3480.50 1519.00    0.00 4999.50
       t_49: 3210.50 1784.00    0.00 4994.50
       t_50: 3213.50 1785.50    0.00 4999.00
       t_51: 3490.50 1515.00    0.00 5005.50
       t_52: 3212.00 1785.00    0.00 4997.00
       t_53: 3213.00 1781.00    0.00 4994.00
       t_54: 3095.00 1519.50  253.00 4867.50
       t_55:    0.00 1778.50 2165.00 3943.50
       t_56:    0.00 1776.00 2357.00 4133.00
       t_57:    0.00 1509.00 2553.00 4062.00
       t_58:    0.00 1776.50 2554.00 4330.50
       t_59:    0.00 1776.00 2552.00 4328.00
       t_60:  629.00 1511.50 2045.50 4186.00
       t_61: 3214.00 1782.00    0.00 4996.00
       t_62: 3202.50 1787.00    0.00 4989.50
       t_63: 3485.00 1517.00    0.00 5002.00
       t_64: 3216.00 1781.50    0.00 4997.50
       t_65: 3216.00 1783.50    0.00 4999.50
       t_66: 3490.50 1516.00    0.00 5006.50
       t_67: 3212.50 1781.50    0.00 4994.00
       t_68: 3212.50 1785.50    0.00 4998.00
       t_69: 3121.50 1517.50  272.50 4911.50
       t_70:    0.00 1776.50 2553.50 4330.00
       t_71:    0.00 1776.50 2548.50 4325.00
       t_72:    0.00 1511.00 2549.00 4060.00
       t_73:    0.00 1777.50 2553.00 4330.50
       t_74:    0.00 1778.50 2552.00 4330.50
       t_75:    0.00 1510.50 2546.50 4057.00
       t_76:    0.00 1777.00 2552.50 4329.50
       t_77:    0.00 1776.00 2549.00 4325.00
       t_78:    0.00 1503.00 2550.00 4053.00
       t_79:    0.00 1775.00 2554.50 4329.50
       t_80:    0.00 1776.00 2557.00 4333.00
       t_81:    0.00 1509.00 2553.50 4062.50
       t_82:    0.00 1772.00 2563.50 4335.50
       t_83:    0.00 1771.50 2574.00 4345.50
       t_84:    0.00 1505.50 2556.50 4062.00
       t_85:    0.00 1772.00 2572.50 4344.50
       t_86:    0.00 1779.00 2556.50 4335.50
       t_87:    0.00 1509.00 2552.00 4061.00
       t_88:    0.00 1777.50 2556.50 4334.00
       t_89:    0.00 1776.00 2557.00 4333.00
       t_90:    0.00   59.50 2526.50 2586.00
       t_91:    0.00    0.00 2529.00 2529.00
       t_92:    0.00    0.00 2528.50 2528.50
       t_93:    0.00    0.00 2530.00 2530.00
       t_94:    0.00    0.00 2527.00 2527.00
       t_95:    0.00    0.00 2529.00 2529.00
       t_96:    0.00    0.00 2530.50 2530.50
       t_97:    0.00    0.00 2518.50 2518.50
       t_98:    0.00    0.00 2529.00 2529.00
       t_99:    0.00    0.00 2529.00 2529.00
      t_100:    0.00    0.00 2528.50 2528.50
      t_101:    0.00    0.00 2529.50 2529.50
      t_102:    0.00    0.00 2526.50 2526.50
      t_103:    0.00    0.00 2530.50 2530.50
      t_104:    0.00    0.00 2244.50 2244.50
      t_105:    0.00    0.00    0.00    0.00