        t_0: 3003.50 1472.50  500.50 4976.50
        t_1: 3000.50 1503.00  500.00 5003.50
        t_2: 3000.00 1516.50  500.00 5016.50
        t_3: 3150.00 1327.50  525.50 5003.00
        t_4: 3000.00 1511.00  500.00 5011.00
        t_5: 3000.50 1503.00  500.00 5003.50
        t_6: 3148.50 1327.50  525.00 5001.00
        t_7: 3000.50 1513.50  500.00 5014.00
        t_8: 3000.00 1497.00  500.00 4997.00
        t_9: 2696.50 1514.50  671.00 4882.00
       t_10:    0.00 1508.00 2558.50 4066.50
       t_11:    0.00 1775.50 2555.00 4330.50
       t_12:    0.00 1777.50 2554.50 4332.00
       t_13:    0.00 1509.50 2528.50 4038.00
       t_14:    0.00 1780.00 2418.00 4198.00
       t_15:  553.50 1735.00 2064.50 4353.00
       t_16: 3182.50 1319.00  500.00 5001.50
       t_17: 3000.00 1492.00  500.00 4992.00
       t_18: 3000.50 1514.50  500.00 5015.00
       t_19: 3185.00 1339.50  499.50 5024.00
       t_20: 3000.50 1517.50  500.00 5018.00
       t_21: 3000.00 1533.00  500.00 5033.00
       t_22: 3030.00 1513.50  500.00 5043.50
       t_23: 3155.50 1368.50  500.00 5024.00
       t_24: 3000.00 1510.50  500.00 5010.50
       t_25: 1892.50 1652.50 1171.50 4716.50
       t_26:    0.00 1508.50 2421.00 3929.50
       t_27:    0.00 1773.50 2380.00 4153.50
       t_28:    0.00 1777.00 2162.50 3939.50
       t_29:    0.00 1511.00 2156.50 3667.50
       t_30:    0.00 1778.00 2163.00 3941.00
       t_31: 1357.50 1657.50 1413.00 4428.00
       t_32: 3176.50 1324.50  500.00 5001.00
       t_33: 3000.50 1490.00  500.00 4990.50
       t_34: 3000.50 1510.50  500.00 5011.00
       t_35: 3180.50 1343.50  500.00 5024.00
       t_36: 3000.00 1515.50  500.00 5015.50
       t_37: 3000.50 1507.50  500.00 5008.00
       t_38: 3000.00 1506.00  500.00 5006.00
       t_39: 3185.00 1342.00  500.00 5027.00
       t_40: 3000.00 1524.00  500.00 5024.00
       t_41: 1099.00 1724.00 1520.50 4343.50
       t_42:    0.00 1507.00 2159.00 3666.00
       t_43:    0.00 1777.50 2163.00 3940.50
       t_44:    0.00 1778.00 2300.00 4078.00
       t_45:    0.00 1512.50 2553.50 4066.00
       t_46:    0.00 1781.50 2558.50 4340.00
       t_47: 2150.50 1549.50 1082.00 4782.00
       t_48: 3167.50 1280.00  500.00 4947.50
       t_49: 3000.00 1495.00  500.00 4995.00
       t_50: 3000.50 1500.50  500.00 5001.00
       t_51: 3000.50 1493.50  500.00 4994.00
       t_52: 3173.50 1333.00  500.00 5006.50
       t_53: 3000.00 1512.00  500.00 5012.00
       t_54: 3000.50 1511.50  500.00 5012.00
       t_55: 3179.00 1334.00  499.50 5012.50
       t_56: 3000.50 1534.00  500.00 5034.50
       t_57:  327.50 1791.00 2292.50 4411.00
       t_58:    0.00 1510.00 2545.00 4055.00
       t_59:    0.00 1777.00 2554.50 4331.50
       t_60:    0.00 1777.50 2554.00 4331.50
       t_61:    0.00 1511.00 2550.50 4061.50
       t_62:    0.00 1778.50 2557.00 4335.50
       t_63: 2921.50 1504.50  554.00 4980.00
       t_64: 3179.00 1323.00  500.00 5002.00
       t_65: 3000.50 1502.50  500.00 5003.00
       t_66: 3000.00 1507.00  500.00 5007.00
       t_67: 3000.00 1508.50  500.00 5008.50
       t_68: 3176.00 1331.50  500.00 5007.50
       t_69: 3000.50 1522.00  499.50 5022.00
       t_70: 3000.50 1515.00  500.00 5015.50
       t_71: 3177.00 1338.50  500.00 5015.50
       t_72: 2544.50 1585.00  774.00 4903.50
       t_73:    0.00 1777.50 2555.00 4332.50
       t_74:    0.00 1510.00 2550.00 4060.00
       t_75:    0.00 1778.00 2552.50 4330.50
       t_76:    0.00 1778.00 2555.50 4333.50
       t_77:    0.00 1511.50 2551.50 4063.00
       t_78:    0.00 1777.50 2556.00 4333.50
       t_79:    0.00 1777.50 2554.50 4332.00
       t_80:    0.00 1511.50 2550.50 4062.00
       t_81:    0.00 1776.50 2553.00 4329.50
       t_82:    0.00 1776.50 2553.00 4329.50
       t_83:    0.00 1510.50 2550.00 4060.50
       t_84:    0.00 1771.50 2555.00 4326.50
       t_85:    0.00 1777.50 2557.50 4335.00
       t_86:    0.00 1511.00 2552.50 4063.50
       t_87:    0.00 1774.50 2559.50 4334.00
       t_88:    0.00 1773.50 2558.00 4331.50
       t_89:    0.00 1508.00 2556.00 4064.00
       t_90:    0.00 1776.00 2555.50 4331.50
       t_91:    0.00 1776.00 2551.00 4327.00
       t_92:    0.00 1511.00 2543.00 4054.00
       t_93:    0.00 1778.00 2555.00 4333.00
       t_94:    0.00 1777.50 2555.50 4333.00
       t_95:    0.00  773.50 2541.00 3314.50
       t_96:    0.00    0.00 2529.50 2529.50
       t_97:    0.00    0.00 2530.00 2530.00
       t_98:    0.00    0.00 2530.00 2530.00
       t_99:    0.00    0.00 1704.50 1704.50
      t_100:    0.00    0.00    0.00    0.00