        t_0: 3019.50 1500.00  500.00 5019.50
        t_1: 3016.00 1500.50  499.50 5016.00
        t_2: 3017.00 1499.50  500.50 5017.00
        t_3: 3182.00 1325.00  493.50 5000.50
        t_4: 3000.00 1501.00  499.00 5000.00
        t_5: 3004.50 1499.50  501.50 5005.50
        t_6: 3179.00 1324.00  500.50 5003.50
        t_7: 3004.50 1501.00  499.00 5004.50
        t_8: 3000.50 1500.00  500.50 5001.00
        t_9: 2577.00 1589.50  742.00 4908.50
       t_10:    0.00 1510.50 2549.00 4059.50
       t_11:    0.00 1773.00 2567.50 4340.50
       t_12:    0.00 1775.00 2558.00 4333.00
       t_13:    0.00 1510.00 2526.00 4036.00
       t_14:    0.00 1781.50 2416.50 4198.00
       t_15:  850.50 1647.50 1879.00 4377.00
       t_16: 3960.50 1070.00    0.00 5030.50
       t_17: 3818.00 1200.00    0.00 5018.00
       t_18: 3816.50 1200.00    0.00 5016.50
       t_19: 3654.00 1349.00    0.00 5003.00
       t_20: 3676.50 1324.50    0.00 5001.00
       t_21: 3501.00 1500.00    0.00 5001.00
       t_22: 3502.00 1500.50    0.00 5002.50
       t_23: 3221.00 1363.00  307.50 4891.50
       t_24:    0.00 1782.50 2418.50 4201.00
       t_25:    0.00 1788.00 2415.50 4203.50
       t_26:    0.00 1512.00 2420.00 3932.00
       t_27:    0.00 1773.50 2425.00 4198.50
       t_28:    0.00 1770.00 2198.00 3968.00
       t_29:  699.00 1404.50 1764.00 3867.50
       t_30: 3849.00 1200.00    0.00 5049.00
       t_31: 3824.50 1200.50    0.00 5025.00
       t_32: 3815.50 1199.50    0.00 5015.00
       t_33: 3851.00 1157.00    0.00 5008.00
       t_34: 3503.00 1500.00    0.00 5003.00
       t_35: 3500.00 1499.50    0.00 4999.50
       t_36: 3501.00 1501.00    0.00 5002.00
       t_37: 3457.00 1392.00  103.50 4952.50
       t_38:    0.00 1777.00 2165.00 3942.00
       t_39:    0.00 1777.50 2164.00 3941.50
       t_40:    0.00 1508.50 2163.50 3672.00
       t_41:    0.00 1776.50 2154.50 3931.00
       t_42:    0.00 1773.00 2167.00 3940.00
       t_43:  521.00 1426.50 1869.50 3817.00
       t_44: 3831.50 1200.00    0.00 5031.50
       t_45: 3868.50 1200.00    0.00 5068.50
       t_46: 3841.50 1200.00    0.00 5041.50
       t_47: 3785.00 1228.00    0.00 5013.00
       t_48: 3506.00 1500.00    0.00 5006.00
       t_49: 3503.50 1500.50    0.00 5004.00
       t_50: 3670.00 1324.00    0.00 4994.00
       t_51: 3473.00 1518.00    0.00 4991.00
       t_52:    0.00 1811.00 2138.00 3949.00
       t_53:    0.00 1555.50 2301.50 3857.00
       t_54:    0.00 1731.00 2553.50 4284.50
       t_55:    0.00 1777.50 2556.00 4333.50
       t_56:    0.00 1511.00 2552.00 4063.00
       t_57:  301.50 1731.50 2353.50 4386.50
       t_58: 3848.50 1200.00    0.00 5048.50
       t_59: 3842.00 1200.50    0.00 5042.50
       t_60: 3928.00 1069.50    0.00 4997.50
       t_61: 3610.50 1396.00    0.00 5006.50
       t_62: 3505.50 1500.00    0.00 5005.50
       t_63: 3503.50 1500.50    0.00 5004.00
       t_64: 3661.50 1324.50    0.00 4986.00
       t_65: 3503.00 1500.00    0.00 5003.00
       t_66:  295.50 1802.50 2294.00 4392.00
       t_67:    0.00 1510.50 2547.00 4057.50
       t_68:    0.00 1777.00 2554.00 4331.00
       t_69:    0.00 1774.50 2556.00 4330.50
       t_70:    0.00 1511.00 2551.00 4062.00
       t_71:    0.00 1775.00 2560.50 4335.50
       t_72:    0.00 1770.50 2575.50 4346.00
       t_73:    0.00 1509.50 2549.50 4059.00
       t_74:    0.00 1775.50 2555.50 4331.00
       t_75:    0.00 1776.50 2555.00 4331.50
       t_76:    0.00 1510.50 2550.50 4061.00
       t_77:    0.00 1777.00 2555.50 4332.50
       t_78:    0.00 1776.00 2566.50 4342.50
       t_79:    0.00 1509.50 2550.00 4059.50
       t_80:    0.00 1777.00 2553.50 4330.50
       t_81:    0.00 1777.50 2554.00 4331.50
       t_82:    0.00 1510.50 2551.00 4061.50
       t_83:    0.00 1778.00 2555.00 4333.00
       t_84:    0.00 1775.00 2550.50 4325.50
       t_85:    0.00 1503.00 2547.50 4050.50
       t_86:    0.00 1775.50 2556.50 4332.00
       t_87:    0.00 1775.50 2556.00 4331.50
       t_88:    0.00 1510.00 2554.00 4064.00
       t_89:    0.00 1776.50 2555.00 4331.50
       t_90:    0.00 1776.50 2556.00 4332.50
       t_91:    0.00 1511.00 2551.00 4062.00
       t_92:    0.00 1777.00 2555.50 4332.50
       t_93:    0.00 1777.50 2545.50 4323.00
       t_94:    0.00 1511.00 2551.50 4062.50
       t_95:    0.00 1777.50 2555.00 4332.50
       t_96:    0.00 1778.00 2555.50 4333.50
       t_97:    0.00  135.00 2532.50 2667.50
       t_98:    0.00    0.00 2529.50 2529.50
       t_99:    0.00    0.00 2526.50 2526.50
      t_100:    0.00    0.00 2526.00 2526.00
      t_101:    0.00    0.00   40.00   40.00
      t_102:    0.00    0.00    0.00    0.00