        t_0: 3004.00 1502.50  500.50 5007.00
        t_1: 2985.00 1493.00  497.50 4975.50
        t_2: 2954.50 1476.50  492.50 4923.50
        t_3: 3009.50 1504.50  501.50 5015.50
        t_4: 3015.00 1508.00  502.50 5025.50
        t_5: 3010.00 1504.50  502.00 5016.50
        t_6: 3002.00 1501.50  500.00 5003.50
        t_7: 3008.00 1504.50  501.50 5014.00
        t_8: 3016.00 1507.50  503.00 5026.50
        t_9: 2988.00 1494.00  498.00 4980.00
       t_10:    8.00 1831.00 2521.00 4360.00
       t_11:    0.00 1780.50 2559.50 4340.00
       t_12:    0.00 1778.00 2554.50 4332.50
       t_13:    0.00 1778.00 2555.50 4333.50
       t_14: 1880.50 1776.00 1063.50 4720.00
       t_15: 3218.50 1776.00    0.00 4994.50
       t_16: 3220.50 1777.00    0.00 4997.50
       t_17: 3220.50 1778.00    0.00 4998.50
       t_18: 3215.50 1774.50    0.00 4990.00
       t_19: 3211.00 1772.50    0.00 4983.50
       t_20: 3194.00 1777.50    0.00 4971.50
       t_21: 3192.50 1777.00    0.50 4970.00
       t_22: 3197.00 1777.50    0.00 4974.50
       t_23: 2450.00 1781.00  588.00 4819.00
       t_24:    0.00 1778.00 2556.50 4334.50
       t_25:    0.00 1776.50 2555.50 4332.00
       t_26:    0.00 1777.50 2550.50 4328.00
       t_27:    0.00 1778.00 2553.00 4331.00
       t_28: 2610.50 1778.00  482.50 4871.00
       t_29: 3220.00 1777.00    0.00 4997.00
       t_30: 3224.00 1774.00    0.00 4998.00
       t_31: 3225.00 1774.50    0.00 4999.50
       t_32: 2720.00 1779.00  392.50 4891.50
       t_33:    0.00 1777.00 2562.00 4339.00
       t_34:    0.00 1778.50 2540.50 4319.00
       t_35:    0.00 1779.00 2545.00 4324.00
       t_36:    0.00 1779.00 2544.00 4323.00
       t_37:    0.00 1779.00 2546.50 4325.50
       t_38:    0.00 1774.50 2554.00 4328.50
       t_39:    0.00 1780.00 2559.50 4339.50
       t_40:    0.00 1778.50 2558.00 4336.50
       t_41:    0.00 1777.50 2555.50 4333.00
       t_42:    0.00 1778.00 2555.50 4333.50
       t_43:    0.00 1295.50 2549.00 3844.50
       t_44:    0.00    0.00 2533.00 2533.00
       t_45:    0.00    0.00 2532.00 2532.00
       t_46:    0.00    0.00 2533.00 2533.00
       t_47:    0.00    0.00 2530.00 2530.00
       t_48:    0.00    0.00 2532.50 2532.50
       t_49:    0.00    0.00 2533.00 2533.00
       t_50:    0.00    0.00 2532.00 2532.00
       t_51:    0.00    0.00 1273.00 1273.00
       t_52:    0.00    0.00    0.00    0.00