        t_0: 3878.50 1200.00    0.00 5078.50
        t_1: 3863.50 1200.00    0.00 5063.50
        t_2: 3894.00 1200.50    0.00 5094.50
        t_3: 3913.50 1199.50    0.00 5113.00
        t_4: 3914.50 1200.50    0.00 5115.00
        t_5: 3915.50 1200.00    0.00 5115.50
        t_6: 3918.50 1200.00    0.00 5118.50
        t_7: 2702.50 1427.50  742.50 4872.50
        t_8:    0.00 1778.00 2554.50 4332.50
        t_9:    0.00 1777.50 2555.00 4332.50
       t_10:    0.00 1774.00 2569.50 4343.50
       t_11:    0.00 1773.00 2577.00 4350.00
       t_12: 3414.00 1273.00  326.00 5013.00
       t_13: 3911.50 1200.00    0.00 5111.50
       t_14: 3910.00 1200.00    0.00 5110.00
       t_15: 3915.00 1200.00    0.00 5115.00
       t_16: 3916.00 1200.50    0.00 5116.50
       t_17: 3901.50 1200.00    0.00 5101.50
       t_18: 3911.50 1200.00    0.00 5111.50
       t_19: 3120.50 1365.50  470.50 4956.50
       t_20:    0.00 1778.00 2554.50 4332.50
       t_21:    0.00 1777.50 2555.00 4332.50
       t_22:    0.00 1775.00 2570.00 4345.00
       t_23:    0.00 1775.50 2556.00 4331.50
       t_24: 2992.00 1335.00  598.50 4925.50
       t_25: 3912.00 1200.00    0.00 5112.00
       t_26: 3919.50 1200.00    0.00 5119.50
       t_27: 3918.00 1200.00    0.00 5118.00
       t_28:  258.00 1787.50 2380.00 4425.50
       t_29:    0.00 1777.50 2552.50 4330.00
       t_30:    0.00 1776.50 2546.50 4323.00
       t_31:    0.00 1777.50 2550.50 4328.00
       t_32:    0.00 1773.00 2581.50 4354.50
       t_33:    0.00 1776.50 2563.50 4340.00
       t_34:    0.00 1776.50 2558.50 4335.00
       t_35:    0.00 1776.50 2565.00 4341.50
       t_36:    0.00 1776.50 2562.00 4338.50
       t_37:    0.00 1780.00 2548.50 4328.50
       t_38:    0.00 1778.00 2556.50 4334.50
       t_39:    0.00 1776.50 2555.00 4331.50
       t_40:    0.00 1776.50 2549.00 4325.50
       t_41:    0.00 1777.50 2554.00 4331.50
       t_42:    0.00 1778.00 2556.00 4334.00
       t_43:    0.00 1774.50 2564.00 4338.50
       t_44:    0.00 1778.00 2552.50 4330.50
       t_45:    0.00 1777.50 2554.50 4332.00
       t_46:    0.00 1778.00 2556.00 4334.00
       t_47:    0.00 1777.50 2553.50 4331.00
       t_48:    0.00  639.50 1411.50 2051.00
       t_49:    0.00    0.00    0.00    0.00
