        t_0: 3000.50 1500.50  500.50 5001.50
        t_1: 3007.00 1503.50  501.00 5011.50
        t_2: 3030.50 1515.00  505.00 5050.50
        t_3: 2931.00 1465.50  488.50 4885.00
        t_4: 2998.00 1499.00  499.50 4996.50
        t_5: 2982.50 1491.00  497.00 4970.50
        t_6: 3095.50 1389.50  516.00 5001.00
        t_7: 2854.50 1586.00  476.00 4916.50
        t_8: 2973.50 1486.50  495.50 4955.50
        t_9: 2999.00 1499.50  500.00 4998.50
       t_10:  128.00 1557.00 2457.50 4142.50
       t_11:    0.00 1776.00 2554.50 4330.50
       t_12:    0.00 1731.50 2555.50 4287.00
       t_13:    0.00 1555.50 2544.50 4100.00
       t_14:    0.00 1794.00 2409.50 4203.50
       t_15:  213.00 1650.50 2308.00 4171.50
       t_16: 3187.50 1648.50    0.00 4836.00
       t_17: 3040.50 1776.00    0.00 4816.50
       t_18: 3278.50 1575.50    0.00 4854.00
       t_19: 3124.00 1709.50    0.00 4833.50
       t_20: 3051.00 1774.50    0.00 4825.50
       t_21: 3327.50 1516.00    0.00 4843.50
       t_22: 3049.00 1766.00    0.00 4815.00
       t_23: 3038.50 1773.50    0.00 4812.00
       t_24: 3349.00 1508.00    0.00 4857.00
       t_25: 1341.50 1783.50 1340.00 4465.00
       t_26:    0.00 1779.50 2418.00 4197.50
       t_27:    0.00 1508.50 2420.00 3928.50
       t_28:    0.00 1778.50 2419.00 4197.50
       t_29:    0.00 1775.50 2331.50 4107.00
       t_30:    0.00 1509.00 2157.50 3666.50
       t_31: 1946.00 1781.00  778.50 4505.50
       t_32: 3037.50 1775.00    0.00 4812.50
       t_33: 3349.00 1508.00    0.00 4857.00
       t_34: 3039.00 1774.00    0.00 4813.00
       t_35: 3038.00 1774.50    0.00 4812.50
       t_36: 3349.50 1508.00    0.00 4857.50
       t_37: 3044.50 1774.50    0.00 4819.00
       t_38: 3051.50 1775.00    0.00 4826.50
       t_39: 3348.00 1509.00    0.00 4857.00
       t_40: 2797.00 1773.50  175.50 4746.00
       t_41:    0.00 1776.00 2160.50 3936.50
       t_42:    0.00 1511.00 2159.50 3670.50
       t_43:    0.00 1776.00 2155.00 3931.00
       t_44:    0.00 1775.50 2158.50 3934.00
       t_45:    0.00 1510.00 2160.50 3670.50
       t_46:  536.00 1775.50 1801.50 4113.00
       t_47: 3044.00 1774.00    0.00 4818.00
       t_48: 3345.00 1508.00    0.00 4853.00
       t_49: 3049.00 1774.50    0.00 4823.50
       t_50: 3052.50 1771.50    0.00 4824.00
       t_51: 3340.50 1507.00    0.00 4847.50
       t_52: 3066.00 1774.50    0.00 4840.50
       t_53: 3055.00 1775.00    0.00 4830.00
       t_54: 3343.00 1508.00    0.00 4851.00
       t_55: 3046.50 1774.00    0.00 4820.50
       t_56: 1122.50 1777.50 1354.50 4254.50
       t_57:    0.00 1510.00 2157.00 3667.00
       t_58:    0.00 1778.50 2545.50 4324.00
       t_59:    0.00 1778.50 2549.50 4328.00
       t_60:    0.00 1511.00 2546.50 4057.50
       t_61:    0.00 1777.50 2550.00 4327.50
       t_62: 2204.50 1774.50  732.00 4711.00
       t_63: 3360.50 1506.00    0.00 4866.50
       t_64: 3049.50 1774.00    0.00 4823.50
       t_65: 3051.00 1774.50    0.00 4825.50
       t_66: 3352.50 1508.50    0.00 4861.00
       t_67: 3048.50 1775.00    0.00 4823.50
       t_68: 3048.50 1775.00    0.00 4823.50
       t_69: 3351.00 1508.50    0.00 4859.50
       t_70: 3051.50 1775.50    0.00 4827.00
       t_71: 2482.00 1776.50  460.00 4718.50
       t_72:    0.00 1511.50 2552.50 4064.00
       t_73:    0.00 1778.00 2541.00 4319.00
       t_74:    0.00 1778.00 2548.00 4326.00
       t_75:    0.00 1509.00 2552.00 4061.00
       t_76:    0.00 1776.50 2550.50 4327.00
       t_77:    0.00 1777.00 2554.00 4331.00
       t_78:    0.00 1504.00 2556.50 4060.50
       t_79:    0.00 1775.50 2554.50 4330.00
       t_80:    0.00 1777.00 2561.50 4338.50
       t_81:    0.00 1511.00 2554.00 4065.00
       t_82:    0.00 1778.50 2556.00 4334.50
       t_83:    0.00 1777.00 2556.50 4333.50
       t_84:    0.00 1511.00 2550.00 4061.00
       t_85:    0.00 1778.00 2550.00 4328.00
       t_86:    0.00 1777.00 2549.50 4326.50
       t_87:    0.00 1510.50 2549.00 4059.50
       t_88:    0.00 1778.50 2552.00 4330.50
       t_89:    0.00 1777.00 2547.50 4324.50
       t_90:    0.00  108.50 2519.00 2627.50
       t_91:    0.00    0.00 2519.50 2519.50
       t_92:    0.00    0.00 2517.50 2517.50
       t_93:    0.00    0.00 2519.00 2519.00
       t_94:    0.00    0.00 2529.00 2529.00
       t_95:    0.00    0.00 2529.50 2529.50
       t_96:    0.00    0.00 2528.50 2528.50
       t_97:    0.00    0.00 2528.50 2528.50
       t_98:    0.00    0.00 2525.50 2525.50
       t_99:    0.00    0.00 2516.00 2516.00
      t_100:    0.00    0.00 2529.50 2529.50
      t_101:    0.00    0.00 2528.50 2528.50
      t_102:    0.00    0.00 2530.00 2530.00
      t_103:    0.00    0.00 2525.00 2525.00
      t_104:    0.00    0.00 2528.00 2528.00
      t_105:    0.00    0.00 2526.50 2526.50
      t_106:    0.00    0.00 2326.50 2326.50
      t_107:    0.00    0.00    0.00    0.00