rbd0              0.00     2.01    0.00   63.39     0.02  1478.78    46.66     1.35   22.92   17.86   22.92   0.55   3.51
rbd0              0.00     0.00    0.00    0.00     0.00     0.00     0.00     0.00    0.00    0.00    0.00   0.00   0.00
rbd0              0.00     0.00    0.00    0.00     0.00     0.00     0.00     0.00    0.00    0.00    0.00   0.00   0.00
rbd0              0.00     0.00    0.00    0.00     0.00     0.00     0.00     0.00    0.00    0.00    0.00   0.00   0.00
rbd0              0.00     0.00    0.00    0.00     0.00     0.00     0.00     0.00    0.00    0.00    0.00   0.00   0.00
rbd0              0.00     0.00    0.00    0.00     0.00     0.00     0.00     0.00    0.00    0.00    0.00   0.00   0.00
rbd0              0.00     0.00    0.00    0.00     0.00     0.00     0.00     0.00    0.00    0.00    0.00   0.00   0.00
rbd0              0.00     0.00    0.00    0.00     0.00     0.00     0.00     0.00    0.00    0.00    0.00   0.00   0.00
rbd0              0.00     0.00    0.00    0.00     0.00     0.00     0.00     0.00    0.00    0.00    0.00   0.00   0.00
rbd0              0.00     0.00    0.00    0.00     0.00     0.00     0.00     0.00    0.00    0.00    0.00   0.00   0.00
rbd0              0.00     0.00    0.00    0.00     0.00     0.00     0.00     0.00    0.00    0.00    0.00   0.00   0.00
rbd0              0.00     0.00    0.00    0.00     0.00     0.00     0.00     0.00    0.00    0.00    0.00   0.00   0.00
rbd0              0.00     0.00    0.00    0.00     0.00     0.00     0.00     0.00    0.00    0.00    0.00   0.00   0.00
rbd0              0.00     0.00    0.00    0.00     0.00     0.00     0.00     0.00    0.00    0.00    0.00   0.00   0.00
rbd0              0.00     0.00    1.00    0.00     4.00     0.00     8.00     0.00    1.00    1.00    0.00   1.00   0.10
rbd0              0.00     0.00    0.00    0.00     0.00     0.00     0.00     0.00    0.00    0.00    0.00   0.00   0.00
rbd0              0.00     0.00    1.00    0.00     4.00     0.00     8.00     0.00    1.00    1.00    0.00   1.00   0.10
rbd0              0.00  2727.00    0.00    0.00     0.00     0.00     0.00    21.12    0.00    0.00    0.00   0.00  16.50
rbd0              0.00     0.00    0.00    0.00     0.00     0.00     0.00   127.87    0.00    0.00    0.00   0.00  99.90
rbd0              0.00     0.00    2.00  204.00     8.00 11724.00   113.90    56.64 1591.98    2.50 1607.56   2.20  45.30
rbd0              0.00     0.00    1.00    0.00     4.00     0.00     8.00     0.00    1.00    1.00    0.00   1.00   0.10
rbd0              0.00     0.00    3.00    0.00    12.00     0.00     8.00     0.00    1.00    1.00    0.00   1.00   0.30
rbd0              0.00    58.00    3.00    7.00    12.00  8320.00  1666.40     1.07   15.50    1.33   21.57   4.40   4.40
rbd0              0.00   333.00    1.00  145.00     4.00 593920.00  8135.95   124.77  527.21  701.00  526.01   6.85 100.00
rbd0              0.00     0.00    1.00  160.00     4.00 655360.00  8141.17   119.96 1351.66  696.00 1355.76   6.21 100.00
rbd0              0.00     0.00    1.00   79.00     4.00 323328.00  8083.30    20.89 1589.71  168.00 1607.71   5.83  46.60
rbd0              0.00     0.00    2.00    0.00     8.00     0.00     8.00     0.01    2.50    2.50    0.00   2.50   0.50
rbd0              0.00     0.00    3.00    0.00    12.00     0.00     8.00     0.00    1.33    1.33    0.00   1.00   0.30
rbd0              0.00     0.00    2.00    0.00     8.00     0.00     8.00     0.00    1.00    1.00    0.00   1.00   0.20
rbd0              0.00   368.00    1.00  138.00     4.00 489968.00  7049.96   108.34  434.18  554.00  433.31   6.45  89.70
rbd0              0.00   342.00    0.00  156.00     0.00 638976.00  8192.00   127.69 1243.81    0.00 1243.81   6.41 100.00
rbd0              0.00   280.00    2.00  282.00     8.00 595172.00  4191.41   126.02 1201.98  442.00 1207.37   3.52 100.00
rbd0              0.00   169.00    1.00  167.00     4.00 662464.00  7886.52   126.18 1021.80  731.00 1023.54   5.95  99.90
rbd0              0.00   154.00    1.00  154.00     4.00 626688.00  8086.35   127.56 1535.53  723.00 1540.81   6.45 100.00
rbd0              0.00    51.00    1.00  165.00     4.00 675840.00  8142.70   127.86 1592.30  691.00 1597.76   6.03 100.10
rbd0              0.00     0.00    1.00  135.00     4.00 547772.00  8055.53    53.84 1583.36  356.00 1592.45   5.43  73.80
rbd0              0.00     0.00    2.00    0.00     8.00     0.00     8.00     0.00    2.00    2.00    0.00   2.00   0.40
rbd0              0.00     0.00   12.00    0.00    48.00     0.00     8.00     0.01    0.75    0.75    0.00   0.75   0.90
rbd0              0.00     0.00    0.00    0.00     0.00     0.00     0.00     0.00    0.00    0.00    0.00   0.00   0.00
rbd0              0.00   114.00    1.00  129.00     4.00 249456.00  3837.85    30.12  234.96   11.00  236.70   3.15  41.00
rbd0              0.00     0.00    2.00    0.00     8.00     0.00     8.00     0.00    2.00    2.00    0.00   2.00   0.40
rbd0              0.00     0.00    3.00    0.00    12.00     0.00     8.00     0.00    1.33    1.33    0.00   1.33   0.40
rbd0              0.00     0.00    3.00    0.00    12.00     0.00     8.00     0.00    1.00    1.00    0.00   1.00   0.30
rbd0              0.00     0.00    3.00    0.00    12.00     0.00     8.00     0.00    1.00    1.00    0.00   1.00   0.30
rbd0              0.00   701.00    1.00  212.00     4.00 274496.00  2577.46    67.01  289.14  239.00  289.38   2.54  54.00
rbd0              0.00   594.00    2.00  416.00     8.00 614628.00  2940.84   126.84  544.55  225.50  546.08   2.39 100.10
rbd0              0.00   118.00    1.00  247.00     4.00 686916.00  5539.68   127.15  724.36  582.00  724.94   4.03 100.00
rbd0              0.00     0.00    2.00  127.00     8.00 489904.00  7595.53    46.21 1331.97  171.00 1350.25   5.07  65.40
rbd0              0.00     0.00    1.00    0.00     4.00     0.00     8.00     0.00    1.00    1.00    0.00   1.00   0.10
rbd0              0.00     0.00    2.00    0.00     8.00     0.00     8.00     0.00    1.50    1.50    0.00   1.50   0.30
rbd0              0.00     0.00    2.00    0.00     8.00     0.00     8.00     0.00    1.00    1.00    0.00   1.00   0.20
rbd0              0.00 36002.00    3.00  301.00    12.00 199452.00  1312.26    45.07  202.36   10.00  204.28   1.24  37.60
rbd0              0.00  4736.00    1.00  352.00     4.00 592752.00  3358.39   123.26  396.73  596.00  396.16   2.83 100.00
rbd0              0.00     0.00    2.00  101.00     8.00 258088.00  5011.57    18.13  908.14    2.50  926.07   3.21  33.10
rbd0              0.00     0.00    3.00    0.00    12.00     0.00     8.00     0.00    1.33    1.33    0.00   1.33   0.40
rbd0              0.00     0.00    2.00    0.00     8.00     0.00     8.00     0.00    1.50    1.50    0.00   1.50   0.30
rbd0              0.00     0.00    3.00    0.00    12.00     0.00     8.00     0.00    1.00    1.00    0.00   1.00   0.30
rbd0              0.00 12770.00    3.00  525.00    12.00 119088.00   451.14    25.40   48.42    6.33   48.66   0.45  23.80
rbd0              0.00  7197.00    1.00  619.00     4.00 270992.00   874.18    46.87  168.97   19.00  169.21   0.72  44.40
rbd0              0.00     0.00    2.00    0.00     8.00     0.00     8.00     0.00    1.50    1.50    0.00   0.50   0.10
rbd0              0.00     0.00    1.00    0.00     4.00     0.00     8.00     0.00    1.00    1.00    0.00   1.00   0.10
rbd0              0.00     0.00    0.00    0.00     0.00     0.00     0.00     0.00    0.00    0.00    0.00   0.00   0.00
rbd0              0.00     0.00    0.00    0.00     0.00     0.00     0.00     0.00    0.00    0.00    0.00   0.00   0.00
rbd0              0.00 12291.00    1.00  875.00     4.00 244340.00   557.86    51.85  107.79    1.00  107.91   0.50  43.60
rbd0              0.00     0.00    0.00    0.00     0.00     0.00     0.00     0.00    0.00    0.00    0.00   0.00   0.00
rbd0              0.00     0.00    0.00    0.00     0.00     0.00     0.00     0.00    0.00    0.00    0.00   0.00   0.00
rbd0              0.00     0.00    0.00    0.00     0.00     0.00     0.00     0.00    0.00    0.00    0.00   0.00   0.00
rbd0              0.00     0.00    0.00    0.00     0.00     0.00     0.00     0.00    0.00    0.00    0.00   0.00   0.00
rbd0              0.00     0.00    0.00    0.00     0.00     0.00     0.00     0.00    0.00    0.00    0.00   0.00   0.00
rbd0              0.00 13757.00    1.00  736.00     4.00 575548.00  1561.88   103.85  187.56   29.00  187.78   1.32  97.20
rbd0              0.00     0.00    0.00   28.00     0.00 44844.00  3203.14     0.16  762.68    0.00  762.68   0.32   0.90
rbd0              0.00     0.00    0.00    0.00     0.00     0.00     0.00     0.00    0.00    0.00    0.00   0.00   0.00
rbd0              0.00     0.00    0.00    0.00     0.00     0.00     0.00     0.00    0.00    0.00    0.00   0.00   0.00
rbd0              0.00     0.00    0.00    0.00     0.00     0.00     0.00     0.00    0.00    0.00    0.00   0.00   0.00
rbd0              0.00 27358.00    0.00  150.00     0.00 172508.00  2300.11    39.58  223.28    0.00  223.28   2.24  33.60
rbd0              0.00     0.00    0.00   84.00     0.00 171748.00  4089.24    17.48  443.82    0.00  443.82   3.20  26.90
rbd0              0.00     0.00    1.00    0.00     4.00     0.00     8.00     0.00    4.00    4.00    0.00   4.00   0.40
rbd0              0.00     0.00    0.00    0.00     0.00     0.00     0.00     0.00    0.00    0.00    0.00   0.00   0.00
rbd0              0.00     0.00    0.00    0.00     0.00     0.00     0.00     0.00    0.00    0.00    0.00   0.00   0.00
rbd0              0.00     0.00    0.00    0.00     0.00     0.00     0.00     0.00    0.00    0.00    0.00   0.00   0.00
rbd0              0.00 20388.00    0.00  969.00     0.00 371380.00   766.52    68.75  120.46    0.00  120.46   0.70  68.30
rbd0              0.00     0.00    0.00    0.00     0.00     0.00     0.00     0.00    0.00    0.00    0.00   0.00   0.00
rbd0              0.00     0.00    0.00    0.00     0.00     0.00     0.00     0.00    0.00    0.00    0.00   0.00   0.00
rbd0              0.00     0.00    0.00    0.00     0.00     0.00     0.00     0.00    0.00    0.00    0.00   0.00   0.00
rbd0              0.00     0.00    1.00    0.00     4.00     0.00     8.00     0.00    4.00    4.00    0.00   4.00   0.40
rbd0              0.00 13111.00    0.00  206.00     0.00 34508.00   335.03     5.61   30.94    0.00   30.94   0.34   7.10
rbd0              0.00 26560.00    0.00  557.00     0.00 263720.00   946.93    41.63  125.64    0.00  125.64   0.76  42.60
rbd0              0.00     0.00    0.00    0.00     0.00     0.00     0.00     0.00    0.00    0.00    0.00   0.00   0.00
rbd0              0.00     0.00    0.00    0.00     0.00     0.00     0.00     0.00    0.00    0.00    0.00   0.00   0.00
rbd0              0.00     0.00    0.00    0.00     0.00     0.00     0.00     0.00    0.00    0.00    0.00   0.00   0.00
rbd0              0.00     0.00    0.00    0.00     0.00     0.00     0.00     0.00    0.00    0.00    0.00   0.00   0.00
rbd0              0.00 20322.00    0.00  968.00     0.00 270100.00   558.06    50.95   90.13    0.00   90.13   0.46  44.60
rbd0              0.00  1412.00    0.00  477.00     0.00 331820.00  1391.28    53.05  179.29    0.00  179.29   1.09  51.90
rbd0              0.00     0.00    0.00    0.00     0.00     0.00     0.00     0.00    0.00    0.00    0.00   0.00   0.00
rbd0              0.00     0.00    0.00    0.00     0.00     0.00     0.00     0.00    0.00    0.00    0.00   0.00   0.00
rbd0              0.00     0.00    1.00    0.00     4.00     0.00     8.00     0.00    3.00    3.00    0.00   3.00   0.30
rbd0              0.00     0.00    2.00    0.00     8.00     0.00     8.00     0.00    1.00    1.00    0.00   1.00   0.20
rbd0              0.00   987.00    2.00  495.00     8.00 499864.00  2011.56    98.24  234.71   94.50  235.28   1.65  81.80
rbd0              0.00  1346.00    1.00  737.00     4.00 621592.00  1684.54   126.15  327.96   57.00  328.33   1.36 100.00
rbd0              0.00  1566.00    1.00  627.00     4.00 614768.00  1957.87   126.42  435.74  306.00  435.95   1.59 100.00
rbd0              0.00     0.00    2.00  131.00     8.00 391724.00  5890.71    39.09  688.53  187.00  696.19   3.57  47.50
rbd0              0.00     0.00    2.00    0.00     8.00     0.00     8.00     0.00    1.00    1.00    0.00   1.00   0.20
rbd0              0.00     0.00    3.00    0.00    12.00     0.00     8.00     0.00    1.00    1.00    0.00   1.00   0.30
rbd0              0.00     0.00    2.00    0.00     8.00     0.00     8.00     0.00    1.50    1.50    0.00   1.50   0.30
rbd0              0.00   198.00    3.00   83.00    12.00 41436.00   963.91    15.97   91.88   18.67   94.53   1.50  12.90
rbd0              0.00   414.00    1.00  395.00     4.00 689628.00  3482.99   127.27  417.59  376.00  417.69   2.52  99.90
rbd0              0.00  1087.00    1.00  452.00     4.00 646832.00  2855.79   127.16  643.27  437.00  643.73   2.21 100.10
rbd0              0.00   608.00    2.00  484.00     8.00 370488.00  1524.67    66.07  391.01   14.50  392.56   1.13  54.80
rbd0              0.00     0.00    2.00    0.00     8.00     0.00     8.00     0.00    1.00    1.00    0.00   1.00   0.20
rbd0              0.00     0.00    1.00    0.00     4.00     0.00     8.00     0.00    1.00    1.00    0.00   1.00   0.10
rbd0              0.00     0.00    2.00    0.00     8.00     0.00     8.00     0.00    1.50    1.50    0.00   1.50   0.30
rbd0              0.00     0.00    2.00    0.00     8.00     0.00     8.00     0.00    1.00    1.00    0.00   1.00   0.20
rbd0              0.00  1287.00    0.00  382.00     0.00 236780.00  1239.69    56.27  175.30    0.00  175.30   1.17  44.80
rbd0              0.00   529.00    0.00  475.00     0.00 696736.00  2933.63   127.07  353.29    0.00  353.29   2.11 100.00
rbd0              0.00   455.45    0.00  257.43     0.00 656510.89  5100.58   126.52  822.95    0.00  822.95   3.85  99.11
rbd0              0.00   370.00    0.00  469.00     0.00 564172.00  2405.85    98.12  717.68    0.00  717.68   1.80  84.60
rbd0              0.00     0.00    0.00    0.00     0.00     0.00     0.00     0.00    0.00    0.00    0.00   0.00   0.00
rbd0              0.00     0.00    0.00    0.00     0.00     0.00     0.00     0.00    0.00    0.00    0.00   0.00   0.00
rbd0              0.00     0.00    0.00    0.00     0.00     0.00     0.00     0.00    0.00    0.00    0.00   0.00   0.00
rbd0              0.00     0.00    0.00    0.00     0.00     0.00     0.00     0.00    0.00    0.00    0.00   0.00   0.00
rbd0              0.00  2819.00    0.00  159.00     0.00 87120.00  1095.85    32.45  128.15    0.00  128.15   1.61  25.60
rbd0              0.00  4815.00    0.00   35.00     0.00 46616.00  2663.77   127.94  406.14    0.00  406.14  28.57 100.00
rbd0              0.00     0.00    0.00    0.00     0.00     0.00     0.00   128.00    0.00    0.00    0.00   0.00 100.00
rbd0              0.00     0.00    0.00    0.00     0.00     0.00     0.00   128.00    0.00    0.00    0.00   0.00 100.00
rbd0              0.00  9672.00    0.00  630.00     0.00 566548.00  1798.57   124.79 1549.23    0.00 1549.23   1.59 100.00
rbd0              0.00   811.00    0.00  658.00     0.00 712456.00  2165.52   126.35  341.68    0.00  341.68   1.52 100.00
rbd0              0.00   752.00    0.00  567.00     0.00 610688.00  2154.10   126.82  372.12    0.00  372.12   1.76 100.00
rbd0              0.00  7301.00    0.00  395.00     0.00 636216.00  3221.35   127.56  556.84    0.00  556.84   2.53 100.10
rbd0              0.00  3600.00    0.00  310.00     0.00 299496.00  1932.23    35.64  703.00    0.00  703.00   1.34  41.50
rbd0              0.00     0.00    0.00    0.00     0.00     0.00     0.00     0.00    0.00    0.00    0.00   0.00   0.00
rbd0              0.00     0.00    0.00    0.00     0.00     0.00     0.00     0.00    0.00    0.00    0.00   0.00   0.00
rbd0              0.00     0.00    0.00    0.00     0.00     0.00     0.00     0.00    0.00    0.00    0.00   0.00   0.00
rbd0              0.00     0.00    0.00    0.00     0.00     0.00     0.00     0.00    0.00    0.00    0.00   0.00   0.00
rbd0              0.00 24996.00    0.00  672.00     0.00 267532.00   796.23    55.10  132.52    0.00  132.52   0.69  46.20
rbd0              0.00     0.00    0.00   64.00     0.00 44424.00  1388.25     2.49  219.53    0.00  219.53   0.75   4.80
rbd0              0.00     0.00    0.00    0.00     0.00     0.00     0.00     0.00    0.00    0.00    0.00   0.00   0.00
rbd0              0.00     0.00    0.00    0.00     0.00     0.00     0.00     0.00    0.00    0.00    0.00   0.00   0.00
rbd0              0.00     0.00    0.00    0.00     0.00     0.00     0.00     0.00    0.00    0.00    0.00   0.00   0.00
rbd0              0.00     0.00    0.00    0.00     0.00     0.00     0.00     0.00    0.00    0.00    0.00   0.00   0.00
rbd0              0.00 23657.00    0.00  923.00     0.00 289376.00   627.03    47.52   92.06    0.00   92.06   0.53  49.30
rbd0              0.00     0.00    0.00    0.00     0.00     0.00     0.00     0.00    0.00    0.00    0.00   0.00   0.00
rbd0              0.00     0.00    0.00    0.00     0.00     0.00     0.00     0.00    0.00    0.00    0.00   0.00   0.00
rbd0              0.00     0.00    0.00    0.00     0.00     0.00     0.00     0.00    0.00    0.00    0.00   0.00   0.00
rbd0              0.00     0.00    0.00    0.00     0.00     0.00     0.00     0.00    0.00    0.00    0.00   0.00   0.00
rbd0              0.00 11725.00    0.00  426.00     0.00 72860.00   342.07    24.15   60.43    0.00   60.43   0.46  19.40
rbd0              0.00   334.00    0.00  358.00     0.00 590028.00  3296.25   126.99  506.54    0.00  506.54   2.79 100.00
rbd0              0.00   136.00    0.00  364.00     0.00 667108.00  3665.43   115.88  581.67    0.00  581.67   2.75 100.00
rbd0              0.00     0.00    0.00   38.00     0.00 62132.00  3270.11     1.93 1559.50    0.00 1559.50   1.47   5.60
rbd0              0.00     0.00    0.00    0.00     0.00     0.00     0.00     0.00    0.00    0.00    0.00   0.00   0.00
rbd0              0.00     0.00    0.00    0.00     0.00     0.00     0.00     0.00    0.00    0.00    0.00   0.00   0.00
rbd0              0.00     0.00    0.00    0.00     0.00     0.00     0.00     0.00    0.00    0.00    0.00   0.00   0.00
rbd0              0.00   270.00    0.00  148.00     0.00 316420.00  4275.95    64.75  291.86    0.00  291.86   3.72  55.00
rbd0              0.00   226.00    1.00  236.00     4.00 661044.00  5578.46   127.85  881.87  435.00  883.77   4.22 100.10
rbd0              0.00    59.00    1.00  187.00     4.00 625092.00  6649.96   127.77 1122.30  622.00 1124.98   5.32 100.00
rbd0              0.00     0.00    0.00  136.00     0.00 497976.00  7323.18    51.21 1339.66    0.00 1339.66   4.98  67.70
rbd0              0.00     0.00    0.00    0.00     0.00     0.00     0.00     0.00    0.00    0.00    0.00   0.00   0.00
rbd0              0.00     0.00    0.00    0.00     0.00     0.00     0.00     0.00    0.00    0.00    0.00   0.00   0.00
rbd0              0.00     0.00    0.00    0.00     0.00     0.00     0.00     0.00    0.00    0.00    0.00   0.00   0.00
rbd0              0.00  2937.00    0.00  182.00     0.00 170264.00  1871.03    44.02  300.40    0.00  300.40   2.08  37.80
rbd0              0.00   258.00    0.00  275.00     0.00 653040.00  4749.38   123.91  535.48    0.00  535.48   3.64 100.00
rbd0              0.00    99.00    0.00  190.00     0.00 659988.00  6947.24   127.78 1129.07    0.00 1129.07   5.26 100.00
rbd0              0.00     0.00    0.00  173.00     0.00 597436.00  6906.77    86.20 1440.56    0.00 1440.56   5.49  95.00
rbd0              0.00     0.00    0.00    0.00     0.00     0.00     0.00     0.00    0.00    0.00    0.00   0.00   0.00
rbd0              0.00     0.00    0.00    0.00     0.00     0.00     0.00     0.00    0.00    0.00    0.00   0.00   0.00
rbd0              0.00     0.00    0.00    0.00     0.00     0.00     0.00     0.00    0.00    0.00    0.00   0.00   0.00
rbd0              0.00   204.00    0.00   45.00     0.00 50616.00  2249.60    23.86  153.04    0.00  153.04   4.58  20.60
rbd0              0.00   195.00    0.00  235.00     0.00 689440.00  5867.57   127.46  609.92    0.00  609.92   4.25  99.90
rbd0              0.00   160.00    0.00  212.00     0.00 674196.00  6360.34   127.74 1078.58    0.00 1078.58   4.72 100.10
rbd0              0.00     0.00    0.00  178.00     0.00 594060.00  6674.83   110.63 1239.30    0.00 1239.30   5.62 100.00
rbd0              0.00     0.00    0.00   42.00     0.00 163632.00  7792.00     4.27 2170.83    0.00 2170.83   3.88  16.30
rbd0              0.00     0.00    0.00    0.00     0.00     0.00     0.00     0.00    0.00    0.00    0.00   0.00   0.00
rbd0              0.00     0.00    0.00    0.00     0.00     0.00     0.00     0.00    0.00    0.00    0.00   0.00   0.00
rbd0              0.00    40.00    0.00    8.00     0.00 10240.00  2560.00     1.08   32.00    0.00   32.00   4.50   3.60
rbd0              0.00   337.00    0.00  193.00     0.00 632732.00  6556.81   125.08  607.80    0.00  607.80   5.18 100.00
rbd0              0.00    86.00    0.00  192.00     0.00 693644.00  7225.46   127.80 1106.17    0.00 1106.17   5.21 100.00
rbd0              0.00     0.00    0.00  144.00     0.00 558580.00  7758.06    64.07 1395.98    0.00 1395.98   5.74  82.70
rbd0              0.00     0.00    0.00    0.00     0.00     0.00     0.00     0.00    0.00    0.00    0.00   0.00   0.00
rbd0              0.00     0.00    0.00    0.00     0.00     0.00     0.00     0.00    0.00    0.00    0.00   0.00   0.00
rbd0              0.00     0.00    0.00    0.00     0.00     0.00     0.00     0.00    0.00    0.00    0.00   0.00   0.00
rbd0              0.00   208.00    0.00    0.00     0.00     0.00     0.00    43.34    0.00    0.00    0.00   0.00  38.10
rbd0              0.00   238.00    0.00  256.00     0.00 848072.00  6625.56   127.13  723.40    0.00  723.40   3.91 100.00
rbd0              0.00   123.00    0.00  184.00     0.00 728584.00  7919.39   127.83 1102.93    0.00 1102.93   5.43 100.00
rbd0              0.00     0.00    0.00  167.00     0.00 633172.00  7582.90    93.52 1491.01    0.00 1491.01   5.99 100.00
rbd0              0.00     0.00    0.00   28.00     0.00 93352.00  6668.00     1.10 1656.61    0.00 1656.61   1.89   5.30
rbd0              0.00     0.00    0.00    0.00     0.00     0.00     0.00     0.00    0.00    0.00    0.00   0.00   0.00
rbd0              0.00     0.00    0.00    0.00     0.00     0.00     0.00     0.00    0.00    0.00    0.00   0.00   0.00
rbd0              0.00   347.00    0.00  183.00     0.00 81264.00   888.13    27.31  108.47    0.00  108.47   1.18  21.60
rbd0              0.00   213.00    0.00  274.00     0.00 624900.00  4561.31   127.52  536.65    0.00  536.65   3.65  99.90
rbd0              0.00     0.00    0.00  183.00     0.00 552932.00  6042.97    69.85 1118.72    0.00 1118.72   4.02  73.60
rbd0              0.00     0.00    0.00    0.00     0.00     0.00     0.00     0.00    0.00    0.00    0.00   0.00   0.00
rbd0              0.00     0.00    0.00    0.00     0.00     0.00     0.00     0.00    0.00    0.00    0.00   0.00   0.00
rbd0              0.00     0.00    0.00    0.00     0.00     0.00     0.00     0.00    0.00    0.00    0.00   0.00   0.00
rbd0              0.00  3127.00    0.00   13.00     0.00 28736.00  4420.92     4.56   53.92    0.00   53.92   5.46   7.10
rbd0              0.00   304.00    0.00  356.00     0.00 559076.00  3140.88   126.96  505.74    0.00  505.74   2.81 100.00
rbd0              0.00   166.00    0.00  177.00     0.00 676520.00  7644.29   126.68  901.39    0.00  901.39   5.65 100.00
rbd0              0.00     0.00    0.00  164.00     0.00 657356.00  8016.54   123.22 1041.83    0.00 1041.83   6.10 100.00
rbd0              0.00     0.00    1.00   89.00     4.00 338436.00  7520.89    22.03 2128.38  486.00 2146.83   4.59  41.30
rbd0              0.00     0.00    0.00    0.00     0.00     0.00     0.00     0.00    0.00    0.00    0.00   0.00   0.00
rbd0              0.00     0.00    0.00    0.00     0.00     0.00     0.00     0.00    0.00    0.00    0.00   0.00   0.00
rbd0              0.00     0.00    0.00    0.00     0.00     0.00     0.00     0.00    0.00    0.00    0.00   0.00   0.00
rbd0              0.00   378.00    0.00  174.00     0.00 522616.00  6007.08   108.74  460.73    0.00  460.73   5.19  90.30
rbd0              0.00    98.00    0.00  181.00     0.00 675404.00  7463.03   127.35 1045.93    0.00 1045.93   5.52 100.00
rbd0              0.00     0.00    0.00  174.00     0.00 681852.00  7837.38    86.31 1529.01    0.00 1529.01   5.61  97.60
rbd0              0.00     0.00    1.00    0.00     4.00     0.00     8.00     0.00    2.00    2.00    0.00   2.00   0.20
rbd0              0.00     0.00    0.00    0.00     0.00     0.00     0.00     0.00    0.00    0.00    0.00   0.00   0.00
rbd0              0.00     0.00    0.00    0.00     0.00     0.00     0.00     0.00    0.00    0.00    0.00   0.00   0.00
rbd0              0.00   247.00    1.00   18.00     4.00 49152.00  5174.32    26.53  137.32    1.00  144.89  13.16  25.00
rbd0              0.00   191.00    0.00  192.00     0.00 716564.00  7464.21   124.63  654.38    0.00  654.38   5.21 100.00
rbd0              0.00   173.00    0.00  175.00     0.00 718544.00  8211.93   127.48 1289.97    0.00 1289.97   5.71 100.00
rbd0              0.00   167.00    0.00  165.00     0.00 671744.00  8142.35   127.58 1527.06    0.00 1527.06   6.07 100.10
rbd0              0.00   162.00    0.00  162.00     0.00 663552.00  8192.00   127.24 1537.17    0.00 1537.17   6.17  99.90
rbd0              0.00   164.00    0.00  164.00     0.00 671744.00  8192.00   127.45 1471.66    0.00 1471.66   6.10 100.00
rbd0              0.00    79.00    0.00  164.00     0.00 671744.00  8192.00   127.57 1537.10    0.00 1537.10   6.10 100.00
rbd0              0.00     0.00    0.00  171.00     0.00 699704.00  8183.67    70.31 1587.03    0.00 1587.03   4.94  84.40
rbd0              0.00     0.00    0.00    0.00     0.00     0.00     0.00     0.00    0.00    0.00    0.00   0.00   0.00
rbd0              0.00     0.00    0.00    0.00     0.00     0.00     0.00     0.00    0.00    0.00    0.00   0.00   0.00
rbd0              0.00     0.00    0.00    0.00     0.00     0.00     0.00     0.00    0.00    0.00    0.00   0.00   0.00
rbd0              0.00     0.00    1.00    0.00     4.00     0.00     8.00     0.00    3.00    3.00    0.00   3.00   0.30
rbd0              0.00     0.00    0.00    0.00     0.00     0.00     0.00     0.00    0.00    0.00    0.00   0.00   0.00
rbd0              0.00     0.00    0.00    0.00     0.00     0.00     0.00     0.00    0.00    0.00    0.00   0.00   0.00
rbd0              0.00     0.00    1.00    0.00     4.00     0.00     8.00     0.00    2.00    2.00    0.00   2.00   0.20
rbd0              0.00     0.00    1.00    0.00     4.00     0.00     8.00     0.00    2.00    2.00    0.00   2.00   0.20
rbd0              0.00     0.00    2.00    0.00     8.00     0.00     8.00     0.00    1.00    1.00    0.00   1.00   0.20
rbd0              0.00  2471.00    2.00  659.00     8.00 568020.00  1718.69   108.69  272.95   69.00  273.57   1.31  86.60
rbd0              0.00  9345.00    2.00 1234.00     8.00 685756.00  1109.65   121.89  209.59  100.50  209.76   0.80  98.50
rbd0              0.00     0.00    2.00    0.00     8.00     0.00     8.00     0.00    1.50    1.50    0.00   1.50   0.30
rbd0              0.00     0.00    2.00    0.00     8.00     0.00     8.00     0.00    1.50    1.50    0.00   1.50   0.30
rbd0              0.00     0.00    2.00    0.00     8.00     0.00     8.00     0.00    1.00    1.00    0.00   1.00   0.20
rbd0              0.00     0.00    2.00    0.00     8.00     0.00     8.00     0.00    1.50    1.50    0.00   1.50   0.30
rbd0              0.00   515.00    2.00  139.00     8.00 69804.00   990.24    25.96  108.40    1.00  109.95   1.51  21.30
rbd0              0.00  1786.00    2.00  734.00     8.00 764060.00  2076.27   126.67  300.78   72.50  301.40   1.36 100.00
rbd0              0.00   119.00    2.00  398.00     8.00 764248.00  3821.28    93.48  527.48  261.50  528.81   2.29  91.80
rbd0              0.00     0.00    2.00    0.00     8.00     0.00     8.00     0.01    2.50    2.50    0.00   2.50   0.50
rbd0              0.00     0.00    2.00    0.00     8.00     0.00     8.00     0.00    1.00    1.00    0.00   1.00   0.20
rbd0              0.00     0.00    1.98    0.00     7.92     0.00     8.00     0.00    1.00    1.00    0.00   1.00   0.20
rbd0              0.00     0.00    2.00    0.00     8.00     0.00     8.00     0.00    1.00    1.00    0.00   1.00   0.20
rbd0              0.00   626.00    1.00  200.00     4.00 332240.00  3305.91    69.43  244.67    1.00  245.89   2.76  55.40
rbd0              0.00  2259.00    0.00  873.00     0.00 623552.00  1428.53   125.83  291.28    0.00  291.28   1.15 100.00
rbd0              0.00   724.00    0.00  631.00     0.00 713236.00  2260.65   122.32  250.18    0.00  250.18   1.59 100.10
rbd0              0.00     0.00    0.00   75.00     0.00 126688.00  3378.35     7.27 1802.17    0.00 1802.17   1.72  12.90
rbd0              0.00     0.00    0.00    0.00     0.00     0.00     0.00     0.00    0.00    0.00    0.00   0.00   0.00
rbd0              0.00     0.00    0.00    0.00     0.00     0.00     0.00     0.00    0.00    0.00    0.00   0.00   0.00
rbd0              0.00     0.00    0.00    0.00     0.00     0.00     0.00     0.00    0.00    0.00    0.00   0.00   0.00
rbd0              0.00   459.00    0.00  157.00     0.00 225116.00  2867.72    47.14  177.48    0.00  177.48   2.46  38.60
rbd0              0.00  1204.00    0.00  597.00     0.00 649060.00  2174.41   126.89  407.23    0.00  407.23   1.68 100.00
rbd0              0.00   802.00    0.00  586.00     0.00 654484.00  2233.73   127.03  396.80    0.00  396.80   1.71 100.00
rbd0              0.00   364.00    0.00  565.00     0.00 579404.00  2050.99    90.29  446.92    0.00  446.92   1.37  77.60
rbd0              0.00     0.00    0.00    0.00     0.00     0.00     0.00     0.00    0.00    0.00    0.00   0.00   0.00
rbd0              0.00     0.00    0.00    0.00     0.00     0.00     0.00     0.00    0.00    0.00    0.00   0.00   0.00
rbd0              0.00     0.00    0.00    0.00     0.00     0.00     0.00     0.00    0.00    0.00    0.00   0.00   0.00
rbd0              0.00     0.00    0.00    0.00     0.00     0.00     0.00     0.00    0.00    0.00    0.00   0.00   0.00
rbd0              0.00   436.00    0.00  165.00     0.00 100400.00  1216.97    24.73  113.12    0.00  113.12   1.18  19.50
rbd0              0.00  3679.00    0.00  529.00     0.00 674696.00  2550.84   126.95  374.27    0.00  374.27   1.89  99.90
rbd0              0.00 10227.00    0.00  579.00     0.00 457628.00  1580.75    80.32  407.96    0.00  407.96   1.15  66.50
rbd0              0.00     0.00    0.00    0.00     0.00     0.00     0.00     0.00    0.00    0.00    0.00   0.00   0.00
rbd0              0.00     0.00    0.00    0.00     0.00     0.00     0.00     0.00    0.00    0.00    0.00   0.00   0.00
rbd0              0.00     0.00    0.00    0.00     0.00     0.00     0.00     0.00    0.00    0.00    0.00   0.00   0.00
rbd0              0.00     0.00    0.00    0.00     0.00     0.00     0.00     0.00    0.00    0.00    0.00   0.00   0.00
rbd0              0.00  4190.00    0.00   31.00     0.00  7288.00   470.19     2.21    6.87    0.00    6.87   1.10   3.40
rbd0              0.00  3776.00    0.00  246.00     0.00 21540.00   175.12   127.53  534.02    0.00  534.02   4.06  99.90
rbd0              0.00     0.00    0.00    0.00     0.00     0.00     0.00   128.13    0.00    0.00    0.00   0.00 100.10
rbd0              0.00     0.00    0.00    0.00     0.00     0.00     0.00   128.00    0.00    0.00    0.00   0.00 100.00
rbd0              0.00     0.00    0.00    0.00     0.00     0.00     0.00   127.87    0.00    0.00    0.00   0.00  99.90
rbd0              0.00     0.00    0.00    0.00     0.00     0.00     0.00   128.00    0.00    0.00    0.00   0.00 100.00
rbd0              0.00     0.00    0.00    0.00     0.00     0.00     0.00   128.00    0.00    0.00    0.00   0.00 100.00
rbd0              0.00     0.00    0.00    0.00     0.00     0.00     0.00   128.13    0.00    0.00    0.00   0.00 100.10
rbd0              0.00     0.00    0.00    0.00     0.00     0.00     0.00   128.00    0.00    0.00    0.00   0.00 100.00
rbd0              0.00     0.00    0.00    0.00     0.00     0.00     0.00   128.00    0.00    0.00    0.00   0.00 100.00
rbd0              0.00     0.00    0.00    0.00     0.00     0.00     0.00   128.00    0.00    0.00    0.00   0.00 100.00
rbd0              0.00     0.00    0.00    0.00     0.00     0.00     0.00   128.13    0.00    0.00    0.00   0.00 100.10
rbd0              0.00     0.00    0.00    0.00     0.00     0.00     0.00   127.87    0.00    0.00    0.00   0.00  99.90
rbd0              0.00 53412.00    1.00 1676.00     4.00 522236.00   622.83   123.22 1880.93   33.00 1882.04   0.60 100.00
rbd0              0.00  9028.00    0.00  832.00     0.00 623780.00  1499.47   126.07  220.84    0.00  220.84   1.20 100.00
rbd0              0.00   299.00    0.00  331.00     0.00 685360.00  4141.15   127.55  504.09    0.00  504.09   3.02 100.10
rbd0              0.00   229.00    0.00  247.00     0.00 653068.00  5288.00   127.55  777.83    0.00  777.83   4.05 100.00
rbd0              0.00   107.00    0.00  250.00     0.00 689532.00  5516.26   126.77  653.39    0.00  653.39   4.00 100.00
rbd0              0.00     0.00    0.00  110.00     0.00 325112.00  5911.13    24.99 2872.33    0.00 2872.33   3.65  40.10
rbd0              0.00     0.00    0.00    0.00     0.00     0.00     0.00     0.00    0.00    0.00    0.00   0.00   0.00
rbd0              0.00     0.00    0.00    0.00     0.00     0.00     0.00     0.00    0.00    0.00    0.00   0.00   0.00
rbd0              0.00     0.00    0.00    0.00     0.00     0.00     0.00     0.00    0.00    0.00    0.00   0.00   0.00
rbd0              0.00   278.00    0.00  100.00     0.00 308880.00  6177.60    64.37  351.07    0.00  351.07   5.25  52.50
rbd0              0.00   164.00    0.00  197.00     0.00 658308.00  6683.33   127.82  901.79    0.00  901.79   5.08 100.00
rbd0              0.00    29.00    0.00  201.00     0.00 689532.00  6861.01   124.22 1146.57    0.00 1146.57   4.98 100.10
rbd0              0.00     0.00    0.00   85.00     0.00 264604.00  6225.98    17.93 1584.76    0.00 1584.76   4.15  35.30
rbd0              0.00     0.00    0.00    0.00     0.00     0.00     0.00     0.00    0.00    0.00    0.00   0.00   0.00
rbd0              0.00     0.00    0.00    0.00     0.00     0.00     0.00     0.00    0.00    0.00    0.00   0.00   0.00
rbd0              0.00     0.00    0.00    0.00     0.00     0.00     0.00     0.00    0.00    0.00    0.00   0.00   0.00
rbd0              0.00   256.00    0.00   79.00     0.00 196664.00  4978.84    41.06  237.71    0.00  237.71   4.52  35.70
rbd0              0.00   168.00    0.00  198.00     0.00 692696.00  6996.93   127.81  712.19    0.00  712.19   5.06 100.10
rbd0              0.00   102.00    0.00  205.00     0.00 674668.00  6582.13   127.64 1026.89    0.00 1026.89   4.87  99.90
rbd0              0.00     0.00    0.00  169.00     0.00 569272.00  6736.95    67.74 1588.21    0.00 1588.21   4.42  74.70
rbd0              0.00     0.00    0.00    0.00     0.00     0.00     0.00     0.00    0.00    0.00    0.00   0.00   0.00
rbd0              0.00     0.00    0.00    0.00     0.00     0.00     0.00     0.00    0.00    0.00    0.00   0.00   0.00
rbd0              0.00     0.00    0.00    0.00     0.00     0.00     0.00     0.00    0.00    0.00    0.00   0.00   0.00
rbd0              0.00   206.00    0.00   32.00     0.00 34608.00  2163.00    18.13   44.81    0.00   44.81   5.94  19.00
rbd0              0.00   210.00    0.00  233.00     0.00 759852.00  6522.33   127.44  580.58    0.00  580.58   4.29 100.00
rbd0              0.00    41.00    0.00  183.00     0.00 668864.00  7309.99   127.22 1181.11    0.00 1181.11   5.47 100.10
rbd0              0.00     0.00    0.00  114.00     0.00 407572.00  7150.39    35.78 1449.30    0.00 1449.30   4.73  53.90
rbd0              0.00     0.00    0.00    0.00     0.00     0.00     0.00     0.00    0.00    0.00    0.00   0.00   0.00
rbd0              0.00     0.00    0.00    0.00     0.00     0.00     0.00     0.00    0.00    0.00    0.00   0.00   0.00
rbd0              0.00     0.00    0.00    0.00     0.00     0.00     0.00     0.00    0.00    0.00    0.00   0.00   0.00
rbd0              0.00  1231.00    0.00   98.00     0.00 331776.00  6770.94    61.07  304.94    0.00  304.94   5.47  53.60
rbd0              0.00  1783.00    0.00  178.00     0.00 270780.00  3042.47   127.73  688.83    0.00  688.83   5.62 100.00
rbd0              0.00   411.00    0.00  314.00     0.00 344440.00  2193.89   126.46 1137.96    0.00 1137.96   3.18 100.00
rbd0              0.00   216.00    0.00  227.00     0.00 658992.00  5806.10   127.37  800.45    0.00  800.45   4.41 100.00
rbd0              0.00     0.00    1.00  171.00     4.00 642768.00  7474.09   119.45 1383.88  717.00 1387.78   5.81 100.00
rbd0              0.00     0.00    0.00   72.00     0.00 275404.00  7650.11    13.81 1574.81    0.00 1574.81   4.58  33.00
rbd0              0.00     0.00    0.00    0.00     0.00     0.00     0.00     0.00    0.00    0.00    0.00   0.00   0.00
rbd0              0.00     0.00    0.00    0.00     0.00     0.00     0.00     0.00    0.00    0.00    0.00   0.00   0.00
rbd0              0.00     0.00    0.00    0.00     0.00     0.00     0.00     0.00    0.00    0.00    0.00   0.00   0.00
rbd0              0.00   399.00    0.00  239.00     0.00 524740.00  4391.13   102.22  394.30    0.00  394.30   3.49  83.30
rbd0              0.00    81.00    0.00  190.00     0.00 727584.00  7658.78   127.79  883.86    0.00  883.86   5.26 100.00
rbd0              0.00     0.00    0.00  148.00     0.00 586724.00  7928.70    67.64 1545.59    0.00 1545.59   5.70  84.40
rbd0              0.00     0.00    0.00    0.00     0.00     0.00     0.00     0.00    0.00    0.00    0.00   0.00   0.00
rbd0              0.00     0.00    0.00    0.00     0.00     0.00     0.00     0.00    0.00    0.00    0.00   0.00   0.00
rbd0              0.00     0.00    0.00    0.00     0.00     0.00     0.00     0.00    0.00    0.00    0.00   0.00   0.00
rbd0              0.00   135.00    0.00   28.00     0.00 61524.00  4394.57    10.50   78.50    0.00   78.50   6.71  18.80
rbd0              0.00   298.00    0.00  170.00     0.00 696320.00  8192.00   125.88  600.98    0.00  600.98   5.88 100.00
rbd0              0.00   173.00    0.00  174.00     0.00 712704.00  8192.00   127.53 1308.80    0.00 1308.80   5.75 100.00
rbd0              0.00   155.00    0.00  155.00     0.00 634880.00  8192.00   127.57 1505.55    0.00 1505.55   6.45 100.00
rbd0              0.00   144.00    0.00  164.00     0.00 675840.00  8241.95   127.79 1556.19    0.00 1556.19   6.10 100.10
rbd0              0.00     0.00    0.00  185.00     0.00 757760.00  8192.00   109.12 1463.64    0.00 1463.64   5.41 100.00
rbd0              0.00     0.00    0.00   44.00     0.00 174204.00  7918.36     5.82 1513.00    0.00 1513.00   4.68  20.60
rbd0              0.00     0.00    0.00    0.00     0.00     0.00     0.00     0.00    0.00    0.00    0.00   0.00   0.00
rbd0              0.00     0.00    0.00    0.00     0.00     0.00     0.00     0.00    0.00    0.00    0.00   0.00   0.00
rbd0              0.00     0.00    0.00    0.00     0.00     0.00     0.00     0.00    0.00    0.00    0.00   0.00   0.00
rbd0              0.00   156.00    0.00  285.00     0.00 544288.00  3819.56    79.98  385.46    0.00  385.46   2.94  83.90
rbd0              0.00     0.00    0.00    0.00     0.00     0.00     0.00     0.00    0.00    0.00    0.00   0.00   0.00
rbd0              0.00     0.00    0.00    0.00     0.00     0.00     0.00     0.00    0.00    0.00    0.00   0.00   0.00
rbd0              0.00     0.00    0.00    0.00     0.00     0.00     0.00     0.00    0.00    0.00    0.00   0.00   0.00
rbd0              0.00     0.00    0.00    0.00     0.00     0.00     0.00     0.00    0.00    0.00    0.00   0.00   0.00
rbd0              0.00   190.00    0.00   13.00     0.00 32768.00  5041.23    39.07   77.31    0.00   77.31  25.38  33.00
rbd0              0.00   241.00    0.00  267.00     0.00 788536.00  5906.64   126.53  670.48    0.00  670.48   3.75 100.00
rbd0              0.00  1121.00    0.00  202.00     0.00 724752.00  7175.76   127.58 1095.35    0.00 1095.35   4.95 100.00
rbd0              0.00   122.00    0.00  309.00     0.00 669980.00  4336.44   123.76 1002.95    0.00 1002.95   3.24 100.00
rbd0              0.00     0.00    0.00   69.00     0.00 233656.00  6772.64    12.54 1077.43    0.00 1077.43   4.06  28.00
rbd0              0.00     0.00    0.00    0.00     0.00     0.00     0.00     0.00    0.00    0.00    0.00   0.00   0.00
rbd0              0.00     0.00    0.00    0.00     0.00     0.00     0.00     0.00    0.00    0.00    0.00   0.00   0.00
rbd0              0.00     0.00    0.00    0.00     0.00     0.00     0.00     0.00    0.00    0.00    0.00   0.00   0.00
rbd0              0.00   631.00    0.00  125.00     0.00 69488.00  1111.81    16.22  113.60    0.00  113.60   1.10  13.80
rbd0              0.00   935.00    0.00  896.00     0.00 626048.00  1397.43   100.06  167.89    0.00  167.89   1.12 100.10
rbd0              0.00     0.00    0.00   35.00     0.00 66856.00  3820.34     0.68  811.51    0.00  811.51   0.71   2.50
