rbd0              0.00     1.92    0.00   71.82     0.02   782.85    21.80     1.43   20.19   17.96   20.19   0.54   3.88
rbd0              0.00     0.00    0.00  122.00     0.00 497672.00  8158.56    75.30 2080.97    0.00 2080.97   8.20 100.00
rbd0              0.00   406.00    0.00  114.00     0.00 184960.00  3244.91     5.30  173.69    0.00  173.69   3.69  42.10
rbd0              0.00    42.00    0.00   64.00     0.00 165056.00  5158.00     5.59   74.80    0.00   74.80   5.72  36.60
rbd0              0.00    48.00    0.00  204.00     0.00 102756.00  1007.41     3.67   23.98    0.00   23.98   0.98  19.90
rbd0              0.00    60.00    0.00   63.00     0.00 165468.00  5252.95     4.51   72.59    0.00   72.59   5.22  32.90
rbd0              0.00    65.00    0.00   75.00     0.00 184056.00  4908.16     5.23   70.67    0.00   70.67   5.32  39.90
rbd0              0.00    41.00    0.00   47.00     0.00 90428.00  3848.00     2.59   13.17    0.00   13.17   5.13  24.10
rbd0              0.00    39.00    0.00   65.00     0.00 169652.00  5220.06     2.67   73.03    0.00   73.03   4.31  28.00
rbd0              0.00   101.00    0.00   95.00     0.00 323684.00  6814.40    24.46  231.12    0.00  231.12   7.79  74.00
rbd0              0.00    22.00    0.00   46.00     0.00 106784.00  4642.78     0.54   72.59    0.00   72.59   4.43  20.40
rbd0              0.00    60.00    0.00   72.00     0.00 170496.00  4736.00     5.49   77.08    0.00   77.08   5.43  39.10
rbd0              0.00    65.00    0.00   73.00     0.00 177796.00  4871.12     5.06   70.41    0.00   70.41   5.42  39.60
rbd0              0.00    23.00    0.00   35.00     0.00 76620.00  4378.29     0.39   10.91    0.00   10.91   4.66  16.30
rbd0              0.00    58.00    0.00   66.00     0.00 175084.00  5305.58     5.39   83.08    0.00   83.08   5.67  37.40
rbd0              0.00    59.00    0.00   71.00     0.00 166656.00  4694.54     4.89   69.62    0.00   69.62   5.07  36.00
rbd0              0.00    59.00    0.00   61.00     0.00 176092.00  5773.51     4.64   77.03    0.00   77.03   5.66  34.50
rbd0              0.00    16.00    0.00   41.00     0.00 70932.00  3460.10     0.28    8.29    0.00    8.29   3.24  13.30
rbd0              0.00    59.00    0.00   78.00     0.00 180972.00  4640.31     5.05   65.59    0.00   65.59   4.59  35.80
rbd0              0.00    61.00    0.00   77.00     0.00 185548.00  4819.43     4.99   65.82    0.00   65.82   4.97  38.30
rbd0              0.00    42.00    0.00   37.00     0.00 82588.00  4464.22     3.31   17.51    0.00   17.51   7.19  26.60
rbd0              0.00    40.00    0.00   62.00     0.00 169196.00  5457.94     1.80   73.44    0.00   73.44   3.55  22.00
rbd0              0.00    66.00    0.00   76.00     0.00 182944.00  4814.32     4.04   53.82    0.00   53.82   4.43  33.70
rbd0              0.00    62.00    0.00   71.00     0.00 169660.00  4779.15     4.17   60.00    0.00   60.00   4.76  33.80
rbd0              0.00    39.00    0.00   37.00     0.00 79360.00  4289.73     2.02   11.59    0.00   11.59   5.59  20.70
rbd0              0.00    37.00    0.00   64.00     0.00 174360.00  5448.75     3.43   79.98    0.00   79.98   4.67  29.90
rbd0              0.00    53.00    0.00   78.00     0.00 175484.00  4499.59     5.05   65.59    0.00   65.59   4.77  37.20
rbd0              0.00    65.00    0.00   61.00     0.00 170132.00  5578.10     5.06   84.10    0.00   84.10   6.41  39.10
rbd0              0.00    19.00    0.00   40.00     0.00 81948.00  4097.40     0.38   10.07    0.00   10.07   4.28  17.10
rbd0              0.00    63.00    0.00   73.00     0.00 174988.00  4794.19     6.35   87.71    0.00   87.71   4.95  36.10
rbd0              0.00    62.00    0.00   69.00     0.00 166088.00  4814.14     4.61   67.61    0.00   67.61   4.96  34.20
rbd0              0.00    42.00    0.00   39.00     0.00 90264.00  4628.92     3.39   20.59    0.00   20.59   7.10  27.70
rbd0              0.00    41.00    0.00   63.00     0.00 168908.00  5362.16     1.69   69.59    0.00   69.59   3.98  25.10
rbd0              0.00    66.00    0.00   73.00     0.00 178968.00  4903.23     4.23   59.07    0.00   59.07   4.86  35.50
rbd0              0.00    62.00    0.00   73.00     0.00 177352.00  4858.96     4.60   64.33    0.00   64.33   4.89  35.70
rbd0              0.00    11.00    0.00    3.00     0.00  9336.00  6224.00    89.29   11.33    0.00   11.33 308.00  92.40
rbd0              0.00    74.00    0.00  178.00     0.00 228064.00  2562.52    19.43  611.23    0.00  611.23   3.16  56.20
rbd0              0.00    63.00    0.00   73.00     0.00 175504.00  4808.33     3.63   50.78    0.00   50.78   4.27  31.20
rbd0              0.00    44.00    0.00   30.00     0.00 73976.00  4931.73     2.38    9.57    0.00    9.57   6.37  19.10
rbd0              0.00    29.00    0.00   73.00     0.00 172680.00  4730.96     2.96   70.18    0.00   70.18   3.36  24.50
rbd0              0.00    65.00    0.00   77.00     0.00 179708.00  4667.74     4.74   62.45    0.00   62.45   4.94  38.00
rbd0              0.00    63.00    0.00   61.00     0.00 166556.00  5460.85     5.35   88.51    0.00   88.51   6.18  37.70
rbd0              0.00    18.00    0.00   35.00     0.00 74112.00  4234.97     0.30    8.49    0.00    8.49   4.20  14.70
rbd0              0.00    64.00    0.00   75.00     0.00 185124.00  4936.64     5.30   71.95    0.00   71.95   5.56  41.70
rbd0              0.00    62.00    0.00   66.00     0.00 164116.00  4973.21     7.58  115.82    0.00  115.82   6.29  41.50
rbd0              0.00    20.00    0.00   38.00     0.00 84984.00  4472.84     0.39   10.97    0.00   10.97   4.76  18.10
rbd0              0.00    57.00    0.00   70.00     0.00 171808.00  4908.80     4.54   65.83    0.00   65.83   4.91  34.40
rbd0              0.00    61.00    0.00   76.00     0.00 177044.00  4659.05     4.22   56.51    0.00   56.51   4.80  36.50
rbd0              0.00    64.00    0.00   60.00     0.00 167084.00  5569.47     4.25   71.90    0.00   71.90   5.50  33.00
rbd0              0.00    19.00    0.00   38.00     0.00 83352.00  4386.95     0.33    9.47    0.00    9.47   4.03  15.30
rbd0              0.00    64.00    0.00   78.00     0.00 179096.00  4592.21     4.86   63.13    0.00   63.13   4.85  37.80
rbd0              0.00    62.00    0.00   73.00     0.00 175256.00  4801.53     4.61   64.44    0.00   64.44   5.04  36.80
rbd0              0.00    42.00    0.00   37.00     0.00 78424.00  4239.14     2.83   10.70    0.00   10.70   6.43  23.80
rbd0              0.00    39.00    0.00   63.00     0.00 172852.00  5487.37     1.85   69.13    0.00   69.13   3.75  23.60
rbd0              0.00    65.00    0.00   71.00     0.00 176080.00  4960.00     4.70   67.28    0.00   67.28   5.04  35.80
rbd0              0.00    61.00    0.00   76.00     0.00 177144.00  4661.68     5.36   71.54    0.00   71.54   5.12  38.90
rbd0              0.00    17.00    0.00   29.00     0.00 70256.00  4845.24     0.30   10.93    0.00   10.93   4.76  13.80
rbd0              0.00    51.00    0.00   60.00     0.00 137692.00  4589.73     4.41   74.32    0.00   74.32   5.15  30.90
rbd0              0.00    64.00    0.00   63.00     0.00 173176.00  5497.65     5.06   81.49    0.00   81.49   6.14  38.70
rbd0              0.00    44.00    0.00   47.00     0.00 87292.00  3714.55     1.13   10.53    0.00   10.53   4.45  20.90
rbd0              0.00    41.00    0.00   64.00     0.00 176404.00  5512.62     4.64   83.75    0.00   83.75   5.30  33.90
rbd0              0.00    67.00    0.00   74.00     0.00 180560.00  4880.00     4.60   63.28    0.00   63.28   4.73  35.00
rbd0              0.00    61.00    0.00   63.00     0.00 166956.00  5300.19     4.82   77.48    0.00   77.48   5.40  34.00
rbd0              0.00    22.00    0.00   45.00     0.00 96508.00  4289.24     0.46   10.82    0.00   10.82   3.80  17.10
rbd0              0.00    51.00    0.00   70.00     0.00 158452.00  4527.20     4.39   63.40    0.00   63.40   4.33  30.30
rbd0              0.00   485.00    0.00   91.00     0.00 133008.00  2923.25    28.32   58.02    0.00   58.02   5.20  47.30
rbd0              0.00    10.00    0.00    0.00     0.00     0.00     0.00   126.30    0.00    0.00    0.00   0.00 100.00
rbd0              0.00     0.00    0.00   21.00     0.00  1688.00   160.76   118.13 1486.62    0.00 1486.62  47.62 100.00
rbd0              0.00     0.00    0.00    0.00     0.00     0.00     0.00   114.00    0.00    0.00    0.00   0.00 100.00
rbd0              0.00     0.00    0.00    0.00     0.00     0.00     0.00   114.00    0.00    0.00    0.00   0.00 100.00
rbd0              0.00     0.00    0.00    0.00     0.00     0.00     0.00   114.29    0.00    0.00    0.00   0.00 100.00
rbd0              0.00    15.00    0.00  112.00     0.00 31372.00   560.21   116.07 5992.56    0.00 5992.56   8.93 100.00
rbd0              0.00   325.00    0.00  102.00     0.00 388408.00  7615.84    84.98  705.38    0.00  705.38   9.63  98.20
rbd0              0.00   122.77    0.00  122.77     0.00 480570.30  7828.65   126.47 1085.65    0.00 1085.65   8.06  99.01
rbd0              0.00   105.00    0.00  111.00     0.00 454656.00  8192.00   127.95 1843.66    0.00 1843.66   9.02 100.10
rbd0              0.00   120.00    0.00  120.00     0.00 491520.00  8192.00   127.72 2120.06    0.00 2120.06   8.33 100.00
rbd0              0.00   187.00    0.00  129.00     0.00 528384.00  8192.00   127.61 2107.09    0.00 2107.09   7.75 100.00
rbd0              0.00  1794.00    0.00  126.00     0.00 516096.00  8192.00   127.74 2002.67    0.00 2002.67   7.94 100.00
rbd0              0.00  1518.00    0.00  156.00     0.00 526328.00  6747.79   127.45 1911.67    0.00 1911.67   6.41 100.00
rbd0              0.00  2471.00    0.00  169.00     0.00 454672.00  5380.73   127.55 1578.52    0.00 1578.52   5.92 100.00
rbd0              0.00    44.00    0.00  172.00     0.00 495036.00  5756.23   127.61 1489.37    0.00 1489.37   5.81 100.00
rbd0              0.00   735.00    0.00  217.00     0.00 532868.00  4911.23    57.43 1049.25    0.00 1049.25   4.47  97.10
rbd0              0.00    67.00    0.00   60.00     0.00 176528.00  5884.27     4.62   78.00    0.00   78.00   5.82  34.90
rbd0              0.00    21.00    0.00   40.00     0.00 81576.00  4078.80     0.37    9.68    0.00    9.68   4.33  17.30
rbd0              0.00    54.00    0.00   73.00     0.00 177448.00  4861.59     4.73   66.27    0.00   66.27   4.92  35.90
rbd0              0.00    58.00    0.00   77.00     0.00 177484.00  4609.97     5.08   66.88    0.00   66.88   5.06  39.00
rbd0              0.00    42.00    0.00   38.00     0.00 89512.00  4711.16     3.98   25.08    0.00   25.08   7.79  29.60
rbd0              0.00    37.00    0.00   59.00     0.00 158780.00  5382.37     1.92   85.42    0.00   85.42   4.34  25.60
rbd0              0.00    55.00    0.00   78.00     0.00 175376.00  4496.82     4.53   58.95    0.00   58.95   4.67  36.40
rbd0              0.00    62.00    0.00   59.00     0.00 161696.00  5481.22     4.26   73.34    0.00   73.34   5.53  32.60
rbd0              0.00    41.00    0.00   48.00     0.00 85148.00  3547.83     0.72    8.10    0.00    8.10   3.67  17.60
rbd0              0.00    29.00    0.00   62.00     0.00 154832.00  4994.58     3.96   70.45    0.00   70.45   4.74  29.40
rbd0              0.00    62.00    0.00   60.00     0.00 162284.00  5409.47     5.17   86.90    0.00   86.90   5.70  34.20
rbd0              0.00    57.00    0.00   67.00     0.00 150392.00  4489.31     4.30   65.04    0.00   65.04   4.67  31.30
rbd0              0.00    20.00    0.00   42.00     0.00 86092.00  4099.62     0.38    9.76    0.00    9.76   4.10  17.20
rbd0              0.00    56.00    0.00   59.00     0.00 161736.00  5482.58     4.86   83.59    0.00   83.59   5.53  32.60
rbd0              0.00    31.00    0.00  135.00     0.00   588.00     8.71   125.82   21.99    0.00   21.99   7.28  98.30
rbd0              0.00    24.00    0.00  156.00     0.00 81868.00  1049.59    87.84 1414.39    0.00 1414.39   5.65  88.20
rbd0              0.00    60.00    0.00   80.00     0.00 222260.00  5556.50     4.00   75.60    0.00   75.60   4.49  35.90
rbd0              0.00    58.00    0.00   76.00     0.00 177208.00  4663.37     4.44   59.47    0.00   59.47   4.53  34.40
rbd0              0.00    60.00    0.00   75.00     0.00 172220.00  4592.53     4.86   65.71    0.00   65.71   4.67  35.00
rbd0              0.00    45.00    0.00   42.00     0.00 92636.00  4411.24     1.83   13.12    0.00   13.12   5.88  24.70
rbd0              0.00    37.00    0.00   61.00     0.00 166840.00  5470.16     3.29   75.93    0.00   75.93   4.87  29.70
rbd0              0.00    62.00    0.00   71.00     0.00 167864.00  4728.56     5.58   79.97    0.00   79.97   5.14  36.50
rbd0              0.00    60.00    0.00   65.00     0.00 168040.00  5170.46     4.65   71.51    0.00   71.51   5.62  36.50
rbd0              0.00    18.00    0.00   43.00     0.00 90720.00  4219.53     0.33   10.00    0.00   10.00   3.60  15.50
rbd0              0.00    60.00    0.00   68.00     0.00 168484.00  4955.41     5.07   75.72    0.00   75.72   5.19  35.30
rbd0              0.00    62.00    0.00   72.00     0.00 177708.00  4936.33     4.66   65.74    0.00   65.74   5.08  36.60
rbd0              0.00    44.00    0.00   41.00     0.00 90472.00  4413.27     3.19   13.34    0.00   13.34   6.73  27.60
rbd0              0.00    38.00    0.00   58.00     0.00 162288.00  5596.14     1.81   78.38    0.00   78.38   3.74  21.70
rbd0              0.00    61.00    0.00   76.00     0.00 174992.00  4605.05     4.97   66.20    0.00   66.20   4.76  36.20
rbd0              0.00    65.00    0.00   72.00     0.00 178540.00  4959.44     4.57   64.47    0.00   64.47   5.03  36.20
rbd0              0.00    44.00    0.00   41.00     0.00 87648.00  4275.51     1.16   11.37    0.00   11.37   4.85  19.90
rbd0              0.00    41.00    0.00   60.00     0.00 171112.00  5703.73     3.50   71.23    0.00   71.23   4.92  29.50
rbd0              0.00    62.00    0.00   76.00     0.00 177084.00  4660.11     4.51   60.50    0.00   60.50   4.38  33.30
rbd0              0.00    63.00    0.00   72.00     0.00 173548.00  4820.78     4.55   63.99    0.00   63.99   4.46  32.10
rbd0              0.00    23.00    0.00   43.00     0.00 89392.00  4157.77     0.42    9.91    0.00    9.91   4.09  17.60
rbd0              0.00    61.00    0.00   59.00     0.00 165100.00  5596.61     4.72   81.44    0.00   81.44   5.86  34.60
rbd0              0.00    66.00    0.00   70.00     0.00 175168.00  5004.80     4.96   71.76    0.00   71.76   5.21  36.50
rbd0              0.00    62.00    0.00   63.00     0.00 169004.00  5365.21     4.78   77.05    0.00   77.05   5.65  35.60
rbd0              0.00    19.00    0.00   37.00     0.00 83012.00  4487.14     0.32    9.41    0.00    9.41   3.92  14.50
rbd0              0.00    68.00    0.00   92.00     0.00 207964.00  4520.96     5.72   63.71    0.00   63.71   4.43  40.80
rbd0              0.00    63.00    0.00   70.00     0.00 169476.00  4842.17     5.02   72.33    0.00   72.33   5.21  36.50
rbd0              0.00    42.00    0.00   38.00     0.00 86156.00  4534.53     2.07   11.63    0.00   11.63   5.84  22.20
rbd0              0.00    40.00    0.00   60.00     0.00 169696.00  5656.53     2.83   76.22    0.00   76.22   4.65  27.90
rbd0              0.00    66.00    0.00   73.00     0.00 177160.00  4853.70     4.64   64.23    0.00   64.23   5.05  36.90
rbd0              0.00    98.00    0.00   67.00     0.00 192880.00  5757.61    34.63  114.90    0.00  114.90   6.67  44.70
rbd0              0.00    18.00    0.00  175.00     0.00 129960.00  1485.26     4.87  236.14    0.00  236.14   1.11  19.50
rbd0              0.00    66.00    0.00   72.00     0.00 173236.00  4812.11     4.63   65.10    0.00   65.10   4.88  35.10
rbd0              0.00    60.00    0.00   75.00     0.00 176112.00  4696.32     5.82   78.40    0.00   78.40   4.84  36.30
rbd0              0.00    44.00    0.00   33.00     0.00 81704.00  4951.76     1.15   10.18    0.00   10.18   5.42  17.90
rbd0              0.00    38.00    0.00   70.00     0.00 168720.00  4820.57     4.51   77.10    0.00   77.10   4.56  31.90
rbd0              0.00    63.00    0.00   75.00     0.00 177728.00  4739.41     4.67   63.31    0.00   63.31   5.03  37.70
rbd0              0.00    57.00    0.00   68.00     0.00 168552.00  4957.41     6.05   89.60    0.00   89.60   5.24  35.60
rbd0              0.00    19.00    0.00   39.00     0.00 81976.00  4203.90     0.34    9.31    0.00    9.31   4.03  15.70
rbd0              0.00    65.00    0.00   69.00     0.00 176192.00  5107.01     4.70   68.97    0.00   68.97   5.09  35.10
rbd0              0.00    61.00    0.00   76.00     0.00 164084.00  4318.00     4.88   64.93    0.00   64.93   4.34  33.00
rbd0              0.00    44.00    0.00   41.00     0.00 87240.00  4255.61     1.38   11.66    0.00   11.66   5.15  21.10
rbd0              0.00    40.00    0.00   65.00     0.00 176692.00  5436.68     3.95   76.23    0.00   76.23   4.74  30.80
rbd0              0.00    63.00    0.00   71.00     0.00 169828.00  4783.89     4.62   66.00    0.00   66.00   4.73  33.60
rbd0              0.00    66.00    0.00   76.00     0.00 184564.00  4856.95     4.63   61.79    0.00   61.79   4.68  35.60
rbd0              0.00    19.00    0.00   34.00     0.00 77896.00  4582.12     0.31    9.79    0.00    9.79   4.21  14.30
rbd0              0.00    63.00    0.00   69.00     0.00 169456.00  4911.77     4.78   70.22    0.00   70.22   4.67  32.20
rbd0              0.00    65.00    0.00   75.00     0.00 181016.00  4827.09     4.30   58.32    0.00   58.32   4.71  35.30
rbd0              0.00    63.00    0.00   57.00     0.00 167240.00  5868.07     4.47   79.58    0.00   79.58   5.93  33.80
rbd0              0.00    19.00    0.00   41.00     0.00 83616.00  4078.83     0.37    9.76    0.00    9.76   3.85  15.80
rbd0              0.00    61.00    0.00   75.00     0.00 176276.00  4700.69     4.82   65.25    0.00   65.25   4.72  35.40
rbd0              0.00    64.00    0.00   74.00     0.00 172944.00  4674.16     4.91   67.23    0.00   67.23   4.99  36.90
rbd0              0.00    44.00    0.00   40.00     0.00 88212.00  4410.60     2.45   13.72    0.00   13.72   6.00  24.00
rbd0              0.00    39.00    0.00   61.00     0.00 168688.00  5530.75     2.70   76.56    0.00   76.56   4.36  26.60
rbd0              0.00    58.00    0.00   77.00     0.00 176532.00  4585.25     4.96   65.43    0.00   65.43   4.84  37.30
rbd0              0.00    92.00    0.00   71.00     0.00 172680.00  4864.23     7.67   74.08    0.00   74.08   6.17  43.80
rbd0              0.00   360.00    0.00  142.00     0.00 495824.00  6983.44    98.53  367.15    0.00  367.15   7.05 100.10
rbd0              0.00   118.00    0.00  125.00     0.00 512000.00  8192.00   127.79 1158.70    0.00 1158.70   8.00 100.00
rbd0              0.00   127.00    0.00  127.00     0.00 520192.00  8192.00   127.83 1830.40    0.00 1830.40   7.87 100.00
rbd0              0.00   120.00    0.00  113.00     0.00 462848.00  8192.00   127.86 1903.32    0.00 1903.32   8.85 100.00
rbd0              0.00   119.00    0.00  125.00     0.00 512000.00  8192.00   127.72 1943.51    0.00 1943.51   8.00 100.00
rbd0              0.00   123.00    0.00  129.00     0.00 528384.00  8192.00   127.54 1862.75    0.00 1862.75   7.75 100.00
rbd0              0.00  1231.00    0.00  139.00     0.00 525396.00  7559.65   127.59 2197.35    0.00 2197.35   7.19 100.00
rbd0              0.00    56.00    0.00  122.00     0.00 491520.00  8057.70   127.76 2066.20    0.00 2066.20   8.20 100.00
rbd0              0.00     8.00    0.00  200.00     0.00 487752.00  4877.52   127.75 1808.22    0.00 1808.22   5.00 100.00
rbd0              0.00   112.00    0.00  329.00     0.00 296536.00  1802.65    15.38  539.50    0.00  539.50   1.97  64.80
rbd0              0.00    17.00    0.00   37.00     0.00 80132.00  4331.46     0.36   10.59    0.00   10.59   4.41  16.30
rbd0              0.00    63.00    0.00   71.00     0.00 175024.00  4930.25     4.85   68.87    0.00   68.87   4.96  35.20
rbd0              0.00    17.00    0.00   43.00     0.00 85912.00  3995.91     0.33    9.58    0.00    9.58   3.42  14.70
rbd0              0.00    63.00    0.00   76.00     0.00 185964.00  4893.79     4.84   64.74    0.00   64.74   4.91  37.30
rbd0              0.00   103.00    0.00  113.00     0.00 411364.00  7280.78    47.44  421.12    0.00  421.12   7.00  79.10
rbd0              0.00    57.00    0.00   77.00     0.00 173368.00  4503.06     5.13   67.70    0.00   67.70   4.92  37.90
rbd0              0.00    62.00    0.00   77.00     0.00 177812.00  4618.49     5.06   66.84    0.00   66.84   4.78  36.80
rbd0              0.00    42.00    0.00   39.00     0.00 91228.00  4678.36     3.80   20.08    0.00   20.08   7.08  27.60
rbd0              0.00    37.00    0.00   61.00     0.00 150272.00  4926.95     2.14   86.07    0.00   86.07   3.89  23.70
rbd0              0.00    65.00    0.00   84.00     0.00 181572.00  4323.14     6.71   80.48    0.00   80.48   4.88  41.00
rbd0              0.00    60.00    0.00   84.00     0.00 182756.00  4351.33     5.48   66.56    0.00   66.56   4.52  38.00
rbd0              0.00    18.00    0.00   31.00     0.00 74860.00  4829.68     0.29   10.19    0.00   10.19   4.23  13.10
rbd0              0.00    62.00    0.00   75.00     0.00 175676.00  4684.69     4.95   67.13    0.00   67.13   4.76  35.70
rbd0              0.00    58.00    0.00   73.00     0.00 167264.00  4582.58     4.14   57.67    0.00   57.67   4.55  33.20
rbd0              0.00    42.00    0.00   48.00     0.00 98440.00  4101.67     3.69   22.54    0.00   22.54   5.81  27.90
rbd0              0.00    40.00    0.00   64.00     0.00 161788.00  5055.88     1.33   63.14    0.00   63.14   3.45  22.10
rbd0              0.00    58.00    0.00   74.00     0.00 167340.00  4522.70     4.46   61.05    0.00   61.05   4.64  34.30
rbd0              0.00    61.00    0.00   80.00     0.00 177692.00  4442.30     5.44   69.03    0.00   69.03   4.35  34.80
rbd0              0.00    27.00    0.00   41.00     0.00 88176.00  4301.27     0.38    9.27    0.00    9.27   3.88  15.90
rbd0              0.00    47.00    0.00   74.00     0.00 162340.00  4387.57     5.17   71.64    0.00   71.64   4.50  33.30
rbd0              0.00    62.00    0.00   77.00     0.00 175996.00  4571.32     5.33   69.95    0.00   69.95   4.65  35.80
rbd0              0.00    64.00    0.00   67.00     0.00 169792.00  5068.42     4.87   73.85    0.00   73.85   5.25  35.20
rbd0              0.00    21.00    0.00   43.00     0.00 91208.00  4242.23     0.37    9.35    0.00    9.35   3.93  16.90
rbd0              0.00    55.00    0.00   71.00     0.00 170516.00  4803.27     5.21   74.08    0.00   74.08   5.38  38.20
rbd0              0.00    61.00    0.00   76.00     0.00 175824.00  4626.95     5.03   67.41    0.00   67.41   4.84  36.80
rbd0              0.00    42.00    0.00   36.00     0.00 74336.00  4129.78     2.19   10.19    0.00   10.19   6.31  22.70
rbd0              0.00    38.00    0.00   63.00     0.00 173192.00  5498.16     3.07   79.37    0.00   79.37   4.41  27.80
rbd0              0.00    62.00    0.00   76.00     0.00 180564.00  4751.68     4.54   60.70    0.00   60.70   4.75  36.10
rbd0              0.00    62.00    0.00   63.00     0.00 166944.00  5299.81     4.41   70.84    0.00   70.84   5.41  34.10
rbd0              0.00    46.00    0.00  300.00     0.00 79284.00   528.56     6.93   37.83    0.00   37.83   0.71  21.40
rbd0              0.00    55.00    0.00   76.00     0.00 180088.00  4739.16     4.75   63.68    0.00   63.68   4.84  36.80
rbd0              0.00    65.00    0.00   73.00     0.00 179816.00  4926.47     4.81   66.92    0.00   66.92   5.07  37.00
rbd0              0.00    61.00    0.00   74.00     0.00 179688.00  4856.43     5.34   72.86    0.00   72.86   4.74  35.10
rbd0              0.00    16.00    0.00   30.00     0.00 68676.00  4578.40     0.24    8.80    0.00    8.80   3.83  11.50
rbd0              0.00    64.00    0.00   74.00     0.00 178600.00  4827.03     4.52   61.62    0.00   61.62   4.57  33.80
rbd0              0.00    60.00    0.00   74.00     0.00 174676.00  4720.97     4.30   59.12    0.00   59.12   4.66  34.50
rbd0              0.00    43.00    0.00   37.00     0.00 82704.00  4470.49     3.58   13.49    0.00   13.49   7.62  28.20
rbd0              0.00    38.00    0.00   62.00     0.00 168728.00  5442.84     1.43   73.84    0.00   73.84   3.60  22.30
rbd0              0.00    63.00    0.00   75.00     0.00 177788.00  4741.01     4.96   67.37    0.00   67.37   5.08  38.10
rbd0              0.00    60.00    0.00   79.00     0.00 176420.00  4466.33     5.63   72.14    0.00   72.14   4.86  38.40
rbd0              0.00    19.00    0.00   30.00     0.00 76044.00  5069.60     0.30   10.90    0.00   10.90   4.53  13.60
rbd0              0.00    63.00    0.00   68.00     0.00 173948.00  5116.12     4.87   72.49    0.00   72.49   5.37  36.50
rbd0              0.00    62.00    0.00   75.00     0.00 175664.00  4684.37     4.38   59.12    0.00   59.12   4.83  36.20
rbd0              0.00    62.00    0.00   63.00     0.00 172576.00  5478.60     4.28   69.44    0.00   69.44   4.98  31.40
rbd0              0.00    19.00    0.00   36.00     0.00 80716.00  4484.22     0.33   10.06    0.00   10.06   4.17  15.00
rbd0              0.00    78.00    0.00  102.00     0.00 250436.00  4910.51    14.76  146.89    0.00  146.89   4.88  49.80
rbd0              0.00    62.00    0.00   74.00     0.00 177452.00  4796.00     4.67   64.08    0.00   64.08   4.53  33.50
rbd0              0.00    19.00    0.00   30.00     0.00 75220.00  5014.67     0.31   11.33    0.00   11.33   4.80  14.40
rbd0              0.00    62.00    0.00   69.00     0.00 176296.00  5110.03     4.71   68.97    0.00   68.97   4.71  32.50
rbd0              0.00    64.00    0.00   72.00     0.00 176484.00  4902.33     4.42   62.33    0.00   62.33   4.53  32.60
rbd0              0.00    62.00    0.00   68.00     0.00 168732.00  4962.71     4.52   67.21    0.00   67.21   4.79  32.60
rbd0              0.00    22.00    0.00   36.00     0.00 85280.00  4737.78     0.34    9.94    0.00    9.94   4.11  14.80
rbd0              0.00    60.00    0.00   72.00     0.00 173988.00  4833.00     4.37   61.71    0.00   61.71   4.71  33.90
rbd0              0.00    62.00    0.00   71.00     0.00 167960.00  4731.27     4.86   69.59    0.00   69.59   4.79  34.00
rbd0              0.00    18.00    0.00   30.00     0.00 74444.00  4962.93     0.32   11.30    0.00   11.30   5.07  15.20
rbd0              0.00    62.38    0.00   74.26     0.00 177069.31  4769.07     4.68   63.96    0.00   63.96   4.75  35.25
rbd0              0.00    63.00    0.00   73.00     0.00 174912.00  4792.11     4.98   69.08    0.00   69.08   4.86  35.50
rbd0              0.00    42.00    0.00   44.00     0.00 107936.00  4906.18     4.01   29.27    0.00   29.27   7.18  31.60
rbd0              0.00    34.00    0.00   58.00     0.00 140772.00  4854.21     0.80   62.14    0.00   62.14   3.10  18.00
rbd0              0.00    63.00    0.00   75.00     0.00 168872.00  4503.25     5.34   72.27    0.00   72.27   5.13  38.50
rbd0              0.00   232.00    0.00  222.00     0.00 171916.00  1548.79    32.00  178.59    0.00  178.59   2.31  51.20
rbd0              0.00    17.00    0.00   42.00     0.00 80060.00  3812.38     0.33    8.69    0.00    8.69   3.31  13.90
rbd0              0.00    65.00    0.00   75.00     0.00 177364.00  4729.71     6.39   86.03    0.00   86.03   4.28  32.10
rbd0              0.00    65.00    0.00   82.00     0.00 178796.00  4360.88     4.75   58.87    0.00   58.87   4.01  32.90
rbd0              0.00    53.00    0.00   79.00     0.00 165440.00  4188.35     5.28   67.53    0.00   67.53   4.10  32.40
rbd0              0.00    21.00    0.00   51.00     0.00 87424.00  3428.39     0.42    8.63    0.00    8.63   3.31  16.90
rbd0              0.00    55.00    0.00   89.00     0.00 179712.00  4038.47     5.74   65.78    0.00   65.78   4.03  35.90
rbd0              0.00    57.00    0.00   87.00     0.00 171136.00  3934.16     5.47   63.78    0.00   63.78   4.05  35.20
rbd0              0.00    43.00    0.00   44.00     0.00 80372.00  3653.27     4.42   27.20    0.00   27.20   5.80  25.50
rbd0              0.00    42.00    0.00   74.00     0.00 170784.00  4615.78     3.61   93.26    0.00   93.26   3.99  29.50
rbd0              0.00    63.00    0.00   87.00     0.00 170032.00  3908.78     5.44   63.51    0.00   63.51   3.86  33.60
rbd0              0.00   306.00    0.00   96.00     0.00 208412.00  4341.92    49.06  168.88    0.00  168.88   7.41  71.10
rbd0              0.00   128.00    0.00  163.00     0.00 632132.00  7756.22   126.99  683.89    0.00  683.89   6.13 100.00
rbd0              0.00   128.00    0.00  159.00     0.00 540968.00  6804.63   127.63 1488.45    0.00 1488.45   6.29 100.00
rbd0              0.00   138.00    0.00  150.00     0.00 484740.00  6463.20   127.67 1533.02    0.00 1533.02   6.67 100.00
rbd0              0.00   124.00    0.00  164.00     0.00 515088.00  6281.56   127.50 1578.99    0.00 1578.99   6.10 100.00
rbd0              0.00   130.00    0.00  174.00     0.00 525688.00  6042.39   127.64 1647.17    0.00 1647.17   5.75 100.00
rbd0              0.00   129.00    0.00  174.00     0.00 530388.00  6096.41   127.50 1428.52    0.00 1428.52   5.75 100.00
rbd0              0.00   138.00    0.00  192.00     0.00 557176.00  5803.92   127.48 1372.65    0.00 1372.65   5.21 100.10
rbd0              0.00    51.00    0.00  166.00     0.00 484984.00  5843.18   127.79 1433.52    0.00 1433.52   6.02 100.00
rbd0              0.00  1027.00    0.00  250.00     0.00 500780.00  4006.24    66.55 1004.34    0.00 1004.34   3.72  93.00
rbd0              0.00   100.00    0.00  183.00     0.00 481396.00  5261.16    71.23  413.39    0.00  413.39   4.94  90.40
rbd0              0.00    19.00    0.00   39.00     0.00 81380.00  4173.33     0.33    9.41    0.00    9.41   3.56  13.90
rbd0              0.00    64.00    0.00   75.00     0.00 168224.00  4485.97     4.07   54.89    0.00   54.89   4.57  34.30
rbd0              0.00    60.00    0.00   84.00     0.00 199244.00  4743.90     5.81   70.51    0.00   70.51   4.49  37.70
rbd0              0.00    61.00    0.00   76.00     0.00 179108.00  4713.37     4.78   64.08    0.00   64.08   4.91  37.30
rbd0              0.00    42.00    0.00   48.00     0.00 122328.00  5097.00     4.12   42.73    0.00   42.73   6.75  32.40
rbd0              0.00    39.00    0.00   57.00     0.00 138232.00  4850.25     0.60   48.56    0.00   48.56   3.05  17.40
rbd0              0.00    62.00    0.00   78.00     0.00 178004.00  4564.21     4.62   60.27    0.00   60.27   4.63  36.10
rbd0              0.00    62.00    0.00   72.00     0.00 168068.00  4668.56     5.32   75.07    0.00   75.07   5.01  36.10
rbd0              0.00    44.00    0.00   40.00     0.00 87504.00  4375.20     1.63   11.38    0.00   11.38   5.50  22.00
rbd0              0.00    47.00    0.00  558.00     0.00 171208.00   613.65    12.81   37.70    0.00   37.70   0.65  36.00
rbd0              0.00    62.00    0.00   73.00     0.00 172624.00  4729.42     4.36   60.70    0.00   60.70   4.55  33.20
rbd0              0.00    57.00    0.00   67.00     0.00 168324.00  5024.60     5.27   79.90    0.00   79.90   5.03  33.70
rbd0              0.00    22.00    0.00   43.00     0.00 91252.00  4244.28     0.41   10.21    0.00   10.21   4.19  18.00
rbd0              0.00    60.00    0.00   68.00     0.00 166824.00  4906.59     5.16   77.16    0.00   77.16   6.03  41.00
rbd0              0.00    55.00    0.00   87.00     0.00 178336.00  4099.68     5.64   66.10    0.00   66.10   4.38  38.10
rbd0              0.00    44.00    0.00   47.00     0.00 106356.00  4525.79     3.69   28.28    0.00   28.28   5.94  27.90
rbd0              0.00    39.00    0.00   60.00     0.00 147812.00  4927.07     1.27   61.57    0.00   61.57   3.18  19.10
rbd0              0.00    56.00    0.00   82.00     0.00 177404.00  4326.93     4.64   57.52    0.00   57.52   4.48  36.70
rbd0              0.00    55.00    0.00   78.00     0.00 174720.00  4480.00     4.26   55.91    0.00   55.91   4.27  33.30
rbd0              0.00    42.00    0.00   41.00     0.00 89552.00  4368.39     2.58   14.73    0.00   14.73   5.59  22.90
rbd0              0.00    38.00    0.00   63.00     0.00 170468.00  5411.68     2.61   74.33    0.00   74.33   4.17  26.30
rbd0              0.00    63.00    0.00   73.00     0.00 177644.00  4866.96     4.79   66.71    0.00   66.71   5.14  37.50
rbd0              0.00    58.00    0.00   77.00     0.00 175304.00  4553.35     4.49   59.57    0.00   59.57   4.69  36.10
rbd0              0.00    19.00    0.00   30.00     0.00 73148.00  4876.53     0.30    9.67    0.00    9.67   4.37  13.10
rbd0              0.00    62.00    0.00   69.00     0.00 174808.00  5066.90     4.96   73.57    0.00   73.57   5.32  36.70
rbd0              0.00    57.00    0.00   75.00     0.00 169408.00  4517.55     4.45   60.25    0.00   60.25   4.65  34.90
rbd0              0.00    41.00    0.00   49.00     0.00 128532.00  5246.20     4.41   49.55    0.00   49.55   6.47  31.70
rbd0              0.00    41.00    0.00   52.00     0.00 128136.00  4928.31     0.59   51.65    0.00   51.65   3.35  17.40
rbd0              0.00    66.00    0.00   72.00     0.00 172044.00  4779.00     4.70   65.82    0.00   65.82   4.94  35.60
rbd0              0.00    63.00    0.00   74.00     0.00 177136.00  4787.46     4.35   60.26    0.00   60.26   4.39  32.50
rbd0              0.00    41.00    0.00   40.00     0.00 88348.00  4417.40     0.81   10.55    0.00   10.55   4.60  18.40
rbd0              0.00    41.00    0.00   63.00     0.00 170804.00  5422.35     3.50   63.17    0.00   63.17   4.46  28.10
rbd0              0.00    63.00    0.00   72.00     0.00 173216.00  4811.56     3.93   55.22    0.00   55.22   4.38  31.50
rbd0              0.00    61.00    0.00   66.00     0.00 171628.00  5200.85     4.56   70.26    0.00   70.26   5.08  33.50
rbd0              0.00    19.00    0.00   45.00     0.00 85564.00  3802.84     0.35    8.73    0.00    8.73   3.47  15.60
rbd0              0.00    64.00    0.00   69.00     0.00 177504.00  5145.04     5.79   84.71    0.00   84.71   5.12  35.30
rbd0              0.00    64.00    0.00   70.00     0.00 170820.00  4880.57     5.63   80.87    0.00   80.87   5.17  36.20
rbd0              0.00    40.00    0.00   43.00     0.00 106412.00  4949.40     4.54   37.86    0.00   37.86   7.21  31.00
rbd0              0.00    42.00    0.00   59.00     0.00 150480.00  5101.02     0.92   66.86    0.00   66.86   3.37  19.90
rbd0              0.00   259.00    0.00   69.00     0.00 166708.00  4832.12    13.15   72.97    0.00   72.97   6.19  42.70
rbd0              0.00    30.00    0.00  226.00     0.00 301856.00  2671.29   115.75  742.62    0.00  742.62   4.42 100.00
rbd0              0.00    64.00    0.00  138.00     0.00 350856.00  5084.87    16.02  455.07    0.00  455.07   4.43  61.20
rbd0              0.00    60.00    0.00   66.00     0.00 168004.00  5091.03     4.55   69.71    0.00   69.71   4.73  31.20
rbd0              0.00    22.00    0.00   44.00     0.00 93404.00  4245.64     0.37    9.14    0.00    9.14   3.80  16.70
rbd0              0.00    65.00    0.00   67.00     0.00 174116.00  5197.49     4.23   64.36    0.00   64.36   4.73  31.70
rbd0              0.00    62.00    0.00   75.00     0.00 175440.00  4678.40     5.31   71.48    0.00   71.48   4.47  33.50
rbd0              0.00    64.00    0.00   68.00     0.00 168884.00  4967.18     5.47   81.22    0.00   81.22   4.59  31.20
rbd0              0.00    22.00    0.00   44.00     0.00 91356.00  4152.55     0.35    8.64    0.00    8.64   3.59  15.80
rbd0              0.00    57.00    0.00   69.00     0.00 169536.00  4914.09     5.17   75.67    0.00   75.67   4.91  33.90
rbd0              0.00    59.00    0.00   78.00     0.00 167252.00  4288.51     5.70   73.65    0.00   73.65   4.76  37.10
rbd0              0.00    43.00    0.00   39.00     0.00 89344.00  4581.74     2.02   12.72    0.00   12.72   6.23  24.30
rbd0              0.00    39.00    0.00   67.00     0.00 172716.00  5155.70     3.45   76.12    0.00   76.12   4.25  28.50
rbd0              0.00    65.00    0.00   70.00     0.00 171736.00  4906.74     4.91   71.11    0.00   71.11   5.16  36.10
rbd0              0.00    65.00    0.00   77.00     0.00 181068.00  4703.06     5.09   67.13    0.00   67.13   4.57  35.20
rbd0              0.00    18.00    0.00   32.00     0.00 73776.00  4611.00     0.31   10.66    0.00   10.66   4.53  14.50
rbd0              0.00    66.00    0.00   75.00     0.00 173852.00  4636.05     5.73   77.01    0.00   77.01   4.67  35.00
rbd0              0.00    55.00    0.00   99.00     0.00 180380.00  3644.04     6.14   63.01    0.00   63.01   3.40  33.70
rbd0              0.00    41.00    0.00   50.00     0.00 105856.00  4234.24     6.34   42.38    0.00   42.38   6.48  32.40
rbd0              0.00    43.00    0.00   74.00     0.00 151720.00  4100.54     0.59   66.96    0.00   66.96   2.35  17.40
rbd0              0.00    58.00    0.00   89.00     0.00 170412.00  3829.48     5.87   67.03    0.00   67.03   3.64  32.40
rbd0              0.00    66.00    0.00   88.00     0.00 177768.00  4040.18     5.77   66.19    0.00   66.19   3.88  34.10
rbd0              0.00    42.00    0.00   46.00     0.00 83812.00  3644.00     4.89   16.57    0.00   16.57   5.74  26.40
rbd0              0.00    35.00    0.00   84.00     0.00 173412.00  4128.86     1.95   73.85    0.00   73.85   2.82  23.70
rbd0              0.00    65.00    0.00   83.00     0.00 171068.00  4122.12     5.76   71.08    0.00   71.08   4.08  33.90
rbd0              0.00    63.00    0.00   73.00     0.00 166088.00  4550.36     7.65  105.49    0.00  105.49   4.86  35.50
rbd0              0.00    33.00    0.00   48.00     0.00 79892.00  3328.83     0.66    8.65    0.00    8.65   3.75  18.00
rbd0              0.00    37.00    0.00   79.00     0.00 157156.00  3978.63     6.07   80.99    0.00   80.99   3.89  30.70
rbd0              0.00    68.00    0.00   86.00     0.00 181416.00  4218.98     5.97   70.31    0.00   70.31   4.37  37.60
rbd0              0.00    61.00    0.00   72.00     0.00 172724.00  4797.89     5.28   74.38    0.00   74.38   4.62  33.30
rbd0              0.00    23.00    0.00   40.00     0.00 89892.00  4494.60     0.45   12.05    0.00   12.05   4.12  16.50
rbd0              0.00    68.00    0.00   87.00     0.00 177744.00  4086.07     6.51   75.69    0.00   75.69   3.94  34.30
rbd0              0.00   931.00    0.00   38.00     0.00 70116.00  3690.32    48.05   21.37    0.00   21.37  14.76  56.10
rbd0              0.00     9.00    0.00  554.00     0.00 109372.00   394.84   119.25  588.33    0.00  588.33   1.76  97.50
rbd0              0.00   309.00    0.00  162.00     0.00 409844.00  5059.80    71.13  280.57    0.00  280.57   5.93  96.10
rbd0              0.00   116.00    0.00  158.00     0.00 571516.00  7234.38   127.49  636.30    0.00  636.30   6.33 100.00
rbd0              0.00   120.00    0.00  167.00     0.00 488484.00  5850.11   127.57 1449.03    0.00 1449.03   5.99 100.00
rbd0              0.00   110.00    0.00  178.00     0.00 515696.00  5794.34   127.50 1575.11    0.00 1575.11   5.62 100.00
rbd0              0.00   149.00    0.00  191.00     0.00 526868.00  5516.94   127.52 1410.85    0.00 1410.85   5.24 100.00
rbd0              0.00   132.00    0.00  198.00     0.00 566168.00  5718.87   127.63 1315.95    0.00 1315.95   5.05 100.00
rbd0              0.00   129.00    0.00  181.00     0.00 482944.00  5336.40   127.55 1300.61    0.00 1300.61   5.52 100.00
rbd0              0.00   144.00    0.00  189.00     0.00 524640.00  5551.75   127.52 1421.68    0.00 1421.68   5.29 100.00
rbd0              0.00    34.00    0.00  181.00     0.00 514260.00  5682.43   127.65 1360.87    0.00 1360.87   5.52  99.90
rbd0              0.00   385.00    0.00  212.00     0.00 513732.00  4846.53    58.39  948.47    0.00  948.47   4.24  89.80
rbd0              0.00   112.00    0.00  185.00     0.00 417916.00  4518.01    42.60  232.82    0.00  232.82   4.39  81.30
rbd0              0.00     3.00    0.00   12.00     0.00 15388.00  2564.67     0.06    5.00    0.00    5.00   3.83   4.60
rbd0              0.00     0.00    0.00   10.00     0.00  5192.00  1038.40     0.03    3.30    0.00    3.30   3.00   3.00
rbd0              0.00     0.00    0.00    0.00     0.00     0.00     0.00     0.00    0.00    0.00    0.00   0.00   0.00
rbd0              0.00     0.00    0.00    0.00     0.00     0.00     0.00     0.00    0.00    0.00    0.00   0.00   0.00
rbd0              0.00     0.00    0.00    1.00     0.00     4.00     8.00     0.00    1.00    0.00    1.00   1.00   0.10
rbd0              0.00     0.00    0.00    0.00     0.00     0.00     0.00     0.00    0.00    0.00    0.00   0.00   0.00
rbd0              0.00     0.00    0.00    0.00     0.00     0.00     0.00     0.00    0.00    0.00    0.00   0.00   0.00
rbd0              0.00     0.00    0.00    0.00     0.00     0.00     0.00     0.00    0.00    0.00    0.00   0.00   0.00
rbd0              0.00     0.00    0.00    0.00     0.00     0.00     0.00     0.00    0.00    0.00    0.00   0.00   0.00
rbd0              0.00     0.00    0.00    4.00     0.00    16.00     8.00     0.01    2.00    0.00    2.00   0.50   0.20
rbd0              0.00     0.00    0.00    0.00     0.00     0.00     0.00     0.00    0.00    0.00    0.00   0.00   0.00
rbd0              0.00     0.00    0.00    0.00     0.00     0.00     0.00     0.00    0.00    0.00    0.00   0.00   0.00
rbd0              0.00     0.00    0.00    0.00     0.00     0.00     0.00     0.00    0.00    0.00    0.00   0.00   0.00
rbd0              0.00     0.00    0.00    0.00     0.00     0.00     0.00     0.00    0.00    0.00    0.00   0.00   0.00
rbd0              0.00     0.00    0.00    3.00     0.00    12.00     8.00     0.01    2.00    0.00    2.00   0.67   0.20
rbd0              0.00     0.00    0.00    0.00     0.00     0.00     0.00     0.00    0.00    0.00    0.00   0.00   0.00
rbd0              0.00     0.00    0.00    0.00     0.00     0.00     0.00     0.00    0.00    0.00    0.00   0.00   0.00
rbd0              0.00     0.00    0.00    0.00     0.00     0.00     0.00     0.00    0.00    0.00    0.00   0.00   0.00
rbd0              0.00     0.00    0.00    0.00     0.00     0.00     0.00     0.00    0.00    0.00    0.00   0.00   0.00
rbd0              0.00    17.00    0.00  406.00     0.00  1692.00     8.33     7.50   31.99    0.00   31.99   0.17   6.70
rbd0              0.00     0.00    0.00    0.00     0.00     0.00     0.00     0.00    0.00    0.00    0.00   0.00   0.00
rbd0              0.00     0.00    0.00    0.00     0.00     0.00     0.00     0.00    0.00    0.00    0.00   0.00   0.00
rbd0              0.00     0.00    0.00    0.00     0.00     0.00     0.00     0.00    0.00    0.00    0.00   0.00   0.00
rbd0              0.00     0.00    0.00    0.00     0.00     0.00     0.00     0.00    0.00    0.00    0.00   0.00   0.00
rbd0              0.00     0.00    0.00    0.00     0.00     0.00     0.00     0.00    0.00    0.00    0.00   0.00   0.00
rbd0              0.00     0.00    0.00    0.00     0.00     0.00     0.00     0.00    0.00    0.00    0.00   0.00   0.00
rbd0              0.00     0.00    0.00    0.00     0.00     0.00     0.00     0.00    0.00    0.00    0.00   0.00   0.00
rbd0              0.00     0.00    0.00    0.00     0.00     0.00     0.00     0.00    0.00    0.00    0.00   0.00   0.00
rbd0              0.00     0.00    0.00    0.00     0.00     0.00     0.00     0.00    0.00    0.00    0.00   0.00   0.00
rbd0              0.00     0.00    0.00    0.00     0.00     0.00     0.00     0.00    0.00    0.00    0.00   0.00   0.00
rbd0              0.00     0.00    0.00    0.00     0.00     0.00     0.00     0.00    0.00    0.00    0.00   0.00   0.00
rbd0              0.00     0.00    0.00    0.00     0.00     0.00     0.00     0.00    0.00    0.00    0.00   0.00   0.00
rbd0              0.00     0.00    0.00    0.00     0.00     0.00     0.00     0.00    0.00    0.00    0.00   0.00   0.00
rbd0              0.00     0.00    0.00    0.00     0.00     0.00     0.00     0.00    0.00    0.00    0.00   0.00   0.00
rbd0              0.00     0.00    0.00    0.00     0.00     0.00     0.00     0.00    0.00    0.00    0.00   0.00   0.00
rbd0              0.00     0.00    0.00    0.00     0.00     0.00     0.00     0.00    0.00    0.00    0.00   0.00   0.00
rbd0              0.00     0.00    0.00    0.00     0.00     0.00     0.00     0.00    0.00    0.00    0.00   0.00   0.00
rbd0              0.00     0.00    0.00    0.00     0.00     0.00     0.00     0.00    0.00    0.00    0.00   0.00   0.00
rbd0              0.00     0.00    0.00    0.00     0.00     0.00     0.00     0.00    0.00    0.00    0.00   0.00   0.00
rbd0              0.00     0.00    0.00    0.00     0.00     0.00     0.00     0.00    0.00    0.00    0.00   0.00   0.00
rbd0              0.00     0.00    0.00    0.00     0.00     0.00     0.00     0.00    0.00    0.00    0.00   0.00   0.00
rbd0              0.00     0.00    0.00    0.00     0.00     0.00     0.00     0.00    0.00    0.00    0.00   0.00   0.00
rbd0              0.00     0.00    0.00    0.00     0.00     0.00     0.00     0.00    0.00    0.00    0.00   0.00   0.00
rbd0              0.00     0.00    0.00    0.00     0.00     0.00     0.00     0.00    0.00    0.00    0.00   0.00   0.00
rbd0              0.00     0.00    0.00    0.00     0.00     0.00     0.00     0.00    0.00    0.00    0.00   0.00   0.00
rbd0              0.00     0.00    0.00    0.00     0.00     0.00     0.00     0.00    0.00    0.00    0.00   0.00   0.00
rbd0              0.00     0.00    0.00    0.00     0.00     0.00     0.00     0.00    0.00    0.00    0.00   0.00   0.00
rbd0              0.00     0.00    0.00    0.00     0.00     0.00     0.00     0.00    0.00    0.00    0.00   0.00   0.00
rbd0              0.00     0.00    0.00    0.00     0.00     0.00     0.00     0.00    0.00    0.00    0.00   0.00   0.00
rbd0              0.00     0.00    0.00    0.00     0.00     0.00     0.00     0.00    0.00    0.00    0.00   0.00   0.00
rbd0              0.00     0.00    0.00    0.00     0.00     0.00     0.00     0.00    0.00    0.00    0.00   0.00   0.00
rbd0              0.00     0.00    0.00    0.00     0.00     0.00     0.00     0.00    0.00    0.00    0.00   0.00   0.00
rbd0              0.00     0.00    0.00    0.00     0.00     0.00     0.00     0.00    0.00    0.00    0.00   0.00   0.00
rbd0              0.00     0.00    0.00    1.00     0.00     4.00     8.00     0.00    2.00    0.00    2.00   2.00   0.20
rbd0              0.00     0.00    0.00    0.00     0.00     0.00     0.00     0.00    0.00    0.00    0.00   0.00   0.00
rbd0              0.00     3.00    0.00   11.00     0.00    56.00    10.18     0.04    3.55    0.00    3.55   0.45   0.50
rbd0              0.00     0.00    0.00    0.00     0.00     0.00     0.00     0.00    0.00    0.00    0.00   0.00   0.00
rbd0              0.00     0.00    0.00    0.00     0.00     0.00     0.00     0.00    0.00    0.00    0.00   0.00   0.00
rbd0              0.00     0.00    0.00    0.00     0.00     0.00     0.00     0.00    0.00    0.00    0.00   0.00   0.00
rbd0              0.00     0.00    0.00    1.00     0.00     4.00     8.00     0.00    2.00    0.00    2.00   2.00   0.20
rbd0              0.00    13.00    0.00  192.00     0.00 53488.00   557.17    17.04  111.44    0.00  111.44   0.70  13.40
rbd0              0.00     0.00    0.00 1416.00     0.00 50308.00    71.06    60.77   90.14    0.00   90.14   0.35  50.00
rbd0              0.00     0.00    0.00    0.00     0.00     0.00     0.00     0.00    0.00    0.00    0.00   0.00   0.00
rbd0              0.00     0.00    0.00    0.00     0.00     0.00     0.00     0.00    0.00    0.00    0.00   0.00   0.00
rbd0              0.00    75.00    0.00 1661.00     0.00 286348.00   344.79    64.85   70.77    0.00   70.77   0.50  82.90
rbd0              0.00     0.00    0.00    0.00     0.00     0.00     0.00     0.00    0.00    0.00    0.00   0.00   0.00
rbd0              0.00     0.00    0.00    0.00     0.00     0.00     0.00     0.00    0.00    0.00    0.00   0.00   0.00
rbd0              0.00     0.00    0.00    0.00     0.00     0.00     0.00     0.00    0.00    0.00    0.00   0.00   0.00
rbd0              0.00     0.00    0.00    0.00     0.00     0.00     0.00     0.00    0.00    0.00    0.00   0.00   0.00
rbd0              0.00     0.00    0.00    0.00     0.00     0.00     0.00     0.00    0.00    0.00    0.00   0.00   0.00
rbd0              0.00     0.00    0.00    0.00     0.00     0.00     0.00     0.00    0.00    0.00    0.00   0.00   0.00
rbd0              0.00     0.00    0.00    0.00     0.00     0.00     0.00     0.00    0.00    0.00    0.00   0.00   0.00
rbd0              0.00     0.00    0.00    0.00     0.00     0.00     0.00     0.00    0.00    0.00    0.00   0.00   0.00
rbd0              0.00     0.00    0.00    0.00     0.00     0.00     0.00     0.00    0.00    0.00    0.00   0.00   0.00
rbd0              0.00     0.00    0.00    0.00     0.00     0.00     0.00     0.00    0.00    0.00    0.00   0.00   0.00
rbd0              0.00     0.00    0.00    0.00     0.00     0.00     0.00     0.00    0.00    0.00    0.00   0.00   0.00
rbd0              0.00     0.00    0.00    0.00     0.00     0.00     0.00     0.00    0.00    0.00    0.00   0.00   0.00
rbd0              0.00     0.00    0.00    0.00     0.00     0.00     0.00     0.00    0.00    0.00    0.00   0.00   0.00
rbd0              0.00     0.00    0.00    0.00     0.00     0.00     0.00     0.00    0.00    0.00    0.00   0.00   0.00
rbd0              0.00     0.00    0.00    0.00     0.00     0.00     0.00     0.00    0.00    0.00    0.00   0.00   0.00
rbd0              0.00     0.00    0.00    0.00     0.00     0.00     0.00     0.00    0.00    0.00    0.00   0.00   0.00
rbd0              0.00     0.00    0.00    0.00     0.00     0.00     0.00     0.00    0.00    0.00    0.00   0.00   0.00
rbd0              0.00     0.00    0.00    0.00     0.00     0.00     0.00     0.00    0.00    0.00    0.00   0.00   0.00
rbd0              0.00     0.00    0.00    0.00     0.00     0.00     0.00     0.00    0.00    0.00    0.00   0.00   0.00
rbd0              0.00     0.00    0.00    0.00     0.00     0.00     0.00     0.00    0.00    0.00    0.00   0.00   0.00
rbd0              0.00     0.00    0.00    0.00     0.00     0.00     0.00     0.00    0.00    0.00    0.00   0.00   0.00
rbd0              0.00     0.00    0.00    0.00     0.00     0.00     0.00     0.00    0.00    0.00    0.00   0.00   0.00
rbd0              0.00     0.00    0.00    0.00     0.00     0.00     0.00     0.00    0.00    0.00    0.00   0.00   0.00
rbd0              0.00     0.00    0.00    0.00     0.00     0.00     0.00     0.00    0.00    0.00    0.00   0.00   0.00
rbd0              0.00     0.00    0.00    0.00     0.00     0.00     0.00     0.00    0.00    0.00    0.00   0.00   0.00
rbd0              0.00     0.00    0.00    0.00     0.00     0.00     0.00     0.00    0.00    0.00    0.00   0.00   0.00
rbd0              0.00     0.00    0.00    0.00     0.00     0.00     0.00     0.00    0.00    0.00    0.00   0.00   0.00
rbd0              0.00    14.00    0.00  166.00     0.00   720.00     8.67     3.24   22.76    0.00   22.76   0.20   3.40
rbd0              0.00     0.00    0.00    0.00     0.00     0.00     0.00     0.00    0.00    0.00    0.00   0.00   0.00
rbd0              0.00     0.00    0.00    0.00     0.00     0.00     0.00     0.00    0.00    0.00    0.00   0.00   0.00
rbd0              0.00     0.00    0.00    0.00     0.00     0.00     0.00     0.00    0.00    0.00    0.00   0.00   0.00
rbd0              0.00     0.00    0.00    0.00     0.00     0.00     0.00     0.00    0.00    0.00    0.00   0.00   0.00
rbd0              0.00     0.00    0.00    0.00     0.00     0.00     0.00     0.00    0.00    0.00    0.00   0.00   0.00
rbd0              0.00     0.00    0.00    0.00     0.00     0.00     0.00     0.00    0.00    0.00    0.00   0.00   0.00
rbd0              0.00     0.00    0.00    0.00     0.00     0.00     0.00     0.00    0.00    0.00    0.00   0.00   0.00
rbd0              0.00     0.00    0.00    0.00     0.00     0.00     0.00     0.00    0.00    0.00    0.00   0.00   0.00
rbd0              0.00     0.00    0.00    0.00     0.00     0.00     0.00     0.00    0.00    0.00    0.00   0.00   0.00
rbd0              0.00     0.00    0.00    0.00     0.00     0.00     0.00     0.00    0.00    0.00    0.00   0.00   0.00
rbd0              0.00     0.00    0.00    0.00     0.00     0.00     0.00     0.00    0.00    0.00    0.00   0.00   0.00
rbd0              0.00     0.00    0.00    0.00     0.00     0.00     0.00     0.00    0.00    0.00    0.00   0.00   0.00
rbd0              0.00     0.00    0.00    0.00     0.00     0.00     0.00     0.00    0.00    0.00    0.00   0.00   0.00
rbd0              0.00     0.00    0.00    0.00     0.00     0.00     0.00     0.00    0.00    0.00    0.00   0.00   0.00
rbd0              0.00     0.00    0.00    0.00     0.00     0.00     0.00     0.00    0.00    0.00    0.00   0.00   0.00
rbd0              0.00     0.00    0.00    0.00     0.00     0.00     0.00     0.00    0.00    0.00    0.00   0.00   0.00
rbd0              0.00     0.00    0.00    0.00     0.00     0.00     0.00     0.00    0.00    0.00    0.00   0.00   0.00
rbd0              0.00     0.00    0.00    0.00     0.00     0.00     0.00     0.00    0.00    0.00    0.00   0.00   0.00
rbd0              0.00     0.00    0.00    0.00     0.00     0.00     0.00     0.00    0.00    0.00    0.00   0.00   0.00
rbd0              0.00     0.00    0.00    0.00     0.00     0.00     0.00     0.00    0.00    0.00    0.00   0.00   0.00
rbd0              0.00     0.00    0.00    0.00     0.00     0.00     0.00     0.00    0.00    0.00    0.00   0.00   0.00
rbd0              0.00     0.00    0.00    0.00     0.00     0.00     0.00     0.00    0.00    0.00    0.00   0.00   0.00
rbd0              0.00     0.00    0.00    0.00     0.00     0.00     0.00     0.00    0.00    0.00    0.00   0.00   0.00
rbd0              0.00     0.00    0.00    0.00     0.00     0.00     0.00     0.00    0.00    0.00    0.00   0.00   0.00
rbd0              0.00     0.00    0.00    0.00     0.00     0.00     0.00     0.00    0.00    0.00    0.00   0.00   0.00
rbd0              0.00     0.00    0.00    0.00     0.00     0.00     0.00     0.00    0.00    0.00    0.00   0.00   0.00
rbd0              0.00     0.00    0.00    0.00     0.00     0.00     0.00     0.00    0.00    0.00    0.00   0.00   0.00
rbd0              0.00     0.00    0.00    0.00     0.00     0.00     0.00     0.00    0.00    0.00    0.00   0.00   0.00
rbd0              0.00     0.00    0.00    0.00     0.00     0.00     0.00     0.00    0.00    0.00    0.00   0.00   0.00
rbd0              0.00     0.00    0.00    0.00     0.00     0.00     0.00     0.00    0.00    0.00    0.00   0.00   0.00
rbd0              0.00     0.00    0.00    0.00     0.00     0.00     0.00     0.00    0.00    0.00    0.00   0.00   0.00
rbd0              0.00     0.00    0.00    7.00     0.00    48.00    13.71     0.01    1.71    0.00    1.71   1.29   0.90
rbd0              0.00     0.00    0.00    2.00     0.00     8.00     8.00     0.00    1.00    0.00    1.00   0.50   0.10
rbd0              0.00     0.00    0.00    0.00     0.00     0.00     0.00     0.00    0.00    0.00    0.00   0.00   0.00
rbd0              0.00     2.00    0.00    7.00     0.00    36.00    10.29     0.02    2.29    0.00    2.29   0.43   0.30
rbd0              0.00     0.00    0.00    0.00     0.00     0.00     0.00     0.00    0.00    0.00    0.00   0.00   0.00
rbd0              0.00     0.00    0.00    0.00     0.00     0.00     0.00     0.00    0.00    0.00    0.00   0.00   0.00
rbd0              0.00     0.00    0.00    0.00     0.00     0.00     0.00     0.00    0.00    0.00    0.00   0.00   0.00
rbd0              0.00     0.00    0.00    0.00     0.00     0.00     0.00     0.00    0.00    0.00    0.00   0.00   0.00
rbd0              0.00     0.00    0.00    0.00     0.00     0.00     0.00     0.00    0.00    0.00    0.00   0.00   0.00
rbd0              0.00     0.00    0.00    0.00     0.00     0.00     0.00     0.00    0.00    0.00    0.00   0.00   0.00
rbd0              0.00     0.00    0.00    0.00     0.00     0.00     0.00     0.00    0.00    0.00    0.00   0.00   0.00
rbd0              0.00     0.00    0.00    0.00     0.00     0.00     0.00     0.00    0.00    0.00    0.00   0.00   0.00
rbd0              0.00     0.00    0.00    0.00     0.00     0.00     0.00     0.00    0.00    0.00    0.00   0.00   0.00
rbd0              0.00     0.00    0.00    0.00     0.00     0.00     0.00     0.00    0.00    0.00    0.00   0.00   0.00
rbd0              0.00     0.00    0.00    0.00     0.00     0.00     0.00     0.00    0.00    0.00    0.00   0.00   0.00
rbd0              0.00     0.00    0.00    0.00     0.00     0.00     0.00     0.00    0.00    0.00    0.00   0.00   0.00
rbd0              0.00     0.00    0.00    0.00     0.00     0.00     0.00     0.00    0.00    0.00    0.00   0.00   0.00
rbd0              0.00     0.00    0.00    0.00     0.00     0.00     0.00     0.00    0.00    0.00    0.00   0.00   0.00
rbd0              0.00     0.00    0.00    0.00     0.00     0.00     0.00     0.00    0.00    0.00    0.00   0.00   0.00
rbd0              0.00     0.00    0.00    0.00     0.00     0.00     0.00     0.00    0.00    0.00    0.00   0.00   0.00
rbd0              0.00     0.00    0.00    0.00     0.00     0.00     0.00     0.00    0.00    0.00    0.00   0.00   0.00
rbd0              0.00     0.00    0.00    0.00     0.00     0.00     0.00     0.00    0.00    0.00    0.00   0.00   0.00
rbd0              0.00     0.00    0.00    0.00     0.00     0.00     0.00     0.00    0.00    0.00    0.00   0.00   0.00
rbd0              0.00     0.00    0.00    0.00     0.00     0.00     0.00     0.00    0.00    0.00    0.00   0.00   0.00
rbd0              0.00     0.00    0.00    0.00     0.00     0.00     0.00     0.00    0.00    0.00    0.00   0.00   0.00
rbd0              0.00     0.00    0.00    0.00     0.00     0.00     0.00     0.00    0.00    0.00    0.00   0.00   0.00
rbd0              0.00     0.00    0.00    0.00     0.00     0.00     0.00     0.00    0.00    0.00    0.00   0.00   0.00
rbd0              0.00     0.00    0.00    0.00     0.00     0.00     0.00     0.00    0.00    0.00    0.00   0.00   0.00
rbd0              0.00     0.00    0.00    0.00     0.00     0.00     0.00     0.00    0.00    0.00    0.00   0.00   0.00
rbd0              0.00     0.00    0.00    0.00     0.00     0.00     0.00     0.00    0.00    0.00    0.00   0.00   0.00
rbd0              0.00     0.00    0.00    0.00     0.00     0.00     0.00     0.00    0.00    0.00    0.00   0.00   0.00
rbd0              0.00     0.00    0.00    0.00     0.00     0.00     0.00     0.00    0.00    0.00    0.00   0.00   0.00
rbd0              0.00     0.00    0.00    0.00     0.00     0.00     0.00     0.00    0.00    0.00    0.00   0.00   0.00
rbd0              0.00     0.00    0.00    0.00     0.00     0.00     0.00     0.00    0.00    0.00    0.00   0.00   0.00
rbd0              0.00     0.00    0.00    0.00     0.00     0.00     0.00     0.00    0.00    0.00    0.00   0.00   0.00
rbd0              0.00     0.00    0.00    0.00     0.00     0.00     0.00     0.00    0.00    0.00    0.00   0.00   0.00
rbd0              0.00     0.00    0.00    0.00     0.00     0.00     0.00     0.00    0.00    0.00    0.00   0.00   0.00
rbd0              0.00     0.00    0.00    0.00     0.00     0.00     0.00     0.00    0.00    0.00    0.00   0.00   0.00
rbd0              0.00     0.00    0.00    0.00     0.00     0.00     0.00     0.00    0.00    0.00    0.00   0.00   0.00
rbd0              0.00     0.00    0.00    0.00     0.00     0.00     0.00     0.00    0.00    0.00    0.00   0.00   0.00
rbd0              0.00     0.00    0.00    0.00     0.00     0.00     0.00     0.00    0.00    0.00    0.00   0.00   0.00
rbd0              0.00     0.00    0.00    0.00     0.00     0.00     0.00     0.00    0.00    0.00    0.00   0.00   0.00
rbd0              0.00     0.00    0.00    0.00     0.00     0.00     0.00     0.00    0.00    0.00    0.00   0.00   0.00
rbd0              0.00     0.00    0.00    0.00     0.00     0.00     0.00     0.00    0.00    0.00    0.00   0.00   0.00
rbd0              0.00     2.00    0.00    5.00     0.00    28.00    11.20     0.01    2.00    0.00    2.00   0.40   0.20
rbd0              0.00     0.00    0.00    0.00     0.00     0.00     0.00     0.00    0.00    0.00    0.00   0.00   0.00
rbd0              0.00     0.00    0.00    0.00     0.00     0.00     0.00     0.00    0.00    0.00    0.00   0.00   0.00
rbd0              0.00     0.00    0.00    0.00     0.00     0.00     0.00     0.00    0.00    0.00    0.00   0.00   0.00
rbd0              0.00     0.00    0.00    0.00     0.00     0.00     0.00     0.00    0.00    0.00    0.00   0.00   0.00
rbd0              0.00     0.00    0.00    0.00     0.00     0.00     0.00     0.00    0.00    0.00    0.00   0.00   0.00
rbd0              0.00     0.00    0.00    0.00     0.00     0.00     0.00     0.00    0.00    0.00    0.00   0.00   0.00
rbd0              0.00     0.00    0.00    0.00     0.00     0.00     0.00     0.00    0.00    0.00    0.00   0.00   0.00
rbd0              0.00     0.00    0.00    0.00     0.00     0.00     0.00     0.00    0.00    0.00    0.00   0.00   0.00
rbd0              0.00     0.00    0.00    0.00     0.00     0.00     0.00     0.00    0.00    0.00    0.00   0.00   0.00
rbd0              0.00     0.00    0.00    0.00     0.00     0.00     0.00     0.00    0.00    0.00    0.00   0.00   0.00
rbd0              0.00     0.00    0.00    0.00     0.00     0.00     0.00     0.00    0.00    0.00    0.00   0.00   0.00
rbd0              0.00     0.00    0.00    0.00     0.00     0.00     0.00     0.00    0.00    0.00    0.00   0.00   0.00
rbd0              0.00     0.00    0.00    0.00     0.00     0.00     0.00     0.00    0.00    0.00    0.00   0.00   0.00
rbd0              0.00     0.00    0.00    0.00     0.00     0.00     0.00     0.00    0.00    0.00    0.00   0.00   0.00
rbd0              0.00     0.00    0.00    0.00     0.00     0.00     0.00     0.00    0.00    0.00    0.00   0.00   0.00
rbd0              0.00     0.00    0.00    1.00     0.00     4.00     8.00     0.00    2.00    0.00    2.00   3.00   0.30
rbd0              0.00     0.00    0.00   10.00     0.00    68.00    13.60     0.02    1.80    0.00    1.80   1.50   1.50
rbd0              0.00     0.00    0.00    0.00     0.00     0.00     0.00     0.00    0.00    0.00    0.00   0.00   0.00
rbd0              0.00     0.00    0.00    0.00     0.00     0.00     0.00     0.00    0.00    0.00    0.00   0.00   0.00
rbd0              0.00     0.00    0.00    0.00     0.00     0.00     0.00     0.00    0.00    0.00    0.00   0.00   0.00
rbd0              0.00     0.00    0.00    0.00     0.00     0.00     0.00     0.00    0.00    0.00    0.00   0.00   0.00
rbd0              0.00     0.00    0.00    0.00     0.00     0.00     0.00     0.00    0.00    0.00    0.00   0.00   0.00
rbd0              0.00     0.00    0.00    0.00     0.00     0.00     0.00     0.00    0.00    0.00    0.00   0.00   0.00
rbd0              0.00     0.00    0.00    0.00     0.00     0.00     0.00     0.00    0.00    0.00    0.00   0.00   0.00
rbd0              0.00     0.00    0.00    0.00     0.00     0.00     0.00     0.00    0.00    0.00    0.00   0.00   0.00
rbd0              0.00     0.00    0.00    0.00     0.00     0.00     0.00     0.00    0.00    0.00    0.00   0.00   0.00
rbd0              0.00     0.00    0.00    0.00     0.00     0.00     0.00     0.00    0.00    0.00    0.00   0.00   0.00
rbd0              0.00     0.00    0.00    0.00     0.00     0.00     0.00     0.00    0.00    0.00    0.00   0.00   0.00
rbd0              0.00     0.00    0.00    0.00     0.00     0.00     0.00     0.00    0.00    0.00    0.00   0.00   0.00
rbd0              0.00     0.00    0.00    0.00     0.00     0.00     0.00     0.00    0.00    0.00    0.00   0.00   0.00
rbd0              0.00     0.00    0.00    0.00     0.00     0.00     0.00     0.00    0.00    0.00    0.00   0.00   0.00
rbd0              0.00     0.00    0.00    0.00     0.00     0.00     0.00     0.00    0.00    0.00    0.00   0.00   0.00
rbd0              0.00     0.00    0.00    0.00     0.00     0.00     0.00     0.00    0.00    0.00    0.00   0.00   0.00
rbd0              0.00     0.00    0.00    0.00     0.00     0.00     0.00     0.00    0.00    0.00    0.00   0.00   0.00
rbd0              0.00     0.00    0.00    0.00     0.00     0.00     0.00     0.00    0.00    0.00    0.00   0.00   0.00
rbd0              0.00     0.00    0.00    0.00     0.00     0.00     0.00     0.00    0.00    0.00    0.00   0.00   0.00
rbd0              0.00     0.00    0.00    0.00     0.00     0.00     0.00     0.00    0.00    0.00    0.00   0.00   0.00
rbd0              0.00     0.00    0.00    0.00     0.00     0.00     0.00     0.00    0.00    0.00    0.00   0.00   0.00
rbd0              0.00     0.00    0.00    0.00     0.00     0.00     0.00     0.00    0.00    0.00    0.00   0.00   0.00
rbd0              0.00     0.00    0.00    0.00     0.00     0.00     0.00     0.00    0.00    0.00    0.00   0.00   0.00
rbd0              0.00     2.00    0.00   10.00     0.00    48.00     9.60     0.03    2.80    0.00    2.80   0.40   0.40
rbd0              0.00     0.00    0.00    0.00     0.00     0.00     0.00     0.00    0.00    0.00    0.00   0.00   0.00
rbd0              0.00     0.00    0.00    0.00     0.00     0.00     0.00     0.00    0.00    0.00    0.00   0.00   0.00
rbd0              0.00     0.00    0.00    0.00     0.00     0.00     0.00     0.00    0.00    0.00    0.00   0.00   0.00
rbd0              0.00     0.00    0.00    0.00     0.00     0.00     0.00     0.00    0.00    0.00    0.00   0.00   0.00
rbd0              0.00     0.00    0.00    0.00     0.00     0.00     0.00     0.00    0.00    0.00    0.00   0.00   0.00
rbd0              0.00     0.00    0.00    0.00     0.00     0.00     0.00     0.00    0.00    0.00    0.00   0.00   0.00
rbd0              0.00     0.00    0.00    0.00     0.00     0.00     0.00     0.00    0.00    0.00    0.00   0.00   0.00
rbd0              0.00     0.00    0.00    0.00     0.00     0.00     0.00     0.00    0.00    0.00    0.00   0.00   0.00
rbd0              0.00     0.00    0.00    0.00     0.00     0.00     0.00     0.00    0.00    0.00    0.00   0.00   0.00
rbd0              0.00     0.00    0.00    0.00     0.00     0.00     0.00     0.00    0.00    0.00    0.00   0.00   0.00
rbd0              0.00     0.00    0.00    0.00     0.00     0.00     0.00     0.00    0.00    0.00    0.00   0.00   0.00
rbd0              0.00     0.00    0.00    0.00     0.00     0.00     0.00     0.00    0.00    0.00    0.00   0.00   0.00
rbd0              0.00     0.00    0.00    0.00     0.00     0.00     0.00     0.00    0.00    0.00    0.00   0.00   0.00
rbd0              0.00     0.00    0.00    0.00     0.00     0.00     0.00     0.00    0.00    0.00    0.00   0.00   0.00
rbd0              0.00     0.00    0.00    0.00     0.00     0.00     0.00     0.00    0.00    0.00    0.00   0.00   0.00
rbd0              0.00     0.00    0.00    0.00     0.00     0.00     0.00     0.00    0.00    0.00    0.00   0.00   0.00
rbd0              0.00     0.00    0.00    0.00     0.00     0.00     0.00     0.00    0.00    0.00    0.00   0.00   0.00
rbd0              0.00     0.00    0.00    0.00     0.00     0.00     0.00     0.00    0.00    0.00    0.00   0.00   0.00
rbd0              0.00     0.00    0.00    0.00     0.00     0.00     0.00     0.00    0.00    0.00    0.00   0.00   0.00
rbd0              0.00     0.00    0.00    0.00     0.00     0.00     0.00     0.00    0.00    0.00    0.00   0.00   0.00
rbd0              0.00     0.00    0.00    0.00     0.00     0.00     0.00     0.00    0.00    0.00    0.00   0.00   0.00
rbd0              0.00     0.00    0.00    0.00     0.00     0.00     0.00     0.00    0.00    0.00    0.00   0.00   0.00
rbd0              0.00     0.00    0.00    0.00     0.00     0.00     0.00     0.00    0.00    0.00    0.00   0.00   0.00
rbd0              0.00     0.00    0.00    0.00     0.00     0.00     0.00     0.00    0.00    0.00    0.00   0.00   0.00
rbd0              0.00     0.00    0.00    0.00     0.00     0.00     0.00     0.00    0.00    0.00    0.00   0.00   0.00
rbd0              0.00     0.00    0.00    0.00     0.00     0.00     0.00     0.00    0.00    0.00    0.00   0.00   0.00
rbd0              0.00     0.00    0.00    0.00     0.00     0.00     0.00     0.00    0.00    0.00    0.00   0.00   0.00
rbd0              0.00     0.00    0.00    0.00     0.00     0.00     0.00     0.00    0.00    0.00    0.00   0.00   0.00
rbd0              0.00     0.00    0.00    0.00     0.00     0.00     0.00     0.00    0.00    0.00    0.00   0.00   0.00
rbd0              0.00     0.00    0.00    0.00     0.00     0.00     0.00     0.00    0.00    0.00    0.00   0.00   0.00
rbd0              0.00     0.00    0.00    0.00     0.00     0.00     0.00     0.00    0.00    0.00    0.00   0.00   0.00
rbd0              0.00     0.00    0.00    0.00     0.00     0.00     0.00     0.00    0.00    0.00    0.00   0.00   0.00
rbd0              0.00     0.00    0.00    0.00     0.00     0.00     0.00     0.00    0.00    0.00    0.00   0.00   0.00
rbd0              0.00     0.00    0.00    0.00     0.00     0.00     0.00     0.00    0.00    0.00    0.00   0.00   0.00
rbd0              0.00     0.00    0.00    0.00     0.00     0.00     0.00     0.00    0.00    0.00    0.00   0.00   0.00
rbd0              0.00     2.00    0.00   16.00     0.00    92.00    11.50     0.03    2.12    0.00    2.12   1.00   1.60
rbd0              0.00     0.00    0.00    0.00     0.00     0.00     0.00     0.00    0.00    0.00    0.00   0.00   0.00
rbd0              0.00     0.00    0.00    0.00     0.00     0.00     0.00     0.00    0.00    0.00    0.00   0.00   0.00
rbd0              0.00     0.00    0.00    0.00     0.00     0.00     0.00     0.00    0.00    0.00    0.00   0.00   0.00
rbd0              0.00     0.00    0.00    0.00     0.00     0.00     0.00     0.00    0.00    0.00    0.00   0.00   0.00
rbd0              0.00     0.00    0.00    0.00     0.00     0.00     0.00     0.00    0.00    0.00    0.00   0.00   0.00
rbd0              0.00     0.00    0.00    0.00     0.00     0.00     0.00     0.00    0.00    0.00    0.00   0.00   0.00
rbd0              0.00     0.00    0.00    0.00     0.00     0.00     0.00     0.00    0.00    0.00    0.00   0.00   0.00
rbd0              0.00     0.00    0.00    0.00     0.00     0.00     0.00     0.00    0.00    0.00    0.00   0.00   0.00
rbd0              0.00     0.00    0.00    0.00     0.00     0.00     0.00     0.00    0.00    0.00    0.00   0.00   0.00
rbd0              0.00     0.00    0.00    0.00     0.00     0.00     0.00     0.00    0.00    0.00    0.00   0.00   0.00
rbd0              0.00     0.00    0.00    0.00     0.00     0.00     0.00     0.00    0.00    0.00    0.00   0.00   0.00
rbd0              0.00     0.00    0.00    0.00     0.00     0.00     0.00     0.00    0.00    0.00    0.00   0.00   0.00
rbd0              0.00     0.00    0.00    0.00     0.00     0.00     0.00     0.00    0.00    0.00    0.00   0.00   0.00
rbd0              0.00     0.00    0.00    0.00     0.00     0.00     0.00     0.00    0.00    0.00    0.00   0.00   0.00
rbd0              0.00     0.00    0.00    0.00     0.00     0.00     0.00     0.00    0.00    0.00    0.00   0.00   0.00
rbd0              0.00     0.00    0.00    0.00     0.00     0.00     0.00     0.00    0.00    0.00    0.00   0.00   0.00
rbd0              0.00     0.00    0.00    0.00     0.00     0.00     0.00     0.00    0.00    0.00    0.00   0.00   0.00
rbd0              0.00     0.00    0.00    0.00     0.00     0.00     0.00     0.00    0.00    0.00    0.00   0.00   0.00
rbd0              0.00     0.00    0.00    0.00     0.00     0.00     0.00     0.00    0.00    0.00    0.00   0.00   0.00
rbd0              0.00     0.00    0.00    0.00     0.00     0.00     0.00     0.00    0.00    0.00    0.00   0.00   0.00
rbd0              0.00     0.00    0.00    0.00     0.00     0.00     0.00     0.00    0.00    0.00    0.00   0.00   0.00
rbd0              0.00     0.00    0.00    0.00     0.00     0.00     0.00     0.00    0.00    0.00    0.00   0.00   0.00
rbd0              0.00     0.00    0.00    0.00     0.00     0.00     0.00     0.00    0.00    0.00    0.00   0.00   0.00
rbd0              0.00     0.00    0.00    0.00     0.00     0.00     0.00     0.00    0.00    0.00    0.00   0.00   0.00
rbd0              0.00     0.00    0.00    0.00     0.00     0.00     0.00     0.00    0.00    0.00    0.00   0.00   0.00
rbd0              0.00     0.00    0.00    0.00     0.00     0.00     0.00     0.00    0.00    0.00    0.00   0.00   0.00
rbd0              0.00     0.00    0.00    0.00     0.00     0.00     0.00     0.00    0.00    0.00    0.00   0.00   0.00
rbd0              0.00     0.00    0.00    0.00     0.00     0.00     0.00     0.00    0.00    0.00    0.00   0.00   0.00
rbd0              0.00     0.00    0.00    0.00     0.00     0.00     0.00     0.00    0.00    0.00    0.00   0.00   0.00
rbd0              0.00     0.00    0.00    0.00     0.00     0.00     0.00     0.00    0.00    0.00    0.00   0.00   0.00
rbd0              0.00     0.00    0.00    0.00     0.00     0.00     0.00     0.00    0.00    0.00    0.00   0.00   0.00
rbd0              0.00     0.00    0.00    0.00     0.00     0.00     0.00     0.00    0.00    0.00    0.00   0.00   0.00
rbd0              0.00     0.00    0.00    0.00     0.00     0.00     0.00     0.00    0.00    0.00    0.00   0.00   0.00
rbd0              0.00     0.00    0.00    0.00     0.00     0.00     0.00     0.00    0.00    0.00    0.00   0.00   0.00
rbd0              0.00     0.00    0.00    0.00     0.00     0.00     0.00     0.00    0.00    0.00    0.00   0.00   0.00
rbd0              0.00     0.00    0.00    0.00     0.00     0.00     0.00     0.00    0.00    0.00    0.00   0.00   0.00
rbd0              0.00     0.00    0.00    0.00     0.00     0.00     0.00     0.00    0.00    0.00    0.00   0.00   0.00
rbd0              0.00     0.00    0.00    0.00     0.00     0.00     0.00     0.00    0.00    0.00    0.00   0.00   0.00
rbd0              0.00     0.00    0.00    0.00     0.00     0.00     0.00     0.00    0.00    0.00    0.00   0.00   0.00
rbd0              0.00     0.00    0.00    0.00     0.00     0.00     0.00     0.00    0.00    0.00    0.00   0.00   0.00
rbd0              0.00     2.00    0.00    5.00     0.00    28.00    11.20     0.01    2.20    0.00    2.20   0.60   0.30
rbd0              0.00     0.00    0.00    0.00     0.00     0.00     0.00     0.00    0.00    0.00    0.00   0.00   0.00
rbd0              0.00     0.00    0.00    0.00     0.00     0.00     0.00     0.00    0.00    0.00    0.00   0.00   0.00
rbd0              0.00     0.00    0.00    0.00     0.00     0.00     0.00     0.00    0.00    0.00    0.00   0.00   0.00
rbd0              0.00     0.00    0.00    0.00     0.00     0.00     0.00     0.00    0.00    0.00    0.00   0.00   0.00
rbd0              0.00     0.00    0.00    0.00     0.00     0.00     0.00     0.00    0.00    0.00    0.00   0.00   0.00
rbd0              0.00     0.00    0.00    0.00     0.00     0.00     0.00     0.00    0.00    0.00    0.00   0.00   0.00
rbd0              0.00     0.00    0.00    0.00     0.00     0.00     0.00     0.00    0.00    0.00    0.00   0.00   0.00
rbd0              0.00     0.00    0.00    0.00     0.00     0.00     0.00     0.00    0.00    0.00    0.00   0.00   0.00
rbd0              0.00     0.00    0.00    0.00     0.00     0.00     0.00     0.00    0.00    0.00    0.00   0.00   0.00
rbd0              0.00     0.00    0.00    0.00     0.00     0.00     0.00     0.00    0.00    0.00    0.00   0.00   0.00
rbd0              0.00     0.00    0.00    0.00     0.00     0.00     0.00     0.00    0.00    0.00    0.00   0.00   0.00
rbd0              0.00     0.00    0.00    0.00     0.00     0.00     0.00     0.00    0.00    0.00    0.00   0.00   0.00
rbd0              0.00     0.00    0.00    0.00     0.00     0.00     0.00     0.00    0.00    0.00    0.00   0.00   0.00
rbd0              0.00     0.00    0.00    0.00     0.00     0.00     0.00     0.00    0.00    0.00    0.00   0.00   0.00
rbd0              0.00     0.00    0.00    0.00     0.00     0.00     0.00     0.00    0.00    0.00    0.00   0.00   0.00
rbd0              0.00     0.00    0.00    0.00     0.00     0.00     0.00     0.00    0.00    0.00    0.00   0.00   0.00
rbd0              0.00     0.00    0.00    0.00     0.00     0.00     0.00     0.00    0.00    0.00    0.00   0.00   0.00
rbd0              0.00     0.00    0.00    0.00     0.00     0.00     0.00     0.00    0.00    0.00    0.00   0.00   0.00
rbd0              0.00     0.00    0.00   11.00     0.00    68.00    12.36     0.02    1.64    0.00    1.64   1.45   1.60
rbd0              0.00     0.00    0.00    0.00     0.00     0.00     0.00     0.00    0.00    0.00    0.00   0.00   0.00
rbd0              0.00     0.00    0.00    0.00     0.00     0.00     0.00     0.00    0.00    0.00    0.00   0.00   0.00
rbd0              0.00     0.00    0.00    0.00     0.00     0.00     0.00     0.00    0.00    0.00    0.00   0.00   0.00
rbd0              0.00     0.00    0.00    0.00     0.00     0.00     0.00     0.00    0.00    0.00    0.00   0.00   0.00
rbd0              0.00     0.00    0.00    0.00     0.00     0.00     0.00     0.00    0.00    0.00    0.00   0.00   0.00
rbd0              0.00     0.00    0.00    0.00     0.00     0.00     0.00     0.00    0.00    0.00    0.00   0.00   0.00
rbd0              0.00     0.00    0.00    0.00     0.00     0.00     0.00     0.00    0.00    0.00    0.00   0.00   0.00
rbd0              0.00     0.00    0.00    0.00     0.00     0.00     0.00     0.00    0.00    0.00    0.00   0.00   0.00
rbd0              0.00     0.00    0.00    0.00     0.00     0.00     0.00     0.00    0.00    0.00    0.00   0.00   0.00
rbd0              0.00     0.00    0.00    0.00     0.00     0.00     0.00     0.00    0.00    0.00    0.00   0.00   0.00
rbd0              0.00     0.00    0.00    0.00     0.00     0.00     0.00     0.00    0.00    0.00    0.00   0.00   0.00
rbd0              0.00     0.00    0.00    0.00     0.00     0.00     0.00     0.00    0.00    0.00    0.00   0.00   0.00
rbd0              0.00     0.00    0.00    0.00     0.00     0.00     0.00     0.00    0.00    0.00    0.00   0.00   0.00
rbd0              0.00     0.00    0.00    0.00     0.00     0.00     0.00     0.00    0.00    0.00    0.00   0.00   0.00
rbd0              0.00     0.00    0.00    0.00     0.00     0.00     0.00     0.00    0.00    0.00    0.00   0.00   0.00
rbd0              0.00     0.00    0.00    0.00     0.00     0.00     0.00     0.00    0.00    0.00    0.00   0.00   0.00
rbd0              0.00     0.00    0.00    0.00     0.00     0.00     0.00     0.00    0.00    0.00    0.00   0.00   0.00
rbd0              0.00     0.00    0.00    0.00     0.00     0.00     0.00     0.00    0.00    0.00    0.00   0.00   0.00
rbd0              0.00     0.00    0.00    0.00     0.00     0.00     0.00     0.00    0.00    0.00    0.00   0.00   0.00
rbd0              0.00     0.00    0.00    0.00     0.00     0.00     0.00     0.00    0.00    0.00    0.00   0.00   0.00
rbd0              0.00     0.00    0.00    0.00     0.00     0.00     0.00     0.00    0.00    0.00    0.00   0.00   0.00
rbd0              0.00     1.00    0.00   10.00     0.00    48.00     9.60     0.03    2.90    0.00    2.90   0.40   0.40
rbd0              0.00     0.00    0.00    0.00     0.00     0.00     0.00     0.00    0.00    0.00    0.00   0.00   0.00
rbd0              0.00     0.00    0.00    0.00     0.00     0.00     0.00     0.00    0.00    0.00    0.00   0.00   0.00
rbd0              0.00     0.00    0.00    0.00     0.00     0.00     0.00     0.00    0.00    0.00    0.00   0.00   0.00
rbd0              0.00     0.00    0.00    0.00     0.00     0.00     0.00     0.00    0.00    0.00    0.00   0.00   0.00
rbd0              0.00     0.00    0.00    0.00     0.00     0.00     0.00     0.00    0.00    0.00    0.00   0.00   0.00
rbd0              0.00     0.00    0.00    0.00     0.00     0.00     0.00     0.00    0.00    0.00    0.00   0.00   0.00
rbd0              0.00     0.00    0.00    0.00     0.00     0.00     0.00     0.00    0.00    0.00    0.00   0.00   0.00
rbd0              0.00     0.00    0.00    0.00     0.00     0.00     0.00     0.00    0.00    0.00    0.00   0.00   0.00
rbd0              0.00     0.00    0.00    0.00     0.00     0.00     0.00     0.00    0.00    0.00    0.00   0.00   0.00
rbd0              0.00     0.00    0.00    0.00     0.00     0.00     0.00     0.00    0.00    0.00    0.00   0.00   0.00
rbd0              0.00     0.00    0.00    0.00     0.00     0.00     0.00     0.00    0.00    0.00    0.00   0.00   0.00
rbd0              0.00     0.00    0.00    0.00     0.00     0.00     0.00     0.00    0.00    0.00    0.00   0.00   0.00
rbd0              0.00     0.00    0.00    0.00     0.00     0.00     0.00     0.00    0.00    0.00    0.00   0.00   0.00
rbd0              0.00     0.00    0.00    0.00     0.00     0.00     0.00     0.00    0.00    0.00    0.00   0.00   0.00
rbd0              0.00     0.00    0.00    0.00     0.00     0.00     0.00     0.00    0.00    0.00    0.00   0.00   0.00
rbd0              0.00     0.00    0.00    0.00     0.00     0.00     0.00     0.00    0.00    0.00    0.00   0.00   0.00
rbd0              0.00     0.00    0.00    0.00     0.00     0.00     0.00     0.00    0.00    0.00    0.00   0.00   0.00
rbd0              0.00     0.00    0.00    0.00     0.00     0.00     0.00     0.00    0.00    0.00    0.00   0.00   0.00
rbd0              0.00     0.00    0.00    0.00     0.00     0.00     0.00     0.00    0.00    0.00    0.00   0.00   0.00
rbd0              0.00     0.00    0.00    0.00     0.00     0.00     0.00     0.00    0.00    0.00    0.00   0.00   0.00
rbd0              0.00     0.00    0.00    0.00     0.00     0.00     0.00     0.00    0.00    0.00    0.00   0.00   0.00
rbd0              0.00     0.00    0.00    0.00     0.00     0.00     0.00     0.00    0.00    0.00    0.00   0.00   0.00
rbd0              0.00     0.00    0.00    0.00     0.00     0.00     0.00     0.00    0.00    0.00    0.00   0.00   0.00
rbd0              0.00     0.00    0.00    0.00     0.00     0.00     0.00     0.00    0.00    0.00    0.00   0.00   0.00
rbd0              0.00     0.00    0.00    0.00     0.00     0.00     0.00     0.00    0.00    0.00    0.00   0.00   0.00
rbd0              0.00     0.00    0.00    0.00     0.00     0.00     0.00     0.00    0.00    0.00    0.00   0.00   0.00
rbd0              0.00     0.00    0.00    0.00     0.00     0.00     0.00     0.00    0.00    0.00    0.00   0.00   0.00
rbd0              0.00     0.00    0.00    0.00     0.00     0.00     0.00     0.00    0.00    0.00    0.00   0.00   0.00
rbd0              0.00     0.00    0.00    0.00     0.00     0.00     0.00     0.00    0.00    0.00    0.00   0.00   0.00
rbd0              0.00     0.00    0.00    0.00     0.00     0.00     0.00     0.00    0.00    0.00    0.00   0.00   0.00
rbd0              0.00     0.00    0.00    0.00     0.00     0.00     0.00     0.00    0.00    0.00    0.00   0.00   0.00
rbd0              0.00     0.00    0.00    0.00     0.00     0.00     0.00     0.00    0.00    0.00    0.00   0.00   0.00
rbd0              0.00     0.00    0.00    0.00     0.00     0.00     0.00     0.00    0.00    0.00    0.00   0.00   0.00
rbd0              0.00     0.00    0.00    0.00     0.00     0.00     0.00     0.00    0.00    0.00    0.00   0.00   0.00
rbd0              0.00     0.00    0.00    0.00     0.00     0.00     0.00     0.00    0.00    0.00    0.00   0.00   0.00
rbd0              0.00     0.00    0.00    0.00     0.00     0.00     0.00     0.00    0.00    0.00    0.00   0.00   0.00
rbd0              0.00     0.00    0.00    0.00     0.00     0.00     0.00     0.00    0.00    0.00    0.00   0.00   0.00
rbd0              0.00     0.00    0.00    9.00     0.00    60.00    13.33     0.02    1.78    0.00    1.78   1.22   1.10
rbd0              0.00     0.00    0.00    0.00     0.00     0.00     0.00     0.00    0.00    0.00    0.00   0.00   0.00
rbd0              0.00     0.00    0.00    0.00     0.00     0.00     0.00     0.00    0.00    0.00    0.00   0.00   0.00
rbd0              0.00     3.00    0.00   10.00     0.00    52.00    10.40     0.03    2.90    0.00    2.90   0.40   0.40
rbd0              0.00     0.00    0.00    0.00     0.00     0.00     0.00     0.00    0.00    0.00    0.00   0.00   0.00
rbd0              0.00     0.00    0.00    0.00     0.00     0.00     0.00     0.00    0.00    0.00    0.00   0.00   0.00
rbd0              0.00     0.00    0.00    0.00     0.00     0.00     0.00     0.00    0.00    0.00    0.00   0.00   0.00
rbd0              0.00     0.00    0.00    0.00     0.00     0.00     0.00     0.00    0.00    0.00    0.00   0.00   0.00
rbd0              0.00     0.00    0.00    0.00     0.00     0.00     0.00     0.00    0.00    0.00    0.00   0.00   0.00
rbd0              0.00     0.00    0.00    0.00     0.00     0.00     0.00     0.00    0.00    0.00    0.00   0.00   0.