/tmp/tmp.NNqRKEiWiP/cmake-build-debug-remote-host/sim/dmc_sim -c /tmp/tmp.NNqRKEiWiP/sim/631_test/dmc_sim_best.conf
[global]
server_groups = 1
client_groups = 1
server_random_selection = 1
server_soft_limit = 0
anticipation_timeout = 0.000

[client.0]
client_count = 1
client_wait = 0
client_total_ops = 600000
client_server_select_range = 10
client_iops_goal = 7000
client_outstanding_ops = 500
client_reservation = 0.0
client_limit = 3000.0
client_weight = 1.0

[server.0]
server_count = 1
server_iops = 8000
server_threads = 1

simulation started
simulation completed in 199985 millisecs
==== Client Data ====
     client:       0  total
        t_0: 3000.00 3000.00
        t_1: 3000.00 3000.00
        t_2: 3000.00 3000.00
        t_3: 3000.50 3000.50
        t_4: 3000.00 3000.00
        t_5: 3000.50 3000.50
        t_6: 3000.00 3000.00
        t_7: 3000.50 3000.50
        t_8: 3000.00 3000.00
        t_9: 3000.50 3000.50
       t_10: 3000.00 3000.00
       t_11: 3000.00 3000.00
       t_12: 3000.50 3000.50
       t_13: 3000.00 3000.00
       t_14: 3000.50 3000.50
       t_15: 3000.00 3000.00
       t_16: 3000.50 3000.50
       t_17: 3000.00 3000.00
       t_18: 3000.00 3000.00
       t_19: 3000.50 3000.50
       t_20: 3000.00 3000.00
       t_21: 3000.50 3000.50
       t_22: 3000.00 3000.00
       t_23: 3000.50 3000.50
       t_24: 3000.00 3000.00
       t_25: 3000.00 3000.00
       t_26: 3000.50 3000.50
       t_27: 3000.00 3000.00
       t_28: 3000.50 3000.50
       t_29: 3000.00 3000.00
       t_30: 3000.50 3000.50
       t_31: 3000.00 3000.00
       t_32: 3000.50 3000.50
       t_33: 3000.00 3000.00
       t_34: 3000.00 3000.00
       t_35: 3000.50 3000.50
       t_36: 3000.00 3000.00
       t_37: 3000.50 3000.50
       t_38: 3000.00 3000.00
       t_39: 3000.50 3000.50
       t_40: 3000.00 3000.00
       t_41: 3000.00 3000.00
       t_42: 3000.50 3000.50
       t_43: 3000.00 3000.00
       t_44: 3000.50 3000.50
       t_45: 3000.00 3000.00
       t_46: 3000.50 3000.50
       t_47: 3000.00 3000.00
       t_48: 3000.00 3000.00
       t_49: 3000.50 3000.50
       t_50: 3000.00 3000.00
       t_51: 3000.50 3000.50
       t_52: 3000.00 3000.00
       t_53: 3000.50 3000.50
       t_54: 3000.00 3000.00
       t_55: 3000.50 3000.50
       t_56: 3000.00 3000.00
       t_57: 3000.00 3000.00
       t_58: 3000.50 3000.50
       t_59: 3000.00 3000.00
       t_60: 3000.50 3000.50
       t_61: 3000.00 3000.00
       t_62: 3000.50 3000.50
       t_63: 3000.00 3000.00
       t_64: 3000.00 3000.00
       t_65: 3000.50 3000.50
       t_66: 3000.00 3000.00
       t_67: 3000.50 3000.50
       t_68: 3000.00 3000.00
       t_69: 3000.50 3000.50
       t_70: 3000.00 3000.00
       t_71: 3000.00 3000.00
       t_72: 3000.50 3000.50
       t_73: 3000.00 3000.00
       t_74: 3000.50 3000.50
       t_75: 3000.00 3000.00
       t_76: 3000.50 3000.50
       t_77: 3000.00 3000.00
       t_78: 3000.50 3000.50
       t_79: 3000.00 3000.00
       t_80: 3000.00 3000.00
       t_81: 3000.50 3000.50
       t_82: 3000.00 3000.00
       t_83: 3000.50 3000.50
       t_84: 3000.00 3000.00
       t_85: 3000.50 3000.50
       t_86: 3000.00 3000.00
       t_87: 3000.00 3000.00
       t_88: 3000.50 3000.50
       t_89: 3000.00 3000.00
       t_90: 3000.50 3000.50
       t_91: 3000.00 3000.00
       t_92: 3000.50 3000.50
       t_93: 3000.00 3000.00
       t_94: 3000.00 3000.00
       t_95: 3000.50 3000.50
       t_96: 3000.00 3000.00
       t_97: 3000.50 3000.50
       t_98: 3000.00 3000.00
       t_99: 2979.00 2979.00
      t_100:    0.00    0.00
    res_ops:       0       0
   prop_ops:  600000  600000
total time to track responses: 728177368 nanoseconds;
    count: 600000;
    average: 1213.63 nanoseconds per request/response
total time to get request parameters: 882716540 nanoseconds;
    count: 600000;
    average: 1471.19 nanoseconds per request/response

client timing for QOS algorithm: 2684.82 nanoseconds per request/response
client 0's 95th latency: 1531, 9413, 10641
client 0's 99th latency: 1728, 21000, 22999
client 0's max latency: 27742, 230448, 231611
client 0's average latency: 1213, 1347, 2560


==== Server Data ====
     server:       0   total
    res_ops:       0       0
   prop_ops:  600000  600000

 k-way heap: 2

total time to add requests: 3777485587 nanoseconds;
    count: 600000;
    average: 6295.81 nanoseconds per request/response
total time to note requests complete: 4576062768 nanoseconds;
    count: 600000;
    average: 7626.77 nanoseconds per request/response

server timing for QOS algorithm: 13922.58 nanoseconds per request/response

Process finished with exit code 0
