        t_0: 3000.50 1200.00  793.00 4993.50
        t_1: 3000.00 1200.00  791.50 4991.50
        t_2: 3000.50 1200.00  837.50 5038.00
        t_3: 3000.00 1200.00  819.50 5019.50
        t_4: 3000.00 1200.50  883.50 5084.00
        t_5: 3000.50 1200.00  893.00 5093.50
        t_6: 3000.00 1200.00  880.50 5080.50
        t_7: 3000.50 1200.00  884.00 5084.50
        t_8: 3000.00 1200.00  866.50 5066.50
        t_9: 2998.50 1200.50  877.00 5076.00
       t_10:    0.00 1827.00 2559.50 4386.50
       t_11:    0.00 1776.50 2553.50 4330.00
       t_12:    0.00 1777.00 2493.50 4270.50
       t_13:    0.00 1777.00 2423.50 4200.50
       t_14:    0.00 1777.50 2424.50 4202.00
       t_15:  250.50 1759.50 2263.50 4273.50
       t_16: 3000.00 1376.50  677.00 5053.50
       t_17: 3000.50 1200.00  879.50 5080.00
       t_18: 3000.00 1200.00  882.50 5082.50
       t_19: 3000.50 1200.00  875.50 5076.00
       t_20: 3000.00 1200.00  871.50 5071.50
       t_21: 3000.50 1200.00  873.50 5074.00
       t_22: 3000.00 1200.50  879.50 5080.00
       t_23: 3000.50 1200.00  886.00 5086.50
       t_24: 3000.00 1200.00  857.50 5057.50
       t_25: 2747.50 1298.50  964.50 5010.50
       t_26:    0.00 1781.00 2161.00 3942.00
       t_27:    0.00 1776.50 2159.00 3935.50
       t_28:    0.00 1778.00 2153.50 3931.50
       t_29:    0.00 1778.50 2161.50 3940.00
       t_30:    0.00 1776.50 2168.00 3944.50
       t_31:  502.00 1681.50 1932.50 4116.00
       t_32: 3000.50 1200.00  807.50 5008.00
       t_33: 3000.00 1200.00  799.50 4999.50
       t_34: 3000.00 1200.50  799.50 5000.00
       t_35: 3000.50 1200.00  799.50 5000.00
       t_36: 3000.50 1200.00  822.50 5023.00
       t_37: 3000.00 1200.00  880.00 5080.00
       t_38: 3000.50 1200.00  868.00 5068.50
       t_39: 3000.00 1200.00  870.00 5070.00
       t_40: 3000.00 1200.50  874.50 5075.00
       t_41: 2496.00 1347.50 1154.00 4997.50
       t_42:    0.00 1778.50 2558.00 4336.50
       t_43:    0.00 1778.50 2556.00 4334.50
       t_44:    0.00 1774.00 2554.00 4328.00
       t_45:    0.00 1777.50 2556.50 4334.00
       t_46:    0.00 1775.00 2549.50 4324.50
       t_47:  753.50 1662.00 2104.50 4520.00
       t_48: 3000.50 1200.00  885.00 5085.50
       t_49: 3000.00 1200.00  866.50 5066.50
       t_50: 3000.50 1200.00  861.50 5062.00
       t_51: 3000.00 1200.00  877.50 5077.50
       t_52: 3000.00 1200.50  887.00 5087.50
       t_53: 3000.50 1200.00  874.00 5074.50
       t_54: 3000.00 1200.00  864.50 5064.50
       t_55: 3000.50 1200.00  881.00 5081.50
       t_56: 3000.00 1200.00  873.00 5073.00
       t_57: 2244.50 1397.50 1285.00 4927.00
       t_58:    0.00 1778.00 2555.50 4333.50
       t_59:    0.00 1778.00 2556.50 4334.50
       t_60:    0.00 1778.00 2555.50 4333.50
       t_61:    0.00 1778.00 2556.50 4334.50
       t_62:    0.00 1778.00 2555.50 4333.50
       t_63: 1005.00 1692.50 1867.50 4565.00
       t_64: 3000.50 1492.00  514.00 5006.50
       t_65: 3000.00 1200.50  876.50 5077.00
       t_66: 3000.50 1200.00  887.50 5088.00
       t_67: 3000.00 1200.00  875.00 5075.00
       t_68: 3000.00 1200.00  888.50 5088.50
       t_69: 3000.50 1200.00  885.50 5086.00
       t_70: 3000.50 1200.00  873.00 5073.50
       t_71: 3000.00 1200.00  874.00 5074.00
       t_72: 3000.00 1200.00  892.50 5092.50
       t_73: 1993.00 1445.50 1416.50 4855.00
       t_74:    0.00 1778.00 2556.00 4334.00
       t_75:    0.00 1778.50 2554.00 4332.50
       t_76:    0.00 1779.50 2555.50 4335.00
       t_77:    0.00 1778.50 2555.00 4333.50
       t_78:    0.00 1778.00 2555.50 4333.50
       t_79: 1256.00 1646.00 1695.00 4597.00
       t_80: 3000.00 1487.50  500.00 4987.50
       t_81: 3000.50 1300.50  695.00 4996.00
       t_82: 3000.00 1200.50  888.50 5089.00
       t_83: 3000.50 1200.00  888.00 5088.50
       t_84: 3000.00 1200.00  891.50 5091.50
       t_85: 3000.00 1200.00  881.50 5081.50
       t_86: 3000.50 1200.00  855.50 5056.00
       t_87: 3000.50 1200.00  866.00 5066.50
       t_88: 3000.00 1200.00  889.50 5089.50
       t_89: 1742.00 1493.50 1582.00 4817.50
       t_90:    0.00 1778.50 2557.50 4336.00
       t_91:    0.00 1778.00 2558.50 4336.50
       t_92:    0.00 1772.00 2546.00 4318.00
       t_93:    0.00 1778.00 2555.50 4333.50
       t_94:    0.00 1777.50 2555.00 4332.50
       t_95: 1507.50 1654.50 1522.50 4684.50
       t_96: 3000.00 1522.50  499.50 5022.00
       t_97: 3000.50 1300.50  736.00 5037.00
       t_98: 3000.50 1200.00  784.50 4985.00
       t_99: 3000.50 1200.00  858.50 5059.00
      t_100: 3000.00 1200.00  853.50 5053.50
      t_101: 3000.00 1200.50  865.50 5066.00
      t_102: 3000.50 1200.00  855.50 5056.00
      t_103: 3000.00 1200.00  860.50 5060.50
      t_104: 3000.00 1200.00  876.00 5076.00
      t_105: 1490.50 1542.00 1715.50 4748.00
      t_106:    0.00 1779.00 2556.50 4335.50
      t_107:    0.00 1779.00 2557.00 4336.00
      t_108:    0.00 1778.50 2554.50 4333.00
      t_109:    0.00 1778.00 2555.50 4333.50
      t_110:    0.00 1779.00 2555.00 4334.00
      t_111: 1759.50 1629.00 1350.00 4738.50
      t_112: 3000.00 1545.00  500.00 5045.00
      t_113: 3000.50 1218.50  856.50 5075.50
      t_114: 3000.00 1200.50  874.00 5074.50
      t_115: 3000.00 1200.00  897.00 5097.00
      t_116: 3000.00 1200.00  897.00 5097.00
      t_117: 3000.50 1200.00  885.00 5085.50
      t_118: 3000.00 1200.00  883.50 5083.50
      t_119: 3000.50 1200.00  889.50 5090.00
      t_120: 3000.50 1200.50  882.50 5083.50
      t_121: 1238.50 1589.50 1853.50 4681.50
      t_122:    0.00 1779.00 2555.00 4334.00
      t_123:    0.00 1778.50 2557.00 4335.50
      t_124:    0.00 1778.00 2556.50 4334.50
      t_125:    0.00 1778.50 2556.00 4334.50
      t_126:    0.00 1778.50 2557.50 4336.00
      t_127: 2010.50 1621.00 1178.50 4810.00
      t_128: 3000.00 1556.50  500.00 5056.50
      t_129: 3000.50 1253.00  823.50 5077.00
      t_130: 3000.50 1200.50  862.00 5063.00
      t_131: 3000.00 1200.00  871.50 5071.50
      t_132: 3000.00 1200.00  884.00 5084.00
      t_133: 3000.50 1200.00  886.50 5087.00
      t_134: 3000.00 1200.50  872.00 5072.50
      t_135: 3000.00 1200.00  889.50 5089.50
      t_136: 3000.50 1200.00  889.50 5090.00
      t_137:  987.50 1638.00 1999.50 4625.00
      t_138:    0.00 1779.00 2556.00 4335.00
      t_139:    0.00 1778.00 2556.00 4334.00
      t_140:    0.00 1778.50 2556.50 4335.00
      t_141:    0.00 1778.00 2557.50 4335.50
      t_142:    0.00 1778.50 2556.00 4334.50
      t_143: 2262.00 1585.50 1005.50 4853.00
      t_144: 3000.50 1521.00  500.00 5021.50
      t_145: 3000.00 1238.50  817.50 5056.00
      t_146: 3000.00 1200.50  812.50 5013.00
      t_147: 3000.00 1199.50  858.50 5058.00
      t_148: 3000.00 1200.50  875.50 5076.00
      t_149: 3000.00 1200.00  865.50 5065.50
      t_150: 3001.00 1200.00  859.00 5060.00
      t_151: 3000.00 1200.00  879.00 5079.00
      t_152: 3000.50 1200.50  863.00 5064.00
      t_153:  735.50 1686.00 2131.50 4553.00
      t_154:    0.00 1779.00 2558.00 4337.00
      t_155:    0.00 1779.50 2557.50 4337.00
      t_156:    0.00 1778.50 2557.50 4336.00
      t_157:    0.00 1778.50 2557.00 4335.50
      t_158:    0.00 1778.50 2556.50 4335.00
      t_159:    0.00 1778.50 2557.00 4335.50
      t_160:    0.00 1778.00 2560.50 4338.50
      t_161:    0.00 1778.00 2556.50 4334.50
      t_162:    0.00 1778.50 2557.00 4335.50
      t_163:    0.00 1779.00 2557.50 4336.50
      t_164:    0.00 1778.00 2556.00 4334.00
      t_165:    0.00 1781.00 2554.50 4335.50
      t_166:    0.00 1782.50 2562.50 4345.00
      t_167:    0.00 1780.00 2559.50 4339.50
      t_168:    0.00 1777.50 2555.50 4333.00
      t_169:    0.00 1778.50 2555.50 4334.00
      t_170:    0.00 1779.00 2555.00 4334.00
      t_171:    0.00 1778.50 2544.50 4323.00
      t_172:    0.00 1779.00 2557.00 4336.00
      t_173:    0.00 1778.50 2556.00 4334.50
      t_174:    0.00 1778.00 2554.50 4332.50
      t_175:    0.00 1777.50 2555.50 4333.00
      t_176:    0.00 1778.00 2555.50 4333.50
      t_177:    0.00 1767.50 2556.50 4324.00
      t_178:    0.00 1778.00 2554.50 4332.50
      t_179:    0.00 1777.50 2556.00 4333.50
      t_180:    0.00 1778.00 2554.00 4332.00
      t_181:    0.00 1777.50 2556.50 4334.00
      t_182:    0.00 1778.00 2558.00 4336.00
      t_183:    0.00 1777.00 2562.00 4339.00
      t_184:    0.00 1777.50 2556.00 4333.50
      t_185:    0.00 1778.00 2556.00 4334.00
      t_186:    0.00 1777.50  385.50 2163.00
      t_187:    0.00 1778.50    0.00 1778.50
      t_188:    0.00 1777.50    0.00 1777.50
      t_189:    0.00 1778.50    0.00 1778.50
      t_190:    0.00 1778.50    0.00 1778.50
      t_191:    0.00 1778.00    0.00 1778.00
      t_192:    0.00 1778.00    0.00 1778.00
      t_193:    0.00 1778.50    0.00 1778.50
      t_194:    0.00 1777.00    0.00 1777.00
      t_195:    0.00 1779.00    0.00 1779.00
      t_196:    0.00 1779.00    0.00 1779.00
      t_197:    0.00 1779.00    0.00 1779.00
      t_198:    0.00 1717.50    0.00 1717.50
      t_199:    0.00    0.00    0.00    0.00