        t_0: 2999.00 1500.00  500.00 4999.00
        t_1: 3000.00 1500.00  500.00 5000.00
        t_2: 3004.50 1502.00  500.00 5006.50
        t_3: 3008.50 1504.00  500.00 5012.50
        t_4: 3010.00 1505.50  500.00 5015.50
        t_5: 3007.50 1504.00  500.00 5011.50
        t_6: 3004.00 1501.50  500.00 5005.50
        t_7: 3007.00 1503.50  500.00 5010.50
        t_8: 3006.00 1503.50  500.00 5009.50
        t_9: 2952.50 1539.50  500.00 4992.00
       t_10:    0.00 1789.50  500.00 2289.50
       t_11:    0.00 1777.00  500.00 2277.00
       t_12:    0.00 1778.00  500.00 2278.00
       t_13:    0.00 1777.50  500.00 2277.50
       t_14:    0.00 1778.00  500.00 2278.00
       t_15:  279.00 1777.50  499.50 2556.00
       t_16: 2693.00 1779.50  500.00 4972.50
       t_17: 2690.50 1781.00  500.00 4971.50
       t_18: 2689.50 1781.50  500.00 4971.00
       t_19: 2695.50 1777.50  500.00 4973.00
       t_20: 2693.50 1779.00  500.00 4972.50
       t_21: 2690.50 1780.50  500.00 4971.00
       t_22: 2670.50 1779.00  500.00 4949.50
       t_23: 2697.50 1780.00  500.00 4977.50
       t_24: 2700.00 1776.50  500.00 4976.50
       t_25: 2689.50 1778.00  500.00 4967.50
       t_26: 2676.50 1779.00  500.00 4955.50
       t_27:  134.50 1779.00  500.00 2413.50
       t_28:    0.00 1777.00  500.00 2277.00
       t_29:    0.00 1775.50  500.00 2275.50
       t_30:    0.00 1776.50  500.00 2276.50
       t_31:    0.00 1778.00  500.00 2278.00
       t_32:  115.00 1778.50  500.00 2393.50
       t_33: 2687.50 1779.00  499.50 4966.00
       t_34: 2696.00 1778.50  500.00 4974.50
       t_35: 2712.00 1779.50  500.00 4991.50
       t_36: 2711.00 1778.00  500.00 4989.00
       t_37: 2716.50 1779.50  500.00 4996.00
       t_38: 2684.00 1775.50  500.00 4959.50
       t_39: 2694.50 1778.00  500.00 4972.50
       t_40: 2697.50 1778.50  500.00 4976.00
       t_41: 2695.50 1780.50  500.00 4976.00
       t_42: 2680.50 1781.50  500.00 4962.00
       t_43: 2693.50 1781.00  500.00 4974.50
       t_44:  216.50 1777.50  500.00 2494.00
       t_45:    0.00 1777.50  500.00 2277.50
       t_46:    0.00 1778.00  500.00 2278.00
       t_47:    0.00 1777.50  500.00 2277.50
       t_48:    0.00 1778.50  500.00 2278.50
       t_49:   35.50 1777.50  500.00 2313.00
       t_50: 2721.00 1778.00  500.00 4999.00
       t_51: 2704.50 1780.00  500.00 4984.50
       t_52: 2708.50 1779.50  500.00 4988.00
       t_53: 2700.50 1780.00  500.00 4980.50
       t_54: 2710.00 1778.50  499.50 4988.00
       t_55: 2714.50 1778.50  500.00 4993.00
       t_56: 2713.50 1776.00  500.00 4989.50
       t_57: 2717.00 1777.50  500.00 4994.50
       t_58: 2707.00 1778.00  500.00 4985.00
       t_59: 2675.00 1776.50  500.00 4951.50
       t_60: 2674.50 1777.50  500.00 4952.00
       t_61:  218.50 1777.50  500.00 2496.00
       t_62:    0.00 1778.50  500.00 2278.50
       t_63:    0.00 1777.50  500.00 2277.50
       t_64:    0.00 1778.00  500.00 2278.00
       t_65:    0.00 1778.00  500.00 2278.00
       t_66:   32.00 1777.50  500.00 2309.50
       t_67: 2721.00 1777.50  500.00 4998.50
       t_68: 2709.50 1779.00  500.00 4988.50
       t_69: 2700.00 1778.00  500.00 4978.00
       t_70: 2698.00 1779.50  500.00 4977.50
       t_71: 2693.00 1781.00  500.00 4974.00
       t_72: 2692.00 1782.50  500.00 4974.50
       t_73: 2676.00 1781.00  500.00 4957.00
       t_74: 2684.00 1783.00  500.00 4967.00
       t_75: 2709.00 1768.50  499.50 4977.00
       t_76: 2703.00 1775.00  500.00 4978.00
       t_77: 2704.00 1779.50  500.00 4983.50
       t_78:  278.50 1779.00  500.50 2558.00
       t_79:    0.00 1778.00  500.00 2278.00
       t_80:    0.00 1778.50  499.50 2278.00
       t_81:    0.00 1778.00  500.00 2278.00
       t_82:    0.00 1778.00  500.00 2278.00
       t_83:    0.00 1778.50  500.00 2278.50
       t_84: 2684.00 1779.50  500.00 4963.50
       t_85: 2702.50 1779.00  500.00 4981.50
       t_86: 2700.00 1780.50  500.00 4980.50
       t_87: 2710.50 1778.50  500.00 4989.00
       t_88: 2715.50 1779.50  500.00 4995.00
       t_89: 2702.00 1778.50  500.00 4980.50
       t_90: 2698.00 1780.00  500.00 4978.00
       t_91: 2692.00 1778.00  500.00 4970.00
       t_92: 2721.50 1777.00  500.00 4998.50
       t_93: 2707.50 1778.00  500.00 4985.50
       t_94: 2708.00 1775.50  500.00 4983.50
       t_95:  258.50 1779.50  500.00 2538.00
       t_96:    0.00 1776.00  500.00 2276.00
       t_97:    0.00 1777.00  500.00 2277.00
       t_98:    0.00 1777.50  500.00 2277.50
       t_99:    0.00 1778.00  500.00 2278.00
      t_100:    0.00 1778.00  499.50 2277.50
      t_101: 2680.50 1781.00  500.00 4961.50
      t_102: 2688.00 1781.50  500.00 4969.50
      t_103: 2684.00 1776.50  500.00 4960.50
      t_104: 2680.00 1777.00  500.00 4957.00
      t_105: 2687.50 1779.00  500.00 4966.50
      t_106: 2716.50 1777.00  500.00 4993.50
      t_107: 2673.00 1780.00  500.00 4953.00
      t_108: 2684.50 1778.50  500.00 4963.00
      t_109: 2701.00 1779.50  500.00 4980.50
      t_110: 2705.50 1778.50  500.00 4984.00
      t_111: 2700.00 1780.50  500.00 4980.50
      t_112:  399.50 1780.50  500.00 2680.00
      t_113:    0.00 1779.00  500.00 2279.00
      t_114:    0.00 1779.50  500.00 2279.50
      t_115:    0.00 1778.50  500.00 2278.50
      t_116:    0.00 1776.50  500.00 2276.50
      t_117:    0.00 1778.00  500.00 2278.00
      t_118: 2569.00 1779.50  499.50 4848.00
      t_119: 2710.50 1780.00  500.00 4990.50
      t_120: 2718.50 1777.50  500.00 4996.00
      t_121: 2711.50 1777.50  500.00 4989.00
      t_122: 2708.50 1779.50  500.00 4988.00
      t_123: 2714.00 1780.00  500.00 4994.00
      t_124: 2692.50 1779.50  500.00 4972.00
      t_125: 2706.00 1778.50  500.00 4984.50
      t_126: 2708.50 1778.50  500.00 4987.00
      t_127: 2711.00 1778.00  500.00 4989.00
      t_128: 2713.00 1779.50  500.00 4992.50
      t_129:  337.00 1781.50  500.00 2618.50
      t_130:    0.00 1778.50  500.00 2278.50
      t_131:    0.00 1777.00  500.00 2277.00
      t_132:    0.00 1777.50  500.00 2277.50
      t_133:    0.00 1776.50  500.00 2276.50
      t_134:    0.00 1777.00  500.00 2277.00
      t_135: 2623.50 1778.00  500.00 4901.50
      t_136: 2703.00 1779.00  500.00 4982.00
      t_137: 2693.00 1779.00  500.00 4972.00
      t_138: 2709.00 1780.00  500.00 4989.00
      t_139: 2707.50 1778.50  499.50 4985.50
      t_140: 2699.50 1777.00  500.00 4976.50
      t_141: 2699.00 1780.00  500.00 4979.00
      t_142: 2723.00 1777.00  500.00 5000.00
      t_143: 2710.50 1777.00  500.00 4987.50
      t_144: 2705.00 1777.00  500.00 4982.00
      t_145: 2677.50 1778.50  500.00 4956.00
      t_146:  349.50 1780.50  500.00 2630.00
      t_147:    0.00 1777.00  500.00 2277.00
      t_148:    0.00 1768.50  500.00 2268.50
      t_149:    0.00 1778.00  500.00 2278.00
      t_150:    0.00 1777.50  500.00 2277.50
      t_151:    0.00 1777.50  500.00 2277.50
      t_152: 2614.00 1778.50  500.00 4892.50
      t_153: 2708.00 1781.00  500.00 4989.00
      t_154: 2711.00 1782.00  500.00 4993.00
      t_155: 2704.00 1781.50  500.00 4985.50
      t_156: 2694.50 1781.00  500.00 4975.50
      t_157: 2693.00 1780.50  500.00 4973.50
      t_158: 2693.00 1782.50  500.00 4975.50
      t_159: 2695.00 1779.00  500.00 4974.00
      t_160: 2686.50 1782.00  499.50 4968.00
      t_161: 2698.50 1780.00  500.00 4978.50
      t_162: 2707.50 1778.50  500.00 4986.00
      t_163:  394.50 1781.00  500.50 2676.00
      t_164:    0.00 1778.00  499.50 2277.50
      t_165:    0.00 1779.00  500.00 2279.00
      t_166:    0.00 1780.50  500.00 2280.50
      t_167:    0.00 1777.50  500.00 2277.50
      t_168:    0.00 1778.00  500.00 2278.00
      t_169:    0.00 1777.50  500.00 2277.50
      t_170:    0.00  360.50  500.00  860.50
      t_171:    0.00    0.00  500.00  500.00
      t_172:    0.00    0.00  500.00  500.00
      t_173:    0.00    0.00  500.00  500.00
      t_174:    0.00    0.00  500.00  500.00
      t_175:    0.00    0.00  500.00  500.00
      t_176:    0.00    0.00  500.00  500.00
      t_177:    0.00    0.00  500.00  500.00
      t_178:    0.00    0.00  500.00  500.00
      t_179:    0.00    0.00  500.00  500.00
      t_180:    0.00    0.00  500.00  500.00
      t_181:    0.00    0.00  500.00  500.00
      t_182:    0.00    0.00  500.00  500.00
      t_183:    0.00    0.00  500.00  500.00
      t_184:    0.00    0.00  500.00  500.00
      t_185:    0.00    0.00  500.00  500.00
      t_186:    0.00    0.00  499.50  499.50
      t_187:    0.00    0.00  500.00  500.00
      t_188:    0.00    0.00  500.00  500.00
      t_189:    0.00    0.00  500.00  500.00
      t_190:    0.00    0.00  500.00  500.00
      t_191:    0.00    0.00  500.00  500.00
      t_192:    0.00    0.00  500.00  500.00
      t_193:    0.00    0.00  500.00  500.00
      t_194:    0.00    0.00  500.00  500.00
      t_195:    0.00    0.00  500.00  500.00
      t_196:    0.00    0.00  500.00  500.00
      t_197:    0.00    0.00  500.00  500.00
      t_198:    0.00    0.00  500.00  500.00
      t_199:    0.00    0.00  500.00  500.00
      t_200:    0.00    0.00  500.00  500.00
      t_201:    0.00    0.00  500.00  500.00
      t_202:    0.00    0.00  500.00  500.00
      t_203:    0.00    0.00  500.00  500.00
      t_204:    0.00    0.00  500.00  500.00
      t_205:    0.00    0.00  500.00  500.00
      t_206:    0.00    0.00  499.50  499.50
      t_207:    0.00    0.00  500.00  500.00
      t_208:    0.00    0.00  500.00  500.00
      t_209:    0.00    0.00  500.00  500.00
      t_210:    0.00    0.00  500.00  500.00
      t_211:    0.00    0.00  500.00  500.00
      t_212:    0.00    0.00  500.00  500.00
      t_213:    0.00    0.00  500.00  500.00
      t_214:    0.00    0.00  500.00  500.00
      t_215:    0.00    0.00  500.00  500.00
      t_216:    0.00    0.00  500.00  500.00
      t_217:    0.00    0.00  500.00  500.00
      t_218:    0.00    0.00  500.00  500.00
      t_219:    0.00    0.00  500.00  500.00
      t_220:    0.00    0.00  500.00  500.00
      t_221:    0.00    0.00  500.00  500.00
      t_222:    0.00    0.00  500.00  500.00
      t_223:    0.00    0.00  500.00  500.00
      t_224:    0.00    0.00  500.00  500.00
      t_225:    0.00    0.00  500.00  500.00
      t_226:    0.00    0.00  500.00  500.00
      t_227:    0.00    0.00  500.00  500.00
      t_228:    0.00    0.00  499.50  499.50
      t_229:    0.00    0.00  500.00  500.00
      t_230:    0.00    0.00  500.00  500.00
      t_231:    0.00    0.00  500.00  500.00
      t_232:    0.00    0.00  500.00  500.00
      t_233:    0.00    0.00  500.00  500.00
      t_234:    0.00    0.00  500.00  500.00
      t_235:    0.00    0.00  500.00  500.00
      t_236:    0.00    0.00  500.00  500.00
      t_237:    0.00    0.00  500.00  500.00
      t_238:    0.00    0.00  500.00  500.00
      t_239:    0.00    0.00  500.00  500.00
      t_240:    0.00    0.00  500.00  500.00
      t_241:    0.00    0.00  500.00  500.00
      t_242:    0.00    0.00  500.00  500.00
      t_243:    0.00    0.00  500.00  500.00
      t_244:    0.00    0.00  500.00  500.00
      t_245:    0.00    0.00  500.00  500.00
      t_246:    0.00    0.00  500.00  500.00
      t_247:    0.00    0.00  500.00  500.00
      t_248:    0.00    0.00  500.00  500.00
      t_249:    0.00    0.00  500.00  500.00
      t_250:    0.00    0.00  499.50  499.50
      t_251:    0.00    0.00  500.00  500.00
      t_252:    0.00    0.00  500.00  500.00
      t_253:    0.00    0.00  500.00  500.00
      t_254:    0.00    0.00  500.00  500.00
      t_255:    0.00    0.00  500.00  500.00
      t_256:    0.00    0.00  500.00  500.00
      t_257:    0.00    0.00  500.00  500.00
      t_258:    0.00    0.00  500.00  500.00
      t_259:    0.00    0.00  500.00  500.00
      t_260:    0.00    0.00  500.00  500.00
      t_261:    0.00    0.00  500.00  500.00
      t_262:    0.00    0.00  500.00  500.00
      t_263:    0.00    0.00  500.00  500.00
      t_264:    0.00    0.00  500.00  500.00
      t_265:    0.00    0.00  500.00  500.00
      t_266:    0.00    0.00  500.00  500.00
      t_267:    0.00    0.00  500.00  500.00
      t_268:    0.00    0.00  500.00  500.00
      t_269:    0.00    0.00  500.00  500.00
      t_270:    0.00    0.00  500.00  500.00
      t_271:    0.00    0.00  499.50  499.50
      t_272:    0.00    0.00  500.00  500.00
      t_273:    0.00    0.00  500.00  500.00
      t_274:    0.00    0.00  500.00  500.00
      t_275:    0.00    0.00  500.00  500.00
      t_276:    0.00    0.00  500.00  500.00
      t_277:    0.00    0.00  500.00  500.00
      t_278:    0.00    0.00  500.00  500.00
      t_279:    0.00    0.00  500.00  500.00
      t_280:    0.00    0.00  500.00  500.00
      t_281:    0.00    0.00  500.00  500.00
      t_282:    0.00    0.00  500.00  500.00
      t_283:    0.00    0.00  500.00  500.00
      t_284:    0.00    0.00  500.00  500.00
      t_285:    0.00    0.00  500.00  500.00
      t_286:    0.00    0.00  500.00  500.00
      t_287:    0.00    0.00  500.00  500.00
      t_288:    0.00    0.00  500.00  500.00
      t_289:    0.00    0.00  500.00  500.00
      t_290:    0.00    0.00  500.00  500.00
      t_291:    0.00    0.00  500.00  500.00
      t_292:    0.00    0.00  499.50  499.50
      t_293:    0.00    0.00  500.00  500.00
      t_294:    0.00    0.00  500.00  500.00
      t_295:    0.00    0.00  500.00  500.00
      t_296:    0.00    0.00  500.00  500.00
      t_297:    0.00    0.00  500.00  500.00
      t_298:    0.00    0.00  500.00  500.00
      t_299:    0.00    0.00  500.00  500.00
      t_300:    0.00    0.00  500.00  500.00
      t_301:    0.00    0.00  500.00  500.00
      t_302:    0.00    0.00  500.00  500.00
      t_303:    0.00    0.00  500.00  500.00
      t_304:    0.00    0.00  500.00  500.00
      t_305:    0.00    0.00  500.00  500.00
      t_306:    0.00    0.00  500.00  500.00
      t_307:    0.00    0.00  500.00  500.00
      t_308:    0.00    0.00  500.00  500.00
      t_309:    0.00    0.00  500.00  500.00
      t_310:    0.00    0.00  500.00  500.00
      t_311:    0.00    0.00  500.00  500.00
      t_312:    0.00    0.00  500.00  500.00
      t_313:    0.00    0.00  499.50  499.50
      t_314:    0.00    0.00  500.00  500.00
      t_315:    0.00    0.00  500.00  500.00
      t_316:    0.00    0.00  500.00  500.00
      t_317:    0.00    0.00  500.00  500.00
      t_318:    0.00    0.00  500.00  500.00
      t_319:    0.00    0.00  500.00  500.00
      t_320:    0.00    0.00  500.00  500.00
      t_321:    0.00    0.00  500.00  500.00
      t_322:    0.00    0.00  500.00  500.00
      t_323:    0.00    0.00  500.00  500.00
      t_324:    0.00    0.00  500.00  500.00
      t_325:    0.00    0.00  500.00  500.00
      t_326:    0.00    0.00  500.00  500.00
      t_327:    0.00    0.00  500.00  500.00
      t_328:    0.00    0.00  500.00  500.00
      t_329:    0.00    0.00  500.00  500.00
      t_330:    0.00    0.00  500.00  500.00
      t_331:    0.00    0.00  500.00  500.00
      t_332:    0.00    0.00  500.00  500.00
      t_333:    0.00    0.00  500.00  500.00
      t_334:    0.00    0.00  500.00  500.00
      t_335:    0.00    0.00  499.50  499.50
      t_336:    0.00    0.00  500.00  500.00
      t_337:    0.00    0.00  500.00  500.00
      t_338:    0.00    0.00  500.00  500.00
      t_339:    0.00    0.00  500.00  500.00
      t_340:    0.00    0.00  500.00  500.00
      t_341:    0.00    0.00  500.00  500.00
      t_342:    0.00    0.00  500.00  500.00
      t_343:    0.00    0.00  500.00  500.00
      t_344:    0.00    0.00  500.00  500.00
      t_345:    0.00    0.00  500.00  500.00
      t_346:    0.00    0.00  500.00  500.00
      t_347:    0.00    0.00  500.00  500.00
      t_348:    0.00    0.00  500.00  500.00
      t_349:    0.00    0.00  500.00  500.00
      t_350:    0.00    0.00  500.00  500.00
      t_351:    0.00    0.00  500.00  500.00
      t_352:    0.00    0.00  500.00  500.00
      t_353:    0.00    0.00  500.00  500.00
      t_354:    0.00    0.00  500.00  500.00
      t_355:    0.00    0.00  500.00  500.00
      t_356:    0.00    0.00  499.50  499.50
      t_357:    0.00    0.00  500.00  500.00
      t_358:    0.00    0.00  500.00  500.00
      t_359:    0.00    0.00  500.00  500.00
      t_360:    0.00    0.00  500.00  500.00
      t_361:    0.00    0.00  500.00  500.00
      t_362:    0.00    0.00  500.00  500.00
      t_363:    0.00    0.00  500.00  500.00
      t_364:    0.00    0.00  500.00  500.00
      t_365:    0.00    0.00  500.00  500.00
      t_366:    0.00    0.00  500.00  500.00
      t_367:    0.00    0.00  500.00  500.00
      t_368:    0.00    0.00  500.00  500.00
      t_369:    0.00    0.00  500.00  500.00
      t_370:    0.00    0.00  500.00  500.00
      t_371:    0.00    0.00  500.00  500.00
      t_372:    0.00    0.00  500.00  500.00
      t_373:    0.00    0.00  500.00  500.00
      t_374:    0.00    0.00  500.00  500.00
      t_375:    0.00    0.00  500.00  500.00
      t_376:    0.00    0.00  500.00  500.00
      t_377:    0.00    0.00  499.50  499.50
      t_378:    0.00    0.00  500.00  500.00
      t_379:    0.00    0.00  500.00  500.00
      t_380:    0.00    0.00  500.00  500.00
      t_381:    0.00    0.00  500.00  500.00
      t_382:    0.00    0.00  500.00  500.00
      t_383:    0.00    0.00  500.00  500.00
      t_384:    0.00    0.00  500.00  500.00
      t_385:    0.00    0.00  500.00  500.00
      t_386:    0.00    0.00  500.00  500.00
      t_387:    0.00    0.00  500.00  500.00
      t_388:    0.00    0.00  500.00  500.00
      t_389:    0.00    0.00  500.00  500.00
      t_390:    0.00    0.00  500.00  500.00
      t_391:    0.00    0.00  500.00  500.00
      t_392:    0.00    0.00  500.00  500.00
      t_393:    0.00    0.00  500.00  500.00
      t_394:    0.00    0.00  500.00  500.00
      t_395:    0.00    0.00  500.00  500.00
      t_396:    0.00    0.00  500.00  500.00
      t_397:    0.00    0.00  500.00  500.00
      t_398:    0.00    0.00  500.00  500.00
      t_399:    0.00    0.00  499.50  499.50
      t_400:    0.00    0.00  500.00  500.00
      t_401:    0.00    0.00  500.00  500.00
      t_402:    0.00    0.00  500.00  500.00
      t_403:    0.00    0.00  500.00  500.00
      t_404:    0.00    0.00  500.00  500.00
      t_405:    0.00    0.00  500.00  500.00
      t_406:    0.00    0.00  500.00  500.00
      t_407:    0.00    0.00  500.00  500.00
      t_408:    0.00    0.00  500.00  500.00
      t_409:    0.00    0.00  500.00  500.00
      t_410:    0.00    0.00  500.00  500.00
      t_411:    0.00    0.00  500.00  500.00
      t_412:    0.00    0.00  500.00  500.00
      t_413:    0.00    0.00  500.00  500.00
      t_414:    0.00    0.00  500.00  500.00
      t_415:    0.00    0.00  500.00  500.00
      t_416:    0.00    0.00  500.00  500.00
      t_417:    0.00    0.00  500.00  500.00
      t_418:    0.00    0.00  500.00  500.00
      t_419:    0.00    0.00  500.00  500.00
      t_420:    0.00    0.00  499.50  499.50
      t_421:    0.00    0.00  500.00  500.00
      t_422:    0.00    0.00  500.00  500.00
      t_423:    0.00    0.00  500.00  500.00
      t_424:    0.00    0.00  500.00  500.00
      t_425:    0.00    0.00  500.00  500.00
      t_426:    0.00    0.00  500.00  500.00
      t_427:    0.00    0.00  500.00  500.00
      t_428:    0.00    0.00  500.00  500.00
      t_429:    0.00    0.00  500.00  500.00
      t_430:    0.00    0.00  500.00  500.00
      t_431:    0.00    0.00  500.00  500.00
      t_432:    0.00    0.00  500.00  500.00
      t_433:    0.00    0.00  500.00  500.00
      t_434:    0.00    0.00  500.00  500.00
      t_435:    0.00    0.00  500.00  500.00
      t_436:    0.00    0.00  500.00  500.00
      t_437:    0.00    0.00  500.00  500.00
      t_438:    0.00    0.00  500.00  500.00
      t_439:    0.00    0.00  500.00  500.00
      t_440:    0.00    0.00  500.00  500.00
      t_441:    0.00    0.00  500.00  500.00
      t_442:    0.00    0.00  499.50  499.50
      t_443:    0.00    0.00  500.00  500.00
      t_444:    0.00    0.00  500.00  500.00
      t_445:    0.00    0.00  500.00  500.00
      t_446:    0.00    0.00  500.00  500.00
      t_447:    0.00    0.00  500.00  500.00
      t_448:    0.00    0.00  500.00  500.00
      t_449:    0.00    0.00  500.00  500.00
      t_450:    0.00    0.00  500.00  500.00
      t_451:    0.00    0.00  500.00  500.00
      t_452:    0.00    0.00  500.00  500.00
      t_453:    0.00    0.00  500.00  500.00
      t_454:    0.00    0.00  500.00  500.00
      t_455:    0.00    0.00  500.00  500.00
      t_456:    0.00    0.00  500.00  500.00
      t_457:    0.00    0.00  500.00  500.00
      t_458:    0.00    0.00  500.00  500.00
      t_459:    0.00    0.00  500.00  500.00
      t_460:    0.00    0.00  500.00  500.00
      t_461:    0.00    0.00  500.00  500.00
      t_462:    0.00    0.00  500.00  500.00
      t_463:    0.00    0.00  500.00  500.00
      t_464:    0.00    0.00  499.50  499.50
      t_465:    0.00    0.00  500.00  500.00
      t_466:    0.00    0.00  500.00  500.00
      t_467:    0.00    0.00  500.00  500.00
      t_468:    0.00    0.00  500.00  500.00
      t_469:    0.00    0.00  500.00  500.00
      t_470:    0.00    0.00  500.00  500.00
      t_471:    0.00    0.00  500.00  500.00
      t_472:    0.00    0.00  500.00  500.00
      t_473:    0.00    0.00  500.00  500.00
      t_474:    0.00    0.00  500.00  500.00
      t_475:    0.00    0.00  500.00  500.00
      t_476:    0.00    0.00  500.00  500.00
      t_477:    0.00    0.00  500.00  500.00
      t_478:    0.00    0.00  500.00  500.00
      t_479:    0.00    0.00  500.00  500.00
      t_480:    0.00    0.00  500.00  500.00
      t_481:    0.00    0.00  500.00  500.00
      t_482:    0.00    0.00  500.00  500.00
      t_483:    0.00    0.00  500.00  500.00
      t_484:    0.00    0.00  500.00  500.00
      t_485:    0.00    0.00  499.50  499.50
      t_486:    0.00    0.00  500.00  500.00
      t_487:    0.00    0.00  500.00  500.00
      t_488:    0.00    0.00  500.00  500.00
      t_489:    0.00    0.00  500.00  500.00
      t_490:    0.00    0.00  500.00  500.00
      t_491:    0.00    0.00  500.00  500.00
      t_492:    0.00    0.00  500.00  500.00
      t_493:    0.00    0.00  500.00  500.00
      t_494:    0.00    0.00  500.00  500.00
      t_495:    0.00    0.00  500.00  500.00
      t_496:    0.00    0.00  500.00  500.00
      t_497:    0.00    0.00  500.00  500.00
      t_498:    0.00    0.00  500.00  500.00
      t_499:    0.00    0.00  500.00  500.00
      t_500:    0.00    0.00  500.00  500.00
      t_501:    0.00    0.00  500.00  500.00
      t_502:    0.00    0.00  500.00  500.00
      t_503:    0.00    0.00  500.00  500.00
      t_504:    0.00    0.00  500.00  500.00
      t_505:    0.00    0.00  500.00  500.00
      t_506:    0.00    0.00  499.50  499.50
      t_507:    0.00    0.00  500.00  500.00
      t_508:    0.00    0.00  500.00  500.00
      t_509:    0.00    0.00  500.00  500.00
      t_510:    0.00    0.00  500.00  500.00
      t_511:    0.00    0.00  500.00  500.00
      t_512:    0.00    0.00  500.00  500.00
      t_513:    0.00    0.00  500.00  500.00
      t_514:    0.00    0.00  500.00  500.00
      t_515:    0.00    0.00  500.00  500.00
      t_516:    0.00    0.00  500.00  500.00
      t_517:    0.00    0.00  500.00  500.00
      t_518:    0.00    0.00  500.00  500.00
      t_519:    0.00    0.00  500.00  500.00
      t_520:    0.00    0.00  500.00  500.00
      t_521:    0.00    0.00  500.00  500.00
      t_522:    0.00    0.00  500.00  500.00
      t_523:    0.00    0.00  500.00  500.00
      t_524:    0.00    0.00  500.00  500.00
      t_525:    0.00    0.00  500.00  500.00
      t_526:    0.00    0.00  500.00  500.00
      t_527:    0.00    0.00  499.50  499.50
      t_528:    0.00    0.00  500.00  500.00
      t_529:    0.00    0.00  500.00  500.00
      t_530:    0.00    0.00  500.00  500.00
      t_531:    0.00    0.00  500.00  500.00
      t_532:    0.00    0.00  500.00  500.00
      t_533:    0.00    0.00  500.00  500.00
      t_534:    0.00    0.00  500.00  500.00
      t_535:    0.00    0.00  500.00  500.00
      t_536:    0.00    0.00  500.00  500.00
      t_537:    0.00    0.00  500.00  500.00
      t_538:    0.00    0.00  500.00  500.00
      t_539:    0.00    0.00  500.00  500.00
      t_540:    0.00    0.00  500.00  500.00
      t_541:    0.00    0.00  500.00  500.00
      t_542:    0.00    0.00  500.00  500.00
      t_543:    0.00    0.00  500.00  500.00
      t_544:    0.00    0.00  500.00  500.00
      t_545:    0.00    0.00  500.00  500.00
      t_546:    0.00    0.00  500.00  500.00
      t_547:    0.00    0.00  500.00  500.00
      t_548:    0.00    0.00  500.00  500.00
      t_549:    0.00    0.00  499.50  499.50
      t_550:    0.00    0.00  500.00  500.00
      t_551:    0.00    0.00  500.00  500.00
      t_552:    0.00    0.00  500.00  500.00
      t_553:    0.00    0.00  500.00  500.00
      t_554:    0.00    0.00  500.00  500.00
      t_555:    0.00    0.00  500.00  500.00
      t_556:    0.00    0.00  500.00  500.00
      t_557:    0.00    0.00  500.00  500.00
      t_558:    0.00    0.00  500.00  500.00
      t_559:    0.00    0.00  500.00  500.00
      t_560:    0.00    0.00  500.00  500.00
      t_561:    0.00    0.00  500.00  500.00
      t_562:    0.00    0.00  500.00  500.00
      t_563:    0.00    0.00  500.00  500.00
      t_564:    0.00    0.00  500.00  500.00
      t_565:    0.00    0.00  500.00  500.00
      t_566:    0.00    0.00  500.00  500.00
      t_567:    0.00    0.00  500.00  500.00
      t_568:    0.00    0.00  500.00  500.00
      t_569:    0.00    0.00  500.00  500.00
      t_570:    0.00    0.00  499.50  499.50
      t_571:    0.00    0.00  500.00  500.00
      t_572:    0.00    0.00  500.00  500.00
      t_573:    0.00    0.00  500.00  500.00
      t_574:    0.00    0.00  500.00  500.00
      t_575:    0.00    0.00  500.00  500.00
      t_576:    0.00    0.00  500.00  500.00
      t_577:    0.00    0.00  500.00  500.00
      t_578:    0.00    0.00  500.00  500.00
      t_579:    0.00    0.00  500.00  500.00
      t_580:    0.00    0.00  500.00  500.00
      t_581:    0.00    0.00  500.00  500.00
      t_582:    0.00    0.00  500.00  500.00
      t_583:    0.00    0.00  500.00  500.00
      t_584:    0.00    0.00  500.00  500.00
      t_585:    0.00    0.00  500.00  500.00
      t_586:    0.00    0.00  500.00  500.00
      t_587:    0.00    0.00  500.00  500.00
      t_588:    0.00    0.00  500.00  500.00
      t_589:    0.00    0.00  500.00  500.00
      t_590:    0.00    0.00  500.00  500.00
      t_591:    0.00    0.00  499.50  499.50
      t_592:    0.00    0.00  500.00  500.00
      t_593:    0.00    0.00  500.00  500.00
      t_594:    0.00    0.00  500.00  500.00
      t_595:    0.00    0.00  500.00  500.00
      t_596:    0.00    0.00  500.00  500.00
      t_597:    0.00    0.00  500.00  500.00
      t_598:    0.00    0.00  500.00  500.00
      t_599:    0.00    0.00  500.00  500.00
      t_600:    0.00    0.00   14.00   14.00
      t_601:    0.00    0.00    0.00    0.00