        t_0: 3020.00 1510.00  503.50 5033.50
        t_1: 3032.00 1516.50  505.50 5054.00
        t_2: 3039.50 1519.50  506.50 5065.50
        t_3: 3013.50 1507.00  502.00 5022.50
        t_4: 3030.00 1514.50  505.00 5049.50
        t_5: 3032.00 1516.50  505.50 5054.00
        t_6: 3037.00 1518.50  506.00 5061.50
        t_7: 3031.00 1515.50  505.50 5052.00
        t_8: 3037.00 1518.00  506.00 5061.00
        t_9: 2727.00 1580.50  659.00 4966.50
       t_10:    0.00 1776.00 2557.50 4333.50
       t_11:    0.00 1777.50 2557.00 4334.50
       t_12:    0.00 1778.00 2558.00 4336.00
       t_13:    0.00 1778.00 2536.00 4314.00
       t_14:    0.00 1779.00 2421.00 4200.00
       t_15:  587.50 1779.00 1988.50 4355.00
       t_16: 3176.00 1777.50    0.00 4953.50
       t_17: 3149.00 1778.00    0.00 4927.00
       t_18: 3182.00 1777.00    0.00 4959.00
       t_19: 3180.00 1776.50    0.00 4956.50
       t_20: 3183.00 1777.50    0.00 4960.50
       t_21: 3194.00 1777.50    0.00 4971.50
       t_22: 3184.50 1777.00    0.00 4961.50
       t_23: 3169.50 1777.00    0.00 4946.50
       t_24: 3166.00 1777.50    0.00 4943.50
       t_25:  828.50 1783.00 1788.50 4400.00
       t_26:    0.00 1777.50 2425.00 4202.50
       t_27:    0.00 1779.50 2420.00 4199.50
       t_28:    0.00 1778.00 2422.00 4200.00
       t_29:    0.00 1777.50 2285.50 4063.00
       t_30:    0.00 1778.00 2162.50 3940.50
       t_31: 2631.50 1777.50  392.50 4801.50
       t_32: 3211.50 1777.00    0.00 4988.50
       t_33: 3211.00 1777.50    0.00 4988.50
       t_34: 3193.50 1775.50    0.00 4969.00
       t_35: 3189.00 1773.00    0.00 4962.00
       t_36: 3187.00 1774.50    0.00 4961.50
       t_37: 3198.50 1774.50    0.00 4973.00
       t_38: 3174.50 1772.50    0.00 4947.00
       t_39: 3185.00 1778.00    0.00 4963.00
       t_40: 1818.50 1781.50  925.50 4525.50
       t_41:    0.00 1777.50 2157.00 3934.50
       t_42:    0.00 1777.00 2162.00 3939.00
       t_43:    0.00 1777.00 2166.00 3943.00
       t_44:    0.00 1778.50 2164.50 3943.00
       t_45:    0.00 1778.50 2165.50 3944.00
       t_46: 1628.50 1778.50 1066.50 4473.50
       t_47: 3192.50 1776.00    0.00 4968.50
       t_48: 3198.50 1775.50    0.00 4974.00
       t_49: 3199.50 1775.00    0.00 4974.50
       t_50: 3191.00 1772.00    0.00 4963.00
       t_51: 3190.00 1777.00    0.00 4967.00
       t_52: 3123.50 1776.50    0.00 4900.00
       t_53: 3156.50 1777.00    0.00 4933.50
       t_54: 3159.00 1774.50    0.00 4933.50
       t_55: 2961.00 1775.50  113.50 4850.00
       t_56:    0.00 1772.50 2166.50 3939.00
       t_57:    0.00 1773.50 2352.50 4126.00
       t_58:    0.00 1777.50 2557.50 4335.00
       t_59:    0.00 1778.50 2556.00 4334.50
       t_60:    0.00 1778.00 2556.00 4334.00
       t_61:  443.00 1777.50 2215.00 4435.50
       t_62: 3198.00 1774.50    0.00 4972.50
       t_63: 3183.50 1777.50    0.00 4961.00
       t_64: 3184.00 1777.50    0.00 4961.50
       t_65: 3188.00 1776.50    0.00 4964.50
       t_66: 3182.00 1776.50    0.00 4958.50
       t_67: 3194.00 1776.50    0.00 4970.50
       t_68: 3204.50 1775.00    0.00 4979.50
       t_69: 3221.00 1775.50    0.00 4996.50
       t_70: 3222.00 1776.50    0.00 4998.50
       t_71:  780.00 1782.00 1931.50 4493.50
       t_72:    0.00 1777.50 2556.50 4334.00
       t_73:    0.00 1777.00 2552.50 4329.50
       t_74:    0.00 1777.50 2560.00 4337.50
       t_75:    0.00 1768.00 2555.00 4323.00
       t_76:    0.00 1777.50 2557.50 4335.00
       t_77: 2674.00 1775.50  422.00 4871.50
       t_78: 3188.00 1776.00    0.00 4964.00
       t_79: 3203.50 1773.00    0.00 4976.50
       t_80: 3207.50 1771.00    0.00 4978.50
       t_81: 3167.00 1769.50    0.00 4936.50
       t_82: 3171.50 1769.00    0.00 4940.50
       t_83: 3193.00 1780.00    0.00 4973.00
       t_84: 3180.50 1777.00    0.00 4957.50
       t_85: 3185.00 1776.00    0.00 4961.00
       t_86: 1830.00 1782.00 1084.50 4696.50
       t_87:    0.00 1778.00 2556.00 4334.00
       t_88:    0.00 1776.50 2566.50 4343.00
       t_89:    0.00 1775.50 2566.00 4341.50
       t_90:    0.00 1776.50 2559.00 4335.50
       t_91:    0.00 1777.50 2557.50 4335.00
       t_92: 1629.00 1777.00 1267.00 4673.00
       t_93: 3168.00 1776.50    0.00 4944.50
       t_94: 3160.00 1777.50    0.00 4937.50
       t_95: 3163.50 1778.00    0.00 4941.50
       t_96: 3186.50 1777.50    0.00 4964.00
       t_97: 3188.50 1778.00    0.00 4966.50
       t_98: 3188.00 1776.00    0.00 4964.00
       t_99: 3160.00 1774.50    0.00 4934.50
      t_100: 3128.50 1777.00    0.00 4905.50
      t_101: 3028.00 1780.00  104.50 4912.50
      t_102:    0.00 1777.00 2560.50 4337.50
      t_103:    0.00 1777.50 2557.50 4335.00
      t_104:    0.00 1777.00 2565.50 4342.50
      t_105:    0.00 1777.50 2560.00 4337.50
      t_106:    0.00 1777.50 2556.50 4334.00
      t_107:  398.00 1777.00 2245.00 4420.00
      t_108: 3183.00 1777.50    0.00 4960.50
      t_109: 3188.50 1777.00    0.00 4965.50
      t_110: 3167.50 1777.50    0.00 4945.00
      t_111: 3183.00 1776.00    0.00 4959.00
      t_112: 3192.50 1777.00    0.00 4969.50
      t_113: 3192.50 1777.50    0.00 4970.00
      t_114: 3168.50 1777.50    0.00 4946.00
      t_115: 3200.50 1778.50    0.00 4979.00
      t_116: 3165.50 1777.50    0.00 4943.00
      t_117:  960.50 1778.00 1778.00 4516.50
      t_118:    0.00 1777.00 2560.00 4337.00
      t_119:    0.00 1778.00 2557.50 4335.50
      t_120:    0.00 1777.50 2558.00 4335.50
      t_121:    0.00 1777.50 2556.50 4334.00
      t_122:    0.00 1777.00 2558.50 4335.50
      t_123: 2472.50 1777.00  577.00 4826.50
      t_124: 3172.50 1777.50    0.00 4950.00
      t_125: 3174.50 1777.00    0.00 4951.50
      t_126: 3178.00 1778.00    0.00 4956.00
      t_127: 3185.50 1777.50    0.00 4963.00
      t_128: 3183.50 1778.00    0.00 4961.50
      t_129: 3178.50 1777.00    0.00 4955.50
      t_130: 3181.00 1776.50    0.00 4957.50
      t_131: 3193.00 1776.00    0.00 4969.00
      t_132: 2081.00 1780.00  888.50 4749.50
      t_133:    0.00 1777.50 2556.50 4334.00
      t_134:    0.00 1777.50 2559.50 4337.00
      t_135:    0.00 1777.50 2560.00 4337.50
      t_136:    0.00 1775.50 2553.50 4329.00
      t_137:    0.00 1777.00 2561.00 4338.00
      t_138: 1370.50 1778.00 1467.50 4616.00
      t_139: 3183.00 1776.50    0.00 4959.50
      t_140: 3183.00 1777.50    0.00 4960.50
      t_141: 3179.00 1776.50    0.00 4955.50
      t_142: 3177.00 1777.00    0.00 4954.00
      t_143: 3181.50 1776.50    0.00 4958.00
      t_144: 3179.50 1777.00    0.00 4956.50
      t_145: 3185.50 1774.00    0.00 4959.50
      t_146: 3183.50 1773.50    0.00 4957.00
      t_147: 3177.00 1773.50    6.00 4956.50
      t_148:    0.00 1766.00 2573.50 4339.50
      t_149:    0.00 1774.50 2578.50 4353.00
      t_150:    0.00 1777.50 2559.50 4337.00
      t_151:    0.00 1778.00 2556.00 4334.00
      t_152:    0.00 1778.00 2559.00 4337.00
      t_153:    0.00 1777.50 2560.00 4337.50
      t_154:    0.00 1776.50 2563.00 4339.50
      t_155:    0.00 1778.00 2557.50 4335.50
      t_156:    0.00 1777.50 2557.50 4335.00
      t_157:    0.00 1777.50 2555.50 4333.00
      t_158:    0.00 1778.00 2555.50 4333.50
      t_159:    0.00 1778.00 2557.00 4335.00
      t_160:    0.00 1778.50 2556.00 4334.50
      t_161:    0.00 1787.00 2571.50 4358.50
      t_162:    0.00 1782.00 2564.00 4346.00
      t_163:    0.00 1783.00 2565.50 4348.50
      t_164:    0.00 1781.00 2560.00 4341.00
      t_165:    0.00 1778.50 2555.50 4334.00
      t_166:    0.00 1778.00 2556.50 4334.50
      t_167:    0.00 1777.50 2555.50 4333.00
      t_168:    0.00 1778.00 2556.00 4334.00
      t_169:    0.00 1778.00 2555.00 4333.00
      t_170:    0.00  469.00 2539.00 3008.00
      t_171:    0.00    0.00 2531.00 2531.00
      t_172:    0.00    0.00 2533.00 2533.00
      t_173:    0.00    0.00 2532.00 2532.00
      t_174:    0.00    0.00 2533.00 2533.00
      t_175:    0.00    0.00 2531.50 2531.50
      t_176:    0.00    0.00 2531.50 2531.50
      t_177:    0.00    0.00 2530.00 2530.00
      t_178:    0.00    0.00 2531.50 2531.50
      t_179:    0.00    0.00 2531.50 2531.50
      t_180:    0.00    0.00 2532.50 2532.50
      t_181:    0.00    0.00 2532.00 2532.00
      t_182:    0.00    0.00 2531.50 2531.50
      t_183:    0.00    0.00 2530.50 2530.50
      t_184:    0.00    0.00 2532.50 2532.50
      t_185:    0.00    0.00 2533.00 2533.00
      t_186:    0.00    0.00 2533.50 2533.50
      t_187:    0.00    0.00 2533.00 2533.00
      t_188:    0.00    0.00 2531.50 2531.50
      t_189:    0.00    0.00 2531.00 2531.00
      t_190:    0.00    0.00 2532.50 2532.50
      t_191:    0.00    0.00 2531.50 2531.50
      t_192:    0.00    0.00 2531.00 2531.00
      t_193:    0.00    0.00 2527.50 2527.50
      t_194:    0.00    0.00 2533.50 2533.50
      t_195:    0.00    0.00 2532.50 2532.50
      t_196:    0.00    0.00 2530.50 2530.50
      t_197:    0.00    0.00 2511.00 2511.00
      t_198:    0.00    0.00 2530.00 2530.00
      t_199:    0.00    0.00 2532.50 2532.50
      t_200:    0.00    0.00 2531.50 2531.50
      t_201:    0.00    0.00 2531.00 2531.00
      t_202:    0.00    0.00 2532.50 2532.50
      t_203:    0.00    0.00 2532.00 2532.00
      t_204:    0.00    0.00 2533.50 2533.50
      t_205:    0.00    0.00 2533.50 2533.50
      t_206:    0.00    0.00 2531.00 2531.00
      t_207:    0.00    0.00 2533.00 2533.00
      t_208:    0.00    0.00 2532.00 2532.00
      t_209:    0.00    0.00 2532.00 2532.00
      t_210:    0.00    0.00 2533.00 2533.00
      t_211:    0.00    0.00 2532.00 2532.00
      t_212:    0.00    0.00  566.00  566.00
      t_213:    0.00    0.00    0.00    0.00