[global]
server_groups = 1
client_groups = 3
server_random_selection = 1
server_soft_limit = 0
anticipation_timeout = 0.000

[client.0]
client_count = 1
client_wait = 0
client_total_ops = 600000
client_server_select_range = 10
client_iops_goal = 7000
client_outstanding_ops = 500
client_reservation = 0.0
client_limit = 3000.0
client_weight = 6.0

[client.1]
client_count = 1
client_wait = 0
client_total_ops = 600000
client_server_select_range = 10
client_iops_goal = 2000
client_outstanding_ops = 100
client_reservation = 0.0
client_limit = 1500.0
client_weight = 3.0

[client.2]
client_count = 1
client_wait = 0
client_total_ops = 600000
client_server_select_range = 20
client_iops_goal = 3000
client_outstanding_ops = 5
client_reservation = 0.0
client_limit = 500.0
client_weight = 1.0

[server.0]
server_count = 1
server_iops = 8000
server_threads = 1

simulation started
[root@k8s-workder136 631_test-02]# cat wl_test.log
[global]
server_groups = 1
client_groups = 3
server_random_selection = 1
server_soft_limit = 0
anticipation_timeout = 0.000

[client.0]
client_count = 1
client_wait = 0
client_total_ops = 600000
client_server_select_range = 10
client_iops_goal = 7000
client_outstanding_ops = 500
client_reservation = 0.0
client_limit = 3000.0
client_weight = 6.0

[client.1]
client_count = 1
client_wait = 0
client_total_ops = 600000
client_server_select_range = 10
client_iops_goal = 2000
client_outstanding_ops = 100
client_reservation = 0.0
client_limit = 1500.0
client_weight = 3.0

[client.2]
client_count = 1
client_wait = 0
client_total_ops = 600000
client_server_select_range = 20
client_iops_goal = 3000
client_outstanding_ops = 5
client_reservation = 0.0
client_limit = 500.0
client_weight = 1.0

[server.0]
server_count = 1
server_iops = 8000
server_threads = 1

simulation started
simulation completed in 1200055 millisecs
==== Client Data ====
     client:       0       1       2  total
        t_0: 3000.00 1500.00  500.00 5000.00
        t_1: 3000.00 1500.00  500.00 5000.00
        t_2: 3000.00 1500.50  500.00 5000.50
        t_3: 3000.00 1499.50  500.00 4999.50
        t_4: 3000.00 1500.50  500.00 5000.50
        t_5: 3000.50 1500.00  500.00 5000.50
        t_6: 3000.50 1500.00  500.00 5000.50
        t_7: 3000.00 1500.50  500.00 5000.50
        t_8: 3000.00 1500.00  500.00 5000.00
        t_9: 2995.00 1497.00  499.50 4991.50
       t_10:    4.00 1503.50  500.50 2008.00
       t_11:    0.00 1500.00  500.00 2000.00
       t_12:    0.00 1500.00  500.00 2000.00
       t_13:    0.00 1500.00  500.00 2000.00
       t_14:    0.00 1500.00  500.00 2000.00
       t_15:  250.50 1500.50  499.50 2250.50
       t_16: 2995.50 1499.50  500.00 4995.00
       t_17: 2994.50 1500.50  500.00 4995.00
       t_18: 2979.00 1500.00  500.00 4979.00
       t_19: 3032.00 1500.00  500.00 5032.00
       t_20: 2999.50 1500.50  500.00 5000.00
       t_21: 3000.50 1500.00  500.00 5000.50
       t_22: 3000.50 1500.00  500.00 5000.50
       t_23: 2999.00 1500.00  500.00 4999.00
       t_24: 3001.50 1500.00  500.00 5001.50
       t_25: 2747.50 1500.50  500.00 4748.00
       t_26:    0.00 1500.00  500.00 2000.00
       t_27:    0.00 1500.00  500.00 2000.00
       t_28:    0.00 1500.50  500.00 2000.50
       t_29:    0.00 1500.00  500.00 2000.00
       t_30:    0.00 1500.00  500.00 2000.00
       t_31:  501.00 1500.00  500.00 2501.00
       t_32: 3000.50 1500.00  500.00 5000.50
       t_33: 3000.50 1500.00  500.00 5000.50
       t_34: 3000.50 1500.00  499.50 5000.00
       t_35: 2970.00 1500.00  500.00 4970.00
       t_36: 2957.00 1500.50  500.00 4957.50
       t_37: 2985.50 1500.00  500.00 4985.50
       t_38: 3053.00 1500.00  500.00 5053.00
       t_39: 3035.50 1500.50  500.00 5036.00
       t_40: 2999.50 1500.00  500.00 4999.50
       t_41: 2497.00 1500.00  500.00 4497.00
       t_42:    0.00 1500.50  500.00 2000.50
       t_43:    0.00 1500.00  500.00 2000.00
       t_44:    0.00 1500.00  500.00 2000.00
       t_45:    0.00 1500.00  500.00 2000.00
       t_46:    0.00 1500.00  500.00 2000.00
       t_47:  753.00 1500.00  500.00 2753.00
       t_48: 3000.00 1500.00  500.00 5000.00
       t_49: 3000.00 1500.50  500.00 5000.50
       t_50: 3000.00 1500.00  500.00 5000.00
       t_51: 3000.50 1500.00  500.00 5000.50
       t_52: 3000.00 1500.00  500.00 5000.00
       t_53: 3000.00 1500.50  500.00 5000.50
       t_54: 3000.50 1500.00  500.00 5000.50
       t_55: 3000.50 1500.00  499.50 5000.00
       t_56: 3000.00 1500.00  500.50 5000.50
       t_57: 2245.50 1500.50  499.50 4245.50
       t_58:    0.00 1500.00  500.00 2000.00
       t_59:    0.00 1500.00  500.00 2000.00
       t_60:    0.00 1500.50  500.00 2000.50
       t_61:    0.00 1500.00  500.00 2000.00
       t_62:    0.00 1500.00  500.00 2000.00
       t_63: 1004.50 1500.00  500.00 3004.50
       t_64: 3000.00 1500.00  500.00 5000.00
       t_65: 3000.50 1500.00  500.00 5000.50
       t_66: 3000.00 1500.00  500.00 5000.00
       t_67: 3000.00 1500.50  500.00 5000.50
       t_68: 3000.00 1500.00  500.00 5000.00
       t_69: 3000.50 1500.00  500.00 5000.50
       t_70: 3000.50 1500.00  500.00 5000.50
       t_71: 2997.00 1500.00  500.00 4997.00
       t_72: 3003.00 1500.50  500.00 5003.50
       t_73: 1994.00 1500.00  500.00 3994.00
       t_74:    0.00 1500.50  500.00 2000.50
       t_75:    0.00 1500.00  500.00 2000.00
       t_76:    0.00 1500.00  500.00 2000.00
       t_77:    0.00 1500.00  500.00 2000.00
       t_78:    0.00 1500.00  500.00 2000.00
       t_79: 1256.00 1500.00  499.50 3255.50
       t_80: 3000.00 1500.00  500.00 5000.00
       t_81: 3000.00 1500.50  500.00 5000.50
       t_82: 3000.50 1500.00  500.00 5000.50
       t_83: 3000.50 1500.00  500.00 5000.50
       t_84: 3000.00 1500.00  500.00 5000.00
       t_85: 3000.00 1500.50  500.00 5000.50
       t_86: 3000.00 1500.00  500.00 5000.00
       t_87: 3000.50 1500.00  500.00 5000.50
       t_88: 2976.50 1500.00  500.00 4976.50
       t_89: 1766.00 1500.50  500.00 3766.50
       t_90:    0.00 1500.00  500.00 2000.00
       t_91:    0.00 1500.00  500.00 2000.00
       t_92:    0.00 1500.00  500.00 2000.00
       t_93:    0.00 1500.50  500.00 2000.50
       t_94:    0.00 1500.00  500.00 2000.00
       t_95: 1486.00 1499.50  500.00 3485.50
       t_96: 3000.00 1500.50  499.50 5000.00
       t_97: 3000.50 1500.00  500.00 5000.50
       t_98: 3000.00 1500.00  500.50 5000.50
       t_99: 3000.50 1500.50  499.50 5000.50
      t_100: 3000.00 1500.00  500.00 5000.00
      t_101: 3000.00 1500.00  500.00 5000.00
      t_102: 3000.50 1500.00  500.00 5000.50
      t_103: 3000.00 1500.50  500.00 5000.50
      t_104: 3000.50 1500.00  500.00 5000.50
      t_105: 1512.00 1500.00  500.00 3512.00
      t_106:    0.00 1500.50  500.00 2000.50
      t_107:    0.00 1500.00  500.00 2000.00
      t_108:    0.00 1500.00  500.00 2000.00
      t_109:    0.00 1500.00  500.00 2000.00
      t_110:    0.00 1500.00  500.00 2000.00
      t_111: 1737.00 1500.00  500.00 3737.00
      t_112: 3000.00 1500.50  500.00 5000.50
      t_113: 3000.00 1500.00  500.00 5000.00
      t_114: 3000.50 1500.00  500.00 5000.50
      t_115: 3000.50 1500.00  500.00 5000.50
      t_116: 2978.00 1500.00  500.00 4978.00
      t_117: 2999.00 1500.50  500.00 4999.50
      t_118: 3016.00 1500.00  499.50 5015.50
      t_119: 3007.50 1500.00  500.50 5008.00
      t_120: 3000.50 1500.00  499.50 5000.00
      t_121: 1261.00 1500.50  500.00 3261.50
      t_122:    0.00 1500.00  500.50 2000.50
      t_123:    0.00 1500.00  499.50 1999.50
      t_124:    0.00 1500.00  500.00 2000.00
      t_125:    0.00 1500.50  500.00 2000.50
      t_126:    0.00 1500.00  500.00 2000.00
      t_127: 1966.50 1500.00  500.00 3966.50
      t_128: 3022.00 1500.00  500.00 5022.00
      t_129: 3000.50 1500.00  500.00 5000.50
      t_130: 3000.50 1500.00  500.00 5000.50
      t_131: 2999.50 1500.50  500.00 5000.00
      t_132: 3000.00 1500.00  500.00 5000.00
      t_133: 2998.00 1500.00  500.00 4998.00
      t_134: 3003.00 1500.00  500.00 5003.00
      t_135: 3000.00 1500.00  500.00 5000.00
      t_136: 3000.00 1500.50  500.00 5000.50
      t_137: 1010.00 1500.00  500.00 3010.00
      t_138:    0.00 1500.50  500.00 2000.50
      t_139:    0.00 1500.00  500.00 2000.00
      t_140:    0.00 1500.00  500.00 2000.00
      t_141:    0.00 1500.00  500.00 2000.00
      t_142:    0.00 1500.00  500.00 2000.00
      t_143: 2239.00 1500.00  499.50 4238.50
      t_144: 3000.50 1500.50  500.00 5001.00
      t_145: 3000.00 1500.00  500.00 5000.00
      t_146: 2964.50 1500.00  500.00 4964.50
      t_147: 2988.50 1500.00  500.00 4988.50
      t_148: 3010.50 1500.00  500.00 5010.50
      t_149: 3012.00 1500.50  500.00 5012.50
      t_150: 3024.50 1500.00  500.00 5024.50
      t_151: 3001.50 1500.00  500.00 5001.50
      t_152: 3000.50 1500.00  500.00 5000.50
      t_153:  758.00 1500.50  500.00 2758.50
      t_154:    0.00 1500.00  500.00 2000.00
      t_155:    0.00 1500.00  500.00 2000.00
      t_156:    0.00 1500.00  500.00 2000.00
      t_157:    0.00 1500.50  500.00 2000.50
      t_158:    0.00 1500.00  500.00 2000.00
      t_159:    0.00 1500.00  500.00 2000.00
      t_160:    0.00 1500.00  500.00 2000.00
      t_161:    0.00 1500.00  500.00 2000.00
      t_162:    0.00 1500.50  500.00 2000.50
      t_163:    0.00 1500.00  500.00 2000.00
      t_164:    0.00 1500.00  500.00 2000.00
      t_165:    0.00 1500.00  499.50 1999.50
      t_166:    0.00 1500.50  500.00 2000.50
      t_167:    0.00 1500.00  500.00 2000.00
      t_168:    0.00 1500.00  500.00 2000.00
      t_169:    0.00 1500.00  500.00 2000.00
      t_170:    0.00 1500.00  500.00 2000.00
      t_171:    0.00 1500.50  500.00 2000.50
      t_172:    0.00 1500.00  500.00 2000.00
      t_173:    0.00 1500.00  500.00 2000.00
      t_174:    0.00 1500.00  500.00 2000.00
      t_175:    0.00 1500.50  500.00 2000.50
      t_176:    0.00 1500.00  500.00 2000.00
      t_177:    0.00 1500.00  500.00 2000.00
      t_178:    0.00 1500.00  500.00 2000.00
      t_179:    0.00 1500.00  500.00 2000.00
      t_180:    0.00 1500.50  500.00 2000.50
      t_181:    0.00 1500.00  500.00 2000.00
      t_182:    0.00 1500.00  500.00 2000.00
      t_183:    0.00 1500.00  500.00 2000.00
      t_184:    0.00 1500.50  500.00 2000.50
      t_185:    0.00 1499.50  500.00 1999.50
      t_186:    0.00 1500.50  500.00 2000.50
      t_187:    0.00 1500.00  499.50 1999.50
      t_188:    0.00 1500.00  500.00 2000.00
      t_189:    0.00 1500.50  500.00 2000.50
      t_190:    0.00 1500.00  500.00 2000.00
      t_191:    0.00 1500.00  500.00 2000.00
      t_192:    0.00 1500.00  500.00 2000.00
      t_193:    0.00 1500.00  500.00 2000.00
      t_194:    0.00 1500.50  500.00 2000.50
      t_195:    0.00 1500.00  500.00 2000.00
      t_196:    0.00 1500.00  500.00 2000.00
      t_197:    0.00 1500.00  500.00 2000.00
      t_198:    0.00 1500.50  500.00 2000.50
      t_199:    0.00 1478.00  500.00 1978.00
      t_200:    0.00    0.00  500.00  500.00
      t_201:    0.00    0.00  500.00  500.00
      t_202:    0.00    0.00  500.00  500.00
      t_203:    0.00    0.00  500.00  500.00
      t_204:    0.00    0.00  500.00  500.00
      t_205:    0.00    0.00  500.00  500.00
      t_206:    0.00    0.00  500.00  500.00
      t_207:    0.00    0.00  499.50  499.50
      t_208:    0.00    0.00  500.00  500.00
      t_209:    0.00    0.00  500.00  500.00
      t_210:    0.00    0.00  500.00  500.00
      t_211:    0.00    0.00  500.00  500.00
      t_212:    0.00    0.00  500.00  500.00
      t_213:    0.00    0.00  500.00  500.00
      t_214:    0.00    0.00  500.00  500.00
      t_215:    0.00    0.00  500.00  500.00
      t_216:    0.00    0.00  500.00  500.00
      t_217:    0.00    0.00  500.00  500.00
      t_218:    0.00    0.00  500.00  500.00
      t_219:    0.00    0.00  500.00  500.00
      t_220:    0.00    0.00  500.00  500.00
      t_221:    0.00    0.00  500.00  500.00
      t_222:    0.00    0.00  500.00  500.00
      t_223:    0.00    0.00  500.00  500.00
      t_224:    0.00    0.00  500.00  500.00
      t_225:    0.00    0.00  500.00  500.00
      t_226:    0.00    0.00  500.00  500.00
      t_227:    0.00    0.00  500.00  500.00
      t_228:    0.00    0.00  499.50  499.50
      t_229:    0.00    0.00  500.00  500.00
      t_230:    0.00    0.00  500.00  500.00
      t_231:    0.00    0.00  500.00  500.00
      t_232:    0.00    0.00  500.00  500.00
      t_233:    0.00    0.00  500.00  500.00
      t_234:    0.00    0.00  500.00  500.00
      t_235:    0.00    0.00  500.00  500.00
      t_236:    0.00    0.00  500.00  500.00
      t_237:    0.00    0.00  500.00  500.00
      t_238:    0.00    0.00  500.00  500.00
      t_239:    0.00    0.00  500.00  500.00
      t_240:    0.00    0.00  500.00  500.00
      t_241:    0.00    0.00  500.00  500.00
      t_242:    0.00    0.00  500.00  500.00
      t_243:    0.00    0.00  500.00  500.00
      t_244:    0.00    0.00  500.00  500.00
      t_245:    0.00    0.00  500.00  500.00
      t_246:    0.00    0.00  500.00  500.00
      t_247:    0.00    0.00  500.00  500.00
      t_248:    0.00    0.00  500.00  500.00
      t_249:    0.00    0.00  499.50  499.50
      t_250:    0.00    0.00  500.00  500.00
      t_251:    0.00    0.00  500.00  500.00
      t_252:    0.00    0.00  500.00  500.00
      t_253:    0.00    0.00  500.00  500.00
      t_254:    0.00    0.00  500.00  500.00
      t_255:    0.00    0.00  500.00  500.00
      t_256:    0.00    0.00  500.00  500.00
      t_257:    0.00    0.00  500.00  500.00
      t_258:    0.00    0.00  500.00  500.00
      t_259:    0.00    0.00  500.00  500.00
      t_260:    0.00    0.00  500.00  500.00
      t_261:    0.00    0.00  500.00  500.00
      t_262:    0.00    0.00  500.00  500.00
      t_263:    0.00    0.00  500.00  500.00
      t_264:    0.00    0.00  500.00  500.00
      t_265:    0.00    0.00  500.00  500.00
      t_266:    0.00    0.00  500.00  500.00
      t_267:    0.00    0.00  500.00  500.00
      t_268:    0.00    0.00  500.00  500.00
      t_269:    0.00    0.00  500.00  500.00
      t_270:    0.00    0.00  500.00  500.00
      t_271:    0.00    0.00  499.50  499.50
      t_272:    0.00    0.00  500.00  500.00
      t_273:    0.00    0.00  500.00  500.00
      t_274:    0.00    0.00  500.00  500.00
      t_275:    0.00    0.00  500.00  500.00
      t_276:    0.00    0.00  500.00  500.00
      t_277:    0.00    0.00  500.00  500.00
      t_278:    0.00    0.00  500.00  500.00
      t_279:    0.00    0.00  500.00  500.00
      t_280:    0.00    0.00  500.00  500.00
      t_281:    0.00    0.00  500.00  500.00
      t_282:    0.00    0.00  500.00  500.00
      t_283:    0.00    0.00  500.00  500.00
      t_284:    0.00    0.00  500.00  500.00
      t_285:    0.00    0.00  500.00  500.00
      t_286:    0.00    0.00  500.00  500.00
      t_287:    0.00    0.00  500.00  500.00
      t_288:    0.00    0.00  500.00  500.00
      t_289:    0.00    0.00  500.00  500.00
      t_290:    0.00    0.00  500.00  500.00
      t_291:    0.00    0.00  500.00  500.00
      t_292:    0.00    0.00  499.50  499.50
      t_293:    0.00    0.00  500.00  500.00
      t_294:    0.00    0.00  500.00  500.00
      t_295:    0.00    0.00  500.00  500.00
      t_296:    0.00    0.00  500.00  500.00
      t_297:    0.00    0.00  500.00  500.00
      t_298:    0.00    0.00  500.00  500.00
      t_299:    0.00    0.00  500.00  500.00
      t_300:    0.00    0.00  500.00  500.00
      t_301:    0.00    0.00  500.00  500.00
      t_302:    0.00    0.00  500.00  500.00
      t_303:    0.00    0.00  500.00  500.00
      t_304:    0.00    0.00  500.00  500.00
      t_305:    0.00    0.00  500.00  500.00
      t_306:    0.00    0.00  500.00  500.00
      t_307:    0.00    0.00  500.00  500.00
      t_308:    0.00    0.00  500.00  500.00
      t_309:    0.00    0.00  500.00  500.00
      t_310:    0.00    0.00  500.00  500.00
      t_311:    0.00    0.00  500.00  500.00
      t_312:    0.00    0.00  500.00  500.00
      t_313:    0.00    0.00  499.50  499.50
      t_314:    0.00    0.00  500.00  500.00
      t_315:    0.00    0.00  500.00  500.00
      t_316:    0.00    0.00  500.00  500.00
      t_317:    0.00    0.00  500.00  500.00
      t_318:    0.00    0.00  500.00  500.00
      t_319:    0.00    0.00  500.00  500.00
      t_320:    0.00    0.00  500.00  500.00
      t_321:    0.00    0.00  500.00  500.00
      t_322:    0.00    0.00  500.00  500.00
      t_323:    0.00    0.00  500.00  500.00
      t_324:    0.00    0.00  500.00  500.00
      t_325:    0.00    0.00  500.00  500.00
      t_326:    0.00    0.00  500.00  500.00
      t_327:    0.00    0.00  500.00  500.00
      t_328:    0.00    0.00  500.00  500.00
      t_329:    0.00    0.00  500.00  500.00
      t_330:    0.00    0.00  500.00  500.00
      t_331:    0.00    0.00  500.00  500.00
      t_332:    0.00    0.00  500.00  500.00
      t_333:    0.00    0.00  500.00  500.00
      t_334:    0.00    0.00  500.00  500.00
      t_335:    0.00    0.00  500.00  500.00
      t_336:    0.00    0.00  499.50  499.50
      t_337:    0.00    0.00  500.00  500.00
      t_338:    0.00    0.00  500.00  500.00
      t_339:    0.00    0.00  500.00  500.00
      t_340:    0.00    0.00  500.00  500.00
      t_341:    0.00    0.00  500.00  500.00
      t_342:    0.00    0.00  500.00  500.00
      t_343:    0.00    0.00  500.00  500.00
      t_344:    0.00    0.00  500.00  500.00
      t_345:    0.00    0.00  500.00  500.00
      t_346:    0.00    0.00  500.00  500.00
      t_347:    0.00    0.00  500.00  500.00
      t_348:    0.00    0.00  500.00  500.00
      t_349:    0.00    0.00  500.00  500.00
      t_350:    0.00    0.00  500.00  500.00
      t_351:    0.00    0.00  500.00  500.00
      t_352:    0.00    0.00  500.00  500.00
      t_353:    0.00    0.00  500.00  500.00
      t_354:    0.00    0.00  500.00  500.00
      t_355:    0.00    0.00  500.00  500.00
      t_356:    0.00    0.00  499.50  499.50
      t_357:    0.00    0.00  500.00  500.00
      t_358:    0.00    0.00  500.00  500.00
      t_359:    0.00    0.00  500.00  500.00
      t_360:    0.00    0.00  500.00  500.00
      t_361:    0.00    0.00  500.00  500.00
      t_362:    0.00    0.00  500.00  500.00
      t_363:    0.00    0.00  500.00  500.00
      t_364:    0.00    0.00  500.00  500.00
      t_365:    0.00    0.00  500.00  500.00
      t_366:    0.00    0.00  500.00  500.00
      t_367:    0.00    0.00  500.00  500.00
      t_368:    0.00    0.00  500.00  500.00
      t_369:    0.00    0.00  500.00  500.00
      t_370:    0.00    0.00  500.00  500.00
      t_371:    0.00    0.00  500.00  500.00
      t_372:    0.00    0.00  500.00  500.00
      t_373:    0.00    0.00  500.00  500.00
      t_374:    0.00    0.00  500.00  500.00
      t_375:    0.00    0.00  500.00  500.00
      t_376:    0.00    0.00  500.00  500.00
      t_377:    0.00    0.00  500.00  500.00
      t_378:    0.00    0.00  499.50  499.50
      t_379:    0.00    0.00  500.00  500.00
      t_380:    0.00    0.00  500.00  500.00
      t_381:    0.00    0.00  500.00  500.00
      t_382:    0.00    0.00  500.00  500.00
      t_383:    0.00    0.00  500.00  500.00
      t_384:    0.00    0.00  500.00  500.00
      t_385:    0.00    0.00  500.00  500.00
      t_386:    0.00    0.00  500.00  500.00
      t_387:    0.00    0.00  500.00  500.00
      t_388:    0.00    0.00  500.00  500.00
      t_389:    0.00    0.00  500.00  500.00
      t_390:    0.00    0.00  500.00  500.00
      t_391:    0.00    0.00  500.00  500.00
      t_392:    0.00    0.00  500.00  500.00
      t_393:    0.00    0.00  500.00  500.00
      t_394:    0.00    0.00  500.00  500.00
      t_395:    0.00    0.00  500.00  500.00
      t_396:    0.00    0.00  500.00  500.00
      t_397:    0.00    0.00  500.00  500.00
      t_398:    0.00    0.00  500.00  500.00
      t_399:    0.00    0.00  499.50  499.50
      t_400:    0.00    0.00  500.00  500.00
      t_401:    0.00    0.00  500.00  500.00
      t_402:    0.00    0.00  500.00  500.00
      t_403:    0.00    0.00  500.00  500.00
      t_404:    0.00    0.00  500.00  500.00
      t_405:    0.00    0.00  500.00  500.00
      t_406:    0.00    0.00  500.00  500.00
      t_407:    0.00    0.00  500.00  500.00
      t_408:    0.00    0.00  500.00  500.00
      t_409:    0.00    0.00  500.00  500.00
      t_410:    0.00    0.00  500.00  500.00
      t_411:    0.00    0.00  500.00  500.00
      t_412:    0.00    0.00  500.00  500.00
      t_413:    0.00    0.00  500.00  500.00
      t_414:    0.00    0.00  500.00  500.00
      t_415:    0.00    0.00  500.00  500.00
      t_416:    0.00    0.00  500.00  500.00
      t_417:    0.00    0.00  500.00  500.00
      t_418:    0.00    0.00  500.00  500.00
      t_419:    0.00    0.00  500.00  500.00
      t_420:    0.00    0.00  499.50  499.50
      t_421:    0.00    0.00  500.50  500.50
      t_422:    0.00    0.00  499.50  499.50
      t_423:    0.00    0.00  500.00  500.00
      t_424:    0.00    0.00  500.00  500.00
      t_425:    0.00    0.00  500.00  500.00
      t_426:    0.00    0.00  500.00  500.00
      t_427:    0.00    0.00  500.00  500.00
      t_428:    0.00    0.00  500.00  500.00
      t_429:    0.00    0.00  500.00  500.00
      t_430:    0.00    0.00  500.00  500.00
      t_431:    0.00    0.00  500.00  500.00
      t_432:    0.00    0.00  500.00  500.00
      t_433:    0.00    0.00  500.00  500.00
      t_434:    0.00    0.00  500.00  500.00
      t_435:    0.00    0.00  500.00  500.00
      t_436:    0.00    0.00  500.00  500.00
      t_437:    0.00    0.00  500.00  500.00
      t_438:    0.00    0.00  500.00  500.00
      t_439:    0.00    0.00  500.00  500.00
      t_440:    0.00    0.00  500.00  500.00
      t_441:    0.00    0.00  500.00  500.00
      t_442:    0.00    0.00  499.50  499.50
      t_443:    0.00    0.00  500.00  500.00
      t_444:    0.00    0.00  500.00  500.00
      t_445:    0.00    0.00  500.00  500.00
      t_446:    0.00    0.00  500.00  500.00
      t_447:    0.00    0.00  500.00  500.00
      t_448:    0.00    0.00  500.00  500.00
      t_449:    0.00    0.00  500.00  500.00
      t_450:    0.00    0.00  500.00  500.00
      t_451:    0.00    0.00  500.00  500.00
      t_452:    0.00    0.00  500.00  500.00
      t_453:    0.00    0.00  500.00  500.00
      t_454:    0.00    0.00  500.00  500.00
      t_455:    0.00    0.00  500.00  500.00
      t_456:    0.00    0.00  500.00  500.00
      t_457:    0.00    0.00  500.00  500.00
      t_458:    0.00    0.00  500.00  500.00
      t_459:    0.00    0.00  500.00  500.00
      t_460:    0.00    0.00  500.00  500.00
      t_461:    0.00    0.00  500.00  500.00
      t_462:    0.00    0.00  500.00  500.00
      t_463:    0.00    0.00  499.50  499.50
      t_464:    0.00    0.00  500.00  500.00
      t_465:    0.00    0.00  500.00  500.00
      t_466:    0.00    0.00  500.00  500.00
      t_467:    0.00    0.00  500.00  500.00
      t_468:    0.00    0.00  500.00  500.00
      t_469:    0.00    0.00  500.00  500.00
      t_470:    0.00    0.00  500.00  500.00
      t_471:    0.00    0.00  500.00  500.00
      t_472:    0.00    0.00  500.00  500.00
      t_473:    0.00    0.00  500.00  500.00
      t_474:    0.00    0.00  500.00  500.00
      t_475:    0.00    0.00  500.00  500.00
      t_476:    0.00    0.00  500.00  500.00
      t_477:    0.00    0.00  500.00  500.00
      t_478:    0.00    0.00  500.00  500.00
      t_479:    0.00    0.00  500.00  500.00
      t_480:    0.00    0.00  500.00  500.00
      t_481:    0.00    0.00  500.00  500.00
      t_482:    0.00    0.00  500.00  500.00
      t_483:    0.00    0.00  500.00  500.00
      t_484:    0.00    0.00  499.50  499.50
      t_485:    0.00    0.00  500.00  500.00
      t_486:    0.00    0.00  500.00  500.00
      t_487:    0.00    0.00  500.00  500.00
      t_488:    0.00    0.00  500.00  500.00
      t_489:    0.00    0.00  500.00  500.00
      t_490:    0.00    0.00  500.00  500.00
      t_491:    0.00    0.00  500.00  500.00
      t_492:    0.00    0.00  500.00  500.00
      t_493:    0.00    0.00  500.00  500.00
      t_494:    0.00    0.00  500.00  500.00
      t_495:    0.00    0.00  500.00  500.00
      t_496:    0.00    0.00  500.00  500.00
      t_497:    0.00    0.00  500.00  500.00
      t_498:    0.00    0.00  500.00  500.00
      t_499:    0.00    0.00  500.00  500.00
      t_500:    0.00    0.00  500.00  500.00
      t_501:    0.00    0.00  500.00  500.00
      t_502:    0.00    0.00  500.00  500.00
      t_503:    0.00    0.00  500.00  500.00
      t_504:    0.00    0.00  500.00  500.00
      t_505:    0.00    0.00  500.00  500.00
      t_506:    0.00    0.00  499.50  499.50
      t_507:    0.00    0.00  500.00  500.00
      t_508:    0.00    0.00  500.00  500.00
      t_509:    0.00    0.00  500.00  500.00
      t_510:    0.00    0.00  500.00  500.00
      t_511:    0.00    0.00  500.00  500.00
      t_512:    0.00    0.00  500.00  500.00
      t_513:    0.00    0.00  500.00  500.00
      t_514:    0.00    0.00  500.00  500.00
      t_515:    0.00    0.00  500.00  500.00
      t_516:    0.00    0.00  500.00  500.00
      t_517:    0.00    0.00  500.00  500.00
      t_518:    0.00    0.00  500.00  500.00
      t_519:    0.00    0.00  500.00  500.00
      t_520:    0.00    0.00  500.00  500.00
      t_521:    0.00    0.00  500.00  500.00
      t_522:    0.00    0.00  500.00  500.00
      t_523:    0.00    0.00  500.00  500.00
      t_524:    0.00    0.00  500.00  500.00
      t_525:    0.00    0.00  500.00  500.00
      t_526:    0.00    0.00  500.00  500.00
      t_527:    0.00    0.00  499.50  499.50
      t_528:    0.00    0.00  500.00  500.00
      t_529:    0.00    0.00  500.00  500.00
      t_530:    0.00    0.00  500.00  500.00
      t_531:    0.00    0.00  500.00  500.00
      t_532:    0.00    0.00  500.00  500.00
      t_533:    0.00    0.00  500.00  500.00
      t_534:    0.00    0.00  500.00  500.00
      t_535:    0.00    0.00  500.00  500.00
      t_536:    0.00    0.00  500.00  500.00
      t_537:    0.00    0.00  500.00  500.00
      t_538:    0.00    0.00  500.00  500.00
      t_539:    0.00    0.00  500.00  500.00
      t_540:    0.00    0.00  500.00  500.00
      t_541:    0.00    0.00  500.00  500.00
      t_542:    0.00    0.00  500.00  500.00
      t_543:    0.00    0.00  500.00  500.00
      t_544:    0.00    0.00  500.00  500.00
      t_545:    0.00    0.00  500.00  500.00
      t_546:    0.00    0.00  500.00  500.00
      t_547:    0.00    0.00  500.00  500.00
      t_548:    0.00    0.00  500.00  500.00
      t_549:    0.00    0.00  499.50  499.50
      t_550:    0.00    0.00  500.00  500.00
      t_551:    0.00    0.00  500.00  500.00
      t_552:    0.00    0.00  500.00  500.00
      t_553:    0.00    0.00  500.00  500.00
      t_554:    0.00    0.00  500.00  500.00
      t_555:    0.00    0.00  500.00  500.00
      t_556:    0.00    0.00  500.00  500.00
      t_557:    0.00    0.00  500.00  500.00
      t_558:    0.00    0.00  500.00  500.00
      t_559:    0.00    0.00  500.00  500.00
      t_560:    0.00    0.00  500.00  500.00
      t_561:    0.00    0.00  500.00  500.00
      t_562:    0.00    0.00  500.00  500.00
      t_563:    0.00    0.00  500.00  500.00
      t_564:    0.00    0.00  500.00  500.00
      t_565:    0.00    0.00  500.00  500.00
      t_566:    0.00    0.00  500.00  500.00
      t_567:    0.00    0.00  500.00  500.00
      t_568:    0.00    0.00  500.00  500.00
      t_569:    0.00    0.00  500.00  500.00
      t_570:    0.00    0.00  499.50  499.50
      t_571:    0.00    0.00  500.00  500.00
      t_572:    0.00    0.00  500.00  500.00
      t_573:    0.00    0.00  500.00  500.00
      t_574:    0.00    0.00  500.00  500.00
      t_575:    0.00    0.00  500.00  500.00
      t_576:    0.00    0.00  500.00  500.00
      t_577:    0.00    0.00  500.00  500.00
      t_578:    0.00    0.00  500.00  500.00
      t_579:    0.00    0.00  500.00  500.00
      t_580:    0.00    0.00  500.00  500.00
      t_581:    0.00    0.00  500.00  500.00
      t_582:    0.00    0.00  500.00  500.00
      t_583:    0.00    0.00  500.00  500.00
      t_584:    0.00    0.00  500.00  500.00
      t_585:    0.00    0.00  500.00  500.00
      t_586:    0.00    0.00  500.00  500.00
      t_587:    0.00    0.00  500.00  500.00
      t_588:    0.00    0.00  500.00  500.00
      t_589:    0.00    0.00  500.00  500.00
      t_590:    0.00    0.00  500.00  500.00
      t_591:    0.00    0.00  500.00  500.00
      t_592:    0.00    0.00  499.50  499.50
      t_593:    0.00    0.00  500.00  500.00
      t_594:    0.00    0.00  500.00  500.00
      t_595:    0.00    0.00  500.00  500.00
      t_596:    0.00    0.00  500.00  500.00
      t_597:    0.00    0.00  500.00  500.00
      t_598:    0.00    0.00  500.00  500.00
      t_599:    0.00    0.00  500.00  500.00
      t_600:    0.00    0.00   14.00   14.00
      t_601:    0.00    0.00    0.00    0.00
    res_ops:       0       0       0       0
   prop_ops:  600000  600000  600000 1800000
total time to track responses: 3875401460 nanoseconds;
    count: 1800000;
    average: 2153.00 nanoseconds per request/response
total time to get request parameters: 4076362575 nanoseconds;
    count: 1800000;
    average: 2264.65 nanoseconds per request/response

client timing for QOS algorithm: 4417.65 nanoseconds per request/response
client 0's 95th latency: 1744, 25279, 26709
client 0's 99th latency: 3599, 41198, 42681
client 0's max latency: 63214, 141615, 142725
client 0's average latency: 1059, 30744573453842, 30744573454902

client 1's 95th latency: 3738, 26053, 28177
client 1's 99th latency: 3939, 46264, 48382
client 1's max latency: 77884, 478202, 479652
client 1's average latency: 1775, 1216, 2992

client 2's 95th latency: 3905, 49885, 53994
client 2's 99th latency: 4103, 71233, 75324
client 2's max latency: 85283, 920202, 923862
client 2's average latency: 30744573452647, 30744573453381, 822


==== Server Data ====
     server:       0   total
    res_ops:       0       0
   prop_ops: 1800000 1800000

 k-way heap: 2

total time to add requests: 29950252359 nanoseconds;
    count: 1800000;
    average: 16639.03 nanoseconds per request/response
total time to note requests complete: 12944038639 nanoseconds;
    count: 1800000;
    average: 7191.13 nanoseconds per request/response

server timing for QOS algorithm: 23830.16 nanoseconds per request/response