        t_0: 2468.00 2468.00
        t_1: 2471.00 2471.00
        t_2: 2533.50 2533.50
        t_3: 2533.00 2533.00
        t_4: 2532.00 2532.00
        t_5: 2529.00 2529.00
        t_6: 2408.00 2408.00
        t_7: 2409.50 2409.50
        t_8: 2410.50 2410.50
        t_9: 2411.00 2411.00
       t_10: 2408.50 2408.50
       t_11: 2407.50 2407.50
       t_12: 2196.50 2196.50
       t_13: 2146.00 2146.00
       t_14: 2150.50 2150.50
       t_15: 2144.00 2144.00
       t_16: 2151.00 2151.00
       t_17: 2151.50 2151.50
       t_18: 2150.50 2150.50
       t_19: 2149.50 2149.50
       t_20: 2151.50 2151.50
       t_21: 2339.00 2339.00
       t_22: 2530.00 2530.00
       t_23: 2531.00 2531.00
       t_24: 2528.00 2528.00
       t_25: 2532.50 2532.50
       t_26: 2530.00 2530.00
       t_27: 2526.50 2526.50
       t_28: 2529.50 2529.50
       t_29: 2530.00 2530.00
       t_30: 2524.00 2524.00
       t_31:  987.00  987.00
       t_32:    0.00    0.00