        t_0: 4175.50 4175.50
        t_1: 4929.50 4929.50
        t_2: 5065.50 5065.50
        t_3: 4180.00 4180.00
        t_4: 3999.50 3999.50
        t_5: 3927.50 3927.50
        t_6: 3852.50 3852.50
        t_7: 2584.00 2584.00
        t_8: 2581.50 2581.50
        t_9: 2586.00 2586.00
       t_10: 2587.00 2587.00
       t_11: 2587.50 2587.50
       t_12: 2587.50 2587.50
       t_13: 2587.50 2587.50
       t_14: 3383.50 3383.50
       t_15: 5110.50 5110.50
       t_16: 5107.00 5107.00
       t_17: 5106.50 5106.50
       t_18: 5116.50 5116.50
       t_19: 2945.00 2945.00
       t_20:    0.00    0.00