        t_0: 5039.00 5039.00
        t_1: 5079.00 5079.00
        t_2: 4984.50 4984.50
        t_3: 5032.50 5032.50
        t_4: 4922.00 4922.00
        t_5: 4880.50 4880.50
        t_6:   63.00   63.00
        t_7:    0.00    0.00
        t_8:    0.00    0.00
        t_9:    0.00    0.00
       t_10:    0.00    0.00
       t_11:    0.00    0.00
       t_12: 4924.50 4924.50
       t_13: 5004.50 5004.50
       t_14: 4872.00 4872.00
       t_15: 4883.00 4883.00
       t_16: 4875.50 4875.50
       t_17: 4932.00 4932.00
       t_18:  508.50  508.50
       t_19:    0.00    0.00
       t_20:    0.00    0.00
       t_21:    0.00    0.00
       t_22:    0.00    0.00
       t_23:    0.00    0.00
       t_24: 4539.00 4539.00
       t_25: 5010.50 5010.50
       t_26: 4885.00 4885.00
       t_27: 4940.50 4940.50
       t_28: 4909.00 4909.00
       t_29: 5086.00 5086.00
       t_30:  630.00  630.00
       t_31:    0.00    0.00
       t_32:    0.00    0.00
       t_33:    0.00    0.00
       t_34:    0.00    0.00
       t_35:    0.00    0.00
       t_36: 4325.50 4325.50
       t_37: 4881.00 4881.00
       t_38: 4879.00 4879.00
       t_39: 4958.50 4958.50
       t_40: 5084.50 5084.50
       t_41: 5088.00 5088.00
       t_42:  783.50  783.50
       t_43:    0.00    0.00
       t_44:    0.00    0.00
       t_45:    0.00    0.00
       t_46:    0.00    0.00
       t_47:    0.00    0.00
       t_48: 4282.50 4282.50
       t_49: 5081.50 5081.50
       t_50: 5070.00 5070.00
       t_51: 4885.00 4885.00
       t_52: 4885.00 4885.00
       t_53: 4882.50 4882.50
       t_54:  913.00  913.00
       t_55:    0.00    0.00