        t_0: 4974.50 4974.50
        t_1: 4929.50 4929.50
        t_2: 5025.00 5025.00
        t_3: 5011.00 5011.00
        t_4: 5020.50 5020.50
        t_5: 4890.00 4890.00
        t_6:  150.00  150.00
        t_7:    0.00    0.00
        t_8:    0.00    0.00
        t_9:    0.00    0.00
       t_10: 2376.00 2376.00
       t_11: 5068.00 5068.00
       t_12: 5070.00 5070.00
       t_13: 4975.50 4975.50
       t_14: 5072.00 5072.00
       t_15: 5083.00 5083.00
       t_16: 2355.50 2355.50
       t_17:    0.00    0.00
       t_18:    0.00    0.00
       t_19:    0.00    0.00
       t_20:  155.50  155.50
       t_21: 4901.00 4901.00
       t_22: 5019.50 5019.50
       t_23: 4923.50 4923.50
       t_24:    0.00    0.00