        t_0: 1778.50 1778.50
        t_1: 1779.50 1779.50
        t_2: 1512.00 1512.00
        t_3: 1775.50 1775.50
        t_4: 1775.00 1775.00
        t_5: 1509.50 1509.50
        t_6: 1775.50 1775.50
        t_7: 1775.50 1775.50
        t_8: 1508.50 1508.50
        t_9: 1776.50 1776.50
       t_10: 1776.50 1776.50
       t_11: 1513.00 1513.00
       t_12: 1778.50 1778.50
       t_13: 1777.00 1777.00
       t_14: 1512.00 1512.00
       t_15: 1778.00 1778.00
       t_16: 1778.00 1778.00
       t_17: 1511.00 1511.00
       t_18: 1778.00 1778.00
       t_19: 1778.50 1778.50
       t_20: 1512.00 1512.00
       t_21: 1780.00 1780.00
       t_22: 1780.00 1780.00
       t_23: 1513.00 1513.00
       t_24: 1780.00 1780.00
       t_25: 1779.00 1779.00
       t_26: 1511.50 1511.50
       t_27: 1776.00 1776.00
       t_28: 1779.00 1779.00
       t_29: 1512.50 1512.50
       t_30: 1779.50 1779.50
       t_31: 1779.00 1779.00
       t_32: 1513.00 1513.00
       t_33: 1779.50 1779.50
       t_34: 1779.50 1779.50
       t_35: 1513.00 1513.00
       t_36: 1775.50 1775.50
       t_37: 1777.00 1777.00
       t_38: 1511.00 1511.00
       t_39: 1780.00 1780.00
       t_40: 1780.00 1780.00
       t_41: 1512.50 1512.50
       t_42: 1778.50 1778.50
       t_43: 1780.00 1780.00
       t_44:  492.50  492.50
       t_45:    0.00    0.00