        t_0: 2465.50 2465.50
        t_1: 2461.50 2461.50
        t_2: 2527.50 2527.50
        t_3: 2535.50 2535.50
        t_4: 2533.00 2533.00
        t_5: 2528.00 2528.00
        t_6: 2411.50 2411.50
        t_7: 2411.00 2411.00
        t_8: 2412.00 2412.00
        t_9: 2406.50 2406.50
       t_10: 2409.50 2409.50
       t_11: 2410.50 2410.50
       t_12: 2205.50 2205.50
       t_13: 2150.00 2150.00
       t_14: 2146.50 2146.50
       t_15: 2146.50 2146.50
       t_16: 2149.00 2149.00
       t_17: 2152.50 2152.50
       t_18: 2152.00 2152.00
       t_19: 2153.00 2153.00
       t_20: 2153.00 2153.00
       t_21: 2343.50 2343.50
       t_22: 2534.00 2534.00
       t_23: 2528.00 2528.00
       t_24: 2534.00 2534.00
       t_25: 2528.50 2528.50
       t_26: 2532.00 2532.00
       t_27: 2528.50 2528.50
       t_28: 2532.00 2532.00
       t_29: 2526.50 2526.50
       t_30: 2526.50 2526.50
       t_31: 2526.50 2526.50
       t_32: 2526.00 2526.00
       t_33: 2527.00 2527.00
       t_34: 2534.00 2534.00
       t_35: 2535.00 2535.00
       t_36: 2535.00 2535.00
       t_37: 2533.50 2533.50
       t_38: 2532.00 2532.00
       t_39: 2534.00 2534.00
       t_40: 2535.50 2535.50
       t_41: 2536.00 2536.00
       t_42: 2535.50 2535.50
       t_43: 2536.00 2536.00
       t_44: 2535.50 2535.50
       t_45: 2536.00 2536.00
       t_46: 2530.50 2530.50
       t_47: 2534.00 2534.00
       t_48: 2535.00 2535.00
       t_49: 2529.00 2529.00
       t_50: 2536.00 2536.00
       t_51: 2535.50 2535.50
       t_52: 2535.00 2535.00
       t_53: 2525.50 2525.50
       t_54: 2534.00 2534.00
       t_55: 2534.00 2534.00
       t_56: 2535.00 2535.00
       t_57: 2532.50 2532.50
       t_58: 2533.00 2533.00
       t_59: 2533.50 2533.50
       t_60: 2506.50 2506.50
       t_61:    0.00    0.00