/tmp/tmp.NNqRKEiWiP/cmake-build-debug-remote-host/sim/dmc_sim -c /tmp/tmp.NNqRKEiWiP/sim/ai_platform/dmc_sim_631_burst.conf
[global]
server_groups = 1
client_groups = 1
server_random_selection = 1
server_soft_limit = 1
anticipation_timeout = 0.000

[client.0]
client_count = 1
client_wait = 0
client_total_ops = 150000
client_server_select_range = 10
client_iops_goal = 7000
client_outstanding_ops = 500
client_reservation = 0.0
client_limit = 0.0
client_weight = 1.0

[server.0]
server_count = 1
server_iops = 8000
server_threads = 1

simulation started
simulation completed in 47943 millisecs
==== Client Data ====
     client:       0  total
        t_0: 4974.50 4974.50
        t_1: 4929.50 4929.50
        t_2: 5025.00 5025.00
        t_3: 5011.00 5011.00
        t_4: 5020.50 5020.50
        t_5: 4890.00 4890.00
        t_6:  150.00  150.00
        t_7:    0.00    0.00
        t_8:    0.00    0.00
        t_9:    0.00    0.00
       t_10: 2376.00 2376.00
       t_11: 5068.00 5068.00
       t_12: 5070.00 5070.00
       t_13: 4975.50 4975.50
       t_14: 5072.00 5072.00
       t_15: 5083.00 5083.00
       t_16: 2355.50 2355.50
       t_17:    0.00    0.00
       t_18:    0.00    0.00
       t_19:    0.00    0.00
       t_20:  155.50  155.50
       t_21: 4901.00 4901.00
       t_22: 5019.50 5019.50
       t_23: 4923.50 4923.50
       t_24:    0.00    0.00
    res_ops:       0       0
   prop_ops:  150000  150000
total time to track responses: 164974938 nanoseconds;
    count: 150000;
    average: 1099.83 nanoseconds per request/response
total time to get request parameters: 224957447 nanoseconds;
    count: 150000;
    average: 1499.72 nanoseconds per request/response

client timing for QOS algorithm: 2599.55 nanoseconds per request/response
client 0's 95th latency: 1610

==== Server Data ====
     server:       0   total
    res_ops:       0       0
   prop_ops:  150000  150000

 k-way heap: 2

total time to add requests: 1882542720 nanoseconds;
    count: 150000;
    average: 12550.28 nanoseconds per request/response
total time to note requests complete: 601187421 nanoseconds;
    count: 150000;
    average: 4007.92 nanoseconds per request/response

server timing for QOS algorithm: 16558.20 nanoseconds per request/response

Process finished with exit code 0
