/tmp/tmp.NNqRKEiWiP/cmake-build-debug-remote-host/sim/dmc_sim -c /tmp/tmp.NNqRKEiWiP/sim/111_test/dmc_sim_test.conf
[global]
server_groups = 1
client_groups = 3
server_random_selection = 1
server_soft_limit = 1
anticipation_timeout = 0.000

[client.0]
client_count = 1
client_wait = 0
client_total_ops = 600000
client_server_select_range = 10
client_iops_goal = 7000
client_outstanding_ops = 5
client_reservation = 0.0
client_limit = 7000.0
client_weight = 1.0

[client.1]
client_count = 1
client_wait = 0
client_total_ops = 600000
client_server_select_range = 10
client_iops_goal = 3000
client_outstanding_ops = 100
client_reservation = 1000.0
client_limit = 0.0
client_weight = 1.0

[client.2]
client_count = 1
client_wait = 0
client_total_ops = 900000
client_server_select_range = 20
client_iops_goal = 6000
client_outstanding_ops = 5
client_reservation = 0.0
client_limit = 0.0
client_weight = 1.0

[server.0]
server_count = 1
server_iops = 8000
server_threads = 1

simulation started
simulation completed in 524172 millisecs
==== Client Data ====
     client:       0       1       2  total
        t_0: 1683.50 1684.00 1683.50 5051.00
        t_1: 1683.00 1683.00 1683.00 5049.00
        t_2: 1683.00 1682.50 1682.50 5048.00
        t_3: 1671.00 1671.50 1671.50 5014.00
        t_4: 1670.00 1671.00 1670.00 5011.00
        t_5: 1678.00 1677.50 1677.50 5033.00
        t_6: 1681.00 1681.00 1682.00 5044.00
        t_7: 1676.00 1676.00 1675.50 5027.50
        t_8: 1685.00 1684.00 1684.50 5053.50
        t_9: 1678.00 1679.00 1679.00 5036.00
       t_10: 1677.50 1678.00 1677.00 5032.50
       t_11: 1679.00 1678.50 1679.50 5037.00
       t_12: 1678.00 1678.00 1678.00 5034.00
       t_13: 1678.50 1677.50 1677.50 5033.50
       t_14: 1676.00 1677.00 1677.00 5030.00
       t_15: 1675.00 1674.00 1674.50 5023.50
       t_16: 1680.00 1680.00 1680.00 5040.00
       t_17: 1466.00 1787.00 1785.50 5038.50
       t_18:    0.00 2488.00 2488.50 4976.50
       t_19:    0.00 2493.00 2493.00 4986.00
       t_20:    0.00 2505.50 2505.50 5011.00
       t_21:    0.00 2510.00 2510.50 5020.50
       t_22:    0.00 2502.50 2502.00 5004.50
       t_23:    0.00 2502.00 2502.50 5004.50
       t_24:    0.00 2512.00 2511.00 5023.00
       t_25:    0.00 2504.00 2504.00 5008.00
       t_26:    0.00 2508.00 2508.50 5016.50
       t_27:    0.00 2503.50 2504.00 5007.50
       t_28:    0.00 2506.50 2506.00 5012.50
       t_29:    0.00 2509.00 2509.00 5018.00
       t_30:    0.00 2519.50 2519.50 5039.00
       t_31:    0.00 2515.00 2515.00 5030.00
       t_32:    0.00 2511.50 2511.50 5023.00
       t_33:    0.00 2516.50 2517.00 5033.50
       t_34:    0.00 2510.50 2510.50 5021.00
       t_35:    0.00 2522.00 2522.00 5044.00
       t_36:    0.00 2532.50 2532.00 5064.50
       t_37:    0.50 2521.00 2520.50 5042.00
       t_38:    0.00 2521.50 2522.00 5043.50
       t_39:    0.00 2516.50 2516.50 5033.00
       t_40:    0.00 2520.50 2520.50 5041.00
       t_41:    0.00 2527.50 2527.50 5055.00
       t_42:    0.00 2520.00 2520.00 5040.00
       t_43:    0.00 2512.00 2512.00 5024.00
       t_44:    0.00 2505.00 2505.00 5010.00
       t_45:    0.00 2526.50 2526.00 5052.50
       t_46:    0.00 2510.50 2511.00 5021.50
       t_47:    0.00 2515.00 2515.50 5030.50
       t_48:    0.00 2526.50 2526.50 5053.00
       t_49:    1.00 2525.00 2524.50 5050.50
       t_50:    0.00 2507.50 2508.00 5015.50
       t_51:    0.00 2519.50 2519.50 5039.00
       t_52:    0.00 2525.00 2524.50 5049.50
       t_53:    0.00 2526.50 2527.00 5053.50
       t_54:    0.00 2507.50 2507.50 5015.00
       t_55:    0.00 2508.50 2508.00 5016.50
       t_56:    0.00 2511.50 2512.00 5023.50
       t_57:    0.00 2520.50 2520.00 5040.50
       t_58:    0.00 2509.00 2509.00 5018.00
       t_59:    0.00 2518.50 2518.00 5036.50
       t_60:    0.00 2512.00 2512.50 5024.50
       t_61:    0.50 2515.50 2515.50 5031.50
       t_62:    0.00 2521.00 2521.50 5042.50
       t_63:    0.00 2520.50 2520.50 5041.00
       t_64:    0.00 2508.50 2508.50 5017.00
       t_65:    0.00 2516.00 2516.00 5032.00
       t_66:    0.00 2524.00 2523.50 5047.50
       t_67:    0.00 2509.00 2509.50 5018.50
       t_68:    0.00 2500.00 2500.00 5000.00
       t_69:    0.00 2499.50 2499.50 4999.00
       t_70:    0.00 2520.00 2520.00 5040.00
       t_71:    0.00 2525.00 2525.00 5050.00
       t_72:    0.00 2526.50 2526.00 5052.50
       t_73:    0.50 2522.00 2522.50 5045.00
       t_74:    0.00 2509.50 2509.50 5019.00
       t_75:    0.00 2522.50 2522.00 5044.50
       t_76:    0.00 2523.50 2524.00 5047.50
       t_77:    0.00 2529.50 2529.50 5059.00
       t_78:    0.00 2525.50 2524.50 5050.00
       t_79:    0.00 2522.50 2523.00 5045.50
       t_80:    0.00 2530.00 2530.50 5060.50
       t_81:    0.00 2525.50 2525.50 5051.00
       t_82:    0.00 2527.00 2526.50 5053.50
       t_83:    0.00 2525.50 2525.50 5051.00
       t_84:    1.00 2503.00 2503.00 5007.00
       t_85:    0.00 2522.50 2522.50 5045.00
       t_86:    0.00 2523.00 2523.00 5046.00
       t_87:    0.00 2523.00 2523.00 5046.00
       t_88:    0.00 2514.00 2514.00 5028.00
       t_89:    0.00 2515.50 2515.50 5031.00
       t_90:    0.00 2523.00 2523.50 5046.50
       t_91:    0.00 2530.00 2529.50 5059.50
       t_92:    0.00 2522.50 2522.50 5045.00
       t_93:    0.00 2527.00 2527.00 5054.00
       t_94:    0.00 2528.50 2528.50 5057.00
       t_95:    0.00 2511.50 2512.00 5023.50
       t_96:    1.00 2526.50 2526.50 5054.00
       t_97:    0.00 2512.50 2512.00 5024.50
       t_98:    0.00 2502.00 2502.00 5004.00
       t_99:    0.00 2508.00 2508.50 5016.50
      t_100:    0.00 2520.50 2519.50 5040.00
      t_101:    0.00 2524.50 2525.00 5049.50
      t_102:    0.00 2509.00 2509.00 5018.00
      t_103:    0.00 2516.00 2516.50 5032.50
      t_104:    0.00 2525.50 2525.50 5051.00
      t_105:    0.00 2534.00 2534.00 5068.00
      t_106:    0.00 2527.00 2527.00 5054.00
      t_107:    0.00 2528.00 2527.50 5055.50
      t_108:    0.50 2526.00 2526.00 5052.50
      t_109:    0.00 2529.00 2529.00 5058.00
      t_110:    0.00 2504.00 2504.00 5008.00
      t_111:    0.00 2513.50 2513.50 5027.00
      t_112:    0.00 2515.50 2516.00 5031.50
      t_113:    0.00 2507.00 2506.00 5013.00
      t_114:    0.00 2504.50 2505.00 5009.50
      t_115:    0.00 2513.00 2513.00 5026.00
      t_116:    0.00 2513.00 2513.00 5026.00
      t_117:    0.00 2512.00 2512.50 5024.50
      t_118:    0.00 2511.50 2511.50 5023.00
      t_119:    0.00 2513.00 2512.50 5025.50
      t_120:    1.00 2507.50 2507.50 5016.00
      t_121:    0.00 2511.00 2511.00 5022.00
      t_122:    0.00 2505.00 2505.50 5010.50
      t_123:    0.00 2507.00 2507.00 5014.00
      t_124:    0.00 2513.00 2513.00 5026.00
      t_125:    0.00  464.50 4603.50 5068.00
      t_126:    1.00    0.00 5078.00 5079.00
      t_127:    2.50    0.00 5072.00 5074.50
      t_128:   18.00    0.00 5051.50 5069.50
      t_129:   17.50    0.00 5060.00 5077.50
      t_130:    3.00    0.00 5079.00 5082.00
      t_131:    2.00    0.00 5064.50 5066.50
      t_132:  487.50    0.00 4622.50 5110.00
      t_133: 2549.00    0.00 2548.50 5097.50
      t_134: 2540.50    0.00 2541.00 5081.50
      t_135: 2537.50    0.00 2537.50 5075.00
      t_136: 2536.00    0.00 2535.50 5071.50
      t_137: 2526.50    0.00 2527.00 5053.50
      t_138: 2522.50    0.00 2522.00 5044.50
      t_139: 2530.50    0.00 2530.50 5061.00
      t_140: 2521.50    0.00 2521.50 5043.00
      t_141: 2516.00    0.00 2516.00 5032.00
      t_142: 2529.50    0.00 2530.00 5059.50
      t_143: 2532.00    0.00 2532.00 5064.00
      t_144: 1621.00    0.00 3304.50 4925.50
      t_145:    0.00    0.00 4367.50 4367.50
      t_146:    0.00    0.00 4376.00 4376.00
      t_147:    0.00    0.00 4328.00 4328.00
      t_148:    0.00    0.00 4329.50 4329.50
      t_149:    0.00    0.00 4334.50 4334.50
      t_150:    0.00    0.00 4334.50 4334.50
      t_151:    0.00    0.00 4334.50 4334.50
      t_152:    5.00    0.00 4969.50 4974.50
      t_153:    1.00    0.00 5071.00 5072.00
      t_154:    3.00    0.00 5072.50 5075.50
      t_155:    1.50    0.00 5084.50 5086.00
      t_156:    0.50    0.00 5089.50 5090.00
      t_157:    8.50    0.00 5092.50 5101.00
      t_158:    8.00    0.00 5092.00 5100.00
      t_159:    2.00    0.00 5102.50 5104.50
      t_160:    1.00    0.00 5099.00 5100.00
      t_161: 1485.00    0.00 3610.50 5095.50
      t_162: 5012.50    0.00    0.00 5012.50
      t_163: 5089.50    0.00    0.00 5089.50
      t_164: 5089.00    0.00    0.00 5089.00
      t_165: 5093.50    0.00    0.00 5093.50
      t_166: 4901.00    0.00    0.00 4901.00
      t_167: 3299.00    0.00    0.00 3299.00
      t_168:    0.00    0.00    0.00    0.00
      t_169:    0.00    0.00    0.00    0.00
      t_170:    0.00    0.00    0.00    0.00
      t_171:    0.00    0.00    0.00    0.00
      t_172:    0.00    0.00    0.00    0.00
      t_173:    0.00    0.00    0.00    0.00
      t_174:    0.00    0.00    0.00    0.00
      t_175: 4102.50    0.00    0.00 4102.50
      t_176: 5060.50    0.00    0.00 5060.50
      t_177: 4971.50    0.00    0.00 4971.50
      t_178: 4940.50    0.00    0.00 4940.50
      t_179: 5012.00    0.00    0.00 5012.00
      t_180: 5112.50    0.00    0.00 5112.50
      t_181:  800.50    0.00    0.00  800.50
      t_182:    0.00    0.00    0.00    0.00
      t_183:    0.00    0.00    0.00    0.00
      t_184:    0.00    0.00    0.00    0.00
      t_185:    0.00    0.00    0.00    0.00
      t_186:    0.00    0.00    0.00    0.00
      t_187:    0.00    0.00    0.00    0.00
      t_188: 1674.00    0.00    0.00 1674.00
      t_189: 4880.00    0.00    0.00 4880.00
      t_190: 4850.00    0.00    0.00 4850.00
      t_191: 5076.50    0.00    0.00 5076.50
      t_192: 5047.00    0.00    0.00 5047.00
      t_193: 4963.50    0.00    0.00 4963.50
      t_194: 3509.00    0.00    0.00 3509.00
      t_195:    0.00    0.00    0.00    0.00
      t_196:    0.00    0.00    0.00    0.00
      t_197:    0.00    0.00    0.00    0.00
      t_198:    0.00    0.00    0.00    0.00
      t_199:    0.00    0.00    0.00    0.00
      t_200:    0.00    0.00    0.00    0.00
      t_201:    0.00    0.00    0.00    0.00
      t_202: 3837.00    0.00    0.00 3837.00
      t_203: 4977.00    0.00    0.00 4977.00
      t_204: 5094.50    0.00    0.00 5094.50
      t_205: 5091.50    0.00    0.00 5091.50
      t_206: 5096.00    0.00    0.00 5096.00
      t_207: 5106.50    0.00    0.00 5106.50
      t_208:  797.50    0.00    0.00  797.50
      t_209:    0.00    0.00    0.00    0.00
      t_210:    0.00    0.00    0.00    0.00
      t_211:    0.00    0.00    0.00    0.00
      t_212:    0.00    0.00    0.00    0.00
      t_213:    0.00    0.00    0.00    0.00
      t_214:    0.00    0.00    0.00    0.00
      t_215: 1711.00    0.00    0.00 1711.00
      t_216: 4880.00    0.00    0.00 4880.00
      t_217: 4946.50    0.00    0.00 4946.50
      t_218: 5037.00    0.00    0.00 5037.00
      t_219: 5038.00    0.00    0.00 5038.00
      t_220: 4913.50    0.00    0.00 4913.50
      t_221: 3474.00    0.00    0.00 3474.00
      t_222:    0.00    0.00    0.00    0.00
      t_223:    0.00    0.00    0.00    0.00
      t_224:    0.00    0.00    0.00    0.00
      t_225:    0.00    0.00    0.00    0.00
      t_226:    0.00    0.00    0.00    0.00
      t_227:    0.00    0.00    0.00    0.00
      t_228:    0.00    0.00    0.00    0.00
      t_229: 4021.00    0.00    0.00 4021.00
      t_230: 4908.00    0.00    0.00 4908.00
      t_231: 5065.00    0.00    0.00 5065.00
      t_232: 5066.00    0.00    0.00 5066.00
      t_233: 5077.00    0.00    0.00 5077.00
      t_234: 5077.50    0.00    0.00 5077.50
      t_235:  785.50    0.00    0.00  785.50
      t_236:    0.00    0.00    0.00    0.00
      t_237:    0.00    0.00    0.00    0.00
      t_238:    0.00    0.00    0.00    0.00
      t_239:    0.00    0.00    0.00    0.00
      t_240:    0.00    0.00    0.00    0.00
      t_241:    0.00    0.00    0.00    0.00
      t_242: 1733.00    0.00    0.00 1733.00
      t_243: 5065.50    0.00    0.00 5065.50
      t_244: 5084.50    0.00    0.00 5084.50
      t_245: 5091.50    0.00    0.00 5091.50
      t_246: 5070.00    0.00    0.00 5070.00
      t_247: 5023.00    0.00    0.00 5023.00
      t_248: 2932.50    0.00    0.00 2932.50
      t_249:    0.00    0.00    0.00    0.00
      t_250:    0.00    0.00    0.00    0.00
      t_251:    0.00    0.00    0.00    0.00
      t_252:    0.00    0.00    0.00    0.00
      t_253:    0.00    0.00    0.00    0.00
      t_254:    0.00    0.00    0.00    0.00
      t_255:    0.00    0.00    0.00    0.00
      t_256: 4600.00    0.00    0.00 4600.00
      t_257: 5030.00    0.00    0.00 5030.00
      t_258: 5085.50    0.00    0.00 5085.50
      t_259: 5085.50    0.00    0.00 5085.50
      t_260: 4900.00    0.00    0.00 4900.00
      t_261: 4881.00    0.00    0.00 4881.00
      t_262:  417.50    0.00    0.00  417.50
      t_263:    0.00    0.00    0.00    0.00
    res_ops:       0  250387       0  250387
   prop_ops:  600000  349613  900000 1849613
total time to track responses: 2566048328 nanoseconds;
    count: 2100000;
    average: 1221.93 nanoseconds per request/response
total time to get request parameters: 3234135499 nanoseconds;
    count: 2100000;
    average: 1540.06 nanoseconds per request/response

client timing for QOS algorithm: 2761.99 nanoseconds per request/response
client 0's 95th latency: 1487, 24547, 25851
client 0's 99th latency: 3445, 39336, 40628
client 0's max latency: 63791, 658827, 662129
client 0's average latency: 1081, 30744573453088, 30744573454169

client 1's 95th latency: 3562, 34002, 35399
client 1's 99th latency: 3805, 41178, 42872
client 1's max latency: 116206, 790845, 792196
client 1's average latency: 1447, 30744573455677, 941

client 2's 95th latency: 2095, 25677, 27360
client 2's 99th latency: 3686, 38884, 40375
client 2's max latency: 78390, 819220, 820210
client 2's average latency: 1165, 857, 2022


==== Server Data ====
     server:       0   total
    res_ops:  250387  250387
   prop_ops: 1849613 1849613

 k-way heap: 2

total time to add requests: 36977784575 nanoseconds;
    count: 2100000;
    average: 17608.47 nanoseconds per request/response
total time to note requests complete: 6825566106 nanoseconds;
    count: 2100000;
    average: 3250.27 nanoseconds per request/response

server timing for QOS algorithm: 20858.74 nanoseconds per request/response

Process finished with exit code 0
